----------------------------------------------------------
----- dibstudent12, Salim, groupe3
----- Cube chauffage
----- Consommation de chauffage d'individus non scolarisés
----- Analyse 1 listé par l'étudiant
----- Obs: en réalité n'utilise pas de mesures
----------------------------------------------------------

2016-09-26 07:28:16,477 DEBUG [mondrian.mdx] 128576: select NON EMPTY {Hierarchize({[Age du referent.REF_AGE_Hierarchie_1].[Age regroupe].Members})} ON COLUMNS,
  NON EMPTY {Hierarchize({[Sexe du referent.Sexe_Hierarchie].[Sexe].Members})} ON ROWS
from [Cube4Chauffage]

2016-09-26 07:28:16,680 DEBUG [mondrian.mdx] 128576: exec: 203 ms
2016-09-26 07:28:38,899 DEBUG [mondrian.mdx] 128631: select NON EMPTY {Hierarchize({[Age du referent.REF_AGE_Hierarchie_1].[Age regroupe].Members})} ON COLUMNS,
  NON EMPTY {Hierarchize({{[Sexe du referent.Sexe_Hierarchie].[Hommes], [Sexe du referent.Sexe_Hierarchie].[Femmes]}})} ON ROWS
from [Cube4Chauffage]

2016-09-26 07:28:38,914 DEBUG [mondrian.mdx] 128631: exec: 15 ms
2016-09-26 07:29:00,227 DEBUG [mondrian.mdx] 128673: select NON EMPTY {Hierarchize({[Age du referent.REF_AGE_Hierarchie_1].[Age regroupe].Members})} ON COLUMNS,
  NON EMPTY {Hierarchize({[Sexe du referent.Sexe_Hierarchie].[Sexe].Members})} ON ROWS
from [Cube4Chauffage]

2016-09-26 07:29:00,258 DEBUG [mondrian.mdx] 128673: exec: 31 ms
2016-09-26 07:30:39,164 DEBUG [mondrian.mdx] 128727: select NON EMPTY {Hierarchize({[Age du referent.REF_AGE_Hierarchie_1].[Age regroupe].Members})} ON COLUMNS,
  NON EMPTY {Hierarchize({{[Sexe du referent.Sexe_Hierarchie].[Femmes], [Sexe du referent.Sexe_Hierarchie].[Hommes]}})} ON ROWS
from [Cube4Chauffage]

2016-09-26 07:30:39,180 DEBUG [mondrian.mdx] 128727: exec: 16 ms
2016-09-26 07:31:34,336 DEBUG [mondrian.mdx] 128781: select NON EMPTY {Hierarchize({[Age du referent.REF_AGE_Hierarchie_1].[Age regroupe].Members})} ON COLUMNS,
  NON EMPTY {Hierarchize({{[Sexe du referent.Sexe_Hierarchie].[Femmes], [Sexe du referent.Sexe_Hierarchie].[Hommes]}})} ON ROWS
from [Cube4Chauffage]
where {[Annee d'emmenagement.MENAGE_ANNEE_EMM_Hierarchie_1].[Emménagement après 1999].[Année  2007]}

2016-09-26 07:31:34,633 DEBUG [mondrian.mdx] 128781: exec: 297 ms
2016-09-26 07:32:13,805 DEBUG [mondrian.mdx] 128830: select NON EMPTY {Hierarchize({[Age du referent.REF_AGE_Hierarchie_1].[Age regroupe].Members})} ON COLUMNS,
  NON EMPTY Hierarchize(Union(Crossjoin({[Sexe du referent.Sexe_Hierarchie].[Femmes]}, [Niveau d'instruction du referent.Niveau_Instruction_Hierarchie].[Niveau d'instruction].Members), Crossjoin({[Sexe du referent.Sexe_Hierarchie].[Hommes]}, [Niveau d'instruction du referent.Niveau_Instruction_Hierarchie].[Niveau d'instruction].Members))) ON ROWS
from [Cube4Chauffage]
where {[Annee d'emmenagement.MENAGE_ANNEE_EMM_Hierarchie_1].[Emménagement après 1999].[Année  2007]}

2016-09-26 07:32:14,196 DEBUG [mondrian.mdx] 128830: exec: 391 ms
2016-09-26 07:32:23,102 DEBUG [mondrian.mdx] 128917: select NON EMPTY Crossjoin([Niveau d'instruction du referent.Niveau_Instruction_Hierarchie].[Niveau d'instruction].Members, [Age du referent.REF_AGE_Hierarchie_1].[Age regroupe].Members) ON COLUMNS,
  NON EMPTY {Hierarchize({{[Sexe du referent.Sexe_Hierarchie].[Femmes], [Sexe du referent.Sexe_Hierarchie].[Hommes]}})} ON ROWS
from [Cube4Chauffage]
where {[Annee d'emmenagement.MENAGE_ANNEE_EMM_Hierarchie_1].[Emménagement après 1999].[Année  2007]}

2016-09-26 07:32:23,242 DEBUG [mondrian.mdx] 128917: exec: 140 ms
2016-09-26 07:33:21,571 DEBUG [mondrian.mdx] 129114: select NON EMPTY Crossjoin({[Niveau d'instruction du referent.Niveau_Instruction_Hierarchie].[Sans diplôme].[Non Scolarisé].[Pas de scolarité]}, [Age du referent.REF_AGE_Hierarchie_1].[Age regroupe].Members) ON COLUMNS,
  NON EMPTY {Hierarchize({{[Sexe du referent.Sexe_Hierarchie].[Femmes], [Sexe du referent.Sexe_Hierarchie].[Hommes]}})} ON ROWS
from [Cube4Chauffage]
where {[Annee d'emmenagement.MENAGE_ANNEE_EMM_Hierarchie_1].[Emménagement après 1999].[Année  2007]}

2016-09-26 07:33:21,680 DEBUG [mondrian.mdx] 129114: exec: 109 ms
2016-09-26 07:34:12,227 DEBUG [mondrian.mdx] 129168: select NON EMPTY Crossjoin({[Niveau d'instruction du referent.Niveau_Instruction_Hierarchie].[Sans diplôme].[Non Scolarisé].[Pas de scolarité]}, [Age du referent.REF_AGE_Hierarchie_1].[Age regroupe].Members) ON COLUMNS,
  NON EMPTY Hierarchize(Union(Crossjoin({[Sexe du referent.Sexe_Hierarchie].[Femmes]}, [Categorie du logement.LOGT_CATEGORIE_Hierarchie_1].[Categorie].Members), Crossjoin({[Sexe du referent.Sexe_Hierarchie].[Hommes]}, [Categorie du logement.LOGT_CATEGORIE_Hierarchie_1].[Categorie].Members))) ON ROWS
from [Cube4Chauffage]
where {[Annee d'emmenagement.MENAGE_ANNEE_EMM_Hierarchie_1].[Emménagement après 1999].[Année  2007]}

2016-09-26 07:34:12,492 DEBUG [mondrian.mdx] 129168: exec: 265 ms
2016-09-26 07:35:06,149 DEBUG [mondrian.mdx] 129238: select NON EMPTY Crossjoin({[Niveau d'instruction du referent.Niveau_Instruction_Hierarchie].[Sans diplôme].[Non Scolarisé].[Pas de scolarité]}, [Age du referent.REF_AGE_Hierarchie_1].[Age regroupe].Members) ON COLUMNS,
  NON EMPTY Hierarchize(Union(Crossjoin({[Sexe du referent.Sexe_Hierarchie].[Femmes]}, Crossjoin([Categorie du logement.LOGT_CATEGORIE_Hierarchie_1].[Categorie].Members, {[Statut d'emploi du referent.STATEMPL_Hierarchie].[tous les statuts confondus]})), Crossjoin({[Sexe du referent.Sexe_Hierarchie].[Hommes]}, Crossjoin([Categorie du logement.LOGT_CATEGORIE_Hierarchie_1].[Categorie].Members, {[Statut d'emploi du referent.STATEMPL_Hierarchie].[tous les statuts confondus]})))) ON ROWS
from [Cube4Chauffage]
where {[Annee d'emmenagement.MENAGE_ANNEE_EMM_Hierarchie_1].[Emménagement après 1999].[Année  2007]}

2016-09-26 07:35:06,274 DEBUG [mondrian.mdx] 129238: exec: 125 ms
2016-09-26 07:35:16,852 DEBUG [mondrian.mdx] 129302: select NON EMPTY Crossjoin({[Niveau d'instruction du referent.Niveau_Instruction_Hierarchie].[Sans diplôme].[Non Scolarisé].[Pas de scolarité]}, Crossjoin({[Statut d'emploi du referent.STATEMPL_Hierarchie].[tous les statuts confondus]}, [Age du referent.REF_AGE_Hierarchie_1].[Age regroupe].Members)) ON COLUMNS,
  NON EMPTY Hierarchize(Union(Crossjoin({[Sexe du referent.Sexe_Hierarchie].[Femmes]}, [Categorie du logement.LOGT_CATEGORIE_Hierarchie_1].[Categorie].Members), Crossjoin({[Sexe du referent.Sexe_Hierarchie].[Hommes]}, [Categorie du logement.LOGT_CATEGORIE_Hierarchie_1].[Categorie].Members))) ON ROWS
from [Cube4Chauffage]
where {[Annee d'emmenagement.MENAGE_ANNEE_EMM_Hierarchie_1].[Emménagement après 1999].[Année  2007]}

2016-09-26 07:35:17,008 DEBUG [mondrian.mdx] 129302: exec: 156 ms
2016-09-26 07:35:21,305 DEBUG [mondrian.mdx] 129362: select NON EMPTY Crossjoin({[Niveau d'instruction du referent.Niveau_Instruction_Hierarchie].[Sans diplôme].[Non Scolarisé].[Pas de scolarité]}, [Age du referent.REF_AGE_Hierarchie_1].[Age regroupe].Members) ON COLUMNS,
  NON EMPTY Hierarchize(Union(Crossjoin({[Sexe du referent.Sexe_Hierarchie].[Femmes]}, [Categorie du logement.LOGT_CATEGORIE_Hierarchie_1].[Categorie].Members), Crossjoin({[Sexe du referent.Sexe_Hierarchie].[Hommes]}, [Categorie du logement.LOGT_CATEGORIE_Hierarchie_1].[Categorie].Members))) ON ROWS
from [Cube4Chauffage]
where {[Annee d'emmenagement.MENAGE_ANNEE_EMM_Hierarchie_1].[Emménagement après 1999].[Année  2007]}

2016-09-26 07:35:21,321 DEBUG [mondrian.mdx] 129362: exec: 16 ms
2016-09-26 07:35:23,305 DEBUG [mondrian.mdx] 129424: select NON EMPTY Crossjoin({[Niveau d'instruction du referent.Niveau_Instruction_Hierarchie].[Sans diplôme].[Non Scolarisé].[Pas de scolarité]}, [Age du referent.REF_AGE_Hierarchie_1].[Age regroupe].Members) ON COLUMNS,
  NON EMPTY Hierarchize(Union(Crossjoin({[Sexe du referent.Sexe_Hierarchie].[Femmes]}, Crossjoin([Categorie du logement.LOGT_CATEGORIE_Hierarchie_1].[Categorie].Members, [Statut d'emploi du referent.STATEMPL_Hierarchie].[Statut d'emploi de niveau 1].Members)), Crossjoin({[Sexe du referent.Sexe_Hierarchie].[Hommes]}, Crossjoin([Categorie du logement.LOGT_CATEGORIE_Hierarchie_1].[Categorie].Members, [Statut d'emploi du referent.STATEMPL_Hierarchie].[Statut d'emploi de niveau 1].Members)))) ON ROWS
from [Cube4Chauffage]
where {[Annee d'emmenagement.MENAGE_ANNEE_EMM_Hierarchie_1].[Emménagement après 1999].[Année  2007]}

2016-09-26 07:35:23,586 DEBUG [mondrian.mdx] 129424: exec: 281 ms
2016-09-26 07:35:51,242 DEBUG [mondrian.mdx] 129509: select NON EMPTY Crossjoin({[Niveau d'instruction du referent.Niveau_Instruction_Hierarchie].[Sans diplôme].[Non Scolarisé].[Pas de scolarité]}, [Age du referent.REF_AGE_Hierarchie_1].[Age regroupe].Members) ON COLUMNS,
  NON EMPTY Hierarchize(Union(Crossjoin({[Sexe du referent.Sexe_Hierarchie].[Femmes]}, Crossjoin([Categorie du logement.LOGT_CATEGORIE_Hierarchie_1].[Categorie].Members, {[Statut d'emploi du referent.STATEMPL_Hierarchie].[Salariés]})), Crossjoin({[Sexe du referent.Sexe_Hierarchie].[Hommes]}, Crossjoin([Categorie du logement.LOGT_CATEGORIE_Hierarchie_1].[Categorie].Members, {[Statut d'emploi du referent.STATEMPL_Hierarchie].[Salariés]})))) ON ROWS
from [Cube4Chauffage]
where {[Annee d'emmenagement.MENAGE_ANNEE_EMM_Hierarchie_1].[Emménagement après 1999].[Année  2007]}

2016-09-26 07:35:51,492 DEBUG [mondrian.mdx] 129509: exec: 250 ms
2016-09-26 07:36:16,399 DEBUG [mondrian.mdx] 129593: select NON EMPTY Crossjoin({[Niveau d'instruction du referent.Niveau_Instruction_Hierarchie].[Sans diplôme].[Non Scolarisé].[Pas de scolarité]}, [Age du referent.REF_AGE_Hierarchie_1].[Age regroupe].Members) ON COLUMNS,
  NON EMPTY Hierarchize(Union(Crossjoin({[Sexe du referent.Sexe_Hierarchie].[Femmes]}, Crossjoin([Categorie du logement.LOGT_CATEGORIE_Hierarchie_1].[Categorie].Members, {[Statut d'emploi du referent.STATEMPL_Hierarchie].[Salariés]})), Union(Crossjoin({[Sexe du referent.Sexe_Hierarchie].[Femmes]}, Crossjoin([Categorie du logement.LOGT_CATEGORIE_Hierarchie_1].[Categorie].Members, Filter({[Statut d'emploi du referent.STATEMPL_Hierarchie].[Statut d'emploi de niveau 2].Members}, (Exists({Ancestor([Statut d'emploi du referent.STATEMPL_Hierarchie].CurrentMember, [Statut d'emploi du referent.STATEMPL_Hierarchie].[Statut d'emploi de niveau 1])}, {[Statut d'emploi du referent.STATEMPL_Hierarchie].[Salariés]}).Count > 0)))), Union(Crossjoin({[Sexe du referent.Sexe_Hierarchie].[Hommes]}, Crossjoin([Categorie du logement.LOGT_CATEGORIE_Hierarchie_1].[Categorie].Members, {[Statut d'emploi du referent.STATEMPL_Hierarchie].[Salariés]})), Crossjoin({[Sexe du referent.Sexe_Hierarchie].[Hommes]}, Crossjoin([Categorie du logement.LOGT_CATEGORIE_Hierarchie_1].[Categorie].Members, Filter({[Statut d'emploi du referent.STATEMPL_Hierarchie].[Statut d'emploi de niveau 2].Members}, (Exists({Ancestor([Statut d'emploi du referent.STATEMPL_Hierarchie].CurrentMember, [Statut d'emploi du referent.STATEMPL_Hierarchie].[Statut d'emploi de niveau 1])}, {[Statut d'emploi du referent.STATEMPL_Hierarchie].[Salariés]}).Count > 0)))))))) ON ROWS
from [Cube4Chauffage]
where {[Annee d'emmenagement.MENAGE_ANNEE_EMM_Hierarchie_1].[Emménagement après 1999].[Année  2007]}

2016-09-26 07:36:16,899 DEBUG [mondrian.mdx] 129593: exec: 500 ms
2016-09-26 07:36:24,492 DEBUG [mondrian.mdx] 129664: select NON EMPTY Crossjoin({[Niveau d'instruction du referent.Niveau_Instruction_Hierarchie].[Sans diplôme].[Non Scolarisé].[Pas de scolarité]}, [Age du referent.REF_AGE_Hierarchie_1].[Age regroupe].Members) ON COLUMNS,
  NON EMPTY Hierarchize(Union(Crossjoin({[Sexe du referent.Sexe_Hierarchie].[Femmes]}, Crossjoin([Categorie du logement.LOGT_CATEGORIE_Hierarchie_1].[Categorie].Members, {[Statut d'emploi du referent.STATEMPL_Hierarchie].[Salariés]})), Crossjoin({[Sexe du referent.Sexe_Hierarchie].[Hommes]}, Crossjoin([Categorie du logement.LOGT_CATEGORIE_Hierarchie_1].[Categorie].Members, {[Statut d'emploi du referent.STATEMPL_Hierarchie].[Salariés]})))) ON ROWS
from [Cube4Chauffage]
where {[Annee d'emmenagement.MENAGE_ANNEE_EMM_Hierarchie_1].[Emménagement après 1999].[Année  2007]}

2016-09-26 07:36:24,508 DEBUG [mondrian.mdx] 129664: exec: 16 ms
2016-09-26 07:36:26,680 DEBUG [mondrian.mdx] 129734: select NON EMPTY Hierarchize(Union(Crossjoin({[Niveau d'instruction du referent.Niveau_Instruction_Hierarchie].[Sans diplôme].[Non Scolarisé].[Pas de scolarité]}, Crossjoin([Age du referent.REF_AGE_Hierarchie_1].[Age regroupe].Members, {[Statut d'emploi du referent.STATEMPL_Hierarchie].[Salariés]})), Crossjoin({[Niveau d'instruction du referent.Niveau_Instruction_Hierarchie].[Sans diplôme].[Non Scolarisé].[Pas de scolarité]}, Crossjoin([Age du referent.REF_AGE_Hierarchie_1].[Age regroupe].Members, Filter({[Statut d'emploi du referent.STATEMPL_Hierarchie].[Statut d'emploi de niveau 3].Members}, (Exists({Ancestor([Statut d'emploi du referent.STATEMPL_Hierarchie].CurrentMember, [Statut d'emploi du referent.STATEMPL_Hierarchie].[Statut d'emploi de niveau 1])}, {[Statut d'emploi du referent.STATEMPL_Hierarchie].[Salariés]}).Count > 0)))))) ON COLUMNS,
  NON EMPTY Hierarchize(Union(Crossjoin({[Sexe du referent.Sexe_Hierarchie].[Femmes]}, [Categorie du logement.LOGT_CATEGORIE_Hierarchie_1].[Categorie].Members), Crossjoin({[Sexe du referent.Sexe_Hierarchie].[Hommes]}, [Categorie du logement.LOGT_CATEGORIE_Hierarchie_1].[Categorie].Members))) ON ROWS
from [Cube4Chauffage]
where {[Annee d'emmenagement.MENAGE_ANNEE_EMM_Hierarchie_1].[Emménagement après 1999].[Année  2007]}

2016-09-26 07:36:27,430 DEBUG [mondrian.mdx] 129734: exec: 750 ms
2016-09-26 07:36:37,133 DEBUG [mondrian.mdx] 129806: select NON EMPTY Crossjoin({[Niveau d'instruction du referent.Niveau_Instruction_Hierarchie].[Sans diplôme].[Non Scolarisé].[Pas de scolarité]}, Crossjoin([Age du referent.REF_AGE_Hierarchie_1].[Age regroupe].Members, {[Statut d'emploi du referent.STATEMPL_Hierarchie].[Salariés]})) ON COLUMNS,
  NON EMPTY Hierarchize(Union(Crossjoin({[Sexe du referent.Sexe_Hierarchie].[Femmes]}, [Categorie du logement.LOGT_CATEGORIE_Hierarchie_1].[Categorie].Members), Crossjoin({[Sexe du referent.Sexe_Hierarchie].[Hommes]}, [Categorie du logement.LOGT_CATEGORIE_Hierarchie_1].[Categorie].Members))) ON ROWS
from [Cube4Chauffage]
where {[Annee d'emmenagement.MENAGE_ANNEE_EMM_Hierarchie_1].[Emménagement après 1999].[Année  2007]}

2016-09-26 07:36:37,367 DEBUG [mondrian.mdx] 129806: exec: 234 ms

2016-09-26 07:43:41,280 DEBUG [mondrian.mdx] 129864: select NON EMPTY Crossjoin({[Niveau d'instruction du referent.Niveau_Instruction_Hierarchie].[Sans diplôme].[Non Scolarisé].[Pas de scolarité]}, [Age du referent.REF_AGE_Hierarchie_1].[Age regroupe].Members) ON COLUMNS,
  NON EMPTY Hierarchize(Union(Crossjoin({[Sexe du referent.Sexe_Hierarchie].[Femmes]}, Crossjoin({[Statut d'emploi du referent.STATEMPL_Hierarchie].[Salariés]}, [Categorie du logement.LOGT_CATEGORIE_Hierarchie_1].[Categorie].Members)), Crossjoin({[Sexe du referent.Sexe_Hierarchie].[Hommes]}, Crossjoin({[Statut d'emploi du referent.STATEMPL_Hierarchie].[Salariés]}, [Categorie du logement.LOGT_CATEGORIE_Hierarchie_1].[Categorie].Members)))) ON ROWS
from [Cube4Chauffage]
where {[Annee d'emmenagement.MENAGE_ANNEE_EMM_Hierarchie_1].[Emménagement après 1999].[Année  2007]}

2016-09-26 07:43:41,498 DEBUG [mondrian.mdx] 129864: exec: 218 ms
2016-09-26 07:43:46,968 DEBUG [mondrian.mdx] 129920: select NON EMPTY Crossjoin({[Niveau d'instruction du referent.Niveau_Instruction_Hierarchie].[Sans diplôme].[Non Scolarisé].[Pas de scolarité]}, Crossjoin({[Statut d'emploi du referent.STATEMPL_Hierarchie].[Salariés]}, [Age du referent.REF_AGE_Hierarchie_1].[Age regroupe].Members)) ON COLUMNS,
  NON EMPTY Hierarchize(Union(Crossjoin({[Sexe du referent.Sexe_Hierarchie].[Femmes]}, [Categorie du logement.LOGT_CATEGORIE_Hierarchie_1].[Categorie].Members), Crossjoin({[Sexe du referent.Sexe_Hierarchie].[Hommes]}, [Categorie du logement.LOGT_CATEGORIE_Hierarchie_1].[Categorie].Members))) ON ROWS
from [Cube4Chauffage]
where {[Annee d'emmenagement.MENAGE_ANNEE_EMM_Hierarchie_1].[Emménagement après 1999].[Année  2007]}

2016-09-26 07:43:47,187 DEBUG [mondrian.mdx] 129920: exec: 219 ms
