---------------------------------------------------------------------------------
----- dibstudent07, Iandry, groupe2
----- Cube mobpro 
----- Analyse exploratoire de deplacements par statut d'emploi et autres criteres
---------------------------------------------------------------------------------

2016-09-25 23:00:20,317 DEBUG [mondrian.mdx] 100267: select NON EMPTY Crossjoin([Categorie socioprofessionnelle.CSP_Hierarchie_1].[CSP1].Members, [Statut d'emploi.STATEMPL_Hierarchie].[Statut d'emploi de niveau 3].Members) ON COLUMNS,
  NON EMPTY {Hierarchize({[Lien avec la personne de reference.LPRM_Hierarchie_1].[Lien avec la personne de reference].Members})} ON ROWS
from [Cube1MobProInd]

2016-09-25 23:00:20,770 DEBUG [mondrian.mdx] 100267: exec: 453 ms
2016-09-25 23:00:24,645 DEBUG [mondrian.mdx] 100381: select NON EMPTY {Hierarchize({[Lien avec la personne de reference.LPRM_Hierarchie_1].[Lien avec la personne de reference].Members})} ON COLUMNS,
  NON EMPTY Crossjoin([Categorie socioprofessionnelle.CSP_Hierarchie_1].[CSP1].Members, [Statut d'emploi.STATEMPL_Hierarchie].[Statut d'emploi de niveau 3].Members) ON ROWS
from [Cube1MobProInd]

2016-09-25 23:00:24,660 DEBUG [mondrian.mdx] 100381: exec: 0 ms
2016-09-25 23:02:02,035 DEBUG [mondrian.mdx] 100499: select NON EMPTY Crossjoin([Lien avec la personne de reference.LPRM_Hierarchie_1].[Lien avec la personne de reference].Members, [Motif de deplacement.MOTIFDEP_Hierarchie_1].[Motif de deplacement].Members) ON COLUMNS,
  NON EMPTY Crossjoin([Categorie socioprofessionnelle.CSP_Hierarchie_1].[CSP1].Members, [Statut d'emploi.STATEMPL_Hierarchie].[Statut d'emploi de niveau 3].Members) ON ROWS
from [Cube1MobProInd]

2016-09-25 23:02:02,239 DEBUG [mondrian.mdx] 100499: exec: 204 ms
2016-09-25 23:02:05,145 DEBUG [mondrian.mdx] 100531: select NON EMPTY {Hierarchize({[Lien avec la personne de reference.LPRM_Hierarchie_1].[Lien avec la personne de reference].Members})} ON COLUMNS,
  NON EMPTY Crossjoin([Categorie socioprofessionnelle.CSP_Hierarchie_1].[CSP1].Members, Crossjoin([Motif de deplacement.MOTIFDEP_Hierarchie_1].[Motif de deplacement].Members, [Statut d'emploi.STATEMPL_Hierarchie].[Statut d'emploi de niveau 3].Members)) ON ROWS
from [Cube1MobProInd]

2016-09-25 23:02:05,239 DEBUG [mondrian.mdx] 100531: exec: 94 ms
2016-09-25 23:02:07,942 DEBUG [mondrian.mdx] 100563: select NON EMPTY {Hierarchize({[Lien avec la personne de reference.LPRM_Hierarchie_1].[Lien avec la personne de reference].Members})} ON COLUMNS,
  NON EMPTY Crossjoin([Categorie socioprofessionnelle.CSP_Hierarchie_1].[CSP1].Members, [Motif de deplacement.MOTIFDEP_Hierarchie_1].[Motif de deplacement].Members) ON ROWS
from [Cube1MobProInd]

2016-09-25 23:02:08,051 DEBUG [mondrian.mdx] 100563: exec: 109 ms
2016-09-25 23:02:17,801 DEBUG [mondrian.mdx] 100592: select NON EMPTY {Hierarchize({[Lien avec la personne de reference.LPRM_Hierarchie_1].[Lien avec la personne de reference].Members})} ON COLUMNS,
  NON EMPTY {Hierarchize({[Categorie socioprofessionnelle.CSP_Hierarchie_1].[CSP1].Members})} ON ROWS
from [Cube1MobProInd]

2016-09-25 23:02:17,895 DEBUG [mondrian.mdx] 100592: exec: 94 ms
2016-09-25 23:02:20,707 DEBUG [mondrian.mdx] 100640: select NON EMPTY {Hierarchize({[Lien avec la personne de reference.LPRM_Hierarchie_1].[Lien avec la personne de reference].Members})} ON COLUMNS,
  NON EMPTY Crossjoin([Categorie socioprofessionnelle.CSP_Hierarchie_1].[CSP1].Members, [Motif de deplacement.MOTIFDEP_Hierarchie_1].[Motif de deplacement].Members) ON ROWS
from [Cube1MobProInd]

2016-09-25 23:02:20,723 DEBUG [mondrian.mdx] 100640: exec: 16 ms
2016-09-25 23:02:25,098 DEBUG [mondrian.mdx] 100669: select NON EMPTY {Hierarchize({[Lien avec la personne de reference.LPRM_Hierarchie_1].[Lien avec la personne de reference].Members})} ON COLUMNS,
  NON EMPTY Crossjoin([Categorie socioprofessionnelle.CSP_Hierarchie_1].[CSP1].Members, [Motif de deplacement.MOTIFDEP_Hierarchie_1].[Motif de deplacement].Members) ON ROWS
from [Cube1MobProInd]

2016-09-25 23:02:25,098 DEBUG [mondrian.mdx] 100669: exec: 0 ms
2016-09-25 23:02:32,785 DEBUG [mondrian.mdx] 100698: select NON EMPTY {Hierarchize({[Lien avec la personne de reference.LPRM_Hierarchie_1].[Lien avec la personne de reference].Members})} ON COLUMNS,
  NON EMPTY Crossjoin([Categorie socioprofessionnelle.CSP_Hierarchie_1].[CSP1].Members, [Motif de deplacement.MOTIFDEP_Hierarchie_1].[Motif de deplacement].Members) ON ROWS
from [Cube1MobProInd]

2016-09-25 23:02:32,801 DEBUG [mondrian.mdx] 100698: exec: 16 ms
2016-09-25 23:02:35,332 DEBUG [mondrian.mdx] 100727: select NON EMPTY Crossjoin([Categorie socioprofessionnelle.CSP_Hierarchie_1].[CSP1].Members, [Lien avec la personne de reference.LPRM_Hierarchie_1].[Lien avec la personne de reference].Members) ON COLUMNS,
  NON EMPTY {Hierarchize({[Motif de deplacement.MOTIFDEP_Hierarchie_1].[Motif de deplacement].Members})} ON ROWS
from [Cube1MobProInd]

2016-09-25 23:02:35,567 DEBUG [mondrian.mdx] 100727: exec: 235 ms
2016-09-25 23:03:17,723 DEBUG [mondrian.mdx] 100768: select NON EMPTY {Hierarchize({{[Commune de residence.CNERES_Hierarchie_intercommunale].[Communaute de communes].Members}, {[Commune de residence.CNERES_Hierarchie_intercommunale].[Commune de residence].Members}})} ON COLUMNS,
  NON EMPTY {Hierarchize({[Commune de travail.CNELOCC_Hierarchie_intercommunale].[Communaute de communes].Members})} ON ROWS
from [Cube1MobProInd]

2016-09-25 23:04:39,784 DEBUG [mondrian.mdx] 100768: exec: 82061 ms
2016-09-25 23:04:50,165 DEBUG [mondrian.mdx] 100782: select NON EMPTY {Hierarchize({{[Commune de residence.CNERES_Hierarchie_intercommunale].[Communaute de communes].Members}, {[Commune de residence.CNERES_Hierarchie_intercommunale].[Commune de residence].Members}})} ON COLUMNS,
  NON EMPTY {Hierarchize({[Commune de travail.CNELOCC_Hierarchie_intercommunale].[Communaute de communes].Members})} ON ROWS
from [Cube1MobProInd]

2016-09-25 23:04:51,807 DEBUG [mondrian.mdx] 100782: exec: 1641 ms
2016-09-25 23:04:53,958 DEBUG [mondrian.mdx] 100792: select NON EMPTY {Hierarchize({[Commune de residence.CNERES_Hierarchie_intercommunale].[Commune de residence].Members})} ON COLUMNS,
  NON EMPTY {Hierarchize({[Commune de travail.CNELOCC_Hierarchie_intercommunale].[Communaute de communes].Members})} ON ROWS
from [Cube1MobProInd]

2016-09-25 23:05:06,968 DEBUG [mondrian.mdx] 100792: exec: 13010 ms
2016-09-25 23:05:27,660 DEBUG [mondrian.mdx] 100804: select NON EMPTY {Hierarchize({[Commune de residence.CNERES_Hierarchie_intercommunale].[Commune de residence].Members})} ON COLUMNS,
  NON EMPTY {Hierarchize({[Indicateur de lieu de travail.ILOCC_Hierarchie_1].[Categorie].Members})} ON ROWS
from [Cube1MobProInd]

2016-09-25 23:05:32,962 DEBUG [mondrian.mdx] 100804: exec: 5302 ms
2016-09-25 23:05:37,385 DEBUG [mondrian.mdx] 101128: select NON EMPTY {Hierarchize({[Indicateur de lieu de travail.ILOCC_Hierarchie_1].[Categorie].Members})} ON COLUMNS,
  NON EMPTY {Hierarchize({[Commune de residence.CNERES_Hierarchie_intercommunale].[Commune de residence].Members})} ON ROWS
from [Cube1MobProInd]

2016-09-25 23:05:38,243 DEBUG [mondrian.mdx] 101128: exec: 857 ms
2016-09-25 23:05:50,053 DEBUG [mondrian.mdx] 101463: select NON EMPTY {Hierarchize({[Indicateur de lieu de travail.ILOCC_Hierarchie_1].[En métropole]})} ON COLUMNS,
  NON EMPTY {Hierarchize({[Commune de residence.CNERES_Hierarchie_intercommunale].[Commune de residence].Members})} ON ROWS
from [Cube1MobProInd]

2016-09-25 23:05:50,308 DEBUG [mondrian.mdx] 101463: exec: 255 ms
2016-09-25 23:06:38,376 DEBUG [mondrian.mdx] 101793: select NON EMPTY {Hierarchize({[Commune de residence.CNERES_Hierarchie_intercommunale].[Communaute de communes].Members})} ON COLUMNS,
  NON EMPTY {Hierarchize({[Statut d'emploi.STATEMPL_Hierarchie].[Statut d'emploi de niveau 1].Members})} ON ROWS
from [Cube1MobProInd]

2016-09-25 23:06:38,398 DEBUG [mondrian.mdx] 101793: exec: 22 ms
2016-09-25 23:06:41,213 DEBUG [mondrian.mdx] 101844: select NON EMPTY {Hierarchize({[Commune de residence.CNERES_Hierarchie_intercommunale].[Communaute de communes].Members})} ON COLUMNS,
  NON EMPTY {Hierarchize({{[Statut d'emploi.STATEMPL_Hierarchie].[Statut d'emploi de niveau 1].Members}, {[Statut d'emploi.STATEMPL_Hierarchie].[Statut d'emploi de niveau 2].Members}})} ON ROWS
from [Cube1MobProInd]

2016-09-25 23:06:41,232 DEBUG [mondrian.mdx] 101844: exec: 19 ms
2016-09-25 23:06:48,261 DEBUG [mondrian.mdx] 101908: select NON EMPTY {Hierarchize({[Commune de residence.CNERES_Hierarchie_intercommunale].[Communaute de communes].Members})} ON COLUMNS,
  NON EMPTY {Hierarchize({{[Statut d'emploi.STATEMPL_Hierarchie].[Statut d'emploi de niveau 1].Members}, {[Statut d'emploi.STATEMPL_Hierarchie].[Statut d'emploi de niveau 2].Members}, {[Statut d'emploi.STATEMPL_Hierarchie].[Statut d'emploi de niveau 3].Members}})} ON ROWS
from [Cube1MobProInd]

2016-09-25 23:06:48,290 DEBUG [mondrian.mdx] 101908: exec: 29 ms
2016-09-25 23:06:50,350 DEBUG [mondrian.mdx] 102013: select NON EMPTY {Hierarchize({{[Statut d'emploi.STATEMPL_Hierarchie].[Statut d'emploi de niveau 1].Members}, {[Statut d'emploi.STATEMPL_Hierarchie].[Statut d'emploi de niveau 2].Members}, {[Statut d'emploi.STATEMPL_Hierarchie].[Statut d'emploi de niveau 3].Members}})} ON COLUMNS,
  NON EMPTY {Hierarchize({[Commune de residence.CNERES_Hierarchie_intercommunale].[Communaute de communes].Members})} ON ROWS
from [Cube1MobProInd]

2016-09-25 23:06:50,369 DEBUG [mondrian.mdx] 102013: exec: 18 ms
2016-09-25 23:07:12,830 DEBUG [mondrian.mdx] 102119: select NON EMPTY {Hierarchize({{[Statut d'emploi.STATEMPL_Hierarchie].[Statut d'emploi de niveau 1].Members}, {[Statut d'emploi.STATEMPL_Hierarchie].[Statut d'emploi de niveau 2].Members}, {[Statut d'emploi.STATEMPL_Hierarchie].[Statut d'emploi de niveau 3].Members}})} ON COLUMNS,
  NON EMPTY {Hierarchize({[Commune de residence.CNERES_Hierarchie_intercommunale].[Communaute de communes].Members})} ON ROWS
from [Cube1MobProInd]

2016-09-25 23:07:12,850 DEBUG [mondrian.mdx] 102119: exec: 20 ms
2016-09-25 23:07:18,851 DEBUG [mondrian.mdx] 102225: select NON EMPTY {Hierarchize({{[Statut d'emploi.STATEMPL_Hierarchie].[Statut d'emploi de niveau 1].Members}, {[Statut d'emploi.STATEMPL_Hierarchie].[Statut d'emploi de niveau 2].Members}, {[Statut d'emploi.STATEMPL_Hierarchie].[Statut d'emploi de niveau 3].Members}})} ON COLUMNS,
  NON EMPTY {Hierarchize({[Commune de residence.CNERES_Hierarchie_intercommunale].[Communaute de communes].Members})} ON ROWS
from [Cube1MobProInd]

2016-09-25 23:07:18,863 DEBUG [mondrian.mdx] 102225: exec: 12 ms
2016-09-25 23:07:24,300 DEBUG [mondrian.mdx] 102331: select NON EMPTY {Hierarchize({{[Statut d'emploi.STATEMPL_Hierarchie].[Statut d'emploi de niveau 1].Members}, {[Statut d'emploi.STATEMPL_Hierarchie].[Statut d'emploi de niveau 2].Members}, {[Statut d'emploi.STATEMPL_Hierarchie].[Statut d'emploi de niveau 3].Members}})} ON COLUMNS,
  NON EMPTY {Hierarchize({[Commune de residence.CNERES_Hierarchie_intercommunale].[Communaute de communes].Members})} ON ROWS
from [Cube1MobProInd]

2016-09-25 23:07:24,331 DEBUG [mondrian.mdx] 102331: exec: 31 ms
2016-09-25 23:10:27,011 DEBUG [mondrian.mdx] 102439: select NON EMPTY {Hierarchize({{[Statut d'emploi.STATEMPL_Hierarchie].[Statut d'emploi de niveau 1].Members}, {[Statut d'emploi.STATEMPL_Hierarchie].[Statut d'emploi de niveau 2].Members}, {[Statut d'emploi.STATEMPL_Hierarchie].[Statut d'emploi de niveau 3].Members}})} ON COLUMNS,
  NON EMPTY Crossjoin([Commune de residence.CNERES_Hierarchie_intercommunale].[Communaute de communes].Members, {[Measures].[Nombre total d'individus]}) ON ROWS
from [Cube1MobProInd]

2016-09-25 23:10:27,164 DEBUG [mondrian.mdx] 102439: exec: 152 ms
2016-09-25 23:10:33,087 DEBUG [mondrian.mdx] 102460: select NON EMPTY Hierarchize(Union(Crossjoin([Statut d'emploi.STATEMPL_Hierarchie].[Statut d'emploi de niveau 1].Members, {[Measures].[Nombre total d'individus]}), Union(Crossjoin([Statut d'emploi.STATEMPL_Hierarchie].[Statut d'emploi de niveau 2].Members, {[Measures].[Nombre total d'individus]}), Crossjoin([Statut d'emploi.STATEMPL_Hierarchie].[Statut d'emploi de niveau 3].Members, {[Measures].[Nombre total d'individus]})))) ON COLUMNS,
  NON EMPTY {Hierarchize({[Commune de residence.CNERES_Hierarchie_intercommunale].[Communaute de communes].Members})} ON ROWS
from [Cube1MobProInd]

2016-09-25 23:10:33,118 DEBUG [mondrian.mdx] 102460: exec: 30 ms
2016-09-25 23:10:34,596 DEBUG [mondrian.mdx] 102476: select NON EMPTY {Hierarchize({{[Statut d'emploi.STATEMPL_Hierarchie].[Statut d'emploi de niveau 1].Members}, {[Statut d'emploi.STATEMPL_Hierarchie].[Statut d'emploi de niveau 2].Members}, {[Statut d'emploi.STATEMPL_Hierarchie].[Statut d'emploi de niveau 3].Members}})} ON COLUMNS,
  NON EMPTY {Hierarchize({[Commune de residence.CNERES_Hierarchie_intercommunale].[Communaute de communes].Members})} ON ROWS
from [Cube1MobProInd]

2016-09-25 23:10:34,608 DEBUG [mondrian.mdx] 102476: exec: 12 ms
2016-09-25 23:12:13,749 DEBUG [mondrian.mdx] 102582: select NON EMPTY {Hierarchize({{[Statut d'emploi.STATEMPL_Hierarchie].[Statut d'emploi de niveau 1].Members}, {[Statut d'emploi.STATEMPL_Hierarchie].[Statut d'emploi de niveau 2].Members}, {[Statut d'emploi.STATEMPL_Hierarchie].[Statut d'emploi de niveau 3].Members}})} ON COLUMNS,
  NON EMPTY {Hierarchize({[Commune de residence.CNERES_Hierarchie_intercommunale].[Communaute de communes].Members})} ON ROWS
from [Cube1MobProInd]

2016-09-25 23:12:13,770 DEBUG [mondrian.mdx] 102582: exec: 20 ms
2016-09-25 23:12:16,230 DEBUG [mondrian.mdx] 102687: select NON EMPTY {Hierarchize({{[Statut d'emploi.STATEMPL_Hierarchie].[Statut d'emploi de niveau 2].Members}, {[Statut d'emploi.STATEMPL_Hierarchie].[Statut d'emploi de niveau 3].Members}})} ON COLUMNS,
  NON EMPTY {Hierarchize({[Commune de residence.CNERES_Hierarchie_intercommunale].[Communaute de communes].Members})} ON ROWS
from [Cube1MobProInd]

2016-09-25 23:12:16,244 DEBUG [mondrian.mdx] 102687: exec: 14 ms
2016-09-25 23:12:17,484 DEBUG [mondrian.mdx] 102762: select NON EMPTY {Hierarchize({[Statut d'emploi.STATEMPL_Hierarchie].[Statut d'emploi de niveau 2].Members})} ON COLUMNS,
  NON EMPTY {Hierarchize({[Commune de residence.CNERES_Hierarchie_intercommunale].[Communaute de communes].Members})} ON ROWS
from [Cube1MobProInd]

2016-09-25 23:12:17,497 DEBUG [mondrian.mdx] 102762: exec: 13 ms
2016-09-25 23:12:22,234 DEBUG [mondrian.mdx] 102819: select NON EMPTY {Hierarchize({[Statut d'emploi.STATEMPL_Hierarchie].[tous les statuts confondus]})} ON COLUMNS,
  NON EMPTY {Hierarchize({[Commune de residence.CNERES_Hierarchie_intercommunale].[Communaute de communes].Members})} ON ROWS
from [Cube1MobProInd]

2016-09-25 23:12:22,242 DEBUG [mondrian.mdx] 102819: exec: 8 ms
2016-09-25 23:13:34,666 DEBUG [mondrian.mdx] 102879: select NON EMPTY {Hierarchize({[Statut d'emploi.STATEMPL_Hierarchie].[tous les statuts confondus]})} ON COLUMNS,
  NON EMPTY {Hierarchize({[Commune de residence.CNERES_Hierarchie_intercommunale].[CENTRE].[Pays Vendômois].[COLLINES DU PERCHE]})} ON ROWS
from [Cube1MobProInd]

2016-09-25 23:13:34,676 DEBUG [mondrian.mdx] 102879: exec: 10 ms
2016-09-25 23:13:46,979 DEBUG [mondrian.mdx] 103061: select NON EMPTY {Hierarchize({[Statut d'emploi.STATEMPL_Hierarchie].[tous les statuts confondus]})} ON COLUMNS,
  NON EMPTY {Hierarchize({{[Commune de residence.CNERES_Hierarchie_intercommunale].[CENTRE].[Pays Vendômois].[COLLINES DU PERCHE], [Commune de residence.CNERES_Hierarchie_intercommunale].[ALSACE].[PAYS INCONNU].[CC INCONNUE], [Commune de residence.CNERES_Hierarchie_intercommunale].[AQUITAINE].[PAYS INCONNU].[CC INCONNUE], [Commune de residence.CNERES_Hierarchie_intercommunale].[AUVERGNE].[PAYS INCONNU].[CC INCONNUE], [Commune de residence.CNERES_Hierarchie_intercommunale].[BASSE-NORMANDIE].[PAYS INCONNU].[CC INCONNUE], [Commune de residence.CNERES_Hierarchie_intercommunale].[BOURGOGNE].[PAYS INCONNU].[CC INCONNUE], [Commune de residence.CNERES_Hierarchie_intercommunale].[BRETAGNE].[PAYS INCONNU].[CC INCONNUE], [Commune de residence.CNERES_Hierarchie_intercommunale].[CENTRE].[Pays Beauce Val de Loire].[BEAUCE ET FORÊT], [Commune de residence.CNERES_Hierarchie_intercommunale].[CENTRE].[Pays Beauce Val de Loire].[BEAUCE LIGÉRIENNE], [Commune de residence.CNERES_Hierarchie_intercommunale].[CENTRE].[Pays Beauce Val de Loire].[BEAUCE ORATORIENNE], [Commune de residence.CNERES_Hierarchie_intercommunale].[CENTRE].[Pays de Grande Sologne].[CŒUR DE SOLOGNE], [Commune de residence.CNERES_Hierarchie_intercommunale].[CENTRE].[Pays de Grande Sologne].[SOLOGNE DES ETANGS], [Commune de residence.CNERES_Hierarchie_intercommunale].[CENTRE].[Pays de Grande Sologne].[SOLOGNE DES RIVIÈRES], [Commune de residence.CNERES_Hierarchie_intercommunale].[CENTRE].[Pays de la Vallée du Cher et du Romorantinais].[CHER À LA LOIRE], [Commune de residence.CNERES_Hierarchie_intercommunale].[CENTRE].[Pays de la Vallée du Cher et du Romorantinais].[ROMORANTINAIS ET  MONESTOIS], [Commune de residence.CNERES_Hierarchie_intercommunale].[CENTRE].[Pays de la Vallée du Cher et du Romorantinais].[VAL-DE-CHER - CONTROIS], [Commune de residence.CNERES_Hierarchie_intercommunale].[CENTRE].[Pays des Châteaux].[AGGLOPOLYS], [Commune de residence.CNERES_Hierarchie_intercommunale].[CENTRE].[Pays des Châteaux].[GRAND CHAMBORD], [Commune de residence.CNERES_Hierarchie_intercommunale].[CENTRE].[PAYS INCONNU].[CC INCONNUE], [Commune de residence.CNERES_Hierarchie_intercommunale].[CENTRE].[Pays Vendômois].[BEAUCE ET GÂTINE], [Commune de residence.CNERES_Hierarchie_intercommunale].[CENTRE].[Pays Vendômois].[PAYS DE VENDÔME], [Commune de residence.CNERES_Hierarchie_intercommunale].[CENTRE].[Pays Vendômois].[PERCHE ET HAUT-VENDÔMOIS], [Commune de residence.CNERES_Hierarchie_intercommunale].[CENTRE].[Pays Vendômois].[VALLÉES LOIR ET BRAYE], [Commune de residence.CNERES_Hierarchie_intercommunale].[CENTRE].[Pays Vendômois].[VENDÔMOIS RURAL], [Commune de residence.CNERES_Hierarchie_intercommunale].[CHAMPAGNE-ARDENNE].[PAYS INCONNU].[CC INCONNUE], [Commune de residence.CNERES_Hierarchie_intercommunale].[CORSE].[PAYS INCONNU].[CC INCONNUE], [Commune de residence.CNERES_Hierarchie_intercommunale].[FRANCHE-COMTE].[PAYS INCONNU].[CC INCONNUE], [Commune de residence.CNERES_Hierarchie_intercommunale].[GUADELOUPE].[PAYS INCONNU].[CC INCONNUE], [Commune de residence.CNERES_Hierarchie_intercommunale].[GUYANE].[PAYS INCONNU].[CC INCONNUE], [Commune de residence.CNERES_Hierarchie_intercommunale].[HAUTE-NORMANDIE].[PAYS INCONNU].[CC INCONNUE], [Commune de residence.CNERES_Hierarchie_intercommunale].[ILE-DE-FRANCE].[PAYS INCONNU].[CC INCONNUE], [Commune de residence.CNERES_Hierarchie_intercommunale].[LA REUNION].[PAYS INCONNU].[CC INCONNUE], [Commune de residence.CNERES_Hierarchie_intercommunale].[LANGUEDOC-ROUSSILLON].[PAYS INCONNU].[CC INCONNUE], [Commune de residence.CNERES_Hierarchie_intercommunale].[LIMOUSIN].[PAYS INCONNU].[CC INCONNUE], [Commune de residence.CNERES_Hierarchie_intercommunale].[LORRAINE].[PAYS INCONNU].[CC INCONNUE], [Commune de residence.CNERES_Hierarchie_intercommunale].[MARTINIQUE].[PAYS INCONNU].[CC INCONNUE], [Commune de residence.CNERES_Hierarchie_intercommunale].[MAYOTTE].[PAYS INCONNU].[CC INCONNUE], [Commune de residence.CNERES_Hierarchie_intercommunale].[MIDI-PYRENEES].[PAYS INCONNU].[CC INCONNUE], [Commune de residence.CNERES_Hierarchie_intercommunale].[NORD-PAS-DE-CALAIS].[PAYS INCONNU].[CC INCONNUE], [Commune de residence.CNERES_Hierarchie_intercommunale].[PAYS DE LA LOIRE].[PAYS INCONNU].[CC INCONNUE], [Commune de residence.CNERES_Hierarchie_intercommunale].[PICARDIE].[PAYS INCONNU].[CC INCONNUE], [Commune de residence.CNERES_Hierarchie_intercommunale].[POITOU-CHARENTES].[PAYS INCONNU].[CC INCONNUE], [Commune de residence.CNERES_Hierarchie_intercommunale].[PROVENCE-ALPES-COTE D'AZUR].[PAYS INCONNU].[CC INCONNUE], [Commune de residence.CNERES_Hierarchie_intercommunale].[REG INCONNUE].[PAYS INCONNU].[CC INCONNUE], [Commune de residence.CNERES_Hierarchie_intercommunale].[RHONE-ALPES].[PAYS INCONNU].[CC INCONNUE], [Commune de residence.CNERES_Hierarchie_intercommunale].[SAINT-MARTIN].[PAYS INCONNU].[SAINT-MARTIN], [Commune de residence.CNERES_Hierarchie_intercommunale].[SANS OBJET].[PAYS INCONNU].[SANS OBJET]}})} ON ROWS
from [Cube1MobProInd]

2016-09-25 23:13:46,993 DEBUG [mondrian.mdx] 103061: exec: 14 ms
2016-09-25 23:14:22,362 DEBUG [mondrian.mdx] 103121: select NON EMPTY {Hierarchize({[Statut d'emploi.STATEMPL_Hierarchie].[tous les statuts confondus]})} ON COLUMNS,
  NON EMPTY {Hierarchize({[Commune de residence.CNERES_Hierarchie_intercommunale].[CENTRE].[Pays Vendômois].[COLLINES DU PERCHE]})} ON ROWS
from [Cube1MobProInd]

2016-09-25 23:14:22,369 DEBUG [mondrian.mdx] 103121: exec: 7 ms
2016-09-25 23:14:57,974 DEBUG [mondrian.mdx] 103158: select NON EMPTY {Hierarchize({[Niveau d'instruction.Niveau_Instruction_Hierarchie].[tous les niveaux confondus]})} ON COLUMNS,
  NON EMPTY {Hierarchize({[Commune de residence.CNERES_Hierarchie_intercommunale].[CENTRE].[Pays Vendômois].[COLLINES DU PERCHE]})} ON ROWS
from [Cube1MobProInd]

2016-09-25 23:14:57,980 DEBUG [mondrian.mdx] 103158: exec: 6 ms
2016-09-25 23:15:05,368 DEBUG [mondrian.mdx] 103191: select NON EMPTY {Hierarchize({[Niveau d'instruction.Niveau_Instruction_Hierarchie].[Niveau d'instruction].Members})} ON COLUMNS,
  NON EMPTY {Hierarchize({[Commune de residence.CNERES_Hierarchie_intercommunale].[CENTRE].[Pays Vendômois].[COLLINES DU PERCHE]})} ON ROWS
from [Cube1MobProInd]

2016-09-25 23:15:05,474 DEBUG [mondrian.mdx] 103191: exec: 106 ms
2016-09-25 23:15:08,131 DEBUG [mondrian.mdx] 103231: select NON EMPTY {Hierarchize({[Commune de residence.CNERES_Hierarchie_intercommunale].[CENTRE].[Pays Vendômois].[COLLINES DU PERCHE]})} ON COLUMNS,
  NON EMPTY {Hierarchize({[Niveau d'instruction.Niveau_Instruction_Hierarchie].[Niveau d'instruction].Members})} ON ROWS
from [Cube1MobProInd]

2016-09-25 23:15:08,142 DEBUG [mondrian.mdx] 103231: exec: 11 ms
2016-09-25 23:15:34,348 DEBUG [mondrian.mdx] 103274: select NON EMPTY {Hierarchize({[Commune de residence.CNERES_Hierarchie_intercommunale].[CENTRE].[Pays Vendômois].[COLLINES DU PERCHE]})} ON COLUMNS,
  NON EMPTY {Hierarchize({[Measures].[Nombre total d'individus]})} ON ROWS
from [Cube1MobProInd]

2016-09-25 23:15:34,358 DEBUG [mondrian.mdx] 103274: exec: 9 ms
2016-09-25 23:15:53,743 DEBUG [mondrian.mdx] 103294: select NON EMPTY {Hierarchize({[Commune de residence.CNERES_Hierarchie_intercommunale].[CENTRE].[Pays Vendômois].[COLLINES DU PERCHE]})} ON COLUMNS,
  NON EMPTY {Hierarchize({[Statut d'emploi.STATEMPL_Hierarchie].[tous les statuts confondus]})} ON ROWS
from [Cube1MobProInd]

2016-09-25 23:15:53,753 DEBUG [mondrian.mdx] 103294: exec: 9 ms
2016-09-25 23:15:59,835 DEBUG [mondrian.mdx] 103327: select NON EMPTY {Hierarchize({[Commune de residence.CNERES_Hierarchie_intercommunale].[CENTRE].[Pays Vendômois].[COLLINES DU PERCHE]})} ON COLUMNS,
  NON EMPTY {Hierarchize({[Statut d'emploi.STATEMPL_Hierarchie].[Statut d'emploi de niveau 1].Members})} ON ROWS
from [Cube1MobProInd]

2016-09-25 23:15:59,847 DEBUG [mondrian.mdx] 103327: exec: 12 ms
2016-09-25 23:16:02,509 DEBUG [mondrian.mdx] 103362: select NON EMPTY {Hierarchize({[Commune de residence.CNERES_Hierarchie_intercommunale].[CENTRE].[Pays Vendômois].[COLLINES DU PERCHE]})} ON COLUMNS,
  NON EMPTY {Hierarchize({{[Statut d'emploi.STATEMPL_Hierarchie].[Statut d'emploi de niveau 1].Members}, {[Statut d'emploi.STATEMPL_Hierarchie].[Statut d'emploi de niveau 2].Members}})} ON ROWS
from [Cube1MobProInd]

2016-09-25 23:16:02,517 DEBUG [mondrian.mdx] 103362: exec: 8 ms
2016-09-25 23:16:05,244 DEBUG [mondrian.mdx] 103410: select NON EMPTY {Hierarchize({[Commune de residence.CNERES_Hierarchie_intercommunale].[CENTRE].[Pays Vendômois].[COLLINES DU PERCHE]})} ON COLUMNS,
  NON EMPTY {Hierarchize({{[Statut d'emploi.STATEMPL_Hierarchie].[Statut d'emploi de niveau 1].Members}, {[Statut d'emploi.STATEMPL_Hierarchie].[Statut d'emploi de niveau 2].Members}, {[Statut d'emploi.STATEMPL_Hierarchie].[Statut d'emploi de niveau 3].Members}})} ON ROWS
from [Cube1MobProInd]

2016-09-25 23:16:05,253 DEBUG [mondrian.mdx] 103410: exec: 8 ms
2016-09-25 23:16:58,002 DEBUG [mondrian.mdx] 103503: select NON EMPTY {Hierarchize({[Commune de residence.CNERES_Hierarchie_intercommunale].[CENTRE].[Pays Vendômois].[COLLINES DU PERCHE]})} ON COLUMNS,
  NON EMPTY {Hierarchize({{[Statut d'emploi.STATEMPL_Hierarchie].[Statut d'emploi de niveau 1].Members}, {[Statut d'emploi.STATEMPL_Hierarchie].[Salariés].[Salariés non précaires]}, Filter({{[Statut d'emploi.STATEMPL_Hierarchie].[Statut d'emploi de niveau 3].Members}}, (Exists({Ancestor([Statut d'emploi.STATEMPL_Hierarchie].CurrentMember, [Statut d'emploi.STATEMPL_Hierarchie].[Statut d'emploi de niveau 2])}, {[Statut d'emploi.STATEMPL_Hierarchie].[Salariés].[Salariés non précaires]}).Count > 0))})} ON ROWS
from [Cube1MobProInd]

2016-09-25 23:16:58,016 DEBUG [mondrian.mdx] 103503: exec: 14 ms
2016-09-25 23:17:00,937 DEBUG [mondrian.mdx] 103550: select NON EMPTY {Hierarchize({[Commune de residence.CNERES_Hierarchie_intercommunale].[CENTRE].[Pays Vendômois].[COLLINES DU PERCHE]})} ON COLUMNS,
  NON EMPTY {Hierarchize({{[Statut d'emploi.STATEMPL_Hierarchie].[Salariés].[Salariés non précaires]}, Filter({{[Statut d'emploi.STATEMPL_Hierarchie].[Statut d'emploi de niveau 3].Members}}, (Exists({Ancestor([Statut d'emploi.STATEMPL_Hierarchie].CurrentMember, [Statut d'emploi.STATEMPL_Hierarchie].[Statut d'emploi de niveau 2])}, {[Statut d'emploi.STATEMPL_Hierarchie].[Salariés].[Salariés non précaires]}).Count > 0))})} ON ROWS
from [Cube1MobProInd]

2016-09-25 23:17:00,951 DEBUG [mondrian.mdx] 103550: exec: 14 ms
2016-09-25 23:17:02,564 DEBUG [mondrian.mdx] 103585: select NON EMPTY {Hierarchize({[Commune de residence.CNERES_Hierarchie_intercommunale].[CENTRE].[Pays Vendômois].[COLLINES DU PERCHE]})} ON COLUMNS,
  NON EMPTY {Hierarchize({[Statut d'emploi.STATEMPL_Hierarchie].[Salariés].[Salariés non précaires]})} ON ROWS
from [Cube1MobProInd]

2016-09-25 23:17:02,575 DEBUG [mondrian.mdx] 103585: exec: 11 ms
2016-09-25 23:17:09,360 DEBUG [mondrian.mdx] 103764: select NON EMPTY {Hierarchize({{[Commune de residence.CNERES_Hierarchie_intercommunale].[CENTRE].[Pays Vendômois].[COLLINES DU PERCHE], [Commune de residence.CNERES_Hierarchie_intercommunale].[ALSACE].[PAYS INCONNU].[CC INCONNUE], [Commune de residence.CNERES_Hierarchie_intercommunale].[AQUITAINE].[PAYS INCONNU].[CC INCONNUE], [Commune de residence.CNERES_Hierarchie_intercommunale].[AUVERGNE].[PAYS INCONNU].[CC INCONNUE], [Commune de residence.CNERES_Hierarchie_intercommunale].[BASSE-NORMANDIE].[PAYS INCONNU].[CC INCONNUE], [Commune de residence.CNERES_Hierarchie_intercommunale].[BOURGOGNE].[PAYS INCONNU].[CC INCONNUE], [Commune de residence.CNERES_Hierarchie_intercommunale].[BRETAGNE].[PAYS INCONNU].[CC INCONNUE], [Commune de residence.CNERES_Hierarchie_intercommunale].[CENTRE].[Pays Beauce Val de Loire].[BEAUCE ET FORÊT], [Commune de residence.CNERES_Hierarchie_intercommunale].[CENTRE].[Pays Beauce Val de Loire].[BEAUCE LIGÉRIENNE], [Commune de residence.CNERES_Hierarchie_intercommunale].[CENTRE].[Pays Beauce Val de Loire].[BEAUCE ORATORIENNE], [Commune de residence.CNERES_Hierarchie_intercommunale].[CENTRE].[Pays de Grande Sologne].[CŒUR DE SOLOGNE], [Commune de residence.CNERES_Hierarchie_intercommunale].[CENTRE].[Pays de Grande Sologne].[SOLOGNE DES ETANGS], [Commune de residence.CNERES_Hierarchie_intercommunale].[CENTRE].[Pays de Grande Sologne].[SOLOGNE DES RIVIÈRES], [Commune de residence.CNERES_Hierarchie_intercommunale].[CENTRE].[Pays de la Vallée du Cher et du Romorantinais].[CHER À LA LOIRE], [Commune de residence.CNERES_Hierarchie_intercommunale].[CENTRE].[Pays de la Vallée du Cher et du Romorantinais].[ROMORANTINAIS ET  MONESTOIS], [Commune de residence.CNERES_Hierarchie_intercommunale].[CENTRE].[Pays de la Vallée du Cher et du Romorantinais].[VAL-DE-CHER - CONTROIS], [Commune de residence.CNERES_Hierarchie_intercommunale].[CENTRE].[Pays des Châteaux].[AGGLOPOLYS], [Commune de residence.CNERES_Hierarchie_intercommunale].[CENTRE].[Pays des Châteaux].[GRAND CHAMBORD], [Commune de residence.CNERES_Hierarchie_intercommunale].[CENTRE].[PAYS INCONNU].[CC INCONNUE], [Commune de residence.CNERES_Hierarchie_intercommunale].[CENTRE].[Pays Vendômois].[BEAUCE ET GÂTINE], [Commune de residence.CNERES_Hierarchie_intercommunale].[CENTRE].[Pays Vendômois].[PAYS DE VENDÔME], [Commune de residence.CNERES_Hierarchie_intercommunale].[CENTRE].[Pays Vendômois].[PERCHE ET HAUT-VENDÔMOIS], [Commune de residence.CNERES_Hierarchie_intercommunale].[CENTRE].[Pays Vendômois].[VALLÉES LOIR ET BRAYE], [Commune de residence.CNERES_Hierarchie_intercommunale].[CENTRE].[Pays Vendômois].[VENDÔMOIS RURAL], [Commune de residence.CNERES_Hierarchie_intercommunale].[CHAMPAGNE-ARDENNE].[PAYS INCONNU].[CC INCONNUE], [Commune de residence.CNERES_Hierarchie_intercommunale].[CORSE].[PAYS INCONNU].[CC INCONNUE], [Commune de residence.CNERES_Hierarchie_intercommunale].[FRANCHE-COMTE].[PAYS INCONNU].[CC INCONNUE], [Commune de residence.CNERES_Hierarchie_intercommunale].[GUADELOUPE].[PAYS INCONNU].[CC INCONNUE], [Commune de residence.CNERES_Hierarchie_intercommunale].[GUYANE].[PAYS INCONNU].[CC INCONNUE], [Commune de residence.CNERES_Hierarchie_intercommunale].[HAUTE-NORMANDIE].[PAYS INCONNU].[CC INCONNUE], [Commune de residence.CNERES_Hierarchie_intercommunale].[ILE-DE-FRANCE].[PAYS INCONNU].[CC INCONNUE], [Commune de residence.CNERES_Hierarchie_intercommunale].[LA REUNION].[PAYS INCONNU].[CC INCONNUE], [Commune de residence.CNERES_Hierarchie_intercommunale].[LANGUEDOC-ROUSSILLON].[PAYS INCONNU].[CC INCONNUE], [Commune de residence.CNERES_Hierarchie_intercommunale].[LIMOUSIN].[PAYS INCONNU].[CC INCONNUE], [Commune de residence.CNERES_Hierarchie_intercommunale].[LORRAINE].[PAYS INCONNU].[CC INCONNUE], [Commune de residence.CNERES_Hierarchie_intercommunale].[MARTINIQUE].[PAYS INCONNU].[CC INCONNUE], [Commune de residence.CNERES_Hierarchie_intercommunale].[MAYOTTE].[PAYS INCONNU].[CC INCONNUE], [Commune de residence.CNERES_Hierarchie_intercommunale].[MIDI-PYRENEES].[PAYS INCONNU].[CC INCONNUE], [Commune de residence.CNERES_Hierarchie_intercommunale].[NORD-PAS-DE-CALAIS].[PAYS INCONNU].[CC INCONNUE], [Commune de residence.CNERES_Hierarchie_intercommunale].[PAYS DE LA LOIRE].[PAYS INCONNU].[CC INCONNUE], [Commune de residence.CNERES_Hierarchie_intercommunale].[PICARDIE].[PAYS INCONNU].[CC INCONNUE], [Commune de residence.CNERES_Hierarchie_intercommunale].[POITOU-CHARENTES].[PAYS INCONNU].[CC INCONNUE], [Commune de residence.CNERES_Hierarchie_intercommunale].[PROVENCE-ALPES-COTE D'AZUR].[PAYS INCONNU].[CC INCONNUE], [Commune de residence.CNERES_Hierarchie_intercommunale].[REG INCONNUE].[PAYS INCONNU].[CC INCONNUE], [Commune de residence.CNERES_Hierarchie_intercommunale].[RHONE-ALPES].[PAYS INCONNU].[CC INCONNUE], [Commune de residence.CNERES_Hierarchie_intercommunale].[SAINT-MARTIN].[PAYS INCONNU].[SAINT-MARTIN], [Commune de residence.CNERES_Hierarchie_intercommunale].[SANS OBJET].[PAYS INCONNU].[SANS OBJET]}})} ON COLUMNS,
  NON EMPTY {Hierarchize({[Statut d'emploi.STATEMPL_Hierarchie].[Salariés].[Salariés non précaires]})} ON ROWS
from [Cube1MobProInd]

2016-09-25 23:17:09,370 DEBUG [mondrian.mdx] 103764: exec: 10 ms
2016-09-25 23:17:12,390 DEBUG [mondrian.mdx] 103902: select NON EMPTY {Hierarchize({[Statut d'emploi.STATEMPL_Hierarchie].[Salariés].[Salariés non précaires]})} ON COLUMNS,
  NON EMPTY {Hierarchize({{[Commune de residence.CNERES_Hierarchie_intercommunale].[CENTRE].[Pays Vendômois].[COLLINES DU PERCHE], [Commune de residence.CNERES_Hierarchie_intercommunale].[ALSACE].[PAYS INCONNU].[CC INCONNUE], [Commune de residence.CNERES_Hierarchie_intercommunale].[AQUITAINE].[PAYS INCONNU].[CC INCONNUE], [Commune de residence.CNERES_Hierarchie_intercommunale].[AUVERGNE].[PAYS INCONNU].[CC INCONNUE], [Commune de residence.CNERES_Hierarchie_intercommunale].[BASSE-NORMANDIE].[PAYS INCONNU].[CC INCONNUE], [Commune de residence.CNERES_Hierarchie_intercommunale].[BOURGOGNE].[PAYS INCONNU].[CC INCONNUE], [Commune de residence.CNERES_Hierarchie_intercommunale].[BRETAGNE].[PAYS INCONNU].[CC INCONNUE], [Commune de residence.CNERES_Hierarchie_intercommunale].[CENTRE].[Pays Beauce Val de Loire].[BEAUCE ET FORÊT], [Commune de residence.CNERES_Hierarchie_intercommunale].[CENTRE].[Pays Beauce Val de Loire].[BEAUCE LIGÉRIENNE], [Commune de residence.CNERES_Hierarchie_intercommunale].[CENTRE].[Pays Beauce Val de Loire].[BEAUCE ORATORIENNE], [Commune de residence.CNERES_Hierarchie_intercommunale].[CENTRE].[Pays de Grande Sologne].[CŒUR DE SOLOGNE], [Commune de residence.CNERES_Hierarchie_intercommunale].[CENTRE].[Pays de Grande Sologne].[SOLOGNE DES ETANGS], [Commune de residence.CNERES_Hierarchie_intercommunale].[CENTRE].[Pays de Grande Sologne].[SOLOGNE DES RIVIÈRES], [Commune de residence.CNERES_Hierarchie_intercommunale].[CENTRE].[Pays de la Vallée du Cher et du Romorantinais].[CHER À LA LOIRE], [Commune de residence.CNERES_Hierarchie_intercommunale].[CENTRE].[Pays de la Vallée du Cher et du Romorantinais].[ROMORANTINAIS ET  MONESTOIS], [Commune de residence.CNERES_Hierarchie_intercommunale].[CENTRE].[Pays de la Vallée du Cher et du Romorantinais].[VAL-DE-CHER - CONTROIS], [Commune de residence.CNERES_Hierarchie_intercommunale].[CENTRE].[Pays des Châteaux].[AGGLOPOLYS], [Commune de residence.CNERES_Hierarchie_intercommunale].[CENTRE].[Pays des Châteaux].[GRAND CHAMBORD], [Commune de residence.CNERES_Hierarchie_intercommunale].[CENTRE].[PAYS INCONNU].[CC INCONNUE], [Commune de residence.CNERES_Hierarchie_intercommunale].[CENTRE].[Pays Vendômois].[BEAUCE ET GÂTINE], [Commune de residence.CNERES_Hierarchie_intercommunale].[CENTRE].[Pays Vendômois].[PAYS DE VENDÔME], [Commune de residence.CNERES_Hierarchie_intercommunale].[CENTRE].[Pays Vendômois].[PERCHE ET HAUT-VENDÔMOIS], [Commune de residence.CNERES_Hierarchie_intercommunale].[CENTRE].[Pays Vendômois].[VALLÉES LOIR ET BRAYE], [Commune de residence.CNERES_Hierarchie_intercommunale].[CENTRE].[Pays Vendômois].[VENDÔMOIS RURAL], [Commune de residence.CNERES_Hierarchie_intercommunale].[CHAMPAGNE-ARDENNE].[PAYS INCONNU].[CC INCONNUE], [Commune de residence.CNERES_Hierarchie_intercommunale].[CORSE].[PAYS INCONNU].[CC INCONNUE], [Commune de residence.CNERES_Hierarchie_intercommunale].[FRANCHE-COMTE].[PAYS INCONNU].[CC INCONNUE], [Commune de residence.CNERES_Hierarchie_intercommunale].[GUADELOUPE].[PAYS INCONNU].[CC INCONNUE], [Commune de residence.CNERES_Hierarchie_intercommunale].[GUYANE].[PAYS INCONNU].[CC INCONNUE], [Commune de residence.CNERES_Hierarchie_intercommunale].[HAUTE-NORMANDIE].[PAYS INCONNU].[CC INCONNUE], [Commune de residence.CNERES_Hierarchie_intercommunale].[ILE-DE-FRANCE].[PAYS INCONNU].[CC INCONNUE], [Commune de residence.CNERES_Hierarchie_intercommunale].[LA REUNION].[PAYS INCONNU].[CC INCONNUE], [Commune de residence.CNERES_Hierarchie_intercommunale].[LANGUEDOC-ROUSSILLON].[PAYS INCONNU].[CC INCONNUE], [Commune de residence.CNERES_Hierarchie_intercommunale].[LIMOUSIN].[PAYS INCONNU].[CC INCONNUE], [Commune de residence.CNERES_Hierarchie_intercommunale].[LORRAINE].[PAYS INCONNU].[CC INCONNUE], [Commune de residence.CNERES_Hierarchie_intercommunale].[MARTINIQUE].[PAYS INCONNU].[CC INCONNUE], [Commune de residence.CNERES_Hierarchie_intercommunale].[MAYOTTE].[PAYS INCONNU].[CC INCONNUE], [Commune de residence.CNERES_Hierarchie_intercommunale].[MIDI-PYRENEES].[PAYS INCONNU].[CC INCONNUE], [Commune de residence.CNERES_Hierarchie_intercommunale].[NORD-PAS-DE-CALAIS].[PAYS INCONNU].[CC INCONNUE], [Commune de residence.CNERES_Hierarchie_intercommunale].[PAYS DE LA LOIRE].[PAYS INCONNU].[CC INCONNUE], [Commune de residence.CNERES_Hierarchie_intercommunale].[PICARDIE].[PAYS INCONNU].[CC INCONNUE], [Commune de residence.CNERES_Hierarchie_intercommunale].[POITOU-CHARENTES].[PAYS INCONNU].[CC INCONNUE], [Commune de residence.CNERES_Hierarchie_intercommunale].[PROVENCE-ALPES-COTE D'AZUR].[PAYS INCONNU].[CC INCONNUE], [Commune de residence.CNERES_Hierarchie_intercommunale].[REG INCONNUE].[PAYS INCONNU].[CC INCONNUE], [Commune de residence.CNERES_Hierarchie_intercommunale].[RHONE-ALPES].[PAYS INCONNU].[CC INCONNUE], [Commune de residence.CNERES_Hierarchie_intercommunale].[SAINT-MARTIN].[PAYS INCONNU].[SAINT-MARTIN], [Commune de residence.CNERES_Hierarchie_intercommunale].[SANS OBJET].[PAYS INCONNU].[SANS OBJET]}})} ON ROWS
from [Cube1MobProInd]

2016-09-25 23:17:12,399 DEBUG [mondrian.mdx] 103902: exec: 9 ms
2016-09-25 23:22:03,755 DEBUG [mondrian.mdx] 104043: select NON EMPTY Crossjoin({[Measures].[Nombre total d'individus]}, {[Statut d'emploi.STATEMPL_Hierarchie].[Salariés].[Salariés non précaires]}) ON COLUMNS,
  NON EMPTY {Hierarchize({{[Commune de residence.CNERES_Hierarchie_intercommunale].[CENTRE].[Pays Vendômois].[COLLINES DU PERCHE], [Commune de residence.CNERES_Hierarchie_intercommunale].[ALSACE].[PAYS INCONNU].[CC INCONNUE], [Commune de residence.CNERES_Hierarchie_intercommunale].[AQUITAINE].[PAYS INCONNU].[CC INCONNUE], [Commune de residence.CNERES_Hierarchie_intercommunale].[AUVERGNE].[PAYS INCONNU].[CC INCONNUE], [Commune de residence.CNERES_Hierarchie_intercommunale].[BASSE-NORMANDIE].[PAYS INCONNU].[CC INCONNUE], [Commune de residence.CNERES_Hierarchie_intercommunale].[BOURGOGNE].[PAYS INCONNU].[CC INCONNUE], [Commune de residence.CNERES_Hierarchie_intercommunale].[BRETAGNE].[PAYS INCONNU].[CC INCONNUE], [Commune de residence.CNERES_Hierarchie_intercommunale].[CENTRE].[Pays Beauce Val de Loire].[BEAUCE ET FORÊT], [Commune de residence.CNERES_Hierarchie_intercommunale].[CENTRE].[Pays Beauce Val de Loire].[BEAUCE LIGÉRIENNE], [Commune de residence.CNERES_Hierarchie_intercommunale].[CENTRE].[Pays Beauce Val de Loire].[BEAUCE ORATORIENNE], [Commune de residence.CNERES_Hierarchie_intercommunale].[CENTRE].[Pays de Grande Sologne].[CŒUR DE SOLOGNE], [Commune de residence.CNERES_Hierarchie_intercommunale].[CENTRE].[Pays de Grande Sologne].[SOLOGNE DES ETANGS], [Commune de residence.CNERES_Hierarchie_intercommunale].[CENTRE].[Pays de Grande Sologne].[SOLOGNE DES RIVIÈRES], [Commune de residence.CNERES_Hierarchie_intercommunale].[CENTRE].[Pays de la Vallée du Cher et du Romorantinais].[CHER À LA LOIRE], [Commune de residence.CNERES_Hierarchie_intercommunale].[CENTRE].[Pays de la Vallée du Cher et du Romorantinais].[ROMORANTINAIS ET  MONESTOIS], [Commune de residence.CNERES_Hierarchie_intercommunale].[CENTRE].[Pays de la Vallée du Cher et du Romorantinais].[VAL-DE-CHER - CONTROIS], [Commune de residence.CNERES_Hierarchie_intercommunale].[CENTRE].[Pays des Châteaux].[AGGLOPOLYS], [Commune de residence.CNERES_Hierarchie_intercommunale].[CENTRE].[Pays des Châteaux].[GRAND CHAMBORD], [Commune de residence.CNERES_Hierarchie_intercommunale].[CENTRE].[PAYS INCONNU].[CC INCONNUE], [Commune de residence.CNERES_Hierarchie_intercommunale].[CENTRE].[Pays Vendômois].[BEAUCE ET GÂTINE], [Commune de residence.CNERES_Hierarchie_intercommunale].[CENTRE].[Pays Vendômois].[PAYS DE VENDÔME], [Commune de residence.CNERES_Hierarchie_intercommunale].[CENTRE].[Pays Vendômois].[PERCHE ET HAUT-VENDÔMOIS], [Commune de residence.CNERES_Hierarchie_intercommunale].[CENTRE].[Pays Vendômois].[VALLÉES LOIR ET BRAYE], [Commune de residence.CNERES_Hierarchie_intercommunale].[CENTRE].[Pays Vendômois].[VENDÔMOIS RURAL], [Commune de residence.CNERES_Hierarchie_intercommunale].[CHAMPAGNE-ARDENNE].[PAYS INCONNU].[CC INCONNUE], [Commune de residence.CNERES_Hierarchie_intercommunale].[CORSE].[PAYS INCONNU].[CC INCONNUE], [Commune de residence.CNERES_Hierarchie_intercommunale].[FRANCHE-COMTE].[PAYS INCONNU].[CC INCONNUE], [Commune de residence.CNERES_Hierarchie_intercommunale].[GUADELOUPE].[PAYS INCONNU].[CC INCONNUE], [Commune de residence.CNERES_Hierarchie_intercommunale].[GUYANE].[PAYS INCONNU].[CC INCONNUE], [Commune de residence.CNERES_Hierarchie_intercommunale].[HAUTE-NORMANDIE].[PAYS INCONNU].[CC INCONNUE], [Commune de residence.CNERES_Hierarchie_intercommunale].[ILE-DE-FRANCE].[PAYS INCONNU].[CC INCONNUE], [Commune de residence.CNERES_Hierarchie_intercommunale].[LA REUNION].[PAYS INCONNU].[CC INCONNUE], [Commune de residence.CNERES_Hierarchie_intercommunale].[LANGUEDOC-ROUSSILLON].[PAYS INCONNU].[CC INCONNUE], [Commune de residence.CNERES_Hierarchie_intercommunale].[LIMOUSIN].[PAYS INCONNU].[CC INCONNUE], [Commune de residence.CNERES_Hierarchie_intercommunale].[LORRAINE].[PAYS INCONNU].[CC INCONNUE], [Commune de residence.CNERES_Hierarchie_intercommunale].[MARTINIQUE].[PAYS INCONNU].[CC INCONNUE], [Commune de residence.CNERES_Hierarchie_intercommunale].[MAYOTTE].[PAYS INCONNU].[CC INCONNUE], [Commune de residence.CNERES_Hierarchie_intercommunale].[MIDI-PYRENEES].[PAYS INCONNU].[CC INCONNUE], [Commune de residence.CNERES_Hierarchie_intercommunale].[NORD-PAS-DE-CALAIS].[PAYS INCONNU].[CC INCONNUE], [Commune de residence.CNERES_Hierarchie_intercommunale].[PAYS DE LA LOIRE].[PAYS INCONNU].[CC INCONNUE], [Commune de residence.CNERES_Hierarchie_intercommunale].[PICARDIE].[PAYS INCONNU].[CC INCONNUE], [Commune de residence.CNERES_Hierarchie_intercommunale].[POITOU-CHARENTES].[PAYS INCONNU].[CC INCONNUE], [Commune de residence.CNERES_Hierarchie_intercommunale].[PROVENCE-ALPES-COTE D'AZUR].[PAYS INCONNU].[CC INCONNUE], [Commune de residence.CNERES_Hierarchie_intercommunale].[REG INCONNUE].[PAYS INCONNU].[CC INCONNUE], [Commune de residence.CNERES_Hierarchie_intercommunale].[RHONE-ALPES].[PAYS INCONNU].[CC INCONNUE], [Commune de residence.CNERES_Hierarchie_intercommunale].[SAINT-MARTIN].[PAYS INCONNU].[SAINT-MARTIN], [Commune de residence.CNERES_Hierarchie_intercommunale].[SANS OBJET].[PAYS INCONNU].[SANS OBJET]}})} ON ROWS
from [Cube1MobProInd]

2016-09-25 23:22:03,766 DEBUG [mondrian.mdx] 104043: exec: 11 ms
2016-09-25 23:22:06,648 DEBUG [mondrian.mdx] 104240: select NON EMPTY {Hierarchize({[Statut d'emploi.STATEMPL_Hierarchie].[Salariés].[Salariés non précaires]})} ON COLUMNS,
  NON EMPTY Hierarchize(Union(Crossjoin({[Measures].[Nombre total d'individus]}, {[Commune de residence.CNERES_Hierarchie_intercommunale].[CENTRE].[Pays Vendômois].[COLLINES DU PERCHE]}), Union(Crossjoin({[Measures].[Nombre total d'individus]}, {[Commune de residence.CNERES_Hierarchie_intercommunale].[ALSACE].[PAYS INCONNU].[CC INCONNUE]}), Union(Crossjoin({[Measures].[Nombre total d'individus]}, {[Commune de residence.CNERES_Hierarchie_intercommunale].[AQUITAINE].[PAYS INCONNU].[CC INCONNUE]}), Union(Crossjoin({[Measures].[Nombre total d'individus]}, {[Commune de residence.CNERES_Hierarchie_intercommunale].[AUVERGNE].[PAYS INCONNU].[CC INCONNUE]}), Union(Crossjoin({[Measures].[Nombre total d'individus]}, {[Commune de residence.CNERES_Hierarchie_intercommunale].[BASSE-NORMANDIE].[PAYS INCONNU].[CC INCONNUE]}), Union(Crossjoin({[Measures].[Nombre total d'individus]}, {[Commune de residence.CNERES_Hierarchie_intercommunale].[BOURGOGNE].[PAYS INCONNU].[CC INCONNUE]}), Union(Crossjoin({[Measures].[Nombre total d'individus]}, {[Commune de residence.CNERES_Hierarchie_intercommunale].[BRETAGNE].[PAYS INCONNU].[CC INCONNUE]}), Union(Crossjoin({[Measures].[Nombre total d'individus]}, {[Commune de residence.CNERES_Hierarchie_intercommunale].[CENTRE].[Pays Beauce Val de Loire].[BEAUCE ET FORÊT]}), Union(Crossjoin({[Measures].[Nombre total d'individus]}, {[Commune de residence.CNERES_Hierarchie_intercommunale].[CENTRE].[Pays Beauce Val de Loire].[BEAUCE LIGÉRIENNE]}), Union(Crossjoin({[Measures].[Nombre total d'individus]}, {[Commune de residence.CNERES_Hierarchie_intercommunale].[CENTRE].[Pays Beauce Val de Loire].[BEAUCE ORATORIENNE]}), Union(Crossjoin({[Measures].[Nombre total d'individus]}, {[Commune de residence.CNERES_Hierarchie_intercommunale].[CENTRE].[Pays de Grande Sologne].[CŒUR DE SOLOGNE]}), Union(Crossjoin({[Measures].[Nombre total d'individus]}, {[Commune de residence.CNERES_Hierarchie_intercommunale].[CENTRE].[Pays de Grande Sologne].[SOLOGNE DES ETANGS]}), Union(Crossjoin({[Measures].[Nombre total d'individus]}, {[Commune de residence.CNERES_Hierarchie_intercommunale].[CENTRE].[Pays de Grande Sologne].[SOLOGNE DES RIVIÈRES]}), Union(Crossjoin({[Measures].[Nombre total d'individus]}, {[Commune de residence.CNERES_Hierarchie_intercommunale].[CENTRE].[Pays de la Vallée du Cher et du Romorantinais].[CHER À LA LOIRE]}), Union(Crossjoin({[Measures].[Nombre total d'individus]}, {[Commune de residence.CNERES_Hierarchie_intercommunale].[CENTRE].[Pays de la Vallée du Cher et du Romorantinais].[ROMORANTINAIS ET  MONESTOIS]}), Union(Crossjoin({[Measures].[Nombre total d'individus]}, {[Commune de residence.CNERES_Hierarchie_intercommunale].[CENTRE].[Pays de la Vallée du Cher et du Romorantinais].[VAL-DE-CHER - CONTROIS]}), Union(Crossjoin({[Measures].[Nombre total d'individus]}, {[Commune de residence.CNERES_Hierarchie_intercommunale].[CENTRE].[Pays des Châteaux].[AGGLOPOLYS]}), Union(Crossjoin({[Measures].[Nombre total d'individus]}, {[Commune de residence.CNERES_Hierarchie_intercommunale].[CENTRE].[Pays des Châteaux].[GRAND CHAMBORD]}), Union(Crossjoin({[Measures].[Nombre total d'individus]}, {[Commune de residence.CNERES_Hierarchie_intercommunale].[CENTRE].[PAYS INCONNU].[CC INCONNUE]}), Union(Crossjoin({[Measures].[Nombre total d'individus]}, {[Commune de residence.CNERES_Hierarchie_intercommunale].[CENTRE].[Pays Vendômois].[BEAUCE ET GÂTINE]}), Union(Crossjoin({[Measures].[Nombre total d'individus]}, {[Commune de residence.CNERES_Hierarchie_intercommunale].[CENTRE].[Pays Vendômois].[PAYS DE VENDÔME]}), Union(Crossjoin({[Measures].[Nombre total d'individus]}, {[Commune de residence.CNERES_Hierarchie_intercommunale].[CENTRE].[Pays Vendômois].[PERCHE ET HAUT-VENDÔMOIS]}), Union(Crossjoin({[Measures].[Nombre total d'individus]}, {[Commune de residence.CNERES_Hierarchie_intercommunale].[CENTRE].[Pays Vendômois].[VALLÉES LOIR ET BRAYE]}), Union(Crossjoin({[Measures].[Nombre total d'individus]}, {[Commune de residence.CNERES_Hierarchie_intercommunale].[CENTRE].[Pays Vendômois].[VENDÔMOIS RURAL]}), Union(Crossjoin({[Measures].[Nombre total d'individus]}, {[Commune de residence.CNERES_Hierarchie_intercommunale].[CHAMPAGNE-ARDENNE].[PAYS INCONNU].[CC INCONNUE]}), Union(Crossjoin({[Measures].[Nombre total d'individus]}, {[Commune de residence.CNERES_Hierarchie_intercommunale].[CORSE].[PAYS INCONNU].[CC INCONNUE]}), Union(Crossjoin({[Measures].[Nombre total d'individus]}, {[Commune de residence.CNERES_Hierarchie_intercommunale].[FRANCHE-COMTE].[PAYS INCONNU].[CC INCONNUE]}), Union(Crossjoin({[Measures].[Nombre total d'individus]}, {[Commune de residence.CNERES_Hierarchie_intercommunale].[GUADELOUPE].[PAYS INCONNU].[CC INCONNUE]}), Union(Crossjoin({[Measures].[Nombre total d'individus]}, {[Commune de residence.CNERES_Hierarchie_intercommunale].[GUYANE].[PAYS INCONNU].[CC INCONNUE]}), Union(Crossjoin({[Measures].[Nombre total d'individus]}, {[Commune de residence.CNERES_Hierarchie_intercommunale].[HAUTE-NORMANDIE].[PAYS INCONNU].[CC INCONNUE]}), Union(Crossjoin({[Measures].[Nombre total d'individus]}, {[Commune de residence.CNERES_Hierarchie_intercommunale].[ILE-DE-FRANCE].[PAYS INCONNU].[CC INCONNUE]}), Union(Crossjoin({[Measures].[Nombre total d'individus]}, {[Commune de residence.CNERES_Hierarchie_intercommunale].[LA REUNION].[PAYS INCONNU].[CC INCONNUE]}), Union(Crossjoin({[Measures].[Nombre total d'individus]}, {[Commune de residence.CNERES_Hierarchie_intercommunale].[LANGUEDOC-ROUSSILLON].[PAYS INCONNU].[CC INCONNUE]}), Union(Crossjoin({[Measures].[Nombre total d'individus]}, {[Commune de residence.CNERES_Hierarchie_intercommunale].[LIMOUSIN].[PAYS INCONNU].[CC INCONNUE]}), Union(Crossjoin({[Measures].[Nombre total d'individus]}, {[Commune de residence.CNERES_Hierarchie_intercommunale].[LORRAINE].[PAYS INCONNU].[CC INCONNUE]}), Union(Crossjoin({[Measures].[Nombre total d'individus]}, {[Commune de residence.CNERES_Hierarchie_intercommunale].[MARTINIQUE].[PAYS INCONNU].[CC INCONNUE]}), Union(Crossjoin({[Measures].[Nombre total d'individus]}, {[Commune de residence.CNERES_Hierarchie_intercommunale].[MAYOTTE].[PAYS INCONNU].[CC INCONNUE]}), Union(Crossjoin({[Measures].[Nombre total d'individus]}, {[Commune de residence.CNERES_Hierarchie_intercommunale].[MIDI-PYRENEES].[PAYS INCONNU].[CC INCONNUE]}), Union(Crossjoin({[Measures].[Nombre total d'individus]}, {[Commune de residence.CNERES_Hierarchie_intercommunale].[NORD-PAS-DE-CALAIS].[PAYS INCONNU].[CC INCONNUE]}), Union(Crossjoin({[Measures].[Nombre total d'individus]}, {[Commune de residence.CNERES_Hierarchie_intercommunale].[PAYS DE LA LOIRE].[PAYS INCONNU].[CC INCONNUE]}), Union(Crossjoin({[Measures].[Nombre total d'individus]}, {[Commune de residence.CNERES_Hierarchie_intercommunale].[PICARDIE].[PAYS INCONNU].[CC INCONNUE]}), Union(Crossjoin({[Measures].[Nombre total d'individus]}, {[Commune de residence.CNERES_Hierarchie_intercommunale].[POITOU-CHARENTES].[PAYS INCONNU].[CC INCONNUE]}), Union(Crossjoin({[Measures].[Nombre total d'individus]}, {[Commune de residence.CNERES_Hierarchie_intercommunale].[PROVENCE-ALPES-COTE D'AZUR].[PAYS INCONNU].[CC INCONNUE]}), Union(Crossjoin({[Measures].[Nombre total d'individus]}, {[Commune de residence.CNERES_Hierarchie_intercommunale].[REG INCONNUE].[PAYS INCONNU].[CC INCONNUE]}), Union(Crossjoin({[Measures].[Nombre total d'individus]}, {[Commune de residence.CNERES_Hierarchie_intercommunale].[RHONE-ALPES].[PAYS INCONNU].[CC INCONNUE]}), Union(Crossjoin({[Measures].[Nombre total d'individus]}, {[Commune de residence.CNERES_Hierarchie_intercommunale].[SAINT-MARTIN].[PAYS INCONNU].[SAINT-MARTIN]}), Crossjoin({[Measures].[Nombre total d'individus]}, {[Commune de residence.CNERES_Hierarchie_intercommunale].[SANS OBJET].[PAYS INCONNU].[SANS OBJET]})))))))))))))))))))))))))))))))))))))))))))))))) ON ROWS
from [Cube1MobProInd]

2016-09-25 23:22:06,988 DEBUG [mondrian.mdx] 104240: exec: 340 ms
2016-09-25 23:22:08,230 DEBUG [mondrian.mdx] 104344: select NON EMPTY {Hierarchize({[Statut d'emploi.STATEMPL_Hierarchie].[Salariés].[Salariés non précaires]})} ON COLUMNS,
  NON EMPTY {Hierarchize({{[Commune de residence.CNERES_Hierarchie_intercommunale].[CENTRE].[Pays Vendômois].[COLLINES DU PERCHE], [Commune de residence.CNERES_Hierarchie_intercommunale].[ALSACE].[PAYS INCONNU].[CC INCONNUE], [Commune de residence.CNERES_Hierarchie_intercommunale].[AQUITAINE].[PAYS INCONNU].[CC INCONNUE], [Commune de residence.CNERES_Hierarchie_intercommunale].[AUVERGNE].[PAYS INCONNU].[CC INCONNUE], [Commune de residence.CNERES_Hierarchie_intercommunale].[BASSE-NORMANDIE].[PAYS INCONNU].[CC INCONNUE], [Commune de residence.CNERES_Hierarchie_intercommunale].[BOURGOGNE].[PAYS INCONNU].[CC INCONNUE], [Commune de residence.CNERES_Hierarchie_intercommunale].[BRETAGNE].[PAYS INCONNU].[CC INCONNUE], [Commune de residence.CNERES_Hierarchie_intercommunale].[CENTRE].[Pays Beauce Val de Loire].[BEAUCE ET FORÊT], [Commune de residence.CNERES_Hierarchie_intercommunale].[CENTRE].[Pays Beauce Val de Loire].[BEAUCE LIGÉRIENNE], [Commune de residence.CNERES_Hierarchie_intercommunale].[CENTRE].[Pays Beauce Val de Loire].[BEAUCE ORATORIENNE], [Commune de residence.CNERES_Hierarchie_intercommunale].[CENTRE].[Pays de Grande Sologne].[CŒUR DE SOLOGNE], [Commune de residence.CNERES_Hierarchie_intercommunale].[CENTRE].[Pays de Grande Sologne].[SOLOGNE DES ETANGS], [Commune de residence.CNERES_Hierarchie_intercommunale].[CENTRE].[Pays de Grande Sologne].[SOLOGNE DES RIVIÈRES], [Commune de residence.CNERES_Hierarchie_intercommunale].[CENTRE].[Pays de la Vallée du Cher et du Romorantinais].[CHER À LA LOIRE], [Commune de residence.CNERES_Hierarchie_intercommunale].[CENTRE].[Pays de la Vallée du Cher et du Romorantinais].[ROMORANTINAIS ET  MONESTOIS], [Commune de residence.CNERES_Hierarchie_intercommunale].[CENTRE].[Pays de la Vallée du Cher et du Romorantinais].[VAL-DE-CHER - CONTROIS], [Commune de residence.CNERES_Hierarchie_intercommunale].[CENTRE].[Pays des Châteaux].[AGGLOPOLYS], [Commune de residence.CNERES_Hierarchie_intercommunale].[CENTRE].[Pays des Châteaux].[GRAND CHAMBORD], [Commune de residence.CNERES_Hierarchie_intercommunale].[CENTRE].[PAYS INCONNU].[CC INCONNUE], [Commune de residence.CNERES_Hierarchie_intercommunale].[CENTRE].[Pays Vendômois].[BEAUCE ET GÂTINE], [Commune de residence.CNERES_Hierarchie_intercommunale].[CENTRE].[Pays Vendômois].[PAYS DE VENDÔME], [Commune de residence.CNERES_Hierarchie_intercommunale].[CENTRE].[Pays Vendômois].[PERCHE ET HAUT-VENDÔMOIS], [Commune de residence.CNERES_Hierarchie_intercommunale].[CENTRE].[Pays Vendômois].[VALLÉES LOIR ET BRAYE], [Commune de residence.CNERES_Hierarchie_intercommunale].[CENTRE].[Pays Vendômois].[VENDÔMOIS RURAL], [Commune de residence.CNERES_Hierarchie_intercommunale].[CHAMPAGNE-ARDENNE].[PAYS INCONNU].[CC INCONNUE], [Commune de residence.CNERES_Hierarchie_intercommunale].[CORSE].[PAYS INCONNU].[CC INCONNUE], [Commune de residence.CNERES_Hierarchie_intercommunale].[FRANCHE-COMTE].[PAYS INCONNU].[CC INCONNUE], [Commune de residence.CNERES_Hierarchie_intercommunale].[GUADELOUPE].[PAYS INCONNU].[CC INCONNUE], [Commune de residence.CNERES_Hierarchie_intercommunale].[GUYANE].[PAYS INCONNU].[CC INCONNUE], [Commune de residence.CNERES_Hierarchie_intercommunale].[HAUTE-NORMANDIE].[PAYS INCONNU].[CC INCONNUE], [Commune de residence.CNERES_Hierarchie_intercommunale].[ILE-DE-FRANCE].[PAYS INCONNU].[CC INCONNUE], [Commune de residence.CNERES_Hierarchie_intercommunale].[LA REUNION].[PAYS INCONNU].[CC INCONNUE], [Commune de residence.CNERES_Hierarchie_intercommunale].[LANGUEDOC-ROUSSILLON].[PAYS INCONNU].[CC INCONNUE], [Commune de residence.CNERES_Hierarchie_intercommunale].[LIMOUSIN].[PAYS INCONNU].[CC INCONNUE], [Commune de residence.CNERES_Hierarchie_intercommunale].[LORRAINE].[PAYS INCONNU].[CC INCONNUE], [Commune de residence.CNERES_Hierarchie_intercommunale].[MARTINIQUE].[PAYS INCONNU].[CC INCONNUE], [Commune de residence.CNERES_Hierarchie_intercommunale].[MAYOTTE].[PAYS INCONNU].[CC INCONNUE], [Commune de residence.CNERES_Hierarchie_intercommunale].[MIDI-PYRENEES].[PAYS INCONNU].[CC INCONNUE], [Commune de residence.CNERES_Hierarchie_intercommunale].[NORD-PAS-DE-CALAIS].[PAYS INCONNU].[CC INCONNUE], [Commune de residence.CNERES_Hierarchie_intercommunale].[PAYS DE LA LOIRE].[PAYS INCONNU].[CC INCONNUE], [Commune de residence.CNERES_Hierarchie_intercommunale].[PICARDIE].[PAYS INCONNU].[CC INCONNUE], [Commune de residence.CNERES_Hierarchie_intercommunale].[POITOU-CHARENTES].[PAYS INCONNU].[CC INCONNUE], [Commune de residence.CNERES_Hierarchie_intercommunale].[PROVENCE-ALPES-COTE D'AZUR].[PAYS INCONNU].[CC INCONNUE], [Commune de residence.CNERES_Hierarchie_intercommunale].[REG INCONNUE].[PAYS INCONNU].[CC INCONNUE], [Commune de residence.CNERES_Hierarchie_intercommunale].[RHONE-ALPES].[PAYS INCONNU].[CC INCONNUE], [Commune de residence.CNERES_Hierarchie_intercommunale].[SAINT-MARTIN].[PAYS INCONNU].[SAINT-MARTIN], [Commune de residence.CNERES_Hierarchie_intercommunale].[SANS OBJET].[PAYS INCONNU].[SANS OBJET]}})} ON ROWS
from [Cube1MobProInd]

2016-09-25 23:22:08,239 DEBUG [mondrian.mdx] 104344: exec: 9 ms

