-------------------------------------------------------------------------------
----- dibstudent16, Manuel, groupe 3
----- Cube mobpro
----- Requêtes de découverte
----- Obs: dibstudent07 et dibstudent16 en parallèle. Je parie par dibstudent16
-------------------------------------------------------------------------------

2016-10-04 22:55:19,711 DEBUG [mondrian.mdx] 17391: select NON EMPTY {Hierarchize({[Mode de transport.MODTRANS_Hierarchie].[tous les modes confondus]})} ON COLUMNS,
  NON EMPTY {Hierarchize({[Sexe.Sexe_Hierarchie].[Sexe].Members})} ON ROWS
from [Cube1MobProInd]

2016-10-04 22:55:19,789 DEBUG [mondrian.mdx] 17391: exec: 78 ms
2016-10-04 22:55:48,852 DEBUG [mondrian.mdx] 17429: select NON EMPTY Crossjoin({[Mode de transport.MODTRANS_Hierarchie].[tous les modes confondus]}, {[Measures].[Nombre total d'individus]}) ON COLUMNS,
  NON EMPTY {Hierarchize({[Sexe.Sexe_Hierarchie].[Sexe].Members})} ON ROWS
from [Cube1MobProInd]

2016-10-04 22:55:48,914 DEBUG [mondrian.mdx] 17429: exec: 62 ms
2016-10-04 22:56:50,805 DEBUG [mondrian.mdx] 17447: select NON EMPTY {Hierarchize({[Measures].[Nombre total d'individus]})} ON COLUMNS,
  NON EMPTY {Hierarchize({[Sexe.Sexe_Hierarchie].[Sexe].Members})} ON ROWS
from [Cube1MobProInd]

2016-10-04 22:56:50,836 DEBUG [mondrian.mdx] 17447: exec: 31 ms
2016-10-04 22:58:14,305 DEBUG [mondrian.mdx] 17464: select NON EMPTY {Hierarchize({{[Measures].[Nombre total d'individus], [Measures].[Distance trajet domicile - travail (min)]}})} ON COLUMNS,
  NON EMPTY {Hierarchize({[Sexe.Sexe_Hierarchie].[Sexe].Members})} ON ROWS
from [Cube1MobProInd]

2016-10-04 22:58:14,367 DEBUG [mondrian.mdx] 17464: exec: 62 ms
2016-10-04 22:58:26,117 DEBUG [mondrian.mdx] 17479: select NON EMPTY {Hierarchize({[Measures].[Nombre total d'individus]})} ON COLUMNS,
  NON EMPTY {Hierarchize({[Sexe.Sexe_Hierarchie].[Sexe].Members})} ON ROWS
from [Cube1MobProInd]

2016-10-04 22:58:26,133 DEBUG [mondrian.mdx] 17479: exec: 16 ms
2016-10-04 22:58:53,195 DEBUG [mondrian.mdx] 17496: select NON EMPTY {Hierarchize({{[Measures].[Nombre total d'individus], [Measures].[Distance trajet domicile - travail (moyenne)]}})} ON COLUMNS,
  NON EMPTY {Hierarchize({[Sexe.Sexe_Hierarchie].[Sexe].Members})} ON ROWS
from [Cube1MobProInd]

2016-10-04 22:58:53,289 DEBUG [mondrian.mdx] 17496: exec: 94 ms
2016-10-04 23:00:24,227 DEBUG [mondrian.mdx] 17515: select NON EMPTY {Hierarchize({{[Measures].[Nombre total d'individus], [Measures].[Distance trajet domicile - travail (moyenne)], [Measures].[Distance trajet domicile - travail (max)]}})} ON COLUMNS,
  NON EMPTY {Hierarchize({[Sexe.Sexe_Hierarchie].[Sexe].Members})} ON ROWS
from [Cube1MobProInd]

2016-10-04 23:00:24,289 DEBUG [mondrian.mdx] 17515: exec: 62 ms
2016-10-04 23:01:42,352 DEBUG [mondrian.mdx] 17541: select NON EMPTY Hierarchize(Union(Crossjoin({[Measures].[Nombre total d'individus]}, [Commune de residence.CNERES_Hierarchie_intercommunale].[Communaute de communes].Members), Union(Crossjoin({[Measures].[Distance trajet domicile - travail (moyenne)]}, [Commune de residence.CNERES_Hierarchie_intercommunale].[Communaute de communes].Members), Crossjoin({[Measures].[Distance trajet domicile - travail (max)]}, [Commune de residence.CNERES_Hierarchie_intercommunale].[Communaute de communes].Members)))) ON COLUMNS,
  NON EMPTY {Hierarchize({[Sexe.Sexe_Hierarchie].[Sexe].Members})} ON ROWS
from [Cube1MobProInd]

2016-10-04 23:01:42,758 DEBUG [mondrian.mdx] 17541: exec: 406 ms
2016-10-04 23:01:58,445 DEBUG [mondrian.mdx] 17618: select NON EMPTY Hierarchize(Union(Crossjoin({[Measures].[Nombre total d'individus]}, [Commune de residence.CNERES_Hierarchie_intercommunale].[Communaute de communes].Members), Union(Crossjoin({[Measures].[Distance trajet domicile - travail (moyenne)]}, [Commune de residence.CNERES_Hierarchie_intercommunale].[Communaute de communes].Members), Crossjoin({[Measures].[Distance trajet domicile - travail (max)]}, [Commune de residence.CNERES_Hierarchie_intercommunale].[Communaute de communes].Members)))) ON COLUMNS,
  NON EMPTY {Hierarchize({[Sexe.Sexe_Hierarchie].[Sexe].Members})} ON ROWS
from [Cube1MobProInd]

2016-10-04 23:01:58,555 DEBUG [mondrian.mdx] 17618: exec: 110 ms
2016-10-04 23:02:13,399 DEBUG [mondrian.mdx] 17692: select NON EMPTY Hierarchize(Union(Crossjoin({[Measures].[Distance trajet domicile - travail (moyenne)]}, [Commune de residence.CNERES_Hierarchie_intercommunale].[Communaute de communes].Members), Crossjoin({[Measures].[Distance trajet domicile - travail (max)]}, [Commune de residence.CNERES_Hierarchie_intercommunale].[Communaute de communes].Members))) ON COLUMNS,
  NON EMPTY {Hierarchize({[Sexe.Sexe_Hierarchie].[Sexe].Members})} ON ROWS
from [Cube1MobProInd]

2016-10-04 23:02:13,461 DEBUG [mondrian.mdx] 17692: exec: 62 ms
2016-10-04 23:02:29,977 DEBUG [mondrian.mdx] 17748: select NON EMPTY Hierarchize(Union(Crossjoin([Commune de residence.CNERES_Hierarchie_intercommunale].[Communaute de communes].Members, {[Measures].[Distance trajet domicile - travail (moyenne)]}), Crossjoin([Commune de residence.CNERES_Hierarchie_intercommunale].[Communaute de communes].Members, {[Measures].[Distance trajet domicile - travail (max)]}))) ON COLUMNS,
  NON EMPTY {Hierarchize({[Sexe.Sexe_Hierarchie].[Sexe].Members})} ON ROWS
from [Cube1MobProInd]

2016-10-04 23:02:30,055 DEBUG [mondrian.mdx] 17748: exec: 78 ms
2016-10-04 23:02:58,445 DEBUG [mondrian.mdx] 17802: select NON EMPTY {Hierarchize({{[Measures].[Distance trajet domicile - travail (moyenne)], [Measures].[Distance trajet domicile - travail (max)]}})} ON COLUMNS,
  NON EMPTY Crossjoin([Commune de residence.CNERES_Hierarchie_intercommunale].[Communaute de communes].Members, [Sexe.Sexe_Hierarchie].[Sexe].Members) ON ROWS
from [Cube1MobProInd]

2016-10-04 23:02:58,586 DEBUG [mondrian.mdx] 17802: exec: 141 ms
2016-10-04 23:03:00,867 DEBUG [mondrian.mdx] 17890: select NON EMPTY Hierarchize(Union(Crossjoin([Sexe.Sexe_Hierarchie].[Sexe].Members, {[Measures].[Distance trajet domicile - travail (moyenne)]}), Crossjoin([Sexe.Sexe_Hierarchie].[Sexe].Members, {[Measures].[Distance trajet domicile - travail (max)]}))) ON COLUMNS,
  NON EMPTY {Hierarchize({[Commune de residence.CNERES_Hierarchie_intercommunale].[Communaute de communes].Members})} ON ROWS
from [Cube1MobProInd]

2016-10-04 23:03:01,039 DEBUG [mondrian.mdx] 17890: exec: 172 ms
2016-10-04 23:04:33,914 DEBUG [mondrian.mdx] 17942: select NON EMPTY Hierarchize(Union(Crossjoin([Sexe.Sexe_Hierarchie].[Sexe].Members, {[Measures].[Distance trajet domicile - travail (moyenne)]}), Crossjoin([Sexe.Sexe_Hierarchie].[Sexe].Members, {[Measures].[Distance trajet domicile - travail (max)]}))) ON COLUMNS,
  NON EMPTY {Hierarchize({[Commune de residence.CNERES_Hierarchie_intercommunale].[CENTRE].[Pays des Châteaux].[AGGLOPOLYS]})} ON ROWS
from [Cube1MobProInd]

2016-10-04 23:04:33,961 DEBUG [mondrian.mdx] 17942: exec: 47 ms
2016-10-04 23:05:39,524 DEBUG [mondrian.mdx] 17978: select NON EMPTY Hierarchize(Union(Crossjoin([Sexe.Sexe_Hierarchie].[Sexe].Members, {[Measures].[Distance trajet domicile - travail (moyenne)]}), Crossjoin([Sexe.Sexe_Hierarchie].[Sexe].Members, {[Measures].[Distance trajet domicile - travail (max)]}))) ON COLUMNS,
  NON EMPTY {Hierarchize({[Commune de residence.CNERES_Hierarchie_intercommunale].[CENTRE].[Pays des Châteaux].[AGGLOPOLYS]})} ON ROWS
from [Cube1MobProInd]

2016-10-04 23:05:39,586 DEBUG [mondrian.mdx] 17978: exec: 62 ms
2016-10-04 23:05:58,977 DEBUG [mondrian.mdx] 18005: select NON EMPTY Hierarchize(Union(Crossjoin([Sexe.Sexe_Hierarchie].[Sexe].Members, {[Measures].[Distance trajet domicile - travail (moyenne)]}), Crossjoin([Sexe.Sexe_Hierarchie].[Sexe].Members, {[Measures].[Distance trajet domicile - travail (max)]}))) ON COLUMNS,
  NON EMPTY Order({Hierarchize({[Commune de residence.CNERES_Hierarchie_intercommunale].[CENTRE].[Pays des Châteaux].[AGGLOPOLYS]})}, [Commune de residence.CNERES_Hierarchie_intercommunale].CurrentMember.Name, BASC) ON ROWS
from [Cube1MobProInd]

2016-10-04 23:05:59,039 DEBUG [mondrian.mdx] 18005: exec: 62 ms
2016-10-04 23:06:07,227 DEBUG [mondrian.mdx] 18044: select NON EMPTY Hierarchize(Union(Crossjoin([Sexe.Sexe_Hierarchie].[Sexe].Members, {[Measures].[Distance trajet domicile - travail (moyenne)]}), Crossjoin([Sexe.Sexe_Hierarchie].[Sexe].Members, {[Measures].[Distance trajet domicile - travail (max)]}))) ON COLUMNS,
  NON EMPTY Order({Hierarchize({[Commune de residence.CNERES_Hierarchie_intercommunale].[Communaute de communes].Members})}, [Commune de residence.CNERES_Hierarchie_intercommunale].CurrentMember.Name, BASC) ON ROWS
from [Cube1MobProInd]

2016-10-04 23:06:07,320 DEBUG [mondrian.mdx] 18044: exec: 93 ms
2016-10-04 23:06:56,961 DEBUG [mondrian.mdx] 18095: select NON EMPTY Hierarchize(Union(Crossjoin([Sexe.Sexe_Hierarchie].[Sexe].Members, {[Measures].[Distance trajet domicile - travail (moyenne)]}), Crossjoin([Sexe.Sexe_Hierarchie].[Sexe].Members, {[Measures].[Distance trajet domicile - travail (max)]}))) ON COLUMNS,
  NON EMPTY Order({Hierarchize({[Commune de residence.CNERES_Hierarchie_intercommunale].[Communaute de communes].Members})}, [Commune de residence.CNERES_Hierarchie_intercommunale].CurrentMember.Name, BASC) ON ROWS
from [Cube1MobProInd]

2016-10-04 23:06:57,039 DEBUG [mondrian.mdx] 18095: exec: 78 ms
2016-10-04 23:07:32,633 DEBUG [mondrian.mdx] 18144: select NON EMPTY Hierarchize(Union(Crossjoin([Sexe.Sexe_Hierarchie].[Sexe].Members, {[Measures].[Distance trajet domicile - travail (moyenne)]}), Crossjoin([Sexe.Sexe_Hierarchie].[Sexe].Members, {[Measures].[Distance trajet domicile - travail (max)]}))) ON COLUMNS,
  NON EMPTY {Hierarchize({[Commune de residence.CNERES_Hierarchie_intercommunale].[toutes les communes]})} ON ROWS
from [Cube1MobProInd]

2016-10-04 23:07:32,711 DEBUG [mondrian.mdx] 18144: exec: 78 ms
2016-10-04 23:07:40,914 DEBUG [mondrian.mdx] 18173: select NON EMPTY Hierarchize(Union(Crossjoin([Sexe.Sexe_Hierarchie].[Sexe].Members, {[Measures].[Distance trajet domicile - travail (moyenne)]}), Crossjoin([Sexe.Sexe_Hierarchie].[Sexe].Members, {[Measures].[Distance trajet domicile - travail (max)]}))) ON COLUMNS,
  NON EMPTY {Hierarchize({[Commune de residence.CNERES_Hierarchie_intercommunale].[toutes les communes]})} ON ROWS
from [Cube1MobProInd]

2016-10-04 23:07:40,961 DEBUG [mondrian.mdx] 18173: exec: 47 ms
2016-10-04 23:07:48,758 DEBUG [mondrian.mdx] 18201: select NON EMPTY Hierarchize(Union(Crossjoin([Sexe.Sexe_Hierarchie].[Sexe].Members, {[Measures].[Distance trajet domicile - travail (moyenne)]}), Crossjoin([Sexe.Sexe_Hierarchie].[Sexe].Members, {[Measures].[Distance trajet domicile - travail (max)]}))) ON COLUMNS,
  NON EMPTY {Hierarchize({[Commune de residence.CNERES_Hierarchie_intercommunale].[Commune de residence].Members})} ON ROWS
from [Cube1MobProInd]

2016-10-04 23:07:54,149 DEBUG [mondrian.mdx] 18201: exec: 5391 ms
2016-10-04 23:08:58,117 DEBUG [mondrian.mdx] 18544: select NON EMPTY Hierarchize(Union(Crossjoin([Sexe.Sexe_Hierarchie].[Sexe].Members, {[Measures].[Distance trajet domicile - travail (moyenne)]}), Crossjoin([Sexe.Sexe_Hierarchie].[Sexe].Members, {[Measures].[Distance trajet domicile - travail (max)]}))) ON COLUMNS,
  NON EMPTY {Hierarchize({[Commune de residence.CNERES_Hierarchie_depense].[Commune de residence].Members})} ON ROWS
from [Cube1MobProInd]

2016-10-04 23:09:00,977 DEBUG [mondrian.mdx] 18544: exec: 2860 ms
2016-10-04 23:09:24,992 DEBUG [mondrian.mdx] 18870: select NON EMPTY Hierarchize(Union(Crossjoin([Sexe.Sexe_Hierarchie].[Sexe].Members, {[Measures].[Distance trajet domicile - travail (moyenne)]}), Crossjoin([Sexe.Sexe_Hierarchie].[Sexe].Members, {[Measures].[Distance trajet domicile - travail (max)]}))) ON COLUMNS,
  NON EMPTY {Hierarchize({[Commune de residence.CNERES_Hierarchie_depense].[Commune de residence].Members})} ON ROWS
from [Cube1MobProInd]

2016-10-04 23:09:26,070 DEBUG [mondrian.mdx] 18870: exec: 1078 ms
2016-10-04 23:09:35,414 DEBUG [mondrian.mdx] 19187: select NON EMPTY Hierarchize(Union(Crossjoin([Sexe.Sexe_Hierarchie].[Sexe].Members, {[Measures].[Distance trajet domicile - travail (moyenne)]}), Crossjoin([Sexe.Sexe_Hierarchie].[Sexe].Members, {[Measures].[Distance trajet domicile - travail (max)]}))) ON COLUMNS,
  NON EMPTY {Hierarchize({[Commune de residence.CNERES_Hierarchie_depense].[Commune de residence].Members})} ON ROWS
from [Cube1MobProInd]

2016-10-04 23:09:36,274 DEBUG [mondrian.mdx] 19187: exec: 860 ms
2016-10-04 23:12:48,758 DEBUG [mondrian.mdx] 19649: select NON EMPTY Hierarchize(Union(Crossjoin([Sexe.Sexe_Hierarchie].[Sexe].Members, {[Measures].[Distance trajet domicile - travail (moyenne)]}), Crossjoin([Sexe.Sexe_Hierarchie].[Sexe].Members, {[Measures].[Distance trajet domicile - travail (max)]}))) ON COLUMNS,
  NON EMPTY {Hierarchize({[Commune de residence.CNERES_Hierarchie_intercommunale].[CENTRE]})} ON ROWS
from [Cube1MobProInd]

2016-10-04 23:12:48,805 DEBUG [mondrian.mdx] 19649: exec: 47 ms
2016-10-04 23:12:59,289 DEBUG [mondrian.mdx] 19674: select NON EMPTY Hierarchize(Union(Crossjoin([Sexe.Sexe_Hierarchie].[Sexe].Members, {[Measures].[Distance trajet domicile - travail (moyenne)]}), Crossjoin([Sexe.Sexe_Hierarchie].[Sexe].Members, {[Measures].[Distance trajet domicile - travail (max)]}))) ON COLUMNS,
  NON EMPTY {Hierarchize({[Commune de residence.CNERES_Hierarchie_intercommunale].[CENTRE]})} ON ROWS
from [Cube1MobProInd]

2016-10-04 23:12:59,336 DEBUG [mondrian.mdx] 19674: exec: 47 ms
2016-10-04 23:13:05,164 DEBUG [mondrian.mdx] 19703: select NON EMPTY Hierarchize(Union(Crossjoin([Sexe.Sexe_Hierarchie].[Sexe].Members, {[Measures].[Distance trajet domicile - travail (moyenne)]}), Crossjoin([Sexe.Sexe_Hierarchie].[Sexe].Members, {[Measures].[Distance trajet domicile - travail (max)]}))) ON COLUMNS,
  NON EMPTY {Hierarchize({[Commune de residence.CNERES_Hierarchie_intercommunale].[Communaute de communes].Members})} ON ROWS
from [Cube1MobProInd]

2016-10-04 23:13:05,211 DEBUG [mondrian.mdx] 19703: exec: 47 ms
2016-10-04 23:13:25,680 DEBUG [mondrian.mdx] 19748: select NON EMPTY Hierarchize(Union(Crossjoin([Sexe.Sexe_Hierarchie].[Sexe].Members, {[Measures].[Distance trajet domicile - travail (moyenne)]}), Crossjoin([Sexe.Sexe_Hierarchie].[Sexe].Members, {[Measures].[Distance trajet domicile - travail (max)]}))) ON COLUMNS,
  NON EMPTY {Hierarchize({{[Commune de residence.CNERES_Hierarchie_intercommunale].[Communaute de communes].Members}, {[Commune de residence.CNERES_Hierarchie_intercommunale].[Commune de residence].Members}})} ON ROWS
from [Cube1MobProInd]

2016-10-04 23:13:26,727 DEBUG [mondrian.mdx] 19748: exec: 1047 ms
2016-10-04 23:13:40,508 DEBUG [mondrian.mdx] 20654: select NON EMPTY Hierarchize(Union(Crossjoin([Sexe.Sexe_Hierarchie].[Sexe].Members, {[Measures].[Distance trajet domicile - travail (moyenne)]}), Crossjoin([Sexe.Sexe_Hierarchie].[Sexe].Members, {[Measures].[Distance trajet domicile - travail (max)]}))) ON COLUMNS,
  NON EMPTY {Hierarchize({{[Commune de residence.CNERES_Hierarchie_intercommunale].[Communaute de communes].Members}, {[Commune de residence.CNERES_Hierarchie_intercommunale].[Commune de residence].Members}})} ON ROWS
from [Cube1MobProInd]

2016-10-04 23:13:41,524 DEBUG [mondrian.mdx] 20654: exec: 1016 ms
2016-10-04 23:16:47,133 DEBUG [mondrian.mdx] 21585: select NON EMPTY Hierarchize(Union(Crossjoin([Sexe.Sexe_Hierarchie].[Sexe].Members, {[Measures].[Distance trajet domicile - travail (moyenne)]}), Crossjoin([Sexe.Sexe_Hierarchie].[Sexe].Members, {[Measures].[Distance trajet domicile - travail (max)]}))) ON COLUMNS,
  NON EMPTY {Hierarchize({{[Commune de residence.CNERES_Hierarchie_intercommunale].[Communaute de communes].Members}, {[Commune de residence.CNERES_Hierarchie_intercommunale].[CENTRE].[Pays des Châteaux].[AGGLOPOLYS].[CHAILLES], [Commune de residence.CNERES_Hierarchie_intercommunale].[CENTRE].[Pays des Châteaux].[AGGLOPOLYS].[CHAMPIGNY-EN-BEAUCE], [Commune de residence.CNERES_Hierarchie_intercommunale].[CENTRE].[Pays des Châteaux].[AGGLOPOLYS].[LANCOME], [Commune de residence.CNERES_Hierarchie_intercommunale].[CENTRE].[Pays des Châteaux].[AGGLOPOLYS].[MESLAND], [Commune de residence.CNERES_Hierarchie_intercommunale].[CENTRE].[Pays des Châteaux].[AGGLOPOLYS].[RILLY-SUR-LOIRE], [Commune de residence.CNERES_Hierarchie_intercommunale].[CENTRE].[Pays des Châteaux].[AGGLOPOLYS].[SAINT-CYR-DU-GAULT], [Commune de residence.CNERES_Hierarchie_intercommunale].[CENTRE].[Pays des Châteaux].[AGGLOPOLYS].[SAINT-ETIENNE-DES-GUERETS], [Commune de residence.CNERES_Hierarchie_intercommunale].[CENTRE].[Pays des Châteaux].[AGGLOPOLYS].[VALAIRE]}})} ON ROWS
from [Cube1MobProInd]

2016-10-04 23:16:47,180 DEBUG [mondrian.mdx] 21585: exec: 47 ms
2016-10-04 23:17:32,664 DEBUG [mondrian.mdx] 21735: select NON EMPTY {Hierarchize({[Sexe.Sexe_Hierarchie].[Sexe].Members})} ON COLUMNS,
  NON EMPTY Hierarchize(Union(Crossjoin([Commune de residence.CNERES_Hierarchie_intercommunale].[Communaute de communes].Members, {[Measures].[Distance trajet domicile - travail (moyenne)]}), Union(Crossjoin([Commune de residence.CNERES_Hierarchie_intercommunale].[Communaute de communes].Members, {[Measures].[Distance trajet domicile - travail (max)]}), Union(Crossjoin([Commune de residence.CNERES_Hierarchie_intercommunale].[Communaute de communes].Members, {[Measures].[Nombre total d'individus]}), Union(Crossjoin({[Commune de residence.CNERES_Hierarchie_intercommunale].[CENTRE].[Pays des Châteaux].[AGGLOPOLYS].[CHAILLES]}, {[Measures].[Distance trajet domicile - travail (moyenne)]}), Union(Crossjoin({[Commune de residence.CNERES_Hierarchie_intercommunale].[CENTRE].[Pays des Châteaux].[AGGLOPOLYS].[CHAILLES]}, {[Measures].[Distance trajet domicile - travail (max)]}), Union(Crossjoin({[Commune de residence.CNERES_Hierarchie_intercommunale].[CENTRE].[Pays des Châteaux].[AGGLOPOLYS].[CHAILLES]}, {[Measures].[Nombre total d'individus]}), Union(Crossjoin({[Commune de residence.CNERES_Hierarchie_intercommunale].[CENTRE].[Pays des Châteaux].[AGGLOPOLYS].[CHAMPIGNY-EN-BEAUCE]}, {[Measures].[Distance trajet domicile - travail (moyenne)]}), Union(Crossjoin({[Commune de residence.CNERES_Hierarchie_intercommunale].[CENTRE].[Pays des Châteaux].[AGGLOPOLYS].[CHAMPIGNY-EN-BEAUCE]}, {[Measures].[Distance trajet domicile - travail (max)]}), Union(Crossjoin({[Commune de residence.CNERES_Hierarchie_intercommunale].[CENTRE].[Pays des Châteaux].[AGGLOPOLYS].[CHAMPIGNY-EN-BEAUCE]}, {[Measures].[Nombre total d'individus]}), Union(Crossjoin({[Commune de residence.CNERES_Hierarchie_intercommunale].[CENTRE].[Pays des Châteaux].[AGGLOPOLYS].[LANCOME]}, {[Measures].[Distance trajet domicile - travail (moyenne)]}), Union(Crossjoin({[Commune de residence.CNERES_Hierarchie_intercommunale].[CENTRE].[Pays des Châteaux].[AGGLOPOLYS].[LANCOME]}, {[Measures].[Distance trajet domicile - travail (max)]}), Union(Crossjoin({[Commune de residence.CNERES_Hierarchie_intercommunale].[CENTRE].[Pays des Châteaux].[AGGLOPOLYS].[LANCOME]}, {[Measures].[Nombre total d'individus]}), Union(Crossjoin({[Commune de residence.CNERES_Hierarchie_intercommunale].[CENTRE].[Pays des Châteaux].[AGGLOPOLYS].[MESLAND]}, {[Measures].[Distance trajet domicile - travail (moyenne)]}), Union(Crossjoin({[Commune de residence.CNERES_Hierarchie_intercommunale].[CENTRE].[Pays des Châteaux].[AGGLOPOLYS].[MESLAND]}, {[Measures].[Distance trajet domicile - travail (max)]}), Union(Crossjoin({[Commune de residence.CNERES_Hierarchie_intercommunale].[CENTRE].[Pays des Châteaux].[AGGLOPOLYS].[MESLAND]}, {[Measures].[Nombre total d'individus]}), Union(Crossjoin({[Commune de residence.CNERES_Hierarchie_intercommunale].[CENTRE].[Pays des Châteaux].[AGGLOPOLYS].[RILLY-SUR-LOIRE]}, {[Measures].[Distance trajet domicile - travail (moyenne)]}), Union(Crossjoin({[Commune de residence.CNERES_Hierarchie_intercommunale].[CENTRE].[Pays des Châteaux].[AGGLOPOLYS].[RILLY-SUR-LOIRE]}, {[Measures].[Distance trajet domicile - travail (max)]}), Union(Crossjoin({[Commune de residence.CNERES_Hierarchie_intercommunale].[CENTRE].[Pays des Châteaux].[AGGLOPOLYS].[RILLY-SUR-LOIRE]}, {[Measures].[Nombre total d'individus]}), Union(Crossjoin({[Commune de residence.CNERES_Hierarchie_intercommunale].[CENTRE].[Pays des Châteaux].[AGGLOPOLYS].[SAINT-CYR-DU-GAULT]}, {[Measures].[Distance trajet domicile - travail (moyenne)]}), Union(Crossjoin({[Commune de residence.CNERES_Hierarchie_intercommunale].[CENTRE].[Pays des Châteaux].[AGGLOPOLYS].[SAINT-CYR-DU-GAULT]}, {[Measures].[Distance trajet domicile - travail (max)]}), Union(Crossjoin({[Commune de residence.CNERES_Hierarchie_intercommunale].[CENTRE].[Pays des Châteaux].[AGGLOPOLYS].[SAINT-CYR-DU-GAULT]}, {[Measures].[Nombre total d'individus]}), Union(Crossjoin({[Commune de residence.CNERES_Hierarchie_intercommunale].[CENTRE].[Pays des Châteaux].[AGGLOPOLYS].[SAINT-ETIENNE-DES-GUERETS]}, {[Measures].[Distance trajet domicile - travail (moyenne)]}), Union(Crossjoin({[Commune de residence.CNERES_Hierarchie_intercommunale].[CENTRE].[Pays des Châteaux].[AGGLOPOLYS].[SAINT-ETIENNE-DES-GUERETS]}, {[Measures].[Distance trajet domicile - travail (max)]}), Union(Crossjoin({[Commune de residence.CNERES_Hierarchie_intercommunale].[CENTRE].[Pays des Châteaux].[AGGLOPOLYS].[SAINT-ETIENNE-DES-GUERETS]}, {[Measures].[Nombre total d'individus]}), Union(Crossjoin({[Commune de residence.CNERES_Hierarchie_intercommunale].[CENTRE].[Pays des Châteaux].[AGGLOPOLYS].[VALAIRE]}, {[Measures].[Distance trajet domicile - travail (moyenne)]}), Union(Crossjoin({[Commune de residence.CNERES_Hierarchie_intercommunale].[CENTRE].[Pays des Châteaux].[AGGLOPOLYS].[VALAIRE]}, {[Measures].[Distance trajet domicile - travail (max)]}), Crossjoin({[Commune de residence.CNERES_Hierarchie_intercommunale].[CENTRE].[Pays des Châteaux].[AGGLOPOLYS].[VALAIRE]}, {[Measures].[Nombre total d'individus]})))))))))))))))))))))))))))) ON ROWS
from [Cube1MobProInd]

2016-10-04 23:17:33,367 DEBUG [mondrian.mdx] 21735: exec: 703 ms
2016-10-04 23:17:54,539 DEBUG [mondrian.mdx] 21850: select NON EMPTY Hierarchize(Union(Crossjoin([Sexe.Sexe_Hierarchie].[Sexe].Members, {[Measures].[Distance trajet domicile - travail (moyenne)]}), Union(Crossjoin([Sexe.Sexe_Hierarchie].[Sexe].Members, {[Measures].[Distance trajet domicile - travail (max)]}), Crossjoin([Sexe.Sexe_Hierarchie].[Sexe].Members, {[Measures].[Nombre total d'individus]})))) ON COLUMNS,
  NON EMPTY {Hierarchize({{[Commune de residence.CNERES_Hierarchie_intercommunale].[Communaute de communes].Members}, {[Commune de residence.CNERES_Hierarchie_intercommunale].[CENTRE].[Pays des Châteaux].[AGGLOPOLYS].[CHAILLES], [Commune de residence.CNERES_Hierarchie_intercommunale].[CENTRE].[Pays des Châteaux].[AGGLOPOLYS].[CHAMPIGNY-EN-BEAUCE], [Commune de residence.CNERES_Hierarchie_intercommunale].[CENTRE].[Pays des Châteaux].[AGGLOPOLYS].[LANCOME], [Commune de residence.CNERES_Hierarchie_intercommunale].[CENTRE].[Pays des Châteaux].[AGGLOPOLYS].[MESLAND], [Commune de residence.CNERES_Hierarchie_intercommunale].[CENTRE].[Pays des Châteaux].[AGGLOPOLYS].[RILLY-SUR-LOIRE], [Commune de residence.CNERES_Hierarchie_intercommunale].[CENTRE].[Pays des Châteaux].[AGGLOPOLYS].[SAINT-CYR-DU-GAULT], [Commune de residence.CNERES_Hierarchie_intercommunale].[CENTRE].[Pays des Châteaux].[AGGLOPOLYS].[SAINT-ETIENNE-DES-GUERETS], [Commune de residence.CNERES_Hierarchie_intercommunale].[CENTRE].[Pays des Châteaux].[AGGLOPOLYS].[VALAIRE]}})} ON ROWS
from [Cube1MobProInd]

2016-10-04 23:17:54,586 DEBUG [mondrian.mdx] 21850: exec: 47 ms
2016-10-04 23:18:02,945 DEBUG [mondrian.mdx] 22001: select NON EMPTY {Hierarchize({[Sexe.Sexe_Hierarchie].[Sexe].Members})} ON COLUMNS,
  NON EMPTY Hierarchize(Union(Crossjoin([Commune de residence.CNERES_Hierarchie_intercommunale].[Communaute de communes].Members, {[Measures].[Distance trajet domicile - travail (moyenne)]}), Union(Crossjoin([Commune de residence.CNERES_Hierarchie_intercommunale].[Communaute de communes].Members, {[Measures].[Distance trajet domicile - travail (max)]}), Union(Crossjoin([Commune de residence.CNERES_Hierarchie_intercommunale].[Communaute de communes].Members, {[Measures].[Nombre total d'individus]}), Union(Crossjoin({[Commune de residence.CNERES_Hierarchie_intercommunale].[CENTRE].[Pays des Châteaux].[AGGLOPOLYS].[CHAILLES]}, {[Measures].[Distance trajet domicile - travail (moyenne)]}), Union(Crossjoin({[Commune de residence.CNERES_Hierarchie_intercommunale].[CENTRE].[Pays des Châteaux].[AGGLOPOLYS].[CHAILLES]}, {[Measures].[Distance trajet domicile - travail (max)]}), Union(Crossjoin({[Commune de residence.CNERES_Hierarchie_intercommunale].[CENTRE].[Pays des Châteaux].[AGGLOPOLYS].[CHAILLES]}, {[Measures].[Nombre total d'individus]}), Union(Crossjoin({[Commune de residence.CNERES_Hierarchie_intercommunale].[CENTRE].[Pays des Châteaux].[AGGLOPOLYS].[CHAMPIGNY-EN-BEAUCE]}, {[Measures].[Distance trajet domicile - travail (moyenne)]}), Union(Crossjoin({[Commune de residence.CNERES_Hierarchie_intercommunale].[CENTRE].[Pays des Châteaux].[AGGLOPOLYS].[CHAMPIGNY-EN-BEAUCE]}, {[Measures].[Distance trajet domicile - travail (max)]}), Union(Crossjoin({[Commune de residence.CNERES_Hierarchie_intercommunale].[CENTRE].[Pays des Châteaux].[AGGLOPOLYS].[CHAMPIGNY-EN-BEAUCE]}, {[Measures].[Nombre total d'individus]}), Union(Crossjoin({[Commune de residence.CNERES_Hierarchie_intercommunale].[CENTRE].[Pays des Châteaux].[AGGLOPOLYS].[LANCOME]}, {[Measures].[Distance trajet domicile - travail (moyenne)]}), Union(Crossjoin({[Commune de residence.CNERES_Hierarchie_intercommunale].[CENTRE].[Pays des Châteaux].[AGGLOPOLYS].[LANCOME]}, {[Measures].[Distance trajet domicile - travail (max)]}), Union(Crossjoin({[Commune de residence.CNERES_Hierarchie_intercommunale].[CENTRE].[Pays des Châteaux].[AGGLOPOLYS].[LANCOME]}, {[Measures].[Nombre total d'individus]}), Union(Crossjoin({[Commune de residence.CNERES_Hierarchie_intercommunale].[CENTRE].[Pays des Châteaux].[AGGLOPOLYS].[MESLAND]}, {[Measures].[Distance trajet domicile - travail (moyenne)]}), Union(Crossjoin({[Commune de residence.CNERES_Hierarchie_intercommunale].[CENTRE].[Pays des Châteaux].[AGGLOPOLYS].[MESLAND]}, {[Measures].[Distance trajet domicile - travail (max)]}), Union(Crossjoin({[Commune de residence.CNERES_Hierarchie_intercommunale].[CENTRE].[Pays des Châteaux].[AGGLOPOLYS].[MESLAND]}, {[Measures].[Nombre total d'individus]}), Union(Crossjoin({[Commune de residence.CNERES_Hierarchie_intercommunale].[CENTRE].[Pays des Châteaux].[AGGLOPOLYS].[RILLY-SUR-LOIRE]}, {[Measures].[Distance trajet domicile - travail (moyenne)]}), Union(Crossjoin({[Commune de residence.CNERES_Hierarchie_intercommunale].[CENTRE].[Pays des Châteaux].[AGGLOPOLYS].[RILLY-SUR-LOIRE]}, {[Measures].[Distance trajet domicile - travail (max)]}), Union(Crossjoin({[Commune de residence.CNERES_Hierarchie_intercommunale].[CENTRE].[Pays des Châteaux].[AGGLOPOLYS].[RILLY-SUR-LOIRE]}, {[Measures].[Nombre total d'individus]}), Union(Crossjoin({[Commune de residence.CNERES_Hierarchie_intercommunale].[CENTRE].[Pays des Châteaux].[AGGLOPOLYS].[SAINT-CYR-DU-GAULT]}, {[Measures].[Distance trajet domicile - travail (moyenne)]}), Union(Crossjoin({[Commune de residence.CNERES_Hierarchie_intercommunale].[CENTRE].[Pays des Châteaux].[AGGLOPOLYS].[SAINT-CYR-DU-GAULT]}, {[Measures].[Distance trajet domicile - travail (max)]}), Union(Crossjoin({[Commune de residence.CNERES_Hierarchie_intercommunale].[CENTRE].[Pays des Châteaux].[AGGLOPOLYS].[SAINT-CYR-DU-GAULT]}, {[Measures].[Nombre total d'individus]}), Union(Crossjoin({[Commune de residence.CNERES_Hierarchie_intercommunale].[CENTRE].[Pays des Châteaux].[AGGLOPOLYS].[SAINT-ETIENNE-DES-GUERETS]}, {[Measures].[Distance trajet domicile - travail (moyenne)]}), Union(Crossjoin({[Commune de residence.CNERES_Hierarchie_intercommunale].[CENTRE].[Pays des Châteaux].[AGGLOPOLYS].[SAINT-ETIENNE-DES-GUERETS]}, {[Measures].[Distance trajet domicile - travail (max)]}), Union(Crossjoin({[Commune de residence.CNERES_Hierarchie_intercommunale].[CENTRE].[Pays des Châteaux].[AGGLOPOLYS].[SAINT-ETIENNE-DES-GUERETS]}, {[Measures].[Nombre total d'individus]}), Union(Crossjoin({[Commune de residence.CNERES_Hierarchie_intercommunale].[CENTRE].[Pays des Châteaux].[AGGLOPOLYS].[VALAIRE]}, {[Measures].[Distance trajet domicile - travail (moyenne)]}), Union(Crossjoin({[Commune de residence.CNERES_Hierarchie_intercommunale].[CENTRE].[Pays des Châteaux].[AGGLOPOLYS].[VALAIRE]}, {[Measures].[Distance trajet domicile - travail (max)]}), Crossjoin({[Commune de residence.CNERES_Hierarchie_intercommunale].[CENTRE].[Pays des Châteaux].[AGGLOPOLYS].[VALAIRE]}, {[Measures].[Nombre total d'individus]})))))))))))))))))))))))))))) ON ROWS
from [Cube1MobProInd]

2016-10-04 23:18:03,242 DEBUG [mondrian.mdx] 22001: exec: 297 ms
2016-10-04 23:18:07,758 DEBUG [mondrian.mdx] 22116: select NON EMPTY Hierarchize(Union(Crossjoin({[Measures].[Distance trajet domicile - travail (moyenne)]}, [Sexe.Sexe_Hierarchie].[Sexe].Members), Union(Crossjoin({[Measures].[Distance trajet domicile - travail (max)]}, [Sexe.Sexe_Hierarchie].[Sexe].Members), Crossjoin({[Measures].[Nombre total d'individus]}, [Sexe.Sexe_Hierarchie].[Sexe].Members)))) ON COLUMNS,
  NON EMPTY {Hierarchize({{[Commune de residence.CNERES_Hierarchie_intercommunale].[Communaute de communes].Members}, {[Commune de residence.CNERES_Hierarchie_intercommunale].[CENTRE].[Pays des Châteaux].[AGGLOPOLYS].[CHAILLES], [Commune de residence.CNERES_Hierarchie_intercommunale].[CENTRE].[Pays des Châteaux].[AGGLOPOLYS].[CHAMPIGNY-EN-BEAUCE], [Commune de residence.CNERES_Hierarchie_intercommunale].[CENTRE].[Pays des Châteaux].[AGGLOPOLYS].[LANCOME], [Commune de residence.CNERES_Hierarchie_intercommunale].[CENTRE].[Pays des Châteaux].[AGGLOPOLYS].[MESLAND], [Commune de residence.CNERES_Hierarchie_intercommunale].[CENTRE].[Pays des Châteaux].[AGGLOPOLYS].[RILLY-SUR-LOIRE], [Commune de residence.CNERES_Hierarchie_intercommunale].[CENTRE].[Pays des Châteaux].[AGGLOPOLYS].[SAINT-CYR-DU-GAULT], [Commune de residence.CNERES_Hierarchie_intercommunale].[CENTRE].[Pays des Châteaux].[AGGLOPOLYS].[SAINT-ETIENNE-DES-GUERETS], [Commune de residence.CNERES_Hierarchie_intercommunale].[CENTRE].[Pays des Châteaux].[AGGLOPOLYS].[VALAIRE]}})} ON ROWS
from [Cube1MobProInd]

2016-10-04 23:18:07,820 DEBUG [mondrian.mdx] 22116: exec: 62 ms
2016-10-04 23:18:10,164 DEBUG [mondrian.mdx] 22267: select NON EMPTY {Hierarchize({[Sexe.Sexe_Hierarchie].[Sexe].Members})} ON COLUMNS,
  NON EMPTY Hierarchize(Union(Crossjoin([Commune de residence.CNERES_Hierarchie_intercommunale].[Communaute de communes].Members, {[Measures].[Distance trajet domicile - travail (moyenne)]}), Union(Crossjoin([Commune de residence.CNERES_Hierarchie_intercommunale].[Communaute de communes].Members, {[Measures].[Distance trajet domicile - travail (max)]}), Union(Crossjoin([Commune de residence.CNERES_Hierarchie_intercommunale].[Communaute de communes].Members, {[Measures].[Nombre total d'individus]}), Union(Crossjoin({[Commune de residence.CNERES_Hierarchie_intercommunale].[CENTRE].[Pays des Châteaux].[AGGLOPOLYS].[CHAILLES]}, {[Measures].[Distance trajet domicile - travail (moyenne)]}), Union(Crossjoin({[Commune de residence.CNERES_Hierarchie_intercommunale].[CENTRE].[Pays des Châteaux].[AGGLOPOLYS].[CHAILLES]}, {[Measures].[Distance trajet domicile - travail (max)]}), Union(Crossjoin({[Commune de residence.CNERES_Hierarchie_intercommunale].[CENTRE].[Pays des Châteaux].[AGGLOPOLYS].[CHAILLES]}, {[Measures].[Nombre total d'individus]}), Union(Crossjoin({[Commune de residence.CNERES_Hierarchie_intercommunale].[CENTRE].[Pays des Châteaux].[AGGLOPOLYS].[CHAMPIGNY-EN-BEAUCE]}, {[Measures].[Distance trajet domicile - travail (moyenne)]}), Union(Crossjoin({[Commune de residence.CNERES_Hierarchie_intercommunale].[CENTRE].[Pays des Châteaux].[AGGLOPOLYS].[CHAMPIGNY-EN-BEAUCE]}, {[Measures].[Distance trajet domicile - travail (max)]}), Union(Crossjoin({[Commune de residence.CNERES_Hierarchie_intercommunale].[CENTRE].[Pays des Châteaux].[AGGLOPOLYS].[CHAMPIGNY-EN-BEAUCE]}, {[Measures].[Nombre total d'individus]}), Union(Crossjoin({[Commune de residence.CNERES_Hierarchie_intercommunale].[CENTRE].[Pays des Châteaux].[AGGLOPOLYS].[LANCOME]}, {[Measures].[Distance trajet domicile - travail (moyenne)]}), Union(Crossjoin({[Commune de residence.CNERES_Hierarchie_intercommunale].[CENTRE].[Pays des Châteaux].[AGGLOPOLYS].[LANCOME]}, {[Measures].[Distance trajet domicile - travail (max)]}), Union(Crossjoin({[Commune de residence.CNERES_Hierarchie_intercommunale].[CENTRE].[Pays des Châteaux].[AGGLOPOLYS].[LANCOME]}, {[Measures].[Nombre total d'individus]}), Union(Crossjoin({[Commune de residence.CNERES_Hierarchie_intercommunale].[CENTRE].[Pays des Châteaux].[AGGLOPOLYS].[MESLAND]}, {[Measures].[Distance trajet domicile - travail (moyenne)]}), Union(Crossjoin({[Commune de residence.CNERES_Hierarchie_intercommunale].[CENTRE].[Pays des Châteaux].[AGGLOPOLYS].[MESLAND]}, {[Measures].[Distance trajet domicile - travail (max)]}), Union(Crossjoin({[Commune de residence.CNERES_Hierarchie_intercommunale].[CENTRE].[Pays des Châteaux].[AGGLOPOLYS].[MESLAND]}, {[Measures].[Nombre total d'individus]}), Union(Crossjoin({[Commune de residence.CNERES_Hierarchie_intercommunale].[CENTRE].[Pays des Châteaux].[AGGLOPOLYS].[RILLY-SUR-LOIRE]}, {[Measures].[Distance trajet domicile - travail (moyenne)]}), Union(Crossjoin({[Commune de residence.CNERES_Hierarchie_intercommunale].[CENTRE].[Pays des Châteaux].[AGGLOPOLYS].[RILLY-SUR-LOIRE]}, {[Measures].[Distance trajet domicile - travail (max)]}), Union(Crossjoin({[Commune de residence.CNERES_Hierarchie_intercommunale].[CENTRE].[Pays des Châteaux].[AGGLOPOLYS].[RILLY-SUR-LOIRE]}, {[Measures].[Nombre total d'individus]}), Union(Crossjoin({[Commune de residence.CNERES_Hierarchie_intercommunale].[CENTRE].[Pays des Châteaux].[AGGLOPOLYS].[SAINT-CYR-DU-GAULT]}, {[Measures].[Distance trajet domicile - travail (moyenne)]}), Union(Crossjoin({[Commune de residence.CNERES_Hierarchie_intercommunale].[CENTRE].[Pays des Châteaux].[AGGLOPOLYS].[SAINT-CYR-DU-GAULT]}, {[Measures].[Distance trajet domicile - travail (max)]}), Union(Crossjoin({[Commune de residence.CNERES_Hierarchie_intercommunale].[CENTRE].[Pays des Châteaux].[AGGLOPOLYS].[SAINT-CYR-DU-GAULT]}, {[Measures].[Nombre total d'individus]}), Union(Crossjoin({[Commune de residence.CNERES_Hierarchie_intercommunale].[CENTRE].[Pays des Châteaux].[AGGLOPOLYS].[SAINT-ETIENNE-DES-GUERETS]}, {[Measures].[Distance trajet domicile - travail (moyenne)]}), Union(Crossjoin({[Commune de residence.CNERES_Hierarchie_intercommunale].[CENTRE].[Pays des Châteaux].[AGGLOPOLYS].[SAINT-ETIENNE-DES-GUERETS]}, {[Measures].[Distance trajet domicile - travail (max)]}), Union(Crossjoin({[Commune de residence.CNERES_Hierarchie_intercommunale].[CENTRE].[Pays des Châteaux].[AGGLOPOLYS].[SAINT-ETIENNE-DES-GUERETS]}, {[Measures].[Nombre total d'individus]}), Union(Crossjoin({[Commune de residence.CNERES_Hierarchie_intercommunale].[CENTRE].[Pays des Châteaux].[AGGLOPOLYS].[VALAIRE]}, {[Measures].[Distance trajet domicile - travail (moyenne)]}), Union(Crossjoin({[Commune de residence.CNERES_Hierarchie_intercommunale].[CENTRE].[Pays des Châteaux].[AGGLOPOLYS].[VALAIRE]}, {[Measures].[Distance trajet domicile - travail (max)]}), Crossjoin({[Commune de residence.CNERES_Hierarchie_intercommunale].[CENTRE].[Pays des Châteaux].[AGGLOPOLYS].[VALAIRE]}, {[Measures].[Nombre total d'individus]})))))))))))))))))))))))))))) ON ROWS
from [Cube1MobProInd]

2016-10-04 23:18:10,367 DEBUG [mondrian.mdx] 22267: exec: 203 ms
2016-10-04 23:18:18,649 DEBUG [mondrian.mdx] 22382: select NON EMPTY Hierarchize(Union(Crossjoin({[Measures].[Distance trajet domicile - travail (moyenne)]}, [Sexe.Sexe_Hierarchie].[Sexe].Members), Union(Crossjoin({[Measures].[Distance trajet domicile - travail (max)]}, [Sexe.Sexe_Hierarchie].[Sexe].Members), Crossjoin({[Measures].[Nombre total d'individus]}, [Sexe.Sexe_Hierarchie].[Sexe].Members)))) ON COLUMNS,
  NON EMPTY {Hierarchize({{[Commune de residence.CNERES_Hierarchie_intercommunale].[Communaute de communes].Members}, {[Commune de residence.CNERES_Hierarchie_intercommunale].[CENTRE].[Pays des Châteaux].[AGGLOPOLYS].[CHAILLES], [Commune de residence.CNERES_Hierarchie_intercommunale].[CENTRE].[Pays des Châteaux].[AGGLOPOLYS].[CHAMPIGNY-EN-BEAUCE], [Commune de residence.CNERES_Hierarchie_intercommunale].[CENTRE].[Pays des Châteaux].[AGGLOPOLYS].[LANCOME], [Commune de residence.CNERES_Hierarchie_intercommunale].[CENTRE].[Pays des Châteaux].[AGGLOPOLYS].[MESLAND], [Commune de residence.CNERES_Hierarchie_intercommunale].[CENTRE].[Pays des Châteaux].[AGGLOPOLYS].[RILLY-SUR-LOIRE], [Commune de residence.CNERES_Hierarchie_intercommunale].[CENTRE].[Pays des Châteaux].[AGGLOPOLYS].[SAINT-CYR-DU-GAULT], [Commune de residence.CNERES_Hierarchie_intercommunale].[CENTRE].[Pays des Châteaux].[AGGLOPOLYS].[SAINT-ETIENNE-DES-GUERETS], [Commune de residence.CNERES_Hierarchie_intercommunale].[CENTRE].[Pays des Châteaux].[AGGLOPOLYS].[VALAIRE]}})} ON ROWS
from [Cube1MobProInd]

2016-10-04 23:18:18,695 DEBUG [mondrian.mdx] 22382: exec: 46 ms
2016-10-04 23:18:31,633 DEBUG [mondrian.mdx] 22453: select NON EMPTY Hierarchize(Union(Crossjoin([Sexe.Sexe_Hierarchie].[Sexe].Members, {[Measures].[Distance trajet domicile - travail (moyenne)]}), Union(Crossjoin([Sexe.Sexe_Hierarchie].[Sexe].Members, {[Measures].[Distance trajet domicile - travail (max)]}), Crossjoin([Sexe.Sexe_Hierarchie].[Sexe].Members, {[Measures].[Nombre total d'individus]})))) ON COLUMNS,
  NON EMPTY {Hierarchize({{[Commune de residence.CNERES_Hierarchie_intercommunale].[Communaute de communes].Members}, {[Commune de residence.CNERES_Hierarchie_intercommunale].[CENTRE].[Pays des Châteaux].[AGGLOPOLYS].[CHAILLES], [Commune de residence.CNERES_Hierarchie_intercommunale].[CENTRE].[Pays des Châteaux].[AGGLOPOLYS].[CHAMPIGNY-EN-BEAUCE], [Commune de residence.CNERES_Hierarchie_intercommunale].[CENTRE].[Pays des Châteaux].[AGGLOPOLYS].[LANCOME], [Commune de residence.CNERES_Hierarchie_intercommunale].[CENTRE].[Pays des Châteaux].[AGGLOPOLYS].[MESLAND], [Commune de residence.CNERES_Hierarchie_intercommunale].[CENTRE].[Pays des Châteaux].[AGGLOPOLYS].[RILLY-SUR-LOIRE], [Commune de residence.CNERES_Hierarchie_intercommunale].[CENTRE].[Pays des Châteaux].[AGGLOPOLYS].[SAINT-CYR-DU-GAULT], [Commune de residence.CNERES_Hierarchie_intercommunale].[CENTRE].[Pays des Châteaux].[AGGLOPOLYS].[SAINT-ETIENNE-DES-GUERETS], [Commune de residence.CNERES_Hierarchie_intercommunale].[CENTRE].[Pays des Châteaux].[AGGLOPOLYS].[VALAIRE]}})} ON ROWS
from [Cube1MobProInd]

2016-10-04 23:18:31,695 DEBUG [mondrian.mdx] 22453: exec: 62 ms
2016-10-04 23:20:59,873 DEBUG [mondrian.mdx] 22524: select NON EMPTY Hierarchize(Union(Crossjoin([Sexe.Sexe_Hierarchie].[Sexe].Members, {[Measures].[Distance trajet domicile - travail (moyenne)]}), Union(Crossjoin([Sexe.Sexe_Hierarchie].[Sexe].Members, {[Measures].[Distance trajet domicile - travail (max)]}), Crossjoin([Sexe.Sexe_Hierarchie].[Sexe].Members, {[Measures].[Nombre total d'individus]})))) ON COLUMNS,
  NON EMPTY {Hierarchize({{[Commune de residence.CNERES_Hierarchie_intercommunale].[Communaute de communes].Members}, {[Commune de residence.CNERES_Hierarchie_intercommunale].[CENTRE].[Pays des Châteaux].[AGGLOPOLYS].[CHAILLES], [Commune de residence.CNERES_Hierarchie_intercommunale].[CENTRE].[Pays des Châteaux].[AGGLOPOLYS].[CHAMPIGNY-EN-BEAUCE], [Commune de residence.CNERES_Hierarchie_intercommunale].[CENTRE].[Pays des Châteaux].[AGGLOPOLYS].[LANCOME], [Commune de residence.CNERES_Hierarchie_intercommunale].[CENTRE].[Pays des Châteaux].[AGGLOPOLYS].[MESLAND], [Commune de residence.CNERES_Hierarchie_intercommunale].[CENTRE].[Pays des Châteaux].[AGGLOPOLYS].[RILLY-SUR-LOIRE], [Commune de residence.CNERES_Hierarchie_intercommunale].[CENTRE].[Pays des Châteaux].[AGGLOPOLYS].[SAINT-CYR-DU-GAULT], [Commune de residence.CNERES_Hierarchie_intercommunale].[CENTRE].[Pays des Châteaux].[AGGLOPOLYS].[SAINT-ETIENNE-DES-GUERETS], [Commune de residence.CNERES_Hierarchie_intercommunale].[CENTRE].[Pays des Châteaux].[AGGLOPOLYS].[VALAIRE]}})} ON ROWS
from [Cube1MobProInd]

2016-10-04 23:20:59,951 DEBUG [mondrian.mdx] 22524: exec: 78 ms
2016-10-04 23:21:46,826 DEBUG [mondrian.mdx] 22585: select NON EMPTY Hierarchize(Union(Crossjoin([Sexe.Sexe_Hierarchie].[Sexe].Members, {[Measures].[Distance trajet domicile - travail (moyenne)]}), Union(Crossjoin([Sexe.Sexe_Hierarchie].[Sexe].Members, {[Measures].[Distance trajet domicile - travail (max)]}), Crossjoin([Sexe.Sexe_Hierarchie].[Sexe].Members, {[Measures].[Nombre total d'individus]})))) ON COLUMNS,
  NON EMPTY {Hierarchize({{[Commune de residence.CNERES_Hierarchie_intercommunale].[Communaute de communes].Members}, {[Commune de residence.CNERES_Hierarchie_intercommunale].[CENTRE].[Pays des Châteaux].[AGGLOPOLYS].[CHAILLES]}})} ON ROWS
from [Cube1MobProInd]

2016-10-04 23:21:46,889 DEBUG [mondrian.mdx] 22585: exec: 63 ms
2016-10-04 23:22:28,389 DEBUG [mondrian.mdx] 22635: select NON EMPTY Hierarchize(Union(Crossjoin([Sexe.Sexe_Hierarchie].[Sexe].Members, {[Measures].[Distance trajet domicile - travail (moyenne)]}), Union(Crossjoin([Sexe.Sexe_Hierarchie].[Sexe].Members, {[Measures].[Distance trajet domicile - travail (max)]}), Crossjoin([Sexe.Sexe_Hierarchie].[Sexe].Members, {[Measures].[Nombre total d'individus]})))) ON COLUMNS,
  NON EMPTY Hierarchize(Union(Crossjoin([Commune de residence.CNERES_Hierarchie_intercommunale].[Communaute de communes].Members, {[Commune de travail.CNELOCC_Hierarchie_intercommunale].[toutes les communes]}), Crossjoin({[Commune de residence.CNERES_Hierarchie_intercommunale].[CENTRE].[Pays des Châteaux].[AGGLOPOLYS].[CHAILLES]}, {[Commune de travail.CNELOCC_Hierarchie_intercommunale].[toutes les communes]}))) ON ROWS
from [Cube1MobProInd]

2016-10-04 23:22:28,514 DEBUG [mondrian.mdx] 22635: exec: 125 ms
2016-10-04 23:22:39,811 DEBUG [mondrian.mdx] 22675: select NON EMPTY Hierarchize(Union(Crossjoin([Sexe.Sexe_Hierarchie].[Sexe].Members, {[Measures].[Distance trajet domicile - travail (moyenne)]}), Union(Crossjoin([Sexe.Sexe_Hierarchie].[Sexe].Members, {[Measures].[Distance trajet domicile - travail (max)]}), Crossjoin([Sexe.Sexe_Hierarchie].[Sexe].Members, {[Measures].[Nombre total d'individus]})))) ON COLUMNS,
  NON EMPTY {Hierarchize({{[Commune de residence.CNERES_Hierarchie_intercommunale].[Communaute de communes].Members}, {[Commune de residence.CNERES_Hierarchie_intercommunale].[CENTRE].[Pays des Châteaux].[AGGLOPOLYS].[CHAILLES]}})} ON ROWS
from [Cube1MobProInd]

2016-10-04 23:22:39,873 DEBUG [mondrian.mdx] 22675: exec: 62 ms
2016-10-04 23:23:09,483 DEBUG [mondrian.mdx] 22717: select NON EMPTY Hierarchize(Union(Crossjoin([Sexe.Sexe_Hierarchie].[Sexe].Members, {[Measures].[Distance trajet domicile - travail (moyenne)]}), Union(Crossjoin([Sexe.Sexe_Hierarchie].[Sexe].Members, {[Measures].[Distance trajet domicile - travail (max)]}), Crossjoin([Sexe.Sexe_Hierarchie].[Sexe].Members, {[Measures].[Nombre total d'individus]})))) ON COLUMNS,
  NON EMPTY Hierarchize(Union(Crossjoin([Commune de residence.CNERES_Hierarchie_intercommunale].[Communaute de communes].Members, [Commune de travail.CNELOCC_Hierarchie_intercommunale].[Region].Members), Crossjoin({[Commune de residence.CNERES_Hierarchie_intercommunale].[CENTRE].[Pays des Châteaux].[AGGLOPOLYS].[CHAILLES]}, [Commune de travail.CNELOCC_Hierarchie_intercommunale].[Region].Members))) ON ROWS
from [Cube1MobProInd]

2016-10-04 23:23:10,404 DEBUG [mondrian.mdx] 22717: exec: 921 ms
2016-10-04 23:24:25,670 DEBUG [mondrian.mdx] 22774: select NON EMPTY Hierarchize(Union(Crossjoin([Sexe.Sexe_Hierarchie].[Sexe].Members, {[Measures].[Distance trajet domicile - travail (moyenne)]}), Union(Crossjoin([Sexe.Sexe_Hierarchie].[Sexe].Members, {[Measures].[Distance trajet domicile - travail (max)]}), Crossjoin([Sexe.Sexe_Hierarchie].[Sexe].Members, {[Measures].[Nombre total d'individus]})))) ON COLUMNS,
  NON EMPTY {Hierarchize({{[Commune de residence.CNERES_Hierarchie_intercommunale].[Communaute de communes].Members}, {[Commune de residence.CNERES_Hierarchie_intercommunale].[CENTRE].[Pays des Châteaux].[AGGLOPOLYS].[CHAILLES]}})} ON ROWS
from [Cube1MobProInd]

2016-10-04 23:24:25,748 DEBUG [mondrian.mdx] 22774: exec: 78 ms
2016-10-04 23:24:34,858 DEBUG [mondrian.mdx] 22816: select NON EMPTY Hierarchize(Union(Crossjoin([Sexe.Sexe_Hierarchie].[Sexe].Members, {[Measures].[Distance trajet domicile - travail (moyenne)]}), Union(Crossjoin([Sexe.Sexe_Hierarchie].[Sexe].Members, {[Measures].[Distance trajet domicile - travail (max)]}), Crossjoin([Sexe.Sexe_Hierarchie].[Sexe].Members, {[Measures].[Nombre total d'individus]})))) ON COLUMNS,
  NON EMPTY Hierarchize(Union(Crossjoin([Commune de residence.CNERES_Hierarchie_intercommunale].[Communaute de communes].Members, [Commune de travail.CNELOCC_Hierarchie_intercommunale].[Commune d'occupation].Members), Crossjoin({[Commune de residence.CNERES_Hierarchie_intercommunale].[CENTRE].[Pays des Châteaux].[AGGLOPOLYS].[CHAILLES]}, [Commune de travail.CNELOCC_Hierarchie_intercommunale].[Commune d'occupation].Members))) ON ROWS
from [Cube1MobProInd]

2016-10-04 23:24:36,514 DEBUG [mondrian.mdx] 22816: exec: 1656 ms
2016-10-04 23:24:53,514 DEBUG [mondrian.mdx] 23037: select NON EMPTY Hierarchize(Union(Crossjoin([Sexe.Sexe_Hierarchie].[Sexe].Members, {[Measures].[Distance trajet domicile - travail (moyenne)]}), Union(Crossjoin([Sexe.Sexe_Hierarchie].[Sexe].Members, {[Measures].[Distance trajet domicile - travail (max)]}), Crossjoin([Sexe.Sexe_Hierarchie].[Sexe].Members, {[Measures].[Nombre total d'individus]})))) ON COLUMNS,
  NON EMPTY Hierarchize(Union(Crossjoin([Commune de residence.CNERES_Hierarchie_intercommunale].[Communaute de communes].Members, [Commune de travail.CNELOCC_Hierarchie_intercommunale].[Commune d'occupation].Members), Union(Crossjoin([Commune de residence.CNERES_Hierarchie_intercommunale].[Communaute de communes].Members, [Commune de travail.CNELOCC_Hierarchie_intercommunale].[Pays].Members), Union(Crossjoin({[Commune de residence.CNERES_Hierarchie_intercommunale].[CENTRE].[Pays des Châteaux].[AGGLOPOLYS].[CHAILLES]}, [Commune de travail.CNELOCC_Hierarchie_intercommunale].[Commune d'occupation].Members), Crossjoin({[Commune de residence.CNERES_Hierarchie_intercommunale].[CENTRE].[Pays des Châteaux].[AGGLOPOLYS].[CHAILLES]}, [Commune de travail.CNELOCC_Hierarchie_intercommunale].[Pays].Members))))) ON ROWS
from [Cube1MobProInd]

2016-10-04 23:24:55,217 DEBUG [mondrian.mdx] 23037: exec: 1703 ms
2016-10-04 23:25:03,358 DEBUG [mondrian.mdx] 23443: select NON EMPTY Hierarchize(Union(Crossjoin([Sexe.Sexe_Hierarchie].[Sexe].Members, {[Measures].[Distance trajet domicile - travail (moyenne)]}), Union(Crossjoin([Sexe.Sexe_Hierarchie].[Sexe].Members, {[Measures].[Distance trajet domicile - travail (max)]}), Crossjoin([Sexe.Sexe_Hierarchie].[Sexe].Members, {[Measures].[Nombre total d'individus]})))) ON COLUMNS,
  NON EMPTY Hierarchize(Union(Crossjoin([Commune de residence.CNERES_Hierarchie_intercommunale].[Communaute de communes].Members, [Commune de travail.CNELOCC_Hierarchie_intercommunale].[Pays].Members), Crossjoin({[Commune de residence.CNERES_Hierarchie_intercommunale].[CENTRE].[Pays des Châteaux].[AGGLOPOLYS].[CHAILLES]}, [Commune de travail.CNELOCC_Hierarchie_intercommunale].[Pays].Members))) ON ROWS
from [Cube1MobProInd]

2016-10-04 23:25:03,436 DEBUG [mondrian.mdx] 23443: exec: 78 ms
2016-10-04 23:26:00,639 DEBUG [mondrian.mdx] 23519: select NON EMPTY Hierarchize(Union(Crossjoin([Sexe.Sexe_Hierarchie].[Sexe].Members, {[Measures].[Distance trajet domicile - travail (moyenne)]}), Crossjoin([Sexe.Sexe_Hierarchie].[Sexe].Members, {[Measures].[Distance trajet domicile - travail (max)]}))) ON COLUMNS,
  NON EMPTY Hierarchize(Union(Crossjoin([Commune de residence.CNERES_Hierarchie_intercommunale].[Communaute de communes].Members, [Commune de travail.CNELOCC_Hierarchie_intercommunale].[Pays].Members), Crossjoin({[Commune de residence.CNERES_Hierarchie_intercommunale].[CENTRE].[Pays des Châteaux].[AGGLOPOLYS].[CHAILLES]}, [Commune de travail.CNELOCC_Hierarchie_intercommunale].[Pays].Members))) ON ROWS
from [Cube1MobProInd]

2016-10-04 23:26:00,701 DEBUG [mondrian.mdx] 23519: exec: 62 ms
2016-10-04 23:26:03,045 DEBUG [mondrian.mdx] 23589: select NON EMPTY Crossjoin([Sexe.Sexe_Hierarchie].[Sexe].Members, {[Measures].[Distance trajet domicile - travail (moyenne)]}) ON COLUMNS,
  NON EMPTY Hierarchize(Union(Crossjoin([Commune de residence.CNERES_Hierarchie_intercommunale].[Communaute de communes].Members, [Commune de travail.CNELOCC_Hierarchie_intercommunale].[Pays].Members), Crossjoin({[Commune de residence.CNERES_Hierarchie_intercommunale].[CENTRE].[Pays des Châteaux].[AGGLOPOLYS].[CHAILLES]}, [Commune de travail.CNELOCC_Hierarchie_intercommunale].[Pays].Members))) ON ROWS
from [Cube1MobProInd]

2016-10-04 23:26:03,514 DEBUG [mondrian.mdx] 23589: exec: 469 ms
2016-10-04 23:26:04,717 DEBUG [mondrian.mdx] 23655: select NON EMPTY {Hierarchize({[Sexe.Sexe_Hierarchie].[Sexe].Members})} ON COLUMNS,
  NON EMPTY Hierarchize(Union(Crossjoin([Commune de residence.CNERES_Hierarchie_intercommunale].[Communaute de communes].Members, [Commune de travail.CNELOCC_Hierarchie_intercommunale].[Pays].Members), Crossjoin({[Commune de residence.CNERES_Hierarchie_intercommunale].[CENTRE].[Pays des Châteaux].[AGGLOPOLYS].[CHAILLES]}, [Commune de travail.CNELOCC_Hierarchie_intercommunale].[Pays].Members))) ON ROWS
from [Cube1MobProInd]

2016-10-04 23:26:04,779 DEBUG [mondrian.mdx] 23655: exec: 62 ms

