-------------------------------------------------------------------------------
----- dibstudent10, Marc, groupe 1
----- Cube mobpro
----- Analyse des distances parcourus par les differents sexes en fonction du niveau d'études
----- Suite de l¡analyse 1 listé par l'étudiant
----- Obs: En réalité étudie les durées de trajet 
-------------------------------------------------------------------------------

2016-09-27 03:32:14,668 DEBUG [mondrian.mdx] 177084: select NON EMPTY Hierarchize(Union(Crossjoin({[Measures].[Duree trajet domicile - travail (moyenne)]}, Crossjoin([Temps d'emploi.TEMPSEMP_Hierarchie].[Temps d'emploi].Members, {[Type de menage.TYPMEN_Hierarchie].[Ménages avec famille principale composée d'un couple]})), Crossjoin({[Measures].[Duree trajet domicile - travail (moyenne)]}, Crossjoin([Temps d'emploi.TEMPSEMP_Hierarchie].[Temps d'emploi].Members, {[Type de menage.TYPMEN_Hierarchie].[Ménages avec famille principale monoparentale]})))) ON COLUMNS,
  NON EMPTY Hierarchize(Union(Crossjoin([Sexe.Sexe_Hierarchie].[Sexe].Members, [Niveau d'instruction.Niveau_Instruction_Hierarchie].[Categorie 1].Members), Crossjoin([Sexe.Sexe_Hierarchie].[Sexe].Members, [Niveau d'instruction.Niveau_Instruction_Hierarchie].[Categorie 2].Members))) ON ROWS
from [Cube1MobProInd]

2016-09-27 03:32:14,918 DEBUG [mondrian.mdx] 177084: exec: 250 ms
2016-09-27 03:32:32,637 DEBUG [mondrian.mdx] 177187: select NON EMPTY Crossjoin({[Measures].[Duree trajet domicile - travail (moyenne)]}, [Temps d'emploi.TEMPSEMP_Hierarchie].[Temps d'emploi].Members) ON COLUMNS,
  NON EMPTY Hierarchize(Union(Crossjoin([Sexe.Sexe_Hierarchie].[Sexe].Members, Crossjoin([Niveau d'instruction.Niveau_Instruction_Hierarchie].[Categorie 1].Members, {[Type de menage.TYPMEN_Hierarchie].[Ménages avec famille principale composée d'un couple]})), Union(Crossjoin([Sexe.Sexe_Hierarchie].[Sexe].Members, Crossjoin([Niveau d'instruction.Niveau_Instruction_Hierarchie].[Categorie 1].Members, {[Type de menage.TYPMEN_Hierarchie].[Ménages avec famille principale monoparentale]})), Union(Crossjoin([Sexe.Sexe_Hierarchie].[Sexe].Members, Crossjoin([Niveau d'instruction.Niveau_Instruction_Hierarchie].[Categorie 2].Members, {[Type de menage.TYPMEN_Hierarchie].[Ménages avec famille principale composée d'un couple]})), Crossjoin([Sexe.Sexe_Hierarchie].[Sexe].Members, Crossjoin([Niveau d'instruction.Niveau_Instruction_Hierarchie].[Categorie 2].Members, {[Type de menage.TYPMEN_Hierarchie].[Ménages avec famille principale monoparentale]})))))) ON ROWS
from [Cube1MobProInd]

2016-09-27 03:32:33,262 DEBUG [mondrian.mdx] 177187: exec: 625 ms
2016-09-27 03:32:39,637 DEBUG [mondrian.mdx] 177354: select NON EMPTY Crossjoin({[Measures].[Duree trajet domicile - travail (moyenne)]}, Crossjoin([Sexe.Sexe_Hierarchie].[Sexe].Members, [Temps d'emploi.TEMPSEMP_Hierarchie].[Temps d'emploi].Members)) ON COLUMNS,
  NON EMPTY Hierarchize(Union(Crossjoin([Niveau d'instruction.Niveau_Instruction_Hierarchie].[Categorie 1].Members, {[Type de menage.TYPMEN_Hierarchie].[Ménages avec famille principale composée d'un couple]}), Union(Crossjoin([Niveau d'instruction.Niveau_Instruction_Hierarchie].[Categorie 1].Members, {[Type de menage.TYPMEN_Hierarchie].[Ménages avec famille principale monoparentale]}), Union(Crossjoin([Niveau d'instruction.Niveau_Instruction_Hierarchie].[Categorie 2].Members, {[Type de menage.TYPMEN_Hierarchie].[Ménages avec famille principale composée d'un couple]}), Crossjoin([Niveau d'instruction.Niveau_Instruction_Hierarchie].[Categorie 2].Members, {[Type de menage.TYPMEN_Hierarchie].[Ménages avec famille principale monoparentale]}))))) ON ROWS
from [Cube1MobProInd]

2016-09-27 03:32:40,324 DEBUG [mondrian.mdx] 177354: exec: 687 ms
2016-09-27 03:33:19,090 DEBUG [mondrian.mdx] 177445: select NON EMPTY Hierarchize(Union(Crossjoin({[Measures].[Duree trajet domicile - travail (moyenne)]}, Crossjoin([Sexe.Sexe_Hierarchie].[Sexe].Members, Crossjoin({[Type de menage.TYPMEN_Hierarchie].[Ménages avec famille principale composée d'un couple]}, [Temps d'emploi.TEMPSEMP_Hierarchie].[Temps d'emploi].Members))), Crossjoin({[Measures].[Duree trajet domicile - travail (moyenne)]}, Crossjoin([Sexe.Sexe_Hierarchie].[Sexe].Members, Crossjoin({[Type de menage.TYPMEN_Hierarchie].[Ménages avec famille principale monoparentale]}, [Temps d'emploi.TEMPSEMP_Hierarchie].[Temps d'emploi].Members))))) ON COLUMNS,
  NON EMPTY {Hierarchize({{[Niveau d'instruction.Niveau_Instruction_Hierarchie].[Categorie 1].Members}, {[Niveau d'instruction.Niveau_Instruction_Hierarchie].[Categorie 2].Members}})} ON ROWS
from [Cube1MobProInd]

2016-09-27 03:33:19,621 DEBUG [mondrian.mdx] 177445: exec: 531 ms
2016-09-27 03:33:23,340 DEBUG [mondrian.mdx] 177522: select NON EMPTY Hierarchize(Union(Crossjoin({[Measures].[Duree trajet domicile - travail (moyenne)]}, Crossjoin([Sexe.Sexe_Hierarchie].[Sexe].Members, {[Type de menage.TYPMEN_Hierarchie].[Ménages avec famille principale composée d'un couple]})), Crossjoin({[Measures].[Duree trajet domicile - travail (moyenne)]}, Crossjoin([Sexe.Sexe_Hierarchie].[Sexe].Members, {[Type de menage.TYPMEN_Hierarchie].[Ménages avec famille principale monoparentale]})))) ON COLUMNS,
  NON EMPTY Hierarchize(Union(Crossjoin([Niveau d'instruction.Niveau_Instruction_Hierarchie].[Categorie 1].Members, [Temps d'emploi.TEMPSEMP_Hierarchie].[Temps d'emploi].Members), Crossjoin([Niveau d'instruction.Niveau_Instruction_Hierarchie].[Categorie 2].Members, [Temps d'emploi.TEMPSEMP_Hierarchie].[Temps d'emploi].Members))) ON ROWS
from [Cube1MobProInd]

2016-09-27 03:33:23,949 DEBUG [mondrian.mdx] 177522: exec: 609 ms
2016-09-27 03:33:28,621 DEBUG [mondrian.mdx] 177613: select NON EMPTY Hierarchize(Union(Crossjoin({[Measures].[Duree trajet domicile - travail (moyenne)]}, Crossjoin([Sexe.Sexe_Hierarchie].[Sexe].Members, {[Type de menage.TYPMEN_Hierarchie].[Ménages avec famille principale composée d'un couple]})), Crossjoin({[Measures].[Duree trajet domicile - travail (moyenne)]}, Crossjoin([Sexe.Sexe_Hierarchie].[Sexe].Members, {[Type de menage.TYPMEN_Hierarchie].[Ménages avec famille principale monoparentale]})))) ON COLUMNS,
  NON EMPTY Hierarchize(Union(Crossjoin([Niveau d'instruction.Niveau_Instruction_Hierarchie].[Categorie 1].Members, [Temps d'emploi.TEMPSEMP_Hierarchie].[Temps d'emploi].Members), Crossjoin([Niveau d'instruction.Niveau_Instruction_Hierarchie].[Categorie 2].Members, [Temps d'emploi.TEMPSEMP_Hierarchie].[Temps d'emploi].Members))) ON ROWS
from [Cube1MobProInd]

2016-09-27 03:33:28,668 DEBUG [mondrian.mdx] 177613: exec: 47 ms
2016-09-27 03:34:21,793 DEBUG [mondrian.mdx] 177698: select NON EMPTY Crossjoin({[Measures].[Duree trajet domicile - travail (moyenne)]}, [Sexe.Sexe_Hierarchie].[Sexe].Members) ON COLUMNS,
  NON EMPTY Hierarchize(Union(Crossjoin([Niveau d'instruction.Niveau_Instruction_Hierarchie].[Categorie 1].Members, [Temps d'emploi.TEMPSEMP_Hierarchie].[Temps d'emploi].Members), Crossjoin([Niveau d'instruction.Niveau_Instruction_Hierarchie].[Categorie 2].Members, [Temps d'emploi.TEMPSEMP_Hierarchie].[Temps d'emploi].Members))) ON ROWS
from [Cube1MobProInd]

2016-09-27 03:34:21,840 DEBUG [mondrian.mdx] 177698: exec: 47 ms
2016-09-27 03:34:55,871 DEBUG [mondrian.mdx] 177771: select NON EMPTY Crossjoin({[Measures].[Duree trajet domicile - travail (moyenne)]}, Crossjoin([Temps d'emploi.TEMPSEMP_Hierarchie].[Temps d'emploi].Members, [Sexe.Sexe_Hierarchie].[Sexe].Members)) ON COLUMNS,
  NON EMPTY {Hierarchize({{[Niveau d'instruction.Niveau_Instruction_Hierarchie].[Categorie 1].Members}, {[Niveau d'instruction.Niveau_Instruction_Hierarchie].[Categorie 2].Members}})} ON ROWS
from [Cube1MobProInd]

2016-09-27 03:34:55,965 DEBUG [mondrian.mdx] 177771: exec: 94 ms
2016-09-27 03:34:59,980 DEBUG [mondrian.mdx] 177820: select NON EMPTY Crossjoin({[Measures].[Duree trajet domicile - travail (moyenne)]}, Crossjoin([Temps d'emploi.TEMPSEMP_Hierarchie].[Temps d'emploi].Members, [Sexe.Sexe_Hierarchie].[Sexe].Members)) ON COLUMNS,
  NON EMPTY {Hierarchize({{[Niveau d'instruction.Niveau_Instruction_Hierarchie].[Categorie 1].Members}, {[Niveau d'instruction.Niveau_Instruction_Hierarchie].[Categorie 2].Members}})} ON ROWS
from [Cube1MobProInd]

2016-09-27 03:35:00,027 DEBUG [mondrian.mdx] 177820: exec: 47 ms
2016-09-27 03:37:09,902 DEBUG [mondrian.mdx] 177872: select NON EMPTY Crossjoin({[Measures].[Duree trajet domicile - travail (moyenne)]}, Crossjoin([Temps d'emploi.TEMPSEMP_Hierarchie].[Temps d'emploi].Members, {[Sexe.Sexe_Hierarchie].[Femmes]})) ON COLUMNS,
  NON EMPTY {Hierarchize({{[Niveau d'instruction.Niveau_Instruction_Hierarchie].[Categorie 1].Members}, {[Niveau d'instruction.Niveau_Instruction_Hierarchie].[Categorie 2].Members}})} ON ROWS
from [Cube1MobProInd]

2016-09-27 03:37:10,152 DEBUG [mondrian.mdx] 177872: exec: 250 ms
2016-09-27 03:38:33,246 DEBUG [mondrian.mdx] 177917: select NON EMPTY Crossjoin({[Measures].[Duree trajet domicile - travail (moyenne)]}, Crossjoin([Temps d'emploi.TEMPSEMP_Hierarchie].[Temps d'emploi].Members, {[Sexe.Sexe_Hierarchie].[Femmes]})) ON COLUMNS,
  NON EMPTY {Hierarchize({{[Niveau d'instruction.Niveau_Instruction_Hierarchie].[Categorie 1].Members}, {[Niveau d'instruction.Niveau_Instruction_Hierarchie].[Categorie 2].Members}})} ON ROWS
from [Cube1MobProInd]

2016-09-27 03:38:33,293 DEBUG [mondrian.mdx] 177917: exec: 47 ms
2016-09-27 03:38:43,090 DEBUG [mondrian.mdx] 177968: select NON EMPTY Crossjoin({[Measures].[Duree trajet domicile - travail (moyenne)]}, Crossjoin([Temps d'emploi.TEMPSEMP_Hierarchie].[Temps d'emploi].Members, {[Sexe.Sexe_Hierarchie].[Femmes]})) ON COLUMNS,
  NON EMPTY Hierarchize(Union(Crossjoin([Niveau d'instruction.Niveau_Instruction_Hierarchie].[Categorie 1].Members, [Type de menage.TYPMEN_Hierarchie].[Type regroupe en 4 categories].Members), Crossjoin([Niveau d'instruction.Niveau_Instruction_Hierarchie].[Categorie 2].Members, [Type de menage.TYPMEN_Hierarchie].[Type regroupe en 4 categories].Members))) ON ROWS
from [Cube1MobProInd]

2016-09-27 03:38:43,402 DEBUG [mondrian.mdx] 177968: exec: 312 ms
2016-09-27 03:38:52,137 DEBUG [mondrian.mdx] 178135: select NON EMPTY Hierarchize(Union(Crossjoin({[Measures].[Duree trajet domicile - travail (moyenne)]}, Crossjoin([Temps d'emploi.TEMPSEMP_Hierarchie].[Temps d'emploi].Members, {[Sexe.Sexe_Hierarchie].[Femmes]})), Crossjoin({[Measures].[Duree trajet domicile - travail (moyenne)]}, Crossjoin([Temps d'emploi.TEMPSEMP_Hierarchie].[Temps d'emploi].Members, {[Sexe.Sexe_Hierarchie].[Hommes]})))) ON COLUMNS,
  NON EMPTY Hierarchize(Union(Crossjoin([Niveau d'instruction.Niveau_Instruction_Hierarchie].[Categorie 1].Members, [Type de menage.TYPMEN_Hierarchie].[Type regroupe en 4 categories].Members), Crossjoin([Niveau d'instruction.Niveau_Instruction_Hierarchie].[Categorie 2].Members, [Type de menage.TYPMEN_Hierarchie].[Type regroupe en 4 categories].Members))) ON ROWS
from [Cube1MobProInd]

2016-09-27 03:38:52,449 DEBUG [mondrian.mdx] 178135: exec: 312 ms
2016-09-27 03:39:14,027 DEBUG [mondrian.mdx] 178318: select NON EMPTY Hierarchize(Union(Crossjoin({[Measures].[Duree trajet domicile - travail (moyenne)]}, Crossjoin([Temps d'emploi.TEMPSEMP_Hierarchie].[Temps d'emploi].Members, {[Sexe.Sexe_Hierarchie].[Femmes]})), Crossjoin({[Measures].[Duree trajet domicile - travail (moyenne)]}, Crossjoin([Temps d'emploi.TEMPSEMP_Hierarchie].[Temps d'emploi].Members, {[Sexe.Sexe_Hierarchie].[Hommes]})))) ON COLUMNS,
  NON EMPTY Hierarchize(Union(Crossjoin([Niveau d'instruction.Niveau_Instruction_Hierarchie].[Categorie 1].Members, {[Type de menage.TYPMEN_Hierarchie].[Ménages avec famille principale monoparentale]}), Union(Crossjoin([Niveau d'instruction.Niveau_Instruction_Hierarchie].[Categorie 1].Members, {[Type de menage.TYPMEN_Hierarchie].[Ménages avec famille principale composée d'un couple]}), Union(Crossjoin([Niveau d'instruction.Niveau_Instruction_Hierarchie].[Categorie 2].Members, {[Type de menage.TYPMEN_Hierarchie].[Ménages avec famille principale monoparentale]}), Crossjoin([Niveau d'instruction.Niveau_Instruction_Hierarchie].[Categorie 2].Members, {[Type de menage.TYPMEN_Hierarchie].[Ménages avec famille principale composée d'un couple]}))))) ON ROWS
from [Cube1MobProInd]

2016-09-27 03:39:14,387 DEBUG [mondrian.mdx] 178318: exec: 360 ms
2016-09-27 03:39:18,340 DEBUG [mondrian.mdx] 178425: select NON EMPTY Hierarchize(Union(Crossjoin({[Measures].[Duree trajet domicile - travail (moyenne)]}, Crossjoin([Temps d'emploi.TEMPSEMP_Hierarchie].[Temps d'emploi].Members, Crossjoin({[Type de menage.TYPMEN_Hierarchie].[Ménages avec famille principale monoparentale]}, {[Sexe.Sexe_Hierarchie].[Femmes]}))), Union(Crossjoin({[Measures].[Duree trajet domicile - travail (moyenne)]}, Crossjoin([Temps d'emploi.TEMPSEMP_Hierarchie].[Temps d'emploi].Members, Crossjoin({[Type de menage.TYPMEN_Hierarchie].[Ménages avec famille principale monoparentale]}, {[Sexe.Sexe_Hierarchie].[Hommes]}))), Union(Crossjoin({[Measures].[Duree trajet domicile - travail (moyenne)]}, Crossjoin([Temps d'emploi.TEMPSEMP_Hierarchie].[Temps d'emploi].Members, Crossjoin({[Type de menage.TYPMEN_Hierarchie].[Ménages avec famille principale composée d'un couple]}, {[Sexe.Sexe_Hierarchie].[Femmes]}))), Crossjoin({[Measures].[Duree trajet domicile - travail (moyenne)]}, Crossjoin([Temps d'emploi.TEMPSEMP_Hierarchie].[Temps d'emploi].Members, Crossjoin({[Type de menage.TYPMEN_Hierarchie].[Ménages avec famille principale composée d'un couple]}, {[Sexe.Sexe_Hierarchie].[Hommes]}))))))) ON COLUMNS,
  NON EMPTY {Hierarchize({{[Niveau d'instruction.Niveau_Instruction_Hierarchie].[Categorie 1].Members}, {[Niveau d'instruction.Niveau_Instruction_Hierarchie].[Categorie 2].Members}})} ON ROWS
from [Cube1MobProInd]

2016-09-27 03:39:18,777 DEBUG [mondrian.mdx] 178425: exec: 437 ms
2016-09-27 03:39:30,855 DEBUG [mondrian.mdx] 178512: select NON EMPTY Hierarchize(Union(Crossjoin({[Measures].[Duree trajet domicile - travail (moyenne)]}, Crossjoin({[Type de menage.TYPMEN_Hierarchie].[Ménages avec famille principale monoparentale]}, {[Sexe.Sexe_Hierarchie].[Femmes]})), Union(Crossjoin({[Measures].[Duree trajet domicile - travail (moyenne)]}, Crossjoin({[Type de menage.TYPMEN_Hierarchie].[Ménages avec famille principale monoparentale]}, {[Sexe.Sexe_Hierarchie].[Hommes]})), Union(Crossjoin({[Measures].[Duree trajet domicile - travail (moyenne)]}, Crossjoin({[Type de menage.TYPMEN_Hierarchie].[Ménages avec famille principale composée d'un couple]}, {[Sexe.Sexe_Hierarchie].[Femmes]})), Crossjoin({[Measures].[Duree trajet domicile - travail (moyenne)]}, Crossjoin({[Type de menage.TYPMEN_Hierarchie].[Ménages avec famille principale composée d'un couple]}, {[Sexe.Sexe_Hierarchie].[Hommes]})))))) ON COLUMNS,
  NON EMPTY {Hierarchize({{[Niveau d'instruction.Niveau_Instruction_Hierarchie].[Categorie 1].Members}, {[Niveau d'instruction.Niveau_Instruction_Hierarchie].[Categorie 2].Members}})} ON ROWS
from [Cube1MobProInd]

2016-09-27 03:39:31,402 DEBUG [mondrian.mdx] 178512: exec: 547 ms
2016-09-27 03:40:11,168 DEBUG [mondrian.mdx] 178604: select NON EMPTY Hierarchize(Union(Crossjoin({[Measures].[Duree trajet domicile - travail (moyenne)]}, Crossjoin({[Type de menage.TYPMEN_Hierarchie].[Ménages avec famille principale monoparentale]}, {[Sexe.Sexe_Hierarchie].[Femmes]})), Union(Crossjoin({[Measures].[Duree trajet domicile - travail (moyenne)]}, Crossjoin({[Type de menage.TYPMEN_Hierarchie].[Ménages avec famille principale monoparentale]}, {[Sexe.Sexe_Hierarchie].[Hommes]})), Union(Crossjoin({[Measures].[Duree trajet domicile - travail (moyenne)]}, Crossjoin({[Type de menage.TYPMEN_Hierarchie].[Ménages avec famille principale composée d'un couple]}, {[Sexe.Sexe_Hierarchie].[Femmes]})), Union(Crossjoin({[Measures].[Duree trajet domicile - travail (moyenne)]}, Crossjoin({[Type de menage.TYPMEN_Hierarchie].[Ménages avec famille principale composée d'un couple]}, {[Sexe.Sexe_Hierarchie].[Hommes]})), Union(Crossjoin({[Measures].[Duree trajet domicile - travail (moyenne)]}, Crossjoin({[Type de menage.TYPMEN_Hierarchie].[Ménages d'une personne seule sans famille]}, {[Sexe.Sexe_Hierarchie].[Femmes]})), Crossjoin({[Measures].[Duree trajet domicile - travail (moyenne)]}, Crossjoin({[Type de menage.TYPMEN_Hierarchie].[Ménages d'une personne seule sans famille]}, {[Sexe.Sexe_Hierarchie].[Hommes]})))))))) ON COLUMNS,
  NON EMPTY {Hierarchize({{[Niveau d'instruction.Niveau_Instruction_Hierarchie].[Categorie 1].Members}, {[Niveau d'instruction.Niveau_Instruction_Hierarchie].[Categorie 2].Members}})} ON ROWS
from [Cube1MobProInd]

2016-09-27 03:40:11,496 DEBUG [mondrian.mdx] 178604: exec: 328 ms
2016-09-27 03:42:51,840 DEBUG [mondrian.mdx] 178672: select NON EMPTY Hierarchize(Union(Crossjoin({[Measures].[Duree trajet domicile - travail (moyenne)]}, Crossjoin({[Type de menage.TYPMEN_Hierarchie].[Ménages avec famille principale monoparentale]}, {[Sexe.Sexe_Hierarchie].[Femmes]})), Union(Crossjoin({[Measures].[Duree trajet domicile - travail (moyenne)]}, Crossjoin({[Type de menage.TYPMEN_Hierarchie].[Ménages avec famille principale composée d'un couple]}, {[Sexe.Sexe_Hierarchie].[Femmes]})), Crossjoin({[Measures].[Duree trajet domicile - travail (moyenne)]}, Crossjoin({[Type de menage.TYPMEN_Hierarchie].[Ménages d'une personne seule sans famille]}, {[Sexe.Sexe_Hierarchie].[Femmes]}))))) ON COLUMNS,
  NON EMPTY {Hierarchize({{[Niveau d'instruction.Niveau_Instruction_Hierarchie].[Categorie 1].Members}, {[Niveau d'instruction.Niveau_Instruction_Hierarchie].[Categorie 2].Members}})} ON ROWS
from [Cube1MobProInd]

2016-09-27 03:42:51,887 DEBUG [mondrian.mdx] 178672: exec: 47 ms
2016-09-27 03:43:40,293 DEBUG [mondrian.mdx] 178739: select NON EMPTY Hierarchize(Union(Crossjoin({[Measures].[Duree trajet domicile - travail (moyenne)]}, Crossjoin({[Type de menage.TYPMEN_Hierarchie].[Ménages avec famille principale monoparentale]}, Crossjoin({[Sexe.Sexe_Hierarchie].[Femmes]}, [Categorie socioprofessionnelle.CSP_Hierarchie_1].[CSP1].Members))), Union(Crossjoin({[Measures].[Duree trajet domicile - travail (moyenne)]}, Crossjoin({[Type de menage.TYPMEN_Hierarchie].[Ménages avec famille principale composée d'un couple]}, Crossjoin({[Sexe.Sexe_Hierarchie].[Femmes]}, [Categorie socioprofessionnelle.CSP_Hierarchie_1].[CSP1].Members))), Crossjoin({[Measures].[Duree trajet domicile - travail (moyenne)]}, Crossjoin({[Type de menage.TYPMEN_Hierarchie].[Ménages d'une personne seule sans famille]}, Crossjoin({[Sexe.Sexe_Hierarchie].[Femmes]}, [Categorie socioprofessionnelle.CSP_Hierarchie_1].[CSP1].Members)))))) ON COLUMNS,
  NON EMPTY {Hierarchize({{[Niveau d'instruction.Niveau_Instruction_Hierarchie].[Categorie 1].Members}, {[Niveau d'instruction.Niveau_Instruction_Hierarchie].[Categorie 2].Members}})} ON ROWS
from [Cube1MobProInd]

2016-09-27 03:43:40,793 DEBUG [mondrian.mdx] 178739: exec: 500 ms
2016-09-27 03:44:06,605 DEBUG [mondrian.mdx] 178850: select NON EMPTY Hierarchize(Union(Crossjoin({[Measures].[Duree trajet domicile - travail (moyenne)]}, Crossjoin({[Type de menage.TYPMEN_Hierarchie].[Ménages avec famille principale monoparentale]}, {[Sexe.Sexe_Hierarchie].[Femmes]})), Union(Crossjoin({[Measures].[Duree trajet domicile - travail (moyenne)]}, Crossjoin({[Type de menage.TYPMEN_Hierarchie].[Ménages avec famille principale composée d'un couple]}, {[Sexe.Sexe_Hierarchie].[Femmes]})), Crossjoin({[Measures].[Duree trajet domicile - travail (moyenne)]}, Crossjoin({[Type de menage.TYPMEN_Hierarchie].[Ménages d'une personne seule sans famille]}, {[Sexe.Sexe_Hierarchie].[Femmes]}))))) ON COLUMNS,
  NON EMPTY {Hierarchize({{[Niveau d'instruction.Niveau_Instruction_Hierarchie].[Categorie 1].Members}, {[Niveau d'instruction.Niveau_Instruction_Hierarchie].[Categorie 2].Members}})} ON ROWS
from [Cube1MobProInd]

2016-09-27 03:44:06,652 DEBUG [mondrian.mdx] 178850: exec: 47 ms

