----------------------------------------------
----- dibstudent10, Marc, groupe 1 
----- Cube mobpro
----- Analyse de trajets par csp et sexe
----- Obs: realisé cote à cote de dibstudent04
----------------------------------------------

2016-09-20 15:32:23,128 DEBUG [mondrian.mdx] 7054: select NON EMPTY {Hierarchize({[Lien avec la personne de reference.LPRM_Hierarchie_1].[Categorie].Members})} ON COLUMNS,
  NON EMPTY {Hierarchize({[Categorie socioprofessionnelle.CSP_Hierarchie_1].[CSP1].Members})} ON ROWS
from [Cube1MobProInd]

2016-09-20 15:32:23,253 DEBUG [mondrian.mdx] 7054: exec: 125 ms
2016-09-20 15:32:32,565 DEBUG [mondrian.mdx] 7095: select NON EMPTY {Hierarchize({[Categorie socioprofessionnelle.CSP_Hierarchie_1].[CSP1].Members})} ON COLUMNS,
  NON EMPTY {Hierarchize({[Measures].[Duree trajet domicile - travail (moyenne)]})} ON ROWS
from [Cube1MobProInd]

2016-09-20 15:32:32,674 DEBUG [mondrian.mdx] 7095: exec: 109 ms
2016-09-20 15:32:36,221 DEBUG [mondrian.mdx] 7115: select NON EMPTY Order({Hierarchize({[Lien avec la personne de reference.LPRM_Hierarchie_1].[Categorie].Members})}, [Lien avec la personne de reference.LPRM_Hierarchie_1].CurrentMember.Name, BASC) ON COLUMNS,
  NON EMPTY {Hierarchize({[Categorie socioprofessionnelle.CSP_Hierarchie_1].[CSP1].Members})} ON ROWS
from [Cube1MobProInd]

2016-09-20 15:32:36,237 DEBUG [mondrian.mdx] 7115: exec: 16 ms
2016-09-20 15:32:39,112 DEBUG [mondrian.mdx] 7154: select NON EMPTY {Hierarchize({[Measures].[Duree trajet domicile - travail (moyenne)]})} ON COLUMNS,
  NON EMPTY {Hierarchize({[Categorie socioprofessionnelle.CSP_Hierarchie_1].[CSP1].Members})} ON ROWS
from [Cube1MobProInd]

2016-09-20 15:32:39,143 DEBUG [mondrian.mdx] 7154: exec: 31 ms
2016-09-20 15:32:43,503 DEBUG [mondrian.mdx] 7182: select NON EMPTY Order({Hierarchize({[Lien avec la personne de reference.LPRM_Hierarchie_1].[Categorie].Members})}, [Lien avec la personne de reference.LPRM_Hierarchie_1].CurrentMember.Name, BASC) ON COLUMNS,
  NON EMPTY {Hierarchize({[Categorie socioprofessionnelle.CSP_Hierarchie_1].[CSP1].Members})} ON ROWS
from [Cube1MobProInd]

2016-09-20 15:32:43,518 DEBUG [mondrian.mdx] 7182: exec: 15 ms
2016-09-20 15:33:05,643 DEBUG [mondrian.mdx] 7227: select NON EMPTY {Hierarchize({[Measures].[Duree trajet domicile - travail (moyenne)]})} ON COLUMNS,
  NON EMPTY Crossjoin([Categorie socioprofessionnelle.CSP_Hierarchie_1].[CSP1].Members, [Sexe.Sexe_Hierarchie].[Sexe].Members) ON ROWS
from [Cube1MobProInd]

2016-09-20 15:33:05,971 DEBUG [mondrian.mdx] 7227: exec: 328 ms
2016-09-20 15:33:16,893 DEBUG [mondrian.mdx] 7267: select NON EMPTY {Hierarchize({[Measures].[Duree trajet domicile - travail (moyenne)]})} ON COLUMNS,
  NON EMPTY {Hierarchize({[Categorie socioprofessionnelle.CSP_Hierarchie_1].[CSP1].Members})} ON ROWS
from [Cube1MobProInd]

2016-09-20 15:33:16,909 DEBUG [mondrian.mdx] 7267: exec: 16 ms
2016-09-20 15:33:20,518 DEBUG [mondrian.mdx] 7287: select NON EMPTY {Hierarchize({[Statut d'occupation du logement.STOCLOGT_Hierarchie].[Statut d'occupation].Members})} ON COLUMNS,
  NON EMPTY {Hierarchize({[Categorie socioprofessionnelle.CSP_Hierarchie_1].[CSP1].Members})} ON ROWS
from [Cube1MobProInd]

2016-09-20 15:33:20,612 DEBUG [mondrian.mdx] 7287: exec: 94 ms
2016-09-20 15:33:49,440 DEBUG [mondrian.mdx] 7334: select NON EMPTY Crossjoin([Statut d'occupation du logement.STOCLOGT_Hierarchie].[Statut d'occupation].Members, {[Measures].[Nombre total d'individus]}) ON COLUMNS,
  NON EMPTY {Hierarchize({[Categorie socioprofessionnelle.CSP_Hierarchie_1].[CSP1].Members})} ON ROWS
from [Cube1MobProInd]

2016-09-20 15:33:49,487 DEBUG [mondrian.mdx] 7334: exec: 47 ms
2016-09-20 15:33:51,315 DEBUG [mondrian.mdx] 7372: select NON EMPTY {Hierarchize({[Statut d'occupation du logement.STOCLOGT_Hierarchie].[Statut d'occupation].Members})} ON COLUMNS,
  NON EMPTY Crossjoin([Categorie socioprofessionnelle.CSP_Hierarchie_1].[CSP1].Members, {[Measures].[Nombre total d'individus]}) ON ROWS
from [Cube1MobProInd]

2016-09-20 15:33:51,362 DEBUG [mondrian.mdx] 7372: exec: 47 ms
2016-09-20 15:33:52,518 DEBUG [mondrian.mdx] 7385: select NON EMPTY {Hierarchize({[Statut d'occupation du logement.STOCLOGT_Hierarchie].[Statut d'occupation].Members})} ON COLUMNS,
  NON EMPTY {Hierarchize({[Categorie socioprofessionnelle.CSP_Hierarchie_1].[CSP1].Members})} ON ROWS
from [Cube1MobProInd]
where {[Measures].[Nombre total d'individus]}

2016-09-20 15:33:52,534 DEBUG [mondrian.mdx] 7385: exec: 16 ms
2016-09-20 15:33:54,534 DEBUG [mondrian.mdx] 7410: select NON EMPTY {Hierarchize({[Statut d'occupation du logement.STOCLOGT_Hierarchie].[Statut d'occupation].Members})} ON COLUMNS,
  NON EMPTY {Hierarchize({[Categorie socioprofessionnelle.CSP_Hierarchie_1].[CSP1].Members})} ON ROWS
from [Cube1MobProInd]

2016-09-20 15:33:54,549 DEBUG [mondrian.mdx] 7410: exec: 15 ms
2016-09-20 15:35:38,549 DEBUG [mondrian.mdx] 7545: select NON EMPTY {Hierarchize({[Statut d'emploi.STATEMPL_Hierarchie].[Statut d'emploi de niveau 3].Members})} ON COLUMNS,
  NON EMPTY {Hierarchize({[Type de menage.TYPMEN_Hierarchie].[Type regroupe en 4 categories].Members})} ON ROWS
from [Cube1MobProInd]

2016-09-20 15:35:38,643 DEBUG [mondrian.mdx] 7545: exec: 94 ms
2016-09-20 15:35:43,596 DEBUG [mondrian.mdx] 7594: select NON EMPTY {Hierarchize({[Statut d'emploi.STATEMPL_Hierarchie].[Statut d'emploi de niveau 3].Members})} ON COLUMNS,
  NON EMPTY {Hierarchize({{[Type de menage.TYPMEN_Hierarchie].[Type regroupe en 4 categories].Members}, {[Type de menage.TYPMEN_Hierarchie].[Type regroupe en 9 categories].Members}})} ON ROWS
from [Cube1MobProInd]

2016-09-20 15:35:43,768 DEBUG [mondrian.mdx] 7594: exec: 172 ms
2016-09-20 15:35:45,409 DEBUG [mondrian.mdx] 7664: select NON EMPTY {Hierarchize({[Statut d'emploi.STATEMPL_Hierarchie].[Statut d'emploi de niveau 3].Members})} ON COLUMNS,
  NON EMPTY {Hierarchize({[Type de menage.TYPMEN_Hierarchie].[Type regroupe en 9 categories].Members})} ON ROWS
from [Cube1MobProInd]

2016-09-20 15:35:45,424 DEBUG [mondrian.mdx] 7664: exec: 15 ms
2016-09-20 15:36:10,456 DEBUG [mondrian.mdx] 7714: select NON EMPTY {Hierarchize({[Statut d'emploi.STATEMPL_Hierarchie].[Statut d'emploi de niveau 3].Members})} ON COLUMNS,
  NON EMPTY Crossjoin([Type de menage.TYPMEN_Hierarchie].[Type regroupe en 9 categories].Members, {[Measures].[Nombre de personnes des menages (moyenne)]}) ON ROWS
from [Cube1MobProInd]

2016-09-20 15:36:10,706 DEBUG [mondrian.mdx] 7714: exec: 250 ms
2016-09-20 15:36:11,799 DEBUG [mondrian.mdx] 7748: select NON EMPTY {Hierarchize({[Statut d'emploi.STATEMPL_Hierarchie].[Statut d'emploi de niveau 3].Members})} ON COLUMNS,
  NON EMPTY {Hierarchize({[Measures].[Nombre de personnes des menages (moyenne)]})} ON ROWS
from [Cube1MobProInd]

2016-09-20 15:36:11,815 DEBUG [mondrian.mdx] 7748: exec: 16 ms
2016-09-20 15:37:40,690 DEBUG [mondrian.mdx] 7944: select NON EMPTY Crossjoin([Niveau d'instruction.Niveau_Instruction_Hierarchie].[Categorie 2].Members, [Statut d'emploi.STATEMPL_Hierarchie].[Statut d'emploi de niveau 3].Members) ON COLUMNS,
  NON EMPTY {Hierarchize({[Measures].[Nombre de personnes des menages (moyenne)]})} ON ROWS
from [Cube1MobProInd]

2016-09-20 15:37:41,159 DEBUG [mondrian.mdx] 7944: exec: 469 ms
2016-09-20 15:37:42,174 DEBUG [mondrian.mdx] 8066: select NON EMPTY {Hierarchize({[Statut d'emploi.STATEMPL_Hierarchie].[Statut d'emploi de niveau 3].Members})} ON COLUMNS,
  NON EMPTY {Hierarchize({[Measures].[Nombre de personnes des menages (moyenne)]})} ON ROWS
from [Cube1MobProInd]

2016-09-20 15:37:42,174 DEBUG [mondrian.mdx] 8066: exec: 0 ms
2016-09-20 15:38:35,878 DEBUG [mondrian.mdx] 8408: select NON EMPTY {Hierarchize({[Statut d'emploi.STATEMPL_Hierarchie].[Statut d'emploi de niveau 3].Members})} ON COLUMNS,
  NON EMPTY {Hierarchize({[Motif de deplacement.MOTIFDEP_Hierarchie_1].[Motif de deplacement].Members})} ON ROWS
from [Cube1MobProInd]

2016-09-20 15:38:35,940 DEBUG [mondrian.mdx] 8408: exec: 62 ms
2016-09-20 15:38:55,815 DEBUG [mondrian.mdx] 8441: select NON EMPTY {Hierarchize({[Statut d'emploi.STATEMPL_Hierarchie].[Statut d'emploi de niveau 3].Members})} ON COLUMNS,
  NON EMPTY {Hierarchize({[Sexe.Sexe_Hierarchie].[Sexe].Members})} ON ROWS
from [Cube1MobProInd]

2016-09-20 15:38:55,940 DEBUG [mondrian.mdx] 8441: exec: 109 ms
2016-09-20 15:39:26,721 DEBUG [mondrian.mdx] 8646: select NON EMPTY {Hierarchize({[Statut d'emploi.STATEMPL_Hierarchie].[Statut d'emploi de niveau 3].Members})} ON COLUMNS,
  NON EMPTY {Hierarchize({[Sexe.Sexe_Hierarchie].[Sexe].Members})} ON ROWS
from [Cube1MobProInd]

2016-09-20 15:39:26,721 DEBUG [mondrian.mdx] 8646: exec: 0 ms
2016-09-20 15:39:30,862 DEBUG [mondrian.mdx] 8687: select NON EMPTY {Hierarchize({[Statut d'emploi.STATEMPL_Hierarchie].[Statut d'emploi de niveau 3].Members})} ON COLUMNS,
  NON EMPTY {Hierarchize({[Sexe.Sexe_Hierarchie].[Sexe].Members})} ON ROWS
from [Cube1MobProInd]

2016-09-20 15:39:30,878 DEBUG [mondrian.mdx] 8687: exec: 16 ms
2016-09-20 15:39:38,878 DEBUG [mondrian.mdx] 8797: select NON EMPTY {Hierarchize({[Statut d'emploi.STATEMPL_Hierarchie].[Statut d'emploi de niveau 3].Members})} ON COLUMNS,
  NON EMPTY {Hierarchize({[Sexe.Sexe_Hierarchie].[Sexe].Members})} ON ROWS
from [Cube1MobProInd]

2016-09-20 15:39:38,893 DEBUG [mondrian.mdx] 8797: exec: 15 ms
2016-09-20 15:40:22,581 DEBUG [mondrian.mdx] 8920: select NON EMPTY Crossjoin([Statut d'emploi.STATEMPL_Hierarchie].[Statut d'emploi de niveau 3].Members, [Commune de travail.CNELOCC_Hierarchie_intercommunale].[Commune d'occupation].Members) ON COLUMNS,
  NON EMPTY {Hierarchize({[Sexe.Sexe_Hierarchie].[Sexe].Members})} ON ROWS
from [Cube1MobProInd]

2016-09-20 15:40:23,378 DEBUG [mondrian.mdx] 8920: exec: 797 ms
2016-09-20 15:40:38,440 DEBUG [mondrian.mdx] 13660: select NON EMPTY Crossjoin([Statut d'emploi.STATEMPL_Hierarchie].[Statut d'emploi de niveau 3].Members, [Sexe.Sexe_Hierarchie].[Sexe].Members) ON COLUMNS,
  NON EMPTY {Hierarchize({[Commune de travail.CNELOCC_Hierarchie_intercommunale].[Commune d'occupation].Members})} ON ROWS
from [Cube1MobProInd]

2016-09-20 15:40:38,753 DEBUG [mondrian.mdx] 13660: exec: 313 ms
2016-09-20 15:40:41,346 DEBUG [mondrian.mdx] 14728: select NON EMPTY {Hierarchize({[Sexe.Sexe_Hierarchie].[Sexe].Members})} ON COLUMNS,
  NON EMPTY Crossjoin([Statut d'emploi.STATEMPL_Hierarchie].[Statut d'emploi de niveau 3].Members, [Commune de travail.CNELOCC_Hierarchie_intercommunale].[Commune d'occupation].Members) ON ROWS
from [Cube1MobProInd]

2016-09-20 15:40:41,393 DEBUG [mondrian.mdx] 14728: exec: 47 ms
2016-09-20 15:41:37,331 DEBUG [mondrian.mdx] 19473: select NON EMPTY {Hierarchize({[Sexe.Sexe_Hierarchie].[Sexe].Members})} ON COLUMNS,
  NON EMPTY Hierarchize(Union(Crossjoin([Statut d'emploi.STATEMPL_Hierarchie].[Statut d'emploi de niveau 3].Members, [Commune de travail.CNELOCC_Hierarchie_intercommunale].[Commune d'occupation].Members), Crossjoin([Statut d'emploi.STATEMPL_Hierarchie].[Salariés].[Salariés en formation].[Stagiaires rémunérés en entreprise].Children, [Commune de travail.CNELOCC_Hierarchie_intercommunale].[Commune d'occupation].Members))) ON ROWS
from [Cube1MobProInd]

2016-09-20 15:41:37,815 DEBUG [mondrian.mdx] 19473: exec: 469 ms

