------------------------------------------------------------------------------------
----- dibstudent09, Johnatann, groupe2
----- mobpro
----- Analyse de trajets par niveau d'instruction puis type de logement à Agglopolys
------------------------------------------------------------------------------------

2016-09-26 20:47:59,899 DEBUG [mondrian.mdx] 172121: select NON EMPTY {Hierarchize({[Measures].[Distance trajet domicile - travail (moyenne)]})} ON COLUMNS,
  NON EMPTY {Hierarchize({[Niveau d'instruction.Niveau_Instruction_Hierarchie].[Categorie 1].Members})} ON ROWS
from [Cube1MobProInd]

2016-09-26 20:47:59,914 DEBUG [mondrian.mdx] 172121: exec: 15 ms
2016-09-26 20:48:03,149 DEBUG [mondrian.mdx] 172139: select NON EMPTY {Hierarchize({[Measures].[Distance trajet domicile - travail (moyenne)]})} ON COLUMNS,
  NON EMPTY {Hierarchize({{[Niveau d'instruction.Niveau_Instruction_Hierarchie].[Categorie 1].Members}, {[Niveau d'instruction.Niveau_Instruction_Hierarchie].[Categorie 2].Members}})} ON ROWS
from [Cube1MobProInd]

2016-09-26 20:48:03,180 DEBUG [mondrian.mdx] 172139: exec: 31 ms
2016-09-26 20:48:04,602 DEBUG [mondrian.mdx] 172176: select NON EMPTY {Hierarchize({[Measures].[Distance trajet domicile - travail (moyenne)]})} ON COLUMNS,
  NON EMPTY {Hierarchize({{[Niveau d'instruction.Niveau_Instruction_Hierarchie].[Categorie 1].Members}, {[Niveau d'instruction.Niveau_Instruction_Hierarchie].[Categorie 2].Members}, {[Niveau d'instruction.Niveau_Instruction_Hierarchie].[Niveau d'instruction].Members}})} ON ROWS
from [Cube1MobProInd]

2016-09-26 20:48:04,617 DEBUG [mondrian.mdx] 172176: exec: 15 ms
2016-09-26 20:48:45,930 DEBUG [mondrian.mdx] 172268: select NON EMPTY {Hierarchize({[Measures].[Distance trajet domicile - travail (moyenne)]})} ON COLUMNS,
  NON EMPTY Hierarchize(Union(Crossjoin([Niveau d'instruction.Niveau_Instruction_Hierarchie].[Categorie 1].Members, [Commune de residence.CNERES_Hierarchie_intercommunale].[Communaute de communes].Members), Union(Crossjoin([Niveau d'instruction.Niveau_Instruction_Hierarchie].[Categorie 2].Members, [Commune de residence.CNERES_Hierarchie_intercommunale].[Communaute de communes].Members), Crossjoin([Niveau d'instruction.Niveau_Instruction_Hierarchie].[Niveau d'instruction].Members, [Commune de residence.CNERES_Hierarchie_intercommunale].[Communaute de communes].Members)))) ON ROWS
from [Cube1MobProInd]

2016-09-26 20:48:46,602 DEBUG [mondrian.mdx] 172268: exec: 672 ms
2016-09-26 20:48:54,727 DEBUG [mondrian.mdx] 173593: select NON EMPTY {Hierarchize({[Measures].[Distance trajet domicile - travail (moyenne)]})} ON COLUMNS,
  NON EMPTY Hierarchize(Union(Crossjoin([Niveau d'instruction.Niveau_Instruction_Hierarchie].[Categorie 1].Members, {[Commune de residence.CNERES_Hierarchie_intercommunale].[CENTRE].[Pays des Châteaux].[AGGLOPOLYS]}), Union(Crossjoin([Niveau d'instruction.Niveau_Instruction_Hierarchie].[Categorie 2].Members, {[Commune de residence.CNERES_Hierarchie_intercommunale].[CENTRE].[Pays des Châteaux].[AGGLOPOLYS]}), Crossjoin([Niveau d'instruction.Niveau_Instruction_Hierarchie].[Niveau d'instruction].Members, {[Commune de residence.CNERES_Hierarchie_intercommunale].[CENTRE].[Pays des Châteaux].[AGGLOPOLYS]})))) ON ROWS
from [Cube1MobProInd]

2016-09-26 20:48:55,133 DEBUG [mondrian.mdx] 173593: exec: 406 ms
2016-09-26 20:49:03,774 DEBUG [mondrian.mdx] 173692: select NON EMPTY Crossjoin({[Commune de residence.CNERES_Hierarchie_intercommunale].[CENTRE].[Pays des Châteaux].[AGGLOPOLYS]}, {[Measures].[Distance trajet domicile - travail (moyenne)]}) ON COLUMNS,
  NON EMPTY {Hierarchize({{[Niveau d'instruction.Niveau_Instruction_Hierarchie].[Categorie 1].Members}, {[Niveau d'instruction.Niveau_Instruction_Hierarchie].[Categorie 2].Members}, {[Niveau d'instruction.Niveau_Instruction_Hierarchie].[Niveau d'instruction].Members}})} ON ROWS
from [Cube1MobProInd]

2016-09-26 20:49:03,992 DEBUG [mondrian.mdx] 173692: exec: 218 ms
2016-09-26 20:49:15,321 DEBUG [mondrian.mdx] 173786: select NON EMPTY Hierarchize(Union(Crossjoin({[Commune de residence.CNERES_Hierarchie_intercommunale].[CENTRE].[Pays des Châteaux].[AGGLOPOLYS]}, {[Measures].[Distance trajet domicile - travail (moyenne)]}), Crossjoin({[Commune de residence.CNERES_Hierarchie_intercommunale].[CENTRE].[Pays des Châteaux].[AGGLOPOLYS]}, {[Measures].[Nombre total d'individus]}))) ON COLUMNS,
  NON EMPTY {Hierarchize({{[Niveau d'instruction.Niveau_Instruction_Hierarchie].[Categorie 1].Members}, {[Niveau d'instruction.Niveau_Instruction_Hierarchie].[Categorie 2].Members}, {[Niveau d'instruction.Niveau_Instruction_Hierarchie].[Niveau d'instruction].Members}})} ON ROWS
from [Cube1MobProInd]

2016-09-26 20:49:15,383 DEBUG [mondrian.mdx] 173786: exec: 62 ms
2016-09-26 20:49:56,617 DEBUG [mondrian.mdx] 173877: select NON EMPTY Crossjoin({[Commune de residence.CNERES_Hierarchie_intercommunale].[CENTRE].[Pays des Châteaux].[AGGLOPOLYS]}, {[Measures].[Nombre total d'individus]}) ON COLUMNS,
  NON EMPTY {Hierarchize({{[Niveau d'instruction.Niveau_Instruction_Hierarchie].[Categorie 1].Members}, {[Niveau d'instruction.Niveau_Instruction_Hierarchie].[Categorie 2].Members}, {[Niveau d'instruction.Niveau_Instruction_Hierarchie].[Niveau d'instruction].Members}})} ON ROWS
from [Cube1MobProInd]

2016-09-26 20:49:56,680 DEBUG [mondrian.mdx] 173877: exec: 63 ms
2016-09-26 20:50:00,742 DEBUG [mondrian.mdx] 173898: select NON EMPTY {Hierarchize({[Commune de residence.CNERES_Hierarchie_intercommunale].[CENTRE].[Pays des Châteaux].[AGGLOPOLYS]})} ON COLUMNS,
  NON EMPTY Hierarchize(Union(Crossjoin([Niveau d'instruction.Niveau_Instruction_Hierarchie].[Categorie 1].Members, {[Measures].[Nombre total d'individus]}), Union(Crossjoin([Niveau d'instruction.Niveau_Instruction_Hierarchie].[Categorie 2].Members, {[Measures].[Nombre total d'individus]}), Crossjoin([Niveau d'instruction.Niveau_Instruction_Hierarchie].[Niveau d'instruction].Members, {[Measures].[Nombre total d'individus]})))) ON ROWS
from [Cube1MobProInd]

2016-09-26 20:50:00,789 DEBUG [mondrian.mdx] 173898: exec: 47 ms
2016-09-26 20:50:03,039 DEBUG [mondrian.mdx] 173915: select NON EMPTY Crossjoin({[Measures].[Nombre total d'individus]}, {[Commune de residence.CNERES_Hierarchie_intercommunale].[CENTRE].[Pays des Châteaux].[AGGLOPOLYS]}) ON COLUMNS,
  NON EMPTY {Hierarchize({{[Niveau d'instruction.Niveau_Instruction_Hierarchie].[Categorie 1].Members}, {[Niveau d'instruction.Niveau_Instruction_Hierarchie].[Categorie 2].Members}, {[Niveau d'instruction.Niveau_Instruction_Hierarchie].[Niveau d'instruction].Members}})} ON ROWS
from [Cube1MobProInd]

2016-09-26 20:50:03,086 DEBUG [mondrian.mdx] 173915: exec: 47 ms
2016-09-26 20:50:06,571 DEBUG [mondrian.mdx] 173937: select NON EMPTY Hierarchize(Union(Crossjoin({[Measures].[Nombre total d'individus]}, {[Commune de residence.CNERES_Hierarchie_intercommunale].[CENTRE].[Pays des Châteaux].[AGGLOPOLYS]}), Crossjoin({[Measures].[Distance trajet domicile - travail (moyenne)]}, {[Commune de residence.CNERES_Hierarchie_intercommunale].[CENTRE].[Pays des Châteaux].[AGGLOPOLYS]}))) ON COLUMNS,
  NON EMPTY {Hierarchize({{[Niveau d'instruction.Niveau_Instruction_Hierarchie].[Categorie 1].Members}, {[Niveau d'instruction.Niveau_Instruction_Hierarchie].[Categorie 2].Members}, {[Niveau d'instruction.Niveau_Instruction_Hierarchie].[Niveau d'instruction].Members}})} ON ROWS
from [Cube1MobProInd]

2016-09-26 20:50:06,617 DEBUG [mondrian.mdx] 173937: exec: 46 ms
2016-09-26 20:50:19,071 DEBUG [mondrian.mdx] 174031: select NON EMPTY Hierarchize(Union(Crossjoin({[Commune de residence.CNERES_Hierarchie_intercommunale].[CENTRE].[Pays des Châteaux].[AGGLOPOLYS]}, {[Measures].[Nombre total d'individus]}), Crossjoin({[Commune de residence.CNERES_Hierarchie_intercommunale].[CENTRE].[Pays des Châteaux].[AGGLOPOLYS]}, {[Measures].[Distance trajet domicile - travail (moyenne)]}))) ON COLUMNS,
  NON EMPTY {Hierarchize({{[Niveau d'instruction.Niveau_Instruction_Hierarchie].[Categorie 1].Members}, {[Niveau d'instruction.Niveau_Instruction_Hierarchie].[Categorie 2].Members}, {[Niveau d'instruction.Niveau_Instruction_Hierarchie].[Niveau d'instruction].Members}})} ON ROWS
from [Cube1MobProInd]

2016-09-26 20:50:19,117 DEBUG [mondrian.mdx] 174031: exec: 46 ms
2016-09-26 20:52:12,836 DEBUG [mondrian.mdx] 174125: select NON EMPTY Hierarchize(Union(Crossjoin({[Commune de residence.CNERES_Hierarchie_intercommunale].[CENTRE].[Pays des Châteaux].[AGGLOPOLYS]}, {[Measures].[Nombre total d'individus]}), Crossjoin({[Commune de residence.CNERES_Hierarchie_intercommunale].[CENTRE].[Pays des Châteaux].[AGGLOPOLYS]}, {[Measures].[Distance trajet domicile - travail (moyenne)]}))) ON COLUMNS,
  NON EMPTY {Hierarchize({{[Niveau d'instruction.Niveau_Instruction_Hierarchie].[Categorie 1].Members}, {[Niveau d'instruction.Niveau_Instruction_Hierarchie].[Niveau d'instruction].Members}})} ON ROWS
from [Cube1MobProInd]

2016-09-26 20:52:12,883 DEBUG [mondrian.mdx] 174125: exec: 47 ms
2016-09-26 20:54:08,977 DEBUG [mondrian.mdx] 174211: select NON EMPTY Hierarchize(Union(Crossjoin({[Commune de residence.CNERES_Hierarchie_intercommunale].[CENTRE].[Pays des Châteaux].[AGGLOPOLYS]}, {[Measures].[Nombre total d'individus]}), Crossjoin({[Commune de residence.CNERES_Hierarchie_intercommunale].[CENTRE].[Pays des Châteaux].[AGGLOPOLYS]}, {[Measures].[Distance trajet domicile - travail (moyenne)]}))) ON COLUMNS,
  NON EMPTY Hierarchize(Union(Crossjoin([Niveau d'instruction.Niveau_Instruction_Hierarchie].[Categorie 1].Members, [Mode de transport.MODTRANS_Hierarchie].[Categorie].Members), Crossjoin([Niveau d'instruction.Niveau_Instruction_Hierarchie].[Niveau d'instruction].Members, [Mode de transport.MODTRANS_Hierarchie].[Categorie].Members))) ON ROWS
from [Cube1MobProInd]

2016-09-26 20:54:09,571 DEBUG [mondrian.mdx] 174211: exec: 594 ms
2016-09-26 20:54:12,274 DEBUG [mondrian.mdx] 174440: select NON EMPTY Hierarchize(Union(Crossjoin({[Commune de residence.CNERES_Hierarchie_intercommunale].[CENTRE].[Pays des Châteaux].[AGGLOPOLYS]}, Crossjoin({[Measures].[Nombre total d'individus]}, [Mode de transport.MODTRANS_Hierarchie].[Categorie].Members)), Crossjoin({[Commune de residence.CNERES_Hierarchie_intercommunale].[CENTRE].[Pays des Châteaux].[AGGLOPOLYS]}, Crossjoin({[Measures].[Distance trajet domicile - travail (moyenne)]}, [Mode de transport.MODTRANS_Hierarchie].[Categorie].Members)))) ON COLUMNS,
  NON EMPTY {Hierarchize({{[Niveau d'instruction.Niveau_Instruction_Hierarchie].[Categorie 1].Members}, {[Niveau d'instruction.Niveau_Instruction_Hierarchie].[Niveau d'instruction].Members}})} ON ROWS
from [Cube1MobProInd]

2016-09-26 20:54:12,524 DEBUG [mondrian.mdx] 174440: exec: 250 ms
2016-09-26 20:54:52,414 DEBUG [mondrian.mdx] 174536: select NON EMPTY Hierarchize(Union(Crossjoin({[Commune de residence.CNERES_Hierarchie_intercommunale].[CENTRE].[Pays des Châteaux].[AGGLOPOLYS]}, Crossjoin({[Measures].[Nombre total d'individus]}, [Mode de transport.MODTRANS_Hierarchie].[Categorie].Members)), Crossjoin({[Commune de residence.CNERES_Hierarchie_intercommunale].[CENTRE].[Pays des Châteaux].[AGGLOPOLYS]}, Crossjoin({[Measures].[Distance trajet domicile - travail (moyenne)]}, [Mode de transport.MODTRANS_Hierarchie].[Categorie].Members)))) ON COLUMNS,
  NON EMPTY {Hierarchize({{[Niveau d'instruction.Niveau_Instruction_Hierarchie].[Categorie 1].Members}, {[Niveau d'instruction.Niveau_Instruction_Hierarchie].[Niveau d'instruction].Members}})} ON ROWS
from [Cube1MobProInd]

2016-09-26 20:54:52,508 DEBUG [mondrian.mdx] 174536: exec: 94 ms
2016-09-26 20:55:18,961 DEBUG [mondrian.mdx] 174633: select NON EMPTY Hierarchize(Union(Crossjoin({[Commune de residence.CNERES_Hierarchie_intercommunale].[CENTRE].[Pays des Châteaux].[AGGLOPOLYS]}, Crossjoin({[Measures].[Nombre total d'individus]}, [Mode de transport.MODTRANS_Hierarchie].[Categorie].Members)), Crossjoin({[Commune de residence.CNERES_Hierarchie_intercommunale].[CENTRE].[Pays des Châteaux].[AGGLOPOLYS]}, Crossjoin({[Measures].[Distance trajet domicile - travail (moyenne)]}, [Mode de transport.MODTRANS_Hierarchie].[Categorie].Members)))) ON COLUMNS,
  NON EMPTY {Hierarchize({[Niveau d'instruction.Niveau_Instruction_Hierarchie].[Categorie 1].Members})} ON ROWS
from [Cube1MobProInd]

2016-09-26 20:55:19,055 DEBUG [mondrian.mdx] 174633: exec: 94 ms
2016-09-26 20:55:52,946 DEBUG [mondrian.mdx] 174677: select NON EMPTY Hierarchize(Union(Crossjoin({[Commune de residence.CNERES_Hierarchie_intercommunale].[CENTRE].[Pays des Châteaux].[AGGLOPOLYS]}, Crossjoin({[Measures].[Nombre total d'individus]}, [Mode de transport.MODTRANS_Hierarchie].[Categorie].Members)), Crossjoin({[Commune de residence.CNERES_Hierarchie_intercommunale].[CENTRE].[Pays des Châteaux].[AGGLOPOLYS]}, Crossjoin({[Measures].[Distance trajet domicile - travail (moyenne)]}, [Mode de transport.MODTRANS_Hierarchie].[Categorie].Members)))) ON COLUMNS,
  NON EMPTY {Hierarchize({{[Niveau d'instruction.Niveau_Instruction_Hierarchie].[Categorie 1].Members}, {[Niveau d'instruction.Niveau_Instruction_Hierarchie].[Niveau d'instruction].Members}})} ON ROWS
from [Cube1MobProInd]

2016-09-26 20:55:53,055 DEBUG [mondrian.mdx] 174677: exec: 109 ms
2016-09-26 20:57:01,727 DEBUG [mondrian.mdx] 174772: select NON EMPTY Hierarchize(Union(Crossjoin({[Commune de residence.CNERES_Hierarchie_intercommunale].[CENTRE].[Pays des Châteaux].[AGGLOPOLYS]}, {[Measures].[Nombre total d'individus]}), Crossjoin({[Commune de residence.CNERES_Hierarchie_intercommunale].[CENTRE].[Pays des Châteaux].[AGGLOPOLYS]}, {[Measures].[Distance trajet domicile - travail (moyenne)]}))) ON COLUMNS,
  NON EMPTY {Hierarchize({{[Niveau d'instruction.Niveau_Instruction_Hierarchie].[Categorie 1].Members}, {[Niveau d'instruction.Niveau_Instruction_Hierarchie].[Niveau d'instruction].Members}})} ON ROWS
from [Cube1MobProInd]

2016-09-26 20:57:01,774 DEBUG [mondrian.mdx] 174772: exec: 47 ms
2016-09-26 20:57:03,227 DEBUG [mondrian.mdx] 174858: select NON EMPTY Hierarchize(Union(Crossjoin({[Commune de residence.CNERES_Hierarchie_intercommunale].[CENTRE].[Pays des Châteaux].[AGGLOPOLYS]}, {[Measures].[Nombre total d'individus]}), Crossjoin({[Commune de residence.CNERES_Hierarchie_intercommunale].[CENTRE].[Pays des Châteaux].[AGGLOPOLYS]}, {[Measures].[Distance trajet domicile - travail (moyenne)]}))) ON COLUMNS,
  NON EMPTY Hierarchize(Union(Crossjoin([Niveau d'instruction.Niveau_Instruction_Hierarchie].[Categorie 1].Members, [Statut d'occupation du logement.STOCLOGT_Hierarchie].[Categorie].Members), Crossjoin([Niveau d'instruction.Niveau_Instruction_Hierarchie].[Niveau d'instruction].Members, [Statut d'occupation du logement.STOCLOGT_Hierarchie].[Categorie].Members))) ON ROWS
from [Cube1MobProInd]

2016-09-26 20:57:03,711 DEBUG [mondrian.mdx] 174858: exec: 484 ms
2016-09-26 20:57:08,024 DEBUG [mondrian.mdx] 175147: select NON EMPTY Hierarchize(Union(Crossjoin({[Commune de residence.CNERES_Hierarchie_intercommunale].[CENTRE].[Pays des Châteaux].[AGGLOPOLYS]}, Crossjoin({[Measures].[Nombre total d'individus]}, [Statut d'occupation du logement.STOCLOGT_Hierarchie].[Categorie].Members)), Crossjoin({[Commune de residence.CNERES_Hierarchie_intercommunale].[CENTRE].[Pays des Châteaux].[AGGLOPOLYS]}, Crossjoin({[Measures].[Distance trajet domicile - travail (moyenne)]}, [Statut d'occupation du logement.STOCLOGT_Hierarchie].[Categorie].Members)))) ON COLUMNS,
  NON EMPTY {Hierarchize({{[Niveau d'instruction.Niveau_Instruction_Hierarchie].[Categorie 1].Members}, {[Niveau d'instruction.Niveau_Instruction_Hierarchie].[Niveau d'instruction].Members}})} ON ROWS
from [Cube1MobProInd]

2016-09-26 20:57:08,180 DEBUG [mondrian.mdx] 175147: exec: 156 ms
2016-09-26 20:57:18,680 DEBUG [mondrian.mdx] 175242: select NON EMPTY Crossjoin({[Commune de residence.CNERES_Hierarchie_intercommunale].[CENTRE].[Pays des Châteaux].[AGGLOPOLYS]}, Crossjoin({[Measures].[Nombre total d'individus]}, [Statut d'occupation du logement.STOCLOGT_Hierarchie].[Categorie].Members)) ON COLUMNS,
  NON EMPTY {Hierarchize({{[Niveau d'instruction.Niveau_Instruction_Hierarchie].[Categorie 1].Members}, {[Niveau d'instruction.Niveau_Instruction_Hierarchie].[Niveau d'instruction].Members}})} ON ROWS
from [Cube1MobProInd]

2016-09-26 20:57:19,039 DEBUG [mondrian.mdx] 175242: exec: 359 ms
2016-09-26 20:57:27,914 DEBUG [mondrian.mdx] 175267: select NON EMPTY Hierarchize(Union(Crossjoin({[Commune de residence.CNERES_Hierarchie_intercommunale].[CENTRE].[Pays des Châteaux].[AGGLOPOLYS]}, Crossjoin([Statut d'occupation du logement.STOCLOGT_Hierarchie].[Categorie].Members, {[Measures].[Nombre total d'individus]})), Crossjoin({[Commune de residence.CNERES_Hierarchie_intercommunale].[CENTRE].[Pays des Châteaux].[AGGLOPOLYS]}, Crossjoin([Statut d'occupation du logement.STOCLOGT_Hierarchie].[Categorie].Members, {[Measures].[Depense trajet domicile - travail (moyenne)]})))) ON COLUMNS,
  NON EMPTY {Hierarchize({{[Niveau d'instruction.Niveau_Instruction_Hierarchie].[Categorie 1].Members}, {[Niveau d'instruction.Niveau_Instruction_Hierarchie].[Niveau d'instruction].Members}})} ON ROWS
from [Cube1MobProInd]

2016-09-26 20:57:28,242 DEBUG [mondrian.mdx] 175267: exec: 328 ms
2016-09-26 20:57:35,696 DEBUG [mondrian.mdx] 175367: select NON EMPTY Hierarchize(Union(Crossjoin({[Commune de residence.CNERES_Hierarchie_intercommunale].[CENTRE].[Pays des Châteaux].[AGGLOPOLYS]}, Crossjoin([Statut d'occupation du logement.STOCLOGT_Hierarchie].[Categorie].Members, {[Measures].[Nombre total d'individus]})), Crossjoin({[Commune de residence.CNERES_Hierarchie_intercommunale].[CENTRE].[Pays des Châteaux].[AGGLOPOLYS]}, Crossjoin([Statut d'occupation du logement.STOCLOGT_Hierarchie].[Categorie].Members, {[Measures].[Depense trajet domicile - travail (moyenne)]})))) ON COLUMNS,
  NON EMPTY {Hierarchize({[Niveau d'instruction.Niveau_Instruction_Hierarchie].[Categorie 1].Members})} ON ROWS
from [Cube1MobProInd]

2016-09-26 20:57:35,774 DEBUG [mondrian.mdx] 175367: exec: 78 ms
2016-09-26 20:57:46,617 DEBUG [mondrian.mdx] 175409: select NON EMPTY Hierarchize(Union(Crossjoin({[Commune de residence.CNERES_Hierarchie_intercommunale].[CENTRE].[Pays des Châteaux].[AGGLOPOLYS]}, {[Measures].[Nombre total d'individus]}), Crossjoin({[Commune de residence.CNERES_Hierarchie_intercommunale].[CENTRE].[Pays des Châteaux].[AGGLOPOLYS]}, {[Measures].[Depense trajet domicile - travail (moyenne)]}))) ON COLUMNS,
  NON EMPTY {Hierarchize({[Niveau d'instruction.Niveau_Instruction_Hierarchie].[Categorie 1].Members})} ON ROWS
from [Cube1MobProInd]

2016-09-26 20:57:46,664 DEBUG [mondrian.mdx] 175409: exec: 47 ms
2016-09-26 20:57:58,633 DEBUG [mondrian.mdx] 175437: select NON EMPTY Hierarchize(Union(Crossjoin({[Commune de residence.CNERES_Hierarchie_intercommunale].[CENTRE].[Pays des Châteaux].[AGGLOPOLYS]}, {[Measures].[Nombre total d'individus]}), Crossjoin({[Commune de residence.CNERES_Hierarchie_intercommunale].[CENTRE].[Pays des Châteaux].[AGGLOPOLYS]}, {[Measures].[Depense trajet domicile - travail (moyenne)]}))) ON COLUMNS,
  NON EMPTY Crossjoin([Niveau d'instruction.Niveau_Instruction_Hierarchie].[Categorie 1].Members, [Type de logement.TYPLOGT_Hierarchie].[Type de logement].Members) ON ROWS
from [Cube1MobProInd]

2016-09-26 20:57:59,039 DEBUG [mondrian.mdx] 175437: exec: 406 ms
2016-09-26 20:58:16,992 DEBUG [mondrian.mdx] 175494: select NON EMPTY Hierarchize(Union(Crossjoin({[Commune de residence.CNERES_Hierarchie_intercommunale].[CENTRE].[Pays des Châteaux].[AGGLOPOLYS]}, {[Measures].[Nombre total d'individus]}), Union(Crossjoin({[Commune de residence.CNERES_Hierarchie_intercommunale].[CENTRE].[Pays des Châteaux].[AGGLOPOLYS]}, {[Measures].[Depense trajet domicile - travail (moyenne)]}), Crossjoin({[Commune de residence.CNERES_Hierarchie_intercommunale].[CENTRE].[Pays des Châteaux].[AGGLOPOLYS]}, {[Measures].[Nombre de personnes des menages (moyenne)]})))) ON COLUMNS,
  NON EMPTY Crossjoin([Niveau d'instruction.Niveau_Instruction_Hierarchie].[Categorie 1].Members, [Type de logement.TYPLOGT_Hierarchie].[Type de logement].Members) ON ROWS
from [Cube1MobProInd]

2016-09-26 20:58:17,336 DEBUG [mondrian.mdx] 175494: exec: 344 ms
2016-09-26 20:58:18,883 DEBUG [mondrian.mdx] 175548: select NON EMPTY Hierarchize(Union(Crossjoin({[Commune de residence.CNERES_Hierarchie_intercommunale].[CENTRE].[Pays des Châteaux].[AGGLOPOLYS]}, {[Measures].[Nombre total d'individus]}), Crossjoin({[Commune de residence.CNERES_Hierarchie_intercommunale].[CENTRE].[Pays des Châteaux].[AGGLOPOLYS]}, {[Measures].[Nombre de personnes des menages (moyenne)]}))) ON COLUMNS,
  NON EMPTY Crossjoin([Niveau d'instruction.Niveau_Instruction_Hierarchie].[Categorie 1].Members, [Type de logement.TYPLOGT_Hierarchie].[Type de logement].Members) ON ROWS
from [Cube1MobProInd]

2016-09-26 20:58:18,930 DEBUG [mondrian.mdx] 175548: exec: 47 ms
2016-09-26 21:00:46,649 DEBUG [mondrian.mdx] 175606: select NON EMPTY Hierarchize(Union(Crossjoin({[Commune de residence.CNERES_Hierarchie_intercommunale].[CENTRE].[Pays des Châteaux].[AGGLOPOLYS]}, {[Measures].[Nombre total d'individus]}), Crossjoin({[Commune de residence.CNERES_Hierarchie_intercommunale].[CENTRE].[Pays des Châteaux].[AGGLOPOLYS]}, {[Measures].[Nombre de personnes des menages (moyenne)]}))) ON COLUMNS,
  NON EMPTY Hierarchize(Union(Crossjoin([Niveau d'instruction.Niveau_Instruction_Hierarchie].[Categorie 1].Members, [Type de logement.TYPLOGT_Hierarchie].[Type de logement].Members), Crossjoin([Niveau d'instruction.Niveau_Instruction_Hierarchie].[Categorie 1].Members, [Type de logement.TYPLOGT_Hierarchie].[Type regroupe].Members))) ON ROWS
from [Cube1MobProInd]

2016-09-26 21:00:46,821 DEBUG [mondrian.mdx] 175606: exec: 172 ms
2016-09-26 21:00:51,508 DEBUG [mondrian.mdx] 175693: select NON EMPTY Hierarchize(Union(Crossjoin({[Commune de residence.CNERES_Hierarchie_intercommunale].[CENTRE].[Pays des Châteaux].[AGGLOPOLYS]}, {[Measures].[Nombre total d'individus]}), Crossjoin({[Commune de residence.CNERES_Hierarchie_intercommunale].[CENTRE].[Pays des Châteaux].[AGGLOPOLYS]}, {[Measures].[Nombre de personnes des menages (moyenne)]}))) ON COLUMNS,
  NON EMPTY Crossjoin([Niveau d'instruction.Niveau_Instruction_Hierarchie].[Categorie 1].Members, [Type de logement.TYPLOGT_Hierarchie].[Type regroupe].Members) ON ROWS
from [Cube1MobProInd]

2016-09-26 21:00:51,571 DEBUG [mondrian.mdx] 175693: exec: 63 ms
2016-09-26 21:00:53,961 DEBUG [mondrian.mdx] 175741: select NON EMPTY Hierarchize(Union(Crossjoin({[Commune de residence.CNERES_Hierarchie_intercommunale].[CENTRE].[Pays des Châteaux].[AGGLOPOLYS]}, {[Measures].[Nombre total d'individus]}), Crossjoin({[Commune de residence.CNERES_Hierarchie_intercommunale].[CENTRE].[Pays des Châteaux].[AGGLOPOLYS]}, {[Measures].[Nombre de personnes des menages (moyenne)]}))) ON COLUMNS,
  NON EMPTY Hierarchize(Union(Crossjoin([Niveau d'instruction.Niveau_Instruction_Hierarchie].[Categorie 1].Members, [Type de logement.TYPLOGT_Hierarchie].[Type regroupe].Members), Crossjoin([Niveau d'instruction.Niveau_Instruction_Hierarchie].[Categorie 1].Members, {[Type de logement.TYPLOGT_Hierarchie].[tous les types confondus]}))) ON ROWS
from [Cube1MobProInd]

2016-09-26 21:00:54,039 DEBUG [mondrian.mdx] 175741: exec: 78 ms
2016-09-26 21:00:57,914 DEBUG [mondrian.mdx] 175794: select NON EMPTY Hierarchize(Union(Crossjoin({[Commune de residence.CNERES_Hierarchie_intercommunale].[CENTRE].[Pays des Châteaux].[AGGLOPOLYS]}, {[Measures].[Nombre total d'individus]}), Crossjoin({[Commune de residence.CNERES_Hierarchie_intercommunale].[CENTRE].[Pays des Châteaux].[AGGLOPOLYS]}, {[Measures].[Nombre de personnes des menages (moyenne)]}))) ON COLUMNS,
  NON EMPTY Crossjoin([Niveau d'instruction.Niveau_Instruction_Hierarchie].[Categorie 1].Members, {[Type de logement.TYPLOGT_Hierarchie].[tous les types confondus]}) ON ROWS
from [Cube1MobProInd]

2016-09-26 21:00:57,977 DEBUG [mondrian.mdx] 175794: exec: 63 ms
2016-09-26 21:01:22,649 DEBUG [mondrian.mdx] 175830: select NON EMPTY Hierarchize(Union(Crossjoin({[Commune de residence.CNERES_Hierarchie_intercommunale].[CENTRE].[Pays des Châteaux].[AGGLOPOLYS]}, {[Measures].[Nombre total d'individus]}), Crossjoin({[Commune de residence.CNERES_Hierarchie_intercommunale].[CENTRE].[Pays des Châteaux].[AGGLOPOLYS]}, {[Measures].[Nombre de personnes des menages (moyenne)]}))) ON COLUMNS,
  NON EMPTY Crossjoin([Niveau d'instruction.Niveau_Instruction_Hierarchie].[Categorie 1].Members, Crossjoin({[Type de logement.TYPLOGT_Hierarchie].[tous les types confondus]}, [Sexe.Sexe_Hierarchie].[Sexe].Members)) ON ROWS
from [Cube1MobProInd]

2016-09-26 21:01:22,977 DEBUG [mondrian.mdx] 175830: exec: 328 ms
2016-09-26 21:01:27,227 DEBUG [mondrian.mdx] 175874: select NON EMPTY Hierarchize(Union(Crossjoin({[Commune de residence.CNERES_Hierarchie_intercommunale].[CENTRE].[Pays des Châteaux].[AGGLOPOLYS]}, Crossjoin({[Measures].[Nombre total d'individus]}, [Sexe.Sexe_Hierarchie].[Sexe].Members)), Crossjoin({[Commune de residence.CNERES_Hierarchie_intercommunale].[CENTRE].[Pays des Châteaux].[AGGLOPOLYS]}, Crossjoin({[Measures].[Nombre de personnes des menages (moyenne)]}, [Sexe.Sexe_Hierarchie].[Sexe].Members)))) ON COLUMNS,
  NON EMPTY Crossjoin([Niveau d'instruction.Niveau_Instruction_Hierarchie].[Categorie 1].Members, {[Type de logement.TYPLOGT_Hierarchie].[tous les types confondus]}) ON ROWS
from [Cube1MobProInd]

2016-09-26 21:01:27,461 DEBUG [mondrian.mdx] 175874: exec: 234 ms
2016-09-26 21:01:36,758 DEBUG [mondrian.mdx] 175924: select NON EMPTY Hierarchize(Union(Crossjoin({[Commune de residence.CNERES_Hierarchie_intercommunale].[CENTRE].[Pays des Châteaux].[AGGLOPOLYS]}, Crossjoin({[Measures].[Nombre total d'individus]}, [Sexe.Sexe_Hierarchie].[Sexe].Members)), Crossjoin({[Commune de residence.CNERES_Hierarchie_intercommunale].[CENTRE].[Pays des Châteaux].[AGGLOPOLYS]}, Crossjoin({[Measures].[Nombre de personnes des menages (moyenne)]}, [Sexe.Sexe_Hierarchie].[Sexe].Members)))) ON COLUMNS,
  NON EMPTY Hierarchize(Union(Crossjoin([Niveau d'instruction.Niveau_Instruction_Hierarchie].[Categorie 1].Members, {[Type de logement.TYPLOGT_Hierarchie].[tous les types confondus]}), Crossjoin([Niveau d'instruction.Niveau_Instruction_Hierarchie].[Categorie 1].Members, [Type de logement.TYPLOGT_Hierarchie].[Type de logement].Members))) ON ROWS
from [Cube1MobProInd]

2016-09-26 21:01:37,227 DEBUG [mondrian.mdx] 175924: exec: 469 ms
2016-09-26 21:01:42,321 DEBUG [mondrian.mdx] 176040: select NON EMPTY Hierarchize(Union(Crossjoin({[Commune de residence.CNERES_Hierarchie_intercommunale].[CENTRE].[Pays des Châteaux].[AGGLOPOLYS]}, Crossjoin({[Measures].[Nombre total d'individus]}, [Sexe.Sexe_Hierarchie].[Sexe].Members)), Crossjoin({[Commune de residence.CNERES_Hierarchie_intercommunale].[CENTRE].[Pays des Châteaux].[AGGLOPOLYS]}, Crossjoin({[Measures].[Nombre de personnes des menages (moyenne)]}, [Sexe.Sexe_Hierarchie].[Sexe].Members)))) ON COLUMNS,
  NON EMPTY Crossjoin([Niveau d'instruction.Niveau_Instruction_Hierarchie].[Categorie 1].Members, [Type de logement.TYPLOGT_Hierarchie].[Type de logement].Members) ON ROWS
from [Cube1MobProInd]

2016-09-26 21:01:42,477 DEBUG [mondrian.mdx] 176040: exec: 156 ms
2016-09-26 21:03:44,186 DEBUG [mondrian.mdx] 176108: select NON EMPTY Hierarchize(Union(Crossjoin({[Commune de residence.CNERES_Hierarchie_intercommunale].[CENTRE].[Pays des Châteaux].[AGGLOPOLYS]}, Crossjoin({[Measures].[Nombre total d'individus]}, [Sexe.Sexe_Hierarchie].[Sexe].Members)), Crossjoin({[Commune de residence.CNERES_Hierarchie_intercommunale].[CENTRE].[Pays des Châteaux].[AGGLOPOLYS]}, Crossjoin({[Measures].[Nombre de personnes des menages (moyenne)]}, [Sexe.Sexe_Hierarchie].[Sexe].Members)))) ON COLUMNS,
  NON EMPTY Crossjoin([Niveau d'instruction.Niveau_Instruction_Hierarchie].[Categorie 1].Members, Crossjoin([Type de logement.TYPLOGT_Hierarchie].[Type de logement].Members, [Statut d'emploi.STATEMPL_Hierarchie].[Statut d'emploi de niveau 1].Members)) ON ROWS
from [Cube1MobProInd]

2016-09-26 21:03:44,873 DEBUG [mondrian.mdx] 176108: exec: 687 ms
2016-09-26 21:03:46,170 DEBUG [mondrian.mdx] 176210: select NON EMPTY Hierarchize(Union(Crossjoin({[Commune de residence.CNERES_Hierarchie_intercommunale].[CENTRE].[Pays des Châteaux].[AGGLOPOLYS]}, Crossjoin({[Measures].[Nombre total d'individus]}, [Sexe.Sexe_Hierarchie].[Sexe].Members)), Crossjoin({[Commune de residence.CNERES_Hierarchie_intercommunale].[CENTRE].[Pays des Châteaux].[AGGLOPOLYS]}, Crossjoin({[Measures].[Nombre de personnes des menages (moyenne)]}, [Sexe.Sexe_Hierarchie].[Sexe].Members)))) ON COLUMNS,
  NON EMPTY Crossjoin([Niveau d'instruction.Niveau_Instruction_Hierarchie].[Categorie 1].Members, [Type de logement.TYPLOGT_Hierarchie].[Type de logement].Members) ON ROWS
from [Cube1MobProInd]
where {[Statut d'emploi.STATEMPL_Hierarchie].[Statut d'emploi de niveau 1].Members}

2016-09-26 21:03:46,733 DEBUG [mondrian.mdx] 176210: exec: 563 ms
2016-09-26 21:03:51,885 DEBUG [mondrian.mdx] 176287: select NON EMPTY Hierarchize(Union(Crossjoin({[Commune de residence.CNERES_Hierarchie_intercommunale].[CENTRE].[Pays des Châteaux].[AGGLOPOLYS]}, Crossjoin({[Measures].[Nombre total d'individus]}, [Sexe.Sexe_Hierarchie].[Sexe].Members)), Crossjoin({[Commune de residence.CNERES_Hierarchie_intercommunale].[CENTRE].[Pays des Châteaux].[AGGLOPOLYS]}, Crossjoin({[Measures].[Nombre de personnes des menages (moyenne)]}, [Sexe.Sexe_Hierarchie].[Sexe].Members)))) ON COLUMNS,
  NON EMPTY Crossjoin([Niveau d'instruction.Niveau_Instruction_Hierarchie].[Categorie 1].Members, [Type de logement.TYPLOGT_Hierarchie].[Type de logement].Members) ON ROWS
from [Cube1MobProInd]
where {[Statut d'emploi.STATEMPL_Hierarchie].[Statut d'emploi de niveau 1].Members}

2016-09-26 21:03:51,956 DEBUG [mondrian.mdx] 176287: exec: 71 ms
2016-09-26 21:04:18,499 DEBUG [mondrian.mdx] 176374: select NON EMPTY Hierarchize(Union(Crossjoin({[Commune de residence.CNERES_Hierarchie_intercommunale].[CENTRE].[Pays des Châteaux].[AGGLOPOLYS]}, Crossjoin({[Measures].[Nombre total d'individus]}, [Sexe.Sexe_Hierarchie].[Sexe].Members)), Crossjoin({[Commune de residence.CNERES_Hierarchie_intercommunale].[CENTRE].[Pays des Châteaux].[AGGLOPOLYS]}, Crossjoin({[Measures].[Nombre de personnes des menages (moyenne)]}, [Sexe.Sexe_Hierarchie].[Sexe].Members)))) ON COLUMNS,
  NON EMPTY Hierarchize(Union(Crossjoin([Niveau d'instruction.Niveau_Instruction_Hierarchie].[Categorie 1].Members, {[Type de logement.TYPLOGT_Hierarchie].[Maison].[Maison]}), Union(Crossjoin([Niveau d'instruction.Niveau_Instruction_Hierarchie].[Categorie 1].Members, {[Type de logement.TYPLOGT_Hierarchie].[Appartement].[Appartement]}), Crossjoin([Niveau d'instruction.Niveau_Instruction_Hierarchie].[Categorie 1].Members, {[Type de logement.TYPLOGT_Hierarchie].[Autres].[Logement-foyer]})))) ON ROWS
from [Cube1MobProInd]
where {[Statut d'emploi.STATEMPL_Hierarchie].[Statut d'emploi de niveau 1].Members}

2016-09-26 21:04:18,890 DEBUG [mondrian.mdx] 176374: exec: 374 ms

-----------------------------