----------------------------------------------------------------------------------------------------
----- dibstudent03, Ophelie, groupe1
----- Cube mobpro
----- Relation sexe et categorie socio-prof
----- Analyse 2 listé par l'étudiant
----------------------------------------------------------------------------------------------------

2016-09-25 15:56:26,197 DEBUG [mondrian.mdx] 63553: select NON EMPTY {Hierarchize({[Sexe.Sexe_Hierarchie].[Sexe].Members})} ON COLUMNS,
  NON EMPTY {Hierarchize({{[Nature l'activite economique.NATACTECO_Hierarchie].[Commerce, transports et services divers], [Nature l'activite economique.NATACTECO_Hierarchie].[Administration publique, enseignement, santé humaine et action sociale], [Nature l'activite economique.NATACTECO_Hierarchie].[Agriculture, sylviculture et pêche], [Nature l'activite economique.NATACTECO_Hierarchie].[Construction], [Nature l'activite economique.NATACTECO_Hierarchie].[Industrie manufacturière, industries extractives  et autres]}})} ON ROWS
from [Cube1MobProInd]

2016-09-25 15:56:26,244 DEBUG [mondrian.mdx] 63553: exec: 47 ms
2016-09-25 15:56:27,197 DEBUG [mondrian.mdx] 63596: select NON EMPTY {Hierarchize({[Sexe.Sexe_Hierarchie].[Sexe].Members})} ON COLUMNS,
  NON EMPTY {Hierarchize({{[Nature l'activite economique.NATACTECO_Hierarchie].[Commerce, transports et services divers], [Nature l'activite economique.NATACTECO_Hierarchie].[Administration publique, enseignement, santé humaine et action sociale], [Nature l'activite economique.NATACTECO_Hierarchie].[Agriculture, sylviculture et pêche], [Nature l'activite economique.NATACTECO_Hierarchie].[Construction], [Nature l'activite economique.NATACTECO_Hierarchie].[Industrie manufacturière, industries extractives  et autres]}})} ON ROWS
from [Cube1MobProInd]

2016-09-25 15:56:27,212 DEBUG [mondrian.mdx] 63596: exec: 15 ms
2016-09-25 15:59:28,994 DEBUG [mondrian.mdx] 63637: select NON EMPTY {Hierarchize({[Sexe.Sexe_Hierarchie].[Sexe].Members})} ON COLUMNS,
  NON EMPTY {Hierarchize({[Categorie socioprofessionnelle.CSP_Hierarchie_1].[CSP1].Members})} ON ROWS
from [Cube1MobProInd]

2016-09-25 15:59:29,040 DEBUG [mondrian.mdx] 63637: exec: 46 ms
2016-09-25 15:59:53,212 DEBUG [mondrian.mdx] 63676: select NON EMPTY {Hierarchize({[Sexe.Sexe_Hierarchie].[Sexe].Members})} ON COLUMNS,
  NON EMPTY Crossjoin([Categorie socioprofessionnelle.CSP_Hierarchie_1].[CSP1].Members, {[Measures].[Nombre total d'individus]}) ON ROWS
from [Cube1MobProInd]

2016-09-25 15:59:53,244 DEBUG [mondrian.mdx] 63676: exec: 32 ms
2016-09-25 15:59:55,040 DEBUG [mondrian.mdx] 63689: select NON EMPTY Crossjoin({[Measures].[Nombre total d'individus]}, [Sexe.Sexe_Hierarchie].[Sexe].Members) ON COLUMNS,
  NON EMPTY {Hierarchize({[Categorie socioprofessionnelle.CSP_Hierarchie_1].[CSP1].Members})} ON ROWS
from [Cube1MobProInd]

2016-09-25 15:59:55,056 DEBUG [mondrian.mdx] 63689: exec: 16 ms
2016-09-25 15:59:56,306 DEBUG [mondrian.mdx] 63701: select NON EMPTY {Hierarchize({[Sexe.Sexe_Hierarchie].[Sexe].Members})} ON COLUMNS,
  NON EMPTY {Hierarchize({[Categorie socioprofessionnelle.CSP_Hierarchie_1].[CSP1].Members})} ON ROWS
from [Cube1MobProInd]

2016-09-25 15:59:56,322 DEBUG [mondrian.mdx] 63701: exec: 16 ms
2016-09-25 16:00:14,369 DEBUG [mondrian.mdx] 63740: select NON EMPTY Crossjoin([Sexe.Sexe_Hierarchie].[Sexe].Members, {[Measures].[Nombre de personnes scolarisees de plus de 14 ans (max)]}) ON COLUMNS,
  NON EMPTY {Hierarchize({[Categorie socioprofessionnelle.CSP_Hierarchie_1].[CSP1].Members})} ON ROWS
from [Cube1MobProInd]

2016-09-25 16:00:14,525 DEBUG [mondrian.mdx] 63740: exec: 156 ms
2016-09-25 16:00:27,322 DEBUG [mondrian.mdx] 63763: select NON EMPTY {Hierarchize({[Sexe.Sexe_Hierarchie].[Sexe].Members})} ON COLUMNS,
  NON EMPTY {Hierarchize({[Categorie socioprofessionnelle.CSP_Hierarchie_1].[CSP1].Members})} ON ROWS
from [Cube1MobProInd]

2016-09-25 16:00:27,322 DEBUG [mondrian.mdx] 63763: exec: 0 ms
2016-09-25 16:00:37,087 DEBUG [mondrian.mdx] 63802: select NON EMPTY Crossjoin([Sexe.Sexe_Hierarchie].[Sexe].Members, {[Measures].[Depense trajet domicile - travail (moyenne)]}) ON COLUMNS,
  NON EMPTY {Hierarchize({[Categorie socioprofessionnelle.CSP_Hierarchie_1].[CSP1].Members})} ON ROWS
from [Cube1MobProInd]

2016-09-25 16:00:37,228 DEBUG [mondrian.mdx] 63802: exec: 141 ms
2016-09-25 16:00:54,400 DEBUG [mondrian.mdx] 63831: select NON EMPTY Hierarchize(Union(Crossjoin([Sexe.Sexe_Hierarchie].[Sexe].Members, {[Measures].[Depense trajet domicile - travail (moyenne)]}), Crossjoin([Sexe.Sexe_Hierarchie].[Sexe].Members, {[Measures].[Nombre de voitures des menages (moyenne)]}))) ON COLUMNS,
  NON EMPTY {Hierarchize({[Categorie socioprofessionnelle.CSP_Hierarchie_1].[CSP1].Members})} ON ROWS
from [Cube1MobProInd]

2016-09-25 16:00:54,525 DEBUG [mondrian.mdx] 63831: exec: 125 ms
2016-09-25 16:00:58,384 DEBUG [mondrian.mdx] 63858: select NON EMPTY Crossjoin([Sexe.Sexe_Hierarchie].[Sexe].Members, {[Measures].[Nombre de voitures des menages (moyenne)]}) ON COLUMNS,
  NON EMPTY {Hierarchize({[Categorie socioprofessionnelle.CSP_Hierarchie_1].[CSP1].Members})} ON ROWS
from [Cube1MobProInd]

2016-09-25 16:00:58,415 DEBUG [mondrian.mdx] 63858: exec: 31 ms
2016-09-25 16:01:08,712 DEBUG [mondrian.mdx] 63881: select NON EMPTY {Hierarchize({[Sexe.Sexe_Hierarchie].[Sexe].Members})} ON COLUMNS,
  NON EMPTY {Hierarchize({[Categorie socioprofessionnelle.CSP_Hierarchie_1].[CSP1].Members})} ON ROWS
from [Cube1MobProInd]

2016-09-25 16:01:08,728 DEBUG [mondrian.mdx] 63881: exec: 16 ms
2016-09-25 16:01:30,197 DEBUG [mondrian.mdx] 63920: select NON EMPTY Crossjoin([Sexe.Sexe_Hierarchie].[Sexe].Members, {[Measures].[Distance trajet domicile - travail (moyenne)]}) ON COLUMNS,
  NON EMPTY {Hierarchize({[Categorie socioprofessionnelle.CSP_Hierarchie_1].[CSP1].Members})} ON ROWS
from [Cube1MobProInd]

2016-09-25 16:01:30,306 DEBUG [mondrian.mdx] 63920: exec: 109 ms
2016-09-25 16:01:36,384 DEBUG [mondrian.mdx] 63949: select NON EMPTY Hierarchize(Union(Crossjoin([Sexe.Sexe_Hierarchie].[Sexe].Members, {[Measures].[Distance trajet domicile - travail (moyenne)]}), Crossjoin([Sexe.Sexe_Hierarchie].[Sexe].Members, {[Measures].[Nombre total d'individus]}))) ON COLUMNS,
  NON EMPTY {Hierarchize({[Categorie socioprofessionnelle.CSP_Hierarchie_1].[CSP1].Members})} ON ROWS
from [Cube1MobProInd]

2016-09-25 16:01:36,415 DEBUG [mondrian.mdx] 63949: exec: 31 ms
2016-09-25 16:01:41,181 DEBUG [mondrian.mdx] 63979: select NON EMPTY {Hierarchize({[Sexe.Sexe_Hierarchie].[Sexe].Members})} ON COLUMNS,
  NON EMPTY Hierarchize(Union(Crossjoin({[Measures].[Distance trajet domicile - travail (moyenne)]}, [Categorie socioprofessionnelle.CSP_Hierarchie_1].[CSP1].Members), Crossjoin({[Measures].[Nombre total d'individus]}, [Categorie socioprofessionnelle.CSP_Hierarchie_1].[CSP1].Members))) ON ROWS
from [Cube1MobProInd]

2016-09-25 16:01:41,290 DEBUG [mondrian.mdx] 63979: exec: 109 ms
2016-09-25 16:01:43,806 DEBUG [mondrian.mdx] 64011: select NON EMPTY Crossjoin([Categorie socioprofessionnelle.CSP_Hierarchie_1].[CSP1].Members, [Sexe.Sexe_Hierarchie].[Sexe].Members) ON COLUMNS,
  NON EMPTY {Hierarchize({{[Measures].[Distance trajet domicile - travail (moyenne)], [Measures].[Nombre total d'individus]}})} ON ROWS
from [Cube1MobProInd]

2016-09-25 16:01:43,947 DEBUG [mondrian.mdx] 64011: exec: 141 ms
2016-09-25 16:01:45,790 DEBUG [mondrian.mdx] 64055: select NON EMPTY {Hierarchize({[Categorie socioprofessionnelle.CSP_Hierarchie_1].[CSP1].Members})} ON COLUMNS,
  NON EMPTY Hierarchize(Union(Crossjoin({[Measures].[Distance trajet domicile - travail (moyenne)]}, [Sexe.Sexe_Hierarchie].[Sexe].Members), Crossjoin({[Measures].[Nombre total d'individus]}, [Sexe.Sexe_Hierarchie].[Sexe].Members))) ON ROWS
from [Cube1MobProInd]

2016-09-25 16:01:45,837 DEBUG [mondrian.mdx] 64055: exec: 47 ms
2016-09-25 16:01:48,275 DEBUG [mondrian.mdx] 64083: select NON EMPTY Crossjoin([Sexe.Sexe_Hierarchie].[Sexe].Members, [Categorie socioprofessionnelle.CSP_Hierarchie_1].[CSP1].Members) ON COLUMNS,
  NON EMPTY {Hierarchize({{[Measures].[Distance trajet domicile - travail (moyenne)], [Measures].[Nombre total d'individus]}})} ON ROWS
from [Cube1MobProInd]

2016-09-25 16:01:48,400 DEBUG [mondrian.mdx] 64083: exec: 125 ms
2016-09-25 16:01:50,337 DEBUG [mondrian.mdx] 64127: select NON EMPTY {Hierarchize({[Categorie socioprofessionnelle.CSP_Hierarchie_1].[CSP1].Members})} ON COLUMNS,
  NON EMPTY Hierarchize(Union(Crossjoin({[Measures].[Distance trajet domicile - travail (moyenne)]}, [Sexe.Sexe_Hierarchie].[Sexe].Members), Crossjoin({[Measures].[Nombre total d'individus]}, [Sexe.Sexe_Hierarchie].[Sexe].Members))) ON ROWS
from [Cube1MobProInd]

2016-09-25 16:01:50,369 DEBUG [mondrian.mdx] 64127: exec: 32 ms
2016-09-25 16:02:43,931 DEBUG [mondrian.mdx] 64159: select NON EMPTY Order({Hierarchize({[Categorie socioprofessionnelle.CSP_Hierarchie_1].[CSP1].Members})}, [Measures].[Distance trajet domicile - travail (moyenne)], BASC) ON COLUMNS,
  NON EMPTY Hierarchize(Union(Crossjoin({[Measures].[Distance trajet domicile - travail (moyenne)]}, [Sexe.Sexe_Hierarchie].[Sexe].Members), Crossjoin({[Measures].[Nombre total d'individus]}, [Sexe.Sexe_Hierarchie].[Sexe].Members))) ON ROWS
from [Cube1MobProInd]

2016-09-25 16:02:43,978 DEBUG [mondrian.mdx] 64159: exec: 47 ms
2016-09-25 16:04:20,884 DEBUG [mondrian.mdx] 64196: select NON EMPTY Order({Hierarchize({[Categorie socioprofessionnelle.CSP_Hierarchie_1].[CSP1].Members})}, [Measures].[Distance trajet domicile - travail (moyenne)], BASC) ON COLUMNS,
  NON EMPTY Hierarchize(Union(Crossjoin({[Measures].[Distance trajet domicile - travail (moyenne)]}, [Sexe.Sexe_Hierarchie].[Sexe].Members), Union(Crossjoin({[Measures].[Nombre total d'individus]}, [Sexe.Sexe_Hierarchie].[Sexe].Members), Crossjoin({[Measures].[Duree trajet domicile - travail (moyenne)]}, [Sexe.Sexe_Hierarchie].[Sexe].Members)))) ON ROWS
from [Cube1MobProInd]

2016-09-25 16:04:20,931 DEBUG [mondrian.mdx] 64196: exec: 47 ms
2016-09-25 16:04:59,884 DEBUG [mondrian.mdx] 64242: select NON EMPTY Order({Hierarchize({[Categorie socioprofessionnelle.CSP_Hierarchie_1].[CSP1].Members})}, [Measures].[Distance trajet domicile - travail (moyenne)], BASC) ON COLUMNS,
  NON EMPTY Hierarchize(Union(Crossjoin({[Measures].[Distance trajet domicile - travail (moyenne)]}, Crossjoin([Sexe.Sexe_Hierarchie].[Sexe].Members, [Mode de transport.MODTRANS_Hierarchie].[Mode de transport].Members)), Union(Crossjoin({[Measures].[Nombre total d'individus]}, Crossjoin([Sexe.Sexe_Hierarchie].[Sexe].Members, [Mode de transport.MODTRANS_Hierarchie].[Mode de transport].Members)), Crossjoin({[Measures].[Duree trajet domicile - travail (moyenne)]}, Crossjoin([Sexe.Sexe_Hierarchie].[Sexe].Members, [Mode de transport.MODTRANS_Hierarchie].[Mode de transport].Members))))) ON ROWS
from [Cube1MobProInd]

2016-09-25 16:05:00,353 DEBUG [mondrian.mdx] 64242: exec: 469 ms
2016-09-25 16:05:03,681 DEBUG [mondrian.mdx] 64330: select NON EMPTY Order(Crossjoin([Mode de transport.MODTRANS_Hierarchie].[Mode de transport].Members, [Categorie socioprofessionnelle.CSP_Hierarchie_1].[CSP1].Members), [Measures].[Distance trajet domicile - travail (moyenne)], BASC) ON COLUMNS,
  NON EMPTY Hierarchize(Union(Crossjoin({[Measures].[Distance trajet domicile - travail (moyenne)]}, [Sexe.Sexe_Hierarchie].[Sexe].Members), Union(Crossjoin({[Measures].[Nombre total d'individus]}, [Sexe.Sexe_Hierarchie].[Sexe].Members), Crossjoin({[Measures].[Duree trajet domicile - travail (moyenne)]}, [Sexe.Sexe_Hierarchie].[Sexe].Members)))) ON ROWS
from [Cube1MobProInd]

2016-09-25 16:05:04,040 DEBUG [mondrian.mdx] 64330: exec: 359 ms
2016-09-25 16:05:19,134 DEBUG [mondrian.mdx] 64434: select NON EMPTY Order(Crossjoin([Mode de transport.MODTRANS_Hierarchie].[Mode de transport].Members, [Categorie socioprofessionnelle.CSP_Hierarchie_1].[CSP1].Members), [Measures].[Distance trajet domicile - travail (moyenne)], BASC) ON COLUMNS,
  NON EMPTY Hierarchize(Union(Crossjoin({[Measures].[Distance trajet domicile - travail (moyenne)]}, [Sexe.Sexe_Hierarchie].[Sexe].Members), Union(Crossjoin({[Measures].[Nombre total d'individus]}, [Sexe.Sexe_Hierarchie].[Sexe].Members), Crossjoin({[Measures].[Duree trajet domicile - travail (moyenne)]}, [Sexe.Sexe_Hierarchie].[Sexe].Members)))) ON ROWS
from [Cube1MobProInd]

2016-09-25 16:05:19,181 DEBUG [mondrian.mdx] 64434: exec: 47 ms
2016-09-25 16:05:20,478 DEBUG [mondrian.mdx] 64530: select NON EMPTY Order({Hierarchize({[Categorie socioprofessionnelle.CSP_Hierarchie_1].[CSP1].Members})}, [Measures].[Distance trajet domicile - travail (moyenne)], BASC) ON COLUMNS,
  NON EMPTY Hierarchize(Union(Crossjoin({[Measures].[Distance trajet domicile - travail (moyenne)]}, [Sexe.Sexe_Hierarchie].[Sexe].Members), Union(Crossjoin({[Measures].[Nombre total d'individus]}, [Sexe.Sexe_Hierarchie].[Sexe].Members), Crossjoin({[Measures].[Duree trajet domicile - travail (moyenne)]}, [Sexe.Sexe_Hierarchie].[Sexe].Members)))) ON ROWS
from [Cube1MobProInd]

2016-09-25 16:05:20,525 DEBUG [mondrian.mdx] 64530: exec: 47 ms
2016-09-25 16:05:47,853 DEBUG [mondrian.mdx] 64565: select NON EMPTY Order({Hierarchize({[Categorie socioprofessionnelle.CSP_Hierarchie_1].[CSP1].Members})}, [Measures].[Distance trajet domicile - travail (moyenne)], BASC) ON COLUMNS,
  NON EMPTY Hierarchize(Union(Crossjoin({[Measures].[Distance trajet domicile - travail (moyenne)]}, [Sexe.Sexe_Hierarchie].[Sexe].Members), Crossjoin({[Measures].[Nombre total d'individus]}, [Sexe.Sexe_Hierarchie].[Sexe].Members))) ON ROWS
from [Cube1MobProInd]

2016-09-25 16:05:47,884 DEBUG [mondrian.mdx] 64565: exec: 31 ms
2016-09-25 16:05:50,790 DEBUG [mondrian.mdx] 64603: select NON EMPTY Order({Hierarchize({[Categorie socioprofessionnelle.CSP_Hierarchie_1].[CSP1].Members})}, [Measures].[Distance trajet domicile - travail (moyenne)], BASC) ON COLUMNS,
  NON EMPTY Hierarchize(Union(Crossjoin({[Measures].[Distance trajet domicile - travail (moyenne)]}, Crossjoin([Sexe.Sexe_Hierarchie].[Sexe].Members, [Mode de transport.MODTRANS_Hierarchie].[Mode de transport].Members)), Crossjoin({[Measures].[Nombre total d'individus]}, Crossjoin([Sexe.Sexe_Hierarchie].[Sexe].Members, [Mode de transport.MODTRANS_Hierarchie].[Mode de transport].Members)))) ON ROWS
from [Cube1MobProInd]

2016-09-25 16:05:50,837 DEBUG [mondrian.mdx] 64603: exec: 47 ms
2016-09-25 16:05:55,650 DEBUG [mondrian.mdx] 64685: select NON EMPTY Order({Hierarchize({[Categorie socioprofessionnelle.CSP_Hierarchie_1].[CSP1].Members})}, [Measures].[Distance trajet domicile - travail (moyenne)], BASC) ON COLUMNS,
  NON EMPTY Hierarchize(Union(Crossjoin({[Measures].[Distance trajet domicile - travail (moyenne)]}, Crossjoin([Sexe.Sexe_Hierarchie].[Sexe].Members, [Mode de transport.MODTRANS_Hierarchie].[Mode de transport].Members)), Crossjoin({[Measures].[Nombre total d'individus]}, Crossjoin([Sexe.Sexe_Hierarchie].[Sexe].Members, [Mode de transport.MODTRANS_Hierarchie].[Mode de transport].Members)))) ON ROWS
from [Cube1MobProInd]

2016-09-25 16:05:55,681 DEBUG [mondrian.mdx] 64685: exec: 31 ms
2016-09-25 16:05:56,837 DEBUG [mondrian.mdx] 64757: select NON EMPTY Order({Hierarchize({[Categorie socioprofessionnelle.CSP_Hierarchie_1].[CSP1].Members})}, [Measures].[Distance trajet domicile - travail (moyenne)], BASC) ON COLUMNS,
  NON EMPTY Hierarchize(Union(Crossjoin({[Measures].[Distance trajet domicile - travail (moyenne)]}, [Sexe.Sexe_Hierarchie].[Sexe].Members), Crossjoin({[Measures].[Nombre total d'individus]}, [Sexe.Sexe_Hierarchie].[Sexe].Members))) ON ROWS
from [Cube1MobProInd]

2016-09-25 16:05:56,853 DEBUG [mondrian.mdx] 64757: exec: 16 ms
2016-09-25 16:05:57,712 DEBUG [mondrian.mdx] 64795: select NON EMPTY Order({Hierarchize({[Categorie socioprofessionnelle.CSP_Hierarchie_1].[CSP1].Members})}, [Measures].[Distance trajet domicile - travail (moyenne)], BASC) ON COLUMNS,
  NON EMPTY Hierarchize(Union(Crossjoin({[Measures].[Distance trajet domicile - travail (moyenne)]}, Crossjoin([Sexe.Sexe_Hierarchie].[Sexe].Members, [Mode de transport.MODTRANS_Hierarchie].[Categorie].Members)), Crossjoin({[Measures].[Nombre total d'individus]}, Crossjoin([Sexe.Sexe_Hierarchie].[Sexe].Members, [Mode de transport.MODTRANS_Hierarchie].[Categorie].Members)))) ON ROWS
from [Cube1MobProInd]

2016-09-25 16:05:57,869 DEBUG [mondrian.mdx] 64795: exec: 157 ms
2016-09-25 16:06:01,619 DEBUG [mondrian.mdx] 64861: select NON EMPTY Order({Hierarchize({[Categorie socioprofessionnelle.CSP_Hierarchie_1].[CSP1].Members})}, [Measures].[Distance trajet domicile - travail (moyenne)], BASC) ON COLUMNS,
  NON EMPTY Hierarchize(Union(Crossjoin({[Measures].[Distance trajet domicile - travail (moyenne)]}, Crossjoin([Sexe.Sexe_Hierarchie].[Sexe].Members, [Mode de transport.MODTRANS_Hierarchie].[Categorie].Members)), Crossjoin({[Measures].[Nombre total d'individus]}, Crossjoin([Sexe.Sexe_Hierarchie].[Sexe].Members, [Mode de transport.MODTRANS_Hierarchie].[Categorie].Members)))) ON ROWS
from [Cube1MobProInd]

2016-09-25 16:06:01,681 DEBUG [mondrian.mdx] 64861: exec: 62 ms
2016-09-25 16:06:08,244 DEBUG [mondrian.mdx] 64956: select NON EMPTY Order({Hierarchize({[Categorie socioprofessionnelle.CSP_Hierarchie_1].[CSP1].Members})}, [Measures].[Distance trajet domicile - travail (moyenne)], BASC) ON COLUMNS,
  NON EMPTY Hierarchize(Union(Crossjoin({[Measures].[Distance trajet domicile - travail (moyenne)]}, Crossjoin([Sexe.Sexe_Hierarchie].[Sexe].Members, {[Mode de transport.MODTRANS_Hierarchie].[Pas de transport]})), Union(Crossjoin({[Measures].[Distance trajet domicile - travail (moyenne)]}, Crossjoin([Sexe.Sexe_Hierarchie].[Sexe].Members, {[Mode de transport.MODTRANS_Hierarchie].[Modes personnels]})), Union(Crossjoin({[Measures].[Distance trajet domicile - travail (moyenne)]}, Crossjoin([Sexe.Sexe_Hierarchie].[Sexe].Members, {[Mode de transport.MODTRANS_Hierarchie].[Transports en commun]})), Union(Crossjoin({[Measures].[Nombre total d'individus]}, Crossjoin([Sexe.Sexe_Hierarchie].[Sexe].Members, {[Mode de transport.MODTRANS_Hierarchie].[Pas de transport]})), Union(Crossjoin({[Measures].[Nombre total d'individus]}, Crossjoin([Sexe.Sexe_Hierarchie].[Sexe].Members, {[Mode de transport.MODTRANS_Hierarchie].[Modes personnels]})), Crossjoin({[Measures].[Nombre total d'individus]}, Crossjoin([Sexe.Sexe_Hierarchie].[Sexe].Members, {[Mode de transport.MODTRANS_Hierarchie].[Transports en commun]})))))))) ON ROWS
from [Cube1MobProInd]

2016-09-25 16:06:08,509 DEBUG [mondrian.mdx] 64956: exec: 265 ms
2016-09-25 16:06:33,634 DEBUG [mondrian.mdx] 65021: select NON EMPTY Order({Hierarchize({[Categorie socioprofessionnelle.CSP_Hierarchie_1].[CSP1].Members})}, [Measures].[Distance trajet domicile - travail (moyenne)], BASC) ON COLUMNS,
  NON EMPTY Hierarchize(Union(Crossjoin({[Measures].[Nombre total d'individus]}, Crossjoin([Sexe.Sexe_Hierarchie].[Sexe].Members, {[Mode de transport.MODTRANS_Hierarchie].[Pas de transport]})), Union(Crossjoin({[Measures].[Nombre total d'individus]}, Crossjoin([Sexe.Sexe_Hierarchie].[Sexe].Members, {[Mode de transport.MODTRANS_Hierarchie].[Modes personnels]})), Crossjoin({[Measures].[Nombre total d'individus]}, Crossjoin([Sexe.Sexe_Hierarchie].[Sexe].Members, {[Mode de transport.MODTRANS_Hierarchie].[Transports en commun]}))))) ON ROWS
from [Cube1MobProInd]

2016-09-25 16:06:33,665 DEBUG [mondrian.mdx] 65021: exec: 31 ms
2016-09-25 16:06:45,931 DEBUG [mondrian.mdx] 65073: select NON EMPTY Hierarchize(Union(Crossjoin({[Measures].[Nombre total d'individus]}, Crossjoin([Sexe.Sexe_Hierarchie].[Sexe].Members, {[Mode de transport.MODTRANS_Hierarchie].[Pas de transport]})), Union(Crossjoin({[Measures].[Nombre total d'individus]}, Crossjoin([Sexe.Sexe_Hierarchie].[Sexe].Members, {[Mode de transport.MODTRANS_Hierarchie].[Modes personnels]})), Crossjoin({[Measures].[Nombre total d'individus]}, Crossjoin([Sexe.Sexe_Hierarchie].[Sexe].Members, {[Mode de transport.MODTRANS_Hierarchie].[Transports en commun]}))))) ON COLUMNS,
  NON EMPTY Order({Hierarchize({[Categorie socioprofessionnelle.CSP_Hierarchie_1].[CSP1].Members})}, [Measures].[Distance trajet domicile - travail (moyenne)], BASC) ON ROWS
from [Cube1MobProInd]

2016-09-25 16:06:45,978 DEBUG [mondrian.mdx] 65073: exec: 47 ms
2016-09-25 16:11:04,244 DEBUG [mondrian.mdx] 65129: select NON EMPTY Hierarchize(Union(Crossjoin({[Measures].[Nombre total d'individus]}, Crossjoin([Sexe.Sexe_Hierarchie].[Sexe].Members, {[Mode de transport.MODTRANS_Hierarchie].[Pas de transport]})), Union(Crossjoin({[Measures].[Nombre total d'individus]}, Crossjoin([Sexe.Sexe_Hierarchie].[Sexe].Members, {[Mode de transport.MODTRANS_Hierarchie].[Modes personnels]})), Crossjoin({[Measures].[Nombre total d'individus]}, Crossjoin([Sexe.Sexe_Hierarchie].[Sexe].Members, {[Mode de transport.MODTRANS_Hierarchie].[Transports en commun]}))))) ON COLUMNS,
  NON EMPTY Order(Crossjoin([Categorie socioprofessionnelle.CSP_Hierarchie_1].[CSP1].Members, [Type de menage.TYPMEN_Hierarchie].[Type regroupe en 4 categories].Members), [Measures].[Distance trajet domicile - travail (moyenne)], BASC) ON ROWS
from [Cube1MobProInd]

2016-09-25 16:11:04,540 DEBUG [mondrian.mdx] 65129: exec: 296 ms
2016-09-25 16:11:13,197 DEBUG [mondrian.mdx] 65239: select NON EMPTY Hierarchize(Union(Crossjoin({[Measures].[Nombre total d'individus]}, Crossjoin([Sexe.Sexe_Hierarchie].[Sexe].Members, {[Mode de transport.MODTRANS_Hierarchie].[Pas de transport]})), Union(Crossjoin({[Measures].[Nombre total d'individus]}, Crossjoin([Sexe.Sexe_Hierarchie].[Sexe].Members, {[Mode de transport.MODTRANS_Hierarchie].[Modes personnels]})), Crossjoin({[Measures].[Nombre total d'individus]}, Crossjoin([Sexe.Sexe_Hierarchie].[Sexe].Members, {[Mode de transport.MODTRANS_Hierarchie].[Transports en commun]}))))) ON COLUMNS,
  NON EMPTY Order({Hierarchize({[Type de menage.TYPMEN_Hierarchie].[Type regroupe en 4 categories].Members})}, [Measures].[Distance trajet domicile - travail (moyenne)], BASC) ON ROWS
from [Cube1MobProInd]

2016-09-25 16:11:13,478 DEBUG [mondrian.mdx] 65239: exec: 281 ms
2016-09-25 16:11:26,415 DEBUG [mondrian.mdx] 65294: select NON EMPTY Hierarchize(Union(Crossjoin({[Measures].[Nombre total d'individus]}, Crossjoin([Sexe.Sexe_Hierarchie].[Sexe].Members, {[Mode de transport.MODTRANS_Hierarchie].[Pas de transport]})), Union(Crossjoin({[Measures].[Nombre total d'individus]}, Crossjoin([Sexe.Sexe_Hierarchie].[Sexe].Members, {[Mode de transport.MODTRANS_Hierarchie].[Modes personnels]})), Crossjoin({[Measures].[Nombre total d'individus]}, Crossjoin([Sexe.Sexe_Hierarchie].[Sexe].Members, {[Mode de transport.MODTRANS_Hierarchie].[Transports en commun]}))))) ON COLUMNS,
  NON EMPTY Order(Crossjoin([Type de menage.TYPMEN_Hierarchie].[Type regroupe en 4 categories].Members, [Categorie socioprofessionnelle.CSP_Hierarchie_1].[CSP1].Members), [Measures].[Distance trajet domicile - travail (moyenne)], BASC) ON ROWS
from [Cube1MobProInd]

2016-09-25 16:11:26,619 DEBUG [mondrian.mdx] 65294: exec: 204 ms
2016-09-25 16:11:29,056 DEBUG [mondrian.mdx] 65392: select NON EMPTY Crossjoin({[Measures].[Nombre total d'individus]}, [Sexe.Sexe_Hierarchie].[Sexe].Members) ON COLUMNS,
  NON EMPTY Order(Crossjoin([Type de menage.TYPMEN_Hierarchie].[Type regroupe en 4 categories].Members, [Categorie socioprofessionnelle.CSP_Hierarchie_1].[CSP1].Members), [Measures].[Distance trajet domicile - travail (moyenne)], BASC) ON ROWS
from [Cube1MobProInd]

2016-09-25 16:11:29,228 DEBUG [mondrian.mdx] 65392: exec: 172 ms
2016-09-25 16:11:32,509 DEBUG [mondrian.mdx] 65476: select NON EMPTY Crossjoin({[Measures].[Nombre total d'individus]}, Crossjoin([Categorie socioprofessionnelle.CSP_Hierarchie_1].[CSP1].Members, [Sexe.Sexe_Hierarchie].[Sexe].Members)) ON COLUMNS,
  NON EMPTY Order({Hierarchize({[Type de menage.TYPMEN_Hierarchie].[Type regroupe en 4 categories].Members})}, [Measures].[Distance trajet domicile - travail (moyenne)], BASC) ON ROWS
from [Cube1MobProInd]

2016-09-25 16:11:32,572 DEBUG [mondrian.mdx] 65476: exec: 63 ms
2016-09-25 16:13:31,265 DEBUG [mondrian.mdx] 65547: select NON EMPTY Crossjoin({[Measures].[Nombre total d'individus]}, Crossjoin([Categorie socioprofessionnelle.CSP_Hierarchie_1].[CSP1].Members, [Sexe.Sexe_Hierarchie].[Sexe].Members)) ON COLUMNS,
  NON EMPTY Order({Hierarchize({{[Type de menage.TYPMEN_Hierarchie].[Ménages d'une personne seule sans famille], [Type de menage.TYPMEN_Hierarchie].[Ménages de plusieurs personnes sans famille], [Type de menage.TYPMEN_Hierarchie].[Ménages avec famille principale monoparentale], [Type de menage.TYPMEN_Hierarchie].[Ménages avec famille principale composée d'un couple]}})}, [Measures].[Distance trajet domicile - travail (moyenne)], BASC) ON ROWS
from [Cube1MobProInd]

2016-09-25 16:13:31,296 DEBUG [mondrian.mdx] 65547: exec: 31 ms
2016-09-25 16:13:45,843 DEBUG [mondrian.mdx] 65607: select NON EMPTY Crossjoin([Categorie socioprofessionnelle.CSP_Hierarchie_1].[CSP1].Members, [Sexe.Sexe_Hierarchie].[Sexe].Members) ON COLUMNS,
  NON EMPTY Hierarchize(Union(Crossjoin({[Measures].[Nombre total d'individus]}, {[Type de menage.TYPMEN_Hierarchie].[Ménages d'une personne seule sans famille]}), Union(Crossjoin({[Measures].[Nombre total d'individus]}, {[Type de menage.TYPMEN_Hierarchie].[Ménages de plusieurs personnes sans famille]}), Union(Crossjoin({[Measures].[Nombre total d'individus]}, {[Type de menage.TYPMEN_Hierarchie].[Ménages avec famille principale monoparentale]}), Crossjoin({[Measures].[Nombre total d'individus]}, {[Type de menage.TYPMEN_Hierarchie].[Ménages avec famille principale composée d'un couple]}))))) ON ROWS
from [Cube1MobProInd]

2016-09-25 16:13:45,874 DEBUG [mondrian.mdx] 65607: exec: 31 ms
2016-09-25 16:13:48,109 DEBUG [mondrian.mdx] 65629: select NON EMPTY Crossjoin({[Measures].[Nombre total d'individus]}, Crossjoin([Categorie socioprofessionnelle.CSP_Hierarchie_1].[CSP1].Members, [Sexe.Sexe_Hierarchie].[Sexe].Members)) ON COLUMNS,
  NON EMPTY {Hierarchize({{[Type de menage.TYPMEN_Hierarchie].[Ménages d'une personne seule sans famille], [Type de menage.TYPMEN_Hierarchie].[Ménages de plusieurs personnes sans famille], [Type de menage.TYPMEN_Hierarchie].[Ménages avec famille principale monoparentale], [Type de menage.TYPMEN_Hierarchie].[Ménages avec famille principale composée d'un couple]}})} ON ROWS
from [Cube1MobProInd]

2016-09-25 16:13:48,124 DEBUG [mondrian.mdx] 65629: exec: 15 ms
2016-09-25 16:13:52,796 DEBUG [mondrian.mdx] 65657: select NON EMPTY Crossjoin([Categorie socioprofessionnelle.CSP_Hierarchie_1].[CSP1].Members, [Sexe.Sexe_Hierarchie].[Sexe].Members) ON COLUMNS,
  NON EMPTY Hierarchize(Union(Crossjoin({[Measures].[Nombre total d'individus]}, {[Type de menage.TYPMEN_Hierarchie].[Ménages d'une personne seule sans famille]}), Union(Crossjoin({[Measures].[Nombre total d'individus]}, {[Type de menage.TYPMEN_Hierarchie].[Ménages de plusieurs personnes sans famille]}), Union(Crossjoin({[Measures].[Nombre total d'individus]}, {[Type de menage.TYPMEN_Hierarchie].[Ménages avec famille principale monoparentale]}), Crossjoin({[Measures].[Nombre total d'individus]}, {[Type de menage.TYPMEN_Hierarchie].[Ménages avec famille principale composée d'un couple]}))))) ON ROWS
from [Cube1MobProInd]

2016-09-25 16:13:52,843 DEBUG [mondrian.mdx] 65657: exec: 47 ms
2016-09-25 16:13:53,874 DEBUG [mondrian.mdx] 65679: select NON EMPTY Crossjoin([Categorie socioprofessionnelle.CSP_Hierarchie_1].[CSP1].Members, Crossjoin({[Measures].[Nombre total d'individus]}, [Sexe.Sexe_Hierarchie].[Sexe].Members)) ON COLUMNS,
  NON EMPTY {Hierarchize({{[Type de menage.TYPMEN_Hierarchie].[Ménages d'une personne seule sans famille], [Type de menage.TYPMEN_Hierarchie].[Ménages de plusieurs personnes sans famille], [Type de menage.TYPMEN_Hierarchie].[Ménages avec famille principale monoparentale], [Type de menage.TYPMEN_Hierarchie].[Ménages avec famille principale composée d'un couple]}})} ON ROWS
from [Cube1MobProInd]

2016-09-25 16:13:53,953 DEBUG [mondrian.mdx] 65679: exec: 79 ms
2016-09-25 16:13:55,249 DEBUG [mondrian.mdx] 65701: select NON EMPTY Crossjoin([Categorie socioprofessionnelle.CSP_Hierarchie_1].[CSP1].Members, Crossjoin({[Measures].[Nombre total d'individus]}, [Sexe.Sexe_Hierarchie].[Sexe].Members)) ON COLUMNS,
  NON EMPTY {Hierarchize({{[Type de menage.TYPMEN_Hierarchie].[Ménages d'une personne seule sans famille], [Type de menage.TYPMEN_Hierarchie].[Ménages de plusieurs personnes sans famille], [Type de menage.TYPMEN_Hierarchie].[Ménages avec famille principale monoparentale], [Type de menage.TYPMEN_Hierarchie].[Ménages avec famille principale composée d'un couple]}})} ON ROWS
from [Cube1MobProInd]

2016-09-25 16:13:55,296 DEBUG [mondrian.mdx] 65701: exec: 47 ms
2016-09-25 16:13:58,374 DEBUG [mondrian.mdx] 65731: select NON EMPTY Crossjoin([Categorie socioprofessionnelle.CSP_Hierarchie_1].[CSP1].Members, Crossjoin({[Measures].[Nombre total d'individus]}, [Sexe.Sexe_Hierarchie].[Sexe].Members)) ON COLUMNS,
  NON EMPTY {Hierarchize({{[Type de menage.TYPMEN_Hierarchie].[Ménages d'une personne seule sans famille], [Type de menage.TYPMEN_Hierarchie].[Ménages de plusieurs personnes sans famille], [Type de menage.TYPMEN_Hierarchie].[Ménages avec famille principale monoparentale], [Type de menage.TYPMEN_Hierarchie].[Ménages avec famille principale composée d'un couple]}})} ON ROWS
from [Cube1MobProInd]

2016-09-25 16:13:58,421 DEBUG [mondrian.mdx] 65731: exec: 47 ms
2016-09-25 16:13:59,593 DEBUG [mondrian.mdx] 65753: select NON EMPTY Crossjoin({[Measures].[Nombre total d'individus]}, [Sexe.Sexe_Hierarchie].[Sexe].Members) ON COLUMNS,
  NON EMPTY {Hierarchize({{[Type de menage.TYPMEN_Hierarchie].[Ménages d'une personne seule sans famille], [Type de menage.TYPMEN_Hierarchie].[Ménages de plusieurs personnes sans famille], [Type de menage.TYPMEN_Hierarchie].[Ménages avec famille principale monoparentale], [Type de menage.TYPMEN_Hierarchie].[Ménages avec famille principale composée d'un couple]}})} ON ROWS
from [Cube1MobProInd]

2016-09-25 16:13:59,609 DEBUG [mondrian.mdx] 65753: exec: 16 ms

--------------------------- Reconnexion

2016-09-25 16:14:05,421 DEBUG [mondrian.mdx] 65770: select NON EMPTY Crossjoin({[Measures].[Nombre total d'individus]}, [Sexe.Sexe_Hierarchie].[Sexe].Members) ON COLUMNS,
  NON EMPTY {Hierarchize({[Motif de deplacement.MOTIFDEP_Hierarchie_1].[Motif de deplacement].Members})} ON ROWS
from [Cube1MobProInd]

2016-09-25 16:14:05,437 DEBUG [mondrian.mdx] 65770: exec: 16 ms
2016-09-25 16:14:10,062 DEBUG [mondrian.mdx] 65791: select NON EMPTY Crossjoin({[Measures].[Nombre total d'individus]}, [Sexe.Sexe_Hierarchie].[Sexe].Members) ON COLUMNS,
  NON EMPTY {Hierarchize({[Motif de deplacement.MOTIFDEP_Hierarchie_1].[Motif de deplacement].Members})} ON ROWS
from [Cube1MobProInd]

2016-09-25 16:14:10,093 DEBUG [mondrian.mdx] 65791: exec: 31 ms
2016-09-25 16:14:12,374 DEBUG [mondrian.mdx] 65804: select NON EMPTY Crossjoin([Motif de deplacement.MOTIFDEP_Hierarchie_1].[Motif de deplacement].Members, [Sexe.Sexe_Hierarchie].[Sexe].Members) ON COLUMNS,
  NON EMPTY {Hierarchize({[Measures].[Nombre total d'individus]})} ON ROWS
from [Cube1MobProInd]

2016-09-25 16:14:12,437 DEBUG [mondrian.mdx] 65804: exec: 63 ms
2016-09-25 16:14:13,656 DEBUG [mondrian.mdx] 65817: select NON EMPTY {Hierarchize({[Motif de deplacement.MOTIFDEP_Hierarchie_1].[Motif de deplacement].Members})} ON COLUMNS,
  NON EMPTY {Hierarchize({[Measures].[Nombre total d'individus]})} ON ROWS
from [Cube1MobProInd]
where {[Sexe.Sexe_Hierarchie].[Sexe].Members}

2016-09-25 16:14:13,734 DEBUG [mondrian.mdx] 65817: exec: 78 ms
2016-09-25 16:14:15,078 DEBUG [mondrian.mdx] 65829: select NON EMPTY {Hierarchize({[Motif de deplacement.MOTIFDEP_Hierarchie_1].[Motif de deplacement].Members})} ON COLUMNS,
  NON EMPTY Crossjoin([Sexe.Sexe_Hierarchie].[Sexe].Members, {[Measures].[Nombre total d'individus]}) ON ROWS
from [Cube1MobProInd]

2016-09-25 16:14:15,093 DEBUG [mondrian.mdx] 65829: exec: 15 ms
2016-09-25 16:15:38,328 DEBUG [mondrian.mdx] 66093: select NON EMPTY Hierarchize(Union(Crossjoin({[Measures].[Nombre total d'individus]}, Crossjoin([Sexe.Sexe_Hierarchie].[Sexe].Members, {[Mode de transport.MODTRANS_Hierarchie].[Pas de transport]})), Union(Crossjoin({[Measures].[Nombre total d'individus]}, Crossjoin([Sexe.Sexe_Hierarchie].[Sexe].Members, {[Mode de transport.MODTRANS_Hierarchie].[Modes personnels]})), Crossjoin({[Measures].[Nombre total d'individus]}, Crossjoin([Sexe.Sexe_Hierarchie].[Sexe].Members, {[Mode de transport.MODTRANS_Hierarchie].[Transports en commun]}))))) ON COLUMNS,
  NON EMPTY Order({Hierarchize({[Categorie socioprofessionnelle.CSP_Hierarchie_1].[CSP1].Members})}, [Measures].[Distance trajet domicile - travail (moyenne)], BASC) ON ROWS
from [Cube1MobProInd]

2016-09-25 16:15:38,359 DEBUG [mondrian.mdx] 66093: exec: 31 ms
2016-09-25 16:16:14,109 DEBUG [mondrian.mdx] 66155: select NON EMPTY Hierarchize(Union(Crossjoin({[Measures].[Nombre total d'individus]}, Crossjoin([Sexe.Sexe_Hierarchie].[Sexe].Members, {[Mode de transport.MODTRANS_Hierarchie].[Pas de transport]})), Union(Crossjoin({[Measures].[Nombre total d'individus]}, Crossjoin([Sexe.Sexe_Hierarchie].[Sexe].Members, {[Mode de transport.MODTRANS_Hierarchie].[Modes personnels]})), Crossjoin({[Measures].[Nombre total d'individus]}, Crossjoin([Sexe.Sexe_Hierarchie].[Sexe].Members, {[Mode de transport.MODTRANS_Hierarchie].[Transports en commun]}))))) ON COLUMNS,
  NON EMPTY Order({Hierarchize({[Categorie socioprofessionnelle.CSP_Hierarchie_1].[CSP1].Members})}, [Measures].[Distance trajet domicile - travail (moyenne)], BASC) ON ROWS
from [Cube1MobProInd]

2016-09-25 16:16:14,156 DEBUG [mondrian.mdx] 66155: exec: 47 ms