---------------------------------------------------------
----- dibstudent14, Lipu, groupe 3 
----- Cube mobpro
----- Tests de comprehension des problèmes d'age
---------------------------------------------------------

2016-09-27 17:25:21,586 DEBUG [mondrian.mdx] 270753: select NON EMPTY {Hierarchize({[Measures].[Distance trajet domicile - travail (moyenne)]})} ON COLUMNS,
  NON EMPTY {Hierarchize({[Age revolu quinquenal.AgeRevQ_Hierarchie_1].[tous les ages revolus]})} ON ROWS
from [Cube1MobProInd]

2016-09-27 17:25:21,601 DEBUG [mondrian.mdx] 270753: exec: 15 ms
2016-09-27 17:25:27,336 DEBUG [mondrian.mdx] 270773: select NON EMPTY {Hierarchize({[Measures].[Distance trajet domicile - travail (moyenne)]})} ON COLUMNS,
  NON EMPTY {Hierarchize({{[Age revolu quinquenal.AgeRevQ_Hierarchie_1].[tous les ages revolus]}, {[Age revolu quinquenal.AgeRevQ_Hierarchie_1].[Age revolu quinquenal].Members}})} ON ROWS
from [Cube1MobProInd]

2016-09-27 17:25:27,429 DEBUG [mondrian.mdx] 270773: exec: 93 ms
2016-09-27 17:25:32,382 DEBUG [mondrian.mdx] 270823: select NON EMPTY {Hierarchize({[Measures].[Distance trajet domicile - travail (moyenne)]})} ON COLUMNS,
  NON EMPTY {Hierarchize({[Age revolu quinquenal.AgeRevQ_Hierarchie_1].[Age revolu quinquenal].Members})} ON ROWS
from [Cube1MobProInd]

2016-09-27 17:25:32,382 DEBUG [mondrian.mdx] 270823: exec: 0 ms
2016-09-27 17:26:14,679 DEBUG [mondrian.mdx] 270868: select NON EMPTY {Hierarchize({[Measures].[Distance trajet domicile - travail (moyenne)]})} ON COLUMNS,
  NON EMPTY {Hierarchize({{[Age revolu quinquenal.AgeRevQ_Hierarchie_1].[tous les ages revolus]}, {[Age revolu quinquenal.AgeRevQ_Hierarchie_1].[Age revolu quinquenal].Members}})} ON ROWS
from [Cube1MobProInd]

2016-09-27 17:26:14,695 DEBUG [mondrian.mdx] 270868: exec: 16 ms
2016-09-27 17:26:27,398 DEBUG [mondrian.mdx] 270929: select NON EMPTY {Hierarchize({[Measures].[Distance trajet domicile - travail (moyenne)]})} ON COLUMNS,
  NON EMPTY {Hierarchize({{[Age revolu quinquenal.AgeRevQ_Hierarchie_1].[tous les ages revolus]}, {[Age revolu quinquenal.AgeRevQ_Hierarchie_1].[Age revolu quinquenal].Members}})} ON ROWS
from [Cube1MobProInd]

2016-09-27 17:26:27,429 DEBUG [mondrian.mdx] 270929: exec: 31 ms
2016-09-27 17:26:30,664 DEBUG [mondrian.mdx] 270978: select NON EMPTY {Hierarchize({[Measures].[Distance trajet domicile - travail (moyenne)]})} ON COLUMNS,
  NON EMPTY {Hierarchize({[Age revolu quinquenal.AgeRevQ_Hierarchie_1].[Age revolu quinquenal].Members})} ON ROWS
from [Cube1MobProInd]

2016-09-27 17:26:30,679 DEBUG [mondrian.mdx] 270978: exec: 15 ms
2016-09-27 17:28:01,523 DEBUG [mondrian.mdx] 271146: select NON EMPTY {Hierarchize({[Measures].[Distance trajet domicile - travail (moyenne)]})} ON COLUMNS,
  NON EMPTY {Hierarchize({{[Age revolu quinquenal.AgeRevQ_Hierarchie_1].[50 à 54 ans], [Age revolu quinquenal.AgeRevQ_Hierarchie_1].[55 à 59 ans], [Age revolu quinquenal.AgeRevQ_Hierarchie_1].[60 à 64 ans], [Age revolu quinquenal.AgeRevQ_Hierarchie_1].[65 à 69 ans], [Age revolu quinquenal.AgeRevQ_Hierarchie_1].[70 à 74 ans], [Age revolu quinquenal.AgeRevQ_Hierarchie_1].[75 à 79 ans], [Age revolu quinquenal.AgeRevQ_Hierarchie_1].[80 à 84 ans], [Age revolu quinquenal.AgeRevQ_Hierarchie_1].[85 à 89 ans], [Age revolu quinquenal.AgeRevQ_Hierarchie_1].[90 à 94 ans], [Age revolu quinquenal.AgeRevQ_Hierarchie_1].[95 à 99 ans], [Age revolu quinquenal.AgeRevQ_Hierarchie_1].[100 à 104 ans], [Age revolu quinquenal.AgeRevQ_Hierarchie_1].[105 à 109 ans], [Age revolu quinquenal.AgeRevQ_Hierarchie_1].[110 à 114 ans], [Age revolu quinquenal.AgeRevQ_Hierarchie_1].[115 à 119 ans], [Age revolu quinquenal.AgeRevQ_Hierarchie_1].[120 ans]}})} ON ROWS
from [Cube1MobProInd]

2016-09-27 17:28:01,539 DEBUG [mondrian.mdx] 271146: exec: 16 ms
2016-09-27 17:28:26,382 DEBUG [mondrian.mdx] 271167: select NON EMPTY {Hierarchize({[Measures].[Distance trajet domicile - travail (moyenne)]})} ON COLUMNS,
  NON EMPTY {Hierarchize({[Age revolu quinquenal.AgeRevQ_Hierarchie_1].[50 à 54 ans]})} ON ROWS
from [Cube1MobProInd]

2016-09-27 17:28:26,398 DEBUG [mondrian.mdx] 271167: exec: 16 ms
2016-09-27 17:28:39,617 DEBUG [mondrian.mdx] 271236: select NON EMPTY {Hierarchize({[Measures].[Distance trajet domicile - travail (moyenne)]})} ON COLUMNS,
  NON EMPTY {Hierarchize({[Age revolu quinquenal.AgeRevQ_Hierarchie_1].[50 à 54 ans]})} ON ROWS
from [Cube1MobProInd]

2016-09-27 17:28:39,632 DEBUG [mondrian.mdx] 271236: exec: 15 ms
2016-09-27 17:28:45,507 DEBUG [mondrian.mdx] 271266: select NON EMPTY {Hierarchize({[Measures].[Distance trajet domicile - travail (moyenne)]})} ON COLUMNS,
  NON EMPTY {Hierarchize({[Age revolu quinquenal.AgeRevQ_Hierarchie_1].[Age revolu quinquenal].Members})} ON ROWS
from [Cube1MobProInd]

2016-09-27 17:28:45,523 DEBUG [mondrian.mdx] 271266: exec: 16 ms
2016-09-27 17:29:18,601 DEBUG [mondrian.mdx] 271419: select NON EMPTY {Hierarchize({[Measures].[Distance trajet domicile - travail (moyenne)]})} ON COLUMNS,
  NON EMPTY {Hierarchize({{[Age revolu quinquenal.AgeRevQ_Hierarchie_1].[50 à 54 ans], [Age revolu quinquenal.AgeRevQ_Hierarchie_1].[55 à 59 ans], [Age revolu quinquenal.AgeRevQ_Hierarchie_1].[60 à 64 ans], [Age revolu quinquenal.AgeRevQ_Hierarchie_1].[65 à 69 ans], [Age revolu quinquenal.AgeRevQ_Hierarchie_1].[70 à 74 ans], [Age revolu quinquenal.AgeRevQ_Hierarchie_1].[75 à 79 ans], [Age revolu quinquenal.AgeRevQ_Hierarchie_1].[80 à 84 ans], [Age revolu quinquenal.AgeRevQ_Hierarchie_1].[85 à 89 ans], [Age revolu quinquenal.AgeRevQ_Hierarchie_1].[90 à 94 ans], [Age revolu quinquenal.AgeRevQ_Hierarchie_1].[95 à 99 ans], [Age revolu quinquenal.AgeRevQ_Hierarchie_1].[100 à 104 ans], [Age revolu quinquenal.AgeRevQ_Hierarchie_1].[105 à 109 ans], [Age revolu quinquenal.AgeRevQ_Hierarchie_1].[110 à 114 ans], [Age revolu quinquenal.AgeRevQ_Hierarchie_1].[115 à 119 ans], [Age revolu quinquenal.AgeRevQ_Hierarchie_1].[120 ans]}})} ON ROWS
from [Cube1MobProInd]

2016-09-27 17:29:18,617 DEBUG [mondrian.mdx] 271419: exec: 16 ms
2016-09-27 17:29:34,367 DEBUG [mondrian.mdx] 271456: select NON EMPTY {Hierarchize({[Measures].[Distance trajet domicile - travail (moyenne)]})} ON COLUMNS,
  NON EMPTY {Hierarchize({[Age revolu quinquenal.AgeRevQ_Hierarchie_1].[AgeRevQ inconnu]})} ON ROWS
from [Cube1MobProInd]

2016-09-27 17:29:34,382 DEBUG [mondrian.mdx] 271456: exec: 15 ms
2016-09-27 17:29:40,726 DEBUG [mondrian.mdx] 271478: select NON EMPTY {Hierarchize({[Measures].[Distance trajet domicile - travail (moyenne)]})} ON COLUMNS,
  NON EMPTY {Hierarchize({[Age revolu quinquenal.AgeRevQ_Hierarchie_1].[Age revolu quinquenal].Members})} ON ROWS
from [Cube1MobProInd]

2016-09-27 17:29:40,757 DEBUG [mondrian.mdx] 271478: exec: 31 ms
2016-09-27 17:30:38,164 DEBUG [mondrian.mdx] 271631: select NON EMPTY {Hierarchize({[Measures].[Distance trajet domicile - travail (moyenne)]})} ON COLUMNS,
  NON EMPTY {Hierarchize({{[Age revolu quinquenal.AgeRevQ_Hierarchie_1].[50 à 54 ans], [Age revolu quinquenal.AgeRevQ_Hierarchie_1].[55 à 59 ans], [Age revolu quinquenal.AgeRevQ_Hierarchie_1].[60 à 64 ans], [Age revolu quinquenal.AgeRevQ_Hierarchie_1].[65 à 69 ans], [Age revolu quinquenal.AgeRevQ_Hierarchie_1].[70 à 74 ans], [Age revolu quinquenal.AgeRevQ_Hierarchie_1].[75 à 79 ans], [Age revolu quinquenal.AgeRevQ_Hierarchie_1].[80 à 84 ans], [Age revolu quinquenal.AgeRevQ_Hierarchie_1].[85 à 89 ans], [Age revolu quinquenal.AgeRevQ_Hierarchie_1].[90 à 94 ans], [Age revolu quinquenal.AgeRevQ_Hierarchie_1].[95 à 99 ans], [Age revolu quinquenal.AgeRevQ_Hierarchie_1].[100 à 104 ans], [Age revolu quinquenal.AgeRevQ_Hierarchie_1].[105 à 109 ans], [Age revolu quinquenal.AgeRevQ_Hierarchie_1].[110 à 114 ans], [Age revolu quinquenal.AgeRevQ_Hierarchie_1].[115 à 119 ans], [Age revolu quinquenal.AgeRevQ_Hierarchie_1].[120 ans]}})} ON ROWS
from [Cube1MobProInd]

2016-09-27 17:30:38,179 DEBUG [mondrian.mdx] 271631: exec: 15 ms
2016-09-27 17:30:44,836 DEBUG [mondrian.mdx] 271671: select NON EMPTY {Hierarchize({[Measures].[Distance trajet domicile - travail (moyenne)]})} ON COLUMNS,
  NON EMPTY Order({Hierarchize({{[Age revolu quinquenal.AgeRevQ_Hierarchie_1].[50 à 54 ans], [Age revolu quinquenal.AgeRevQ_Hierarchie_1].[55 à 59 ans], [Age revolu quinquenal.AgeRevQ_Hierarchie_1].[60 à 64 ans], [Age revolu quinquenal.AgeRevQ_Hierarchie_1].[65 à 69 ans], [Age revolu quinquenal.AgeRevQ_Hierarchie_1].[70 à 74 ans], [Age revolu quinquenal.AgeRevQ_Hierarchie_1].[75 à 79 ans], [Age revolu quinquenal.AgeRevQ_Hierarchie_1].[80 à 84 ans], [Age revolu quinquenal.AgeRevQ_Hierarchie_1].[85 à 89 ans], [Age revolu quinquenal.AgeRevQ_Hierarchie_1].[90 à 94 ans], [Age revolu quinquenal.AgeRevQ_Hierarchie_1].[95 à 99 ans], [Age revolu quinquenal.AgeRevQ_Hierarchie_1].[100 à 104 ans], [Age revolu quinquenal.AgeRevQ_Hierarchie_1].[105 à 109 ans], [Age revolu quinquenal.AgeRevQ_Hierarchie_1].[110 à 114 ans], [Age revolu quinquenal.AgeRevQ_Hierarchie_1].[115 à 119 ans], [Age revolu quinquenal.AgeRevQ_Hierarchie_1].[120 ans]}})}, [Age revolu quinquenal.AgeRevQ_Hierarchie_1].CurrentMember.Name, BASC) ON ROWS
from [Cube1MobProInd]

2016-09-27 17:30:44,851 DEBUG [mondrian.mdx] 271671: exec: 15 ms
2016-09-27 17:30:48,148 DEBUG [mondrian.mdx] 271695: select NON EMPTY {Hierarchize({[Measures].[Distance trajet domicile - travail (moyenne)]})} ON COLUMNS,
  NON EMPTY Order({Hierarchize({[Age revolu quinquenal.AgeRevQ_Hierarchie_1].[Age revolu quinquenal].Members})}, [Age revolu quinquenal.AgeRevQ_Hierarchie_1].CurrentMember.Name, BASC) ON ROWS
from [Cube1MobProInd]

2016-09-27 17:30:48,195 DEBUG [mondrian.mdx] 271695: exec: 47 ms
2016-09-27 17:31:14,336 DEBUG [mondrian.mdx] 271738: select NON EMPTY {Hierarchize({[Measures].[Distance trajet domicile - travail (moyenne)]})} ON COLUMNS,
  NON EMPTY Order({Hierarchize({[Age revolu quinquenal.AgeRevQ_Hierarchie_1].[15 à 19 ans]})}, [Age revolu quinquenal.AgeRevQ_Hierarchie_1].CurrentMember.Name, BASC) ON ROWS
from [Cube1MobProInd]

2016-09-27 17:31:14,351 DEBUG [mondrian.mdx] 271738: exec: 15 ms
2016-09-27 17:31:25,742 DEBUG [mondrian.mdx] 271761: select NON EMPTY {Hierarchize({[Measures].[Distance trajet domicile - travail (moyenne)]})} ON COLUMNS,
  NON EMPTY Order({Hierarchize({[Age revolu quinquenal.AgeRevQ_Hierarchie_1].[15 à 19 ans]})}, [Age revolu quinquenal.AgeRevQ_Hierarchie_1].CurrentMember.Name, BASC) ON ROWS
from [Cube1MobProInd]

2016-09-27 17:31:25,757 DEBUG [mondrian.mdx] 271761: exec: 15 ms
2016-09-27 17:31:29,726 DEBUG [mondrian.mdx] 271785: select NON EMPTY {Hierarchize({[Measures].[Distance trajet domicile - travail (moyenne)]})} ON COLUMNS,
  NON EMPTY Order({Hierarchize({[Age revolu quinquenal.AgeRevQ_Hierarchie_1].[Age revolu quinquenal].Members})}, [Age revolu quinquenal.AgeRevQ_Hierarchie_1].CurrentMember.Name, BASC) ON ROWS
from [Cube1MobProInd]

2016-09-27 17:31:29,773 DEBUG [mondrian.mdx] 271785: exec: 47 ms
2016-09-27 17:33:23,435 DEBUG [mondrian.mdx] 271832: select NON EMPTY {Hierarchize({[Measures].[Distance trajet domicile - travail (moyenne)]})} ON COLUMNS,
  NON EMPTY Order(Crossjoin([Age revolu quinquenal.AgeRevQ_Hierarchie_1].[Age revolu quinquenal].Members, {[Statut d'emploi.STATEMPL_Hierarchie].[tous les statuts confondus]}), [Age revolu quinquenal.AgeRevQ_Hierarchie_1].CurrentMember.Name, BASC) ON ROWS
from [Cube1MobProInd]

2016-09-27 17:33:23,482 DEBUG [mondrian.mdx] 271832: exec: 47 ms
2016-09-27 17:33:26,139 DEBUG [mondrian.mdx] 271881: select NON EMPTY {Hierarchize({[Measures].[Distance trajet domicile - travail (moyenne)]})} ON COLUMNS,
  NON EMPTY Order(Hierarchize(Union(Crossjoin({[Statut d'emploi.STATEMPL_Hierarchie].[tous les statuts confondus]}, [Age revolu quinquenal.AgeRevQ_Hierarchie_1].[Age revolu quinquenal].Members), Crossjoin({[Statut d'emploi.STATEMPL_Hierarchie].[tous les statuts confondus]}, {[Age revolu quinquenal.AgeRevQ_Hierarchie_1].[tous les ages revolus]}))), [Age revolu quinquenal.AgeRevQ_Hierarchie_1].CurrentMember.Name, BASC) ON ROWS
from [Cube1MobProInd]

2016-09-27 17:33:26,186 DEBUG [mondrian.mdx] 271881: exec: 47 ms
2016-09-27 17:33:28,780 DEBUG [mondrian.mdx] 271940: select NON EMPTY {Hierarchize({[Measures].[Distance trajet domicile - travail (moyenne)]})} ON COLUMNS,
  NON EMPTY Order({Hierarchize({{[Age revolu quinquenal.AgeRevQ_Hierarchie_1].[tous les ages revolus]}, {[Age revolu quinquenal.AgeRevQ_Hierarchie_1].[Age revolu quinquenal].Members}})}, [Age revolu quinquenal.AgeRevQ_Hierarchie_1].CurrentMember.Name, BASC) ON ROWS
from [Cube1MobProInd]

2016-09-27 17:33:28,827 DEBUG [mondrian.mdx] 271940: exec: 47 ms
2016-09-27 17:33:32,749 DEBUG [mondrian.mdx] 271991: select NON EMPTY {Hierarchize({[Measures].[Distance trajet domicile - travail (moyenne)]})} ON COLUMNS,
  NON EMPTY Order({Hierarchize({[Age revolu quinquenal.AgeRevQ_Hierarchie_1].[Age revolu quinquenal].Members})}, [Age revolu quinquenal.AgeRevQ_Hierarchie_1].CurrentMember.Name, BASC) ON ROWS
from [Cube1MobProInd]

2016-09-27 17:33:32,764 DEBUG [mondrian.mdx] 271991: exec: 15 ms
2016-09-27 17:33:34,905 DEBUG [mondrian.mdx] 272030: select NON EMPTY {Hierarchize({[Measures].[Distance trajet domicile - travail (moyenne)]})} ON COLUMNS,
  NON EMPTY Order(Crossjoin([Age revolu quinquenal.AgeRevQ_Hierarchie_1].[Age revolu quinquenal].Members, {[Statut d'emploi.STATEMPL_Hierarchie].[tous les statuts confondus]}), [Age revolu quinquenal.AgeRevQ_Hierarchie_1].CurrentMember.Name, BASC) ON ROWS
from [Cube1MobProInd]

2016-09-27 17:33:34,921 DEBUG [mondrian.mdx] 272030: exec: 16 ms
2016-09-27 17:33:38,608 DEBUG [mondrian.mdx] 272065: select NON EMPTY {Hierarchize({[Measures].[Distance trajet domicile - travail (moyenne)]})} ON COLUMNS,
  NON EMPTY Order({Hierarchize({[Age revolu quinquenal.AgeRevQ_Hierarchie_1].[Age revolu quinquenal].Members})}, [Age revolu quinquenal.AgeRevQ_Hierarchie_1].CurrentMember.Name, BASC) ON ROWS
from [Cube1MobProInd]

2016-09-27 17:33:38,639 DEBUG [mondrian.mdx] 272065: exec: 31 ms
2016-09-27 17:33:40,389 DEBUG [mondrian.mdx] 272100: select NON EMPTY {Hierarchize({[Measures].[Distance trajet domicile - travail (moyenne)]})} ON COLUMNS,
  NON EMPTY Order(Crossjoin([Age revolu quinquenal.AgeRevQ_Hierarchie_1].[Age revolu quinquenal].Members, [Statut d'emploi.STATEMPL_Hierarchie].[Statut d'emploi de niveau 1].Members), [Age revolu quinquenal.AgeRevQ_Hierarchie_1].CurrentMember.Name, BASC) ON ROWS
from [Cube1MobProInd]

2016-09-27 17:33:40,624 DEBUG [mondrian.mdx] 272100: exec: 235 ms
2016-09-27 17:33:43,186 DEBUG [mondrian.mdx] 272188: select NON EMPTY {Hierarchize({[Measures].[Distance trajet domicile - travail (moyenne)]})} ON COLUMNS,
  NON EMPTY Order(Hierarchize(Union(Crossjoin([Age revolu quinquenal.AgeRevQ_Hierarchie_1].[Age revolu quinquenal].Members, [Statut d'emploi.STATEMPL_Hierarchie].[Statut d'emploi de niveau 1].Members), Crossjoin([Age revolu quinquenal.AgeRevQ_Hierarchie_1].[Age revolu quinquenal].Members, [Statut d'emploi.STATEMPL_Hierarchie].[Statut d'emploi de niveau 2].Members))), [Age revolu quinquenal.AgeRevQ_Hierarchie_1].CurrentMember.Name, BASC) ON ROWS
from [Cube1MobProInd]

2016-09-27 17:33:43,452 DEBUG [mondrian.mdx] 272188: exec: 266 ms
2016-09-27 17:33:45,202 DEBUG [mondrian.mdx] 272462: select NON EMPTY {Hierarchize({[Measures].[Distance trajet domicile - travail (moyenne)]})} ON COLUMNS,
  NON EMPTY Order(Hierarchize(Union(Crossjoin([Age revolu quinquenal.AgeRevQ_Hierarchie_1].[Age revolu quinquenal].Members, [Statut d'emploi.STATEMPL_Hierarchie].[Statut d'emploi de niveau 1].Members), Union(Crossjoin([Age revolu quinquenal.AgeRevQ_Hierarchie_1].[Age revolu quinquenal].Members, [Statut d'emploi.STATEMPL_Hierarchie].[Statut d'emploi de niveau 2].Members), Crossjoin([Age revolu quinquenal.AgeRevQ_Hierarchie_1].[Age revolu quinquenal].Members, [Statut d'emploi.STATEMPL_Hierarchie].[Statut d'emploi de niveau 3].Members)))), [Age revolu quinquenal.AgeRevQ_Hierarchie_1].CurrentMember.Name, BASC) ON ROWS
from [Cube1MobProInd]

2016-09-27 17:33:45,530 DEBUG [mondrian.mdx] 272462: exec: 328 ms
2016-09-27 17:33:51,530 DEBUG [mondrian.mdx] 273312: select NON EMPTY Crossjoin([Age revolu quinquenal.AgeRevQ_Hierarchie_1].[Age revolu quinquenal].Members, {[Measures].[Distance trajet domicile - travail (moyenne)]}) ON COLUMNS,
  NON EMPTY {Hierarchize({{[Statut d'emploi.STATEMPL_Hierarchie].[Statut d'emploi de niveau 1].Members}, {[Statut d'emploi.STATEMPL_Hierarchie].[Statut d'emploi de niveau 2].Members}, {[Statut d'emploi.STATEMPL_Hierarchie].[Statut d'emploi de niveau 3].Members}})} ON ROWS
from [Cube1MobProInd]

2016-09-27 17:33:51,671 DEBUG [mondrian.mdx] 273312: exec: 141 ms
2016-09-27 17:33:58,889 DEBUG [mondrian.mdx] 273409: select NON EMPTY {Hierarchize({[Measures].[Distance trajet domicile - travail (moyenne)]})} ON COLUMNS,
  NON EMPTY Hierarchize(Union(Crossjoin([Statut d'emploi.STATEMPL_Hierarchie].[Statut d'emploi de niveau 1].Members, [Age revolu quinquenal.AgeRevQ_Hierarchie_1].[Age revolu quinquenal].Members), Union(Crossjoin([Statut d'emploi.STATEMPL_Hierarchie].[Statut d'emploi de niveau 2].Members, [Age revolu quinquenal.AgeRevQ_Hierarchie_1].[Age revolu quinquenal].Members), Crossjoin([Statut d'emploi.STATEMPL_Hierarchie].[Statut d'emploi de niveau 3].Members, [Age revolu quinquenal.AgeRevQ_Hierarchie_1].[Age revolu quinquenal].Members)))) ON ROWS
from [Cube1MobProInd]

2016-09-27 17:33:59,186 DEBUG [mondrian.mdx] 273409: exec: 297 ms
2016-09-27 17:34:01,108 DEBUG [mondrian.mdx] 274177: select NON EMPTY Hierarchize(Union(Crossjoin([Statut d'emploi.STATEMPL_Hierarchie].[Statut d'emploi de niveau 1].Members, {[Measures].[Distance trajet domicile - travail (moyenne)]}), Union(Crossjoin([Statut d'emploi.STATEMPL_Hierarchie].[Statut d'emploi de niveau 2].Members, {[Measures].[Distance trajet domicile - travail (moyenne)]}), Crossjoin([Statut d'emploi.STATEMPL_Hierarchie].[Statut d'emploi de niveau 3].Members, {[Measures].[Distance trajet domicile - travail (moyenne)]})))) ON COLUMNS,
  NON EMPTY {Hierarchize({[Age revolu quinquenal.AgeRevQ_Hierarchie_1].[Age revolu quinquenal].Members})} ON ROWS
from [Cube1MobProInd]

2016-09-27 17:34:01,405 DEBUG [mondrian.mdx] 274177: exec: 297 ms
2016-09-27 17:34:04,483 DEBUG [mondrian.mdx] 274270: select NON EMPTY {Hierarchize({{[Statut d'emploi.STATEMPL_Hierarchie].[Statut d'emploi de niveau 1].Members}, {[Statut d'emploi.STATEMPL_Hierarchie].[Statut d'emploi de niveau 2].Members}, {[Statut d'emploi.STATEMPL_Hierarchie].[Statut d'emploi de niveau 3].Members}})} ON COLUMNS,
  NON EMPTY Crossjoin({[Measures].[Distance trajet domicile - travail (moyenne)]}, [Age revolu quinquenal.AgeRevQ_Hierarchie_1].[Age revolu quinquenal].Members) ON ROWS
from [Cube1MobProInd]

2016-09-27 17:34:04,546 DEBUG [mondrian.mdx] 274270: exec: 63 ms
2016-09-27 17:34:12,327 DEBUG [mondrian.mdx] 274371: select NON EMPTY {Hierarchize({{[Statut d'emploi.STATEMPL_Hierarchie].[Statut d'emploi de niveau 1].Members}, {[Statut d'emploi.STATEMPL_Hierarchie].[Statut d'emploi de niveau 2].Members}, {[Statut d'emploi.STATEMPL_Hierarchie].[Statut d'emploi de niveau 3].Members}})} ON COLUMNS,
  NON EMPTY Crossjoin({[Measures].[Distance trajet domicile - travail (moyenne)]}, [Age revolu quinquenal.AgeRevQ_Hierarchie_1].[Age revolu quinquenal].Members) ON ROWS
from [Cube1MobProInd]

2016-09-27 17:34:12,374 DEBUG [mondrian.mdx] 274371: exec: 47 ms
2016-09-27 17:34:15,171 DEBUG [mondrian.mdx] 274468: select NON EMPTY Hierarchize(Union(Crossjoin([Statut d'emploi.STATEMPL_Hierarchie].[Statut d'emploi de niveau 1].Members, [Age revolu quinquenal.AgeRevQ_Hierarchie_1].[Age revolu quinquenal].Members), Union(Crossjoin([Statut d'emploi.STATEMPL_Hierarchie].[Statut d'emploi de niveau 2].Members, [Age revolu quinquenal.AgeRevQ_Hierarchie_1].[Age revolu quinquenal].Members), Crossjoin([Statut d'emploi.STATEMPL_Hierarchie].[Statut d'emploi de niveau 3].Members, [Age revolu quinquenal.AgeRevQ_Hierarchie_1].[Age revolu quinquenal].Members)))) ON COLUMNS,
  NON EMPTY {Hierarchize({[Measures].[Distance trajet domicile - travail (moyenne)]})} ON ROWS
from [Cube1MobProInd]

2016-09-27 17:34:15,202 DEBUG [mondrian.mdx] 274468: exec: 31 ms
2016-09-27 17:34:19,483 DEBUG [mondrian.mdx] 275232: select NON EMPTY Crossjoin({[Measures].[Distance trajet domicile - travail (moyenne)]}, [Age revolu quinquenal.AgeRevQ_Hierarchie_1].[Age revolu quinquenal].Members) ON COLUMNS,
  NON EMPTY {Hierarchize({{[Statut d'emploi.STATEMPL_Hierarchie].[Statut d'emploi de niveau 1].Members}, {[Statut d'emploi.STATEMPL_Hierarchie].[Statut d'emploi de niveau 2].Members}, {[Statut d'emploi.STATEMPL_Hierarchie].[Statut d'emploi de niveau 3].Members}})} ON ROWS
from [Cube1MobProInd]

2016-09-27 17:34:19,624 DEBUG [mondrian.mdx] 275232: exec: 141 ms
