----------------------------------------------------------------------------------------------------
----- dibstudent03, Ophelie, groupe1
----- Cube mobpro
----- Lieu de travail vs. Sexe
----- Analyse 1 listé par l'étudiant
----------------------------------------------------------------------------------------------------

2016-09-25 15:42:34,826 DEBUG [mondrian.mdx] 59951: select NON EMPTY {Hierarchize({[Annee du recensement.Annee_rencesement_Hierarchie_1].[Annee].Members})} ON COLUMNS,
  NON EMPTY {Hierarchize({[Measures].[Distance trajet domicile - travail (max)]})} ON ROWS
from [Cube1MobProInd]

2016-09-25 15:42:34,873 DEBUG [mondrian.mdx] 59951: exec: 47 ms
2016-09-25 15:42:47,076 DEBUG [mondrian.mdx] 59972: select NON EMPTY Crossjoin([Annee du recensement.Annee_rencesement_Hierarchie_1].[Annee].Members, {[Sexe.Sexe_Hierarchie].[tous les sexes confondus]}) ON COLUMNS,
  NON EMPTY {Hierarchize({[Measures].[Distance trajet domicile - travail (max)]})} ON ROWS
from [Cube1MobProInd]

2016-09-25 15:42:47,123 DEBUG [mondrian.mdx] 59972: exec: 47 ms
2016-09-25 15:42:52,373 DEBUG [mondrian.mdx] 59994: select NON EMPTY Crossjoin([Annee du recensement.Annee_rencesement_Hierarchie_1].[Annee].Members, {[Sexe.Sexe_Hierarchie].[tous les sexes confondus]}) ON COLUMNS,
  NON EMPTY {Hierarchize({[Measures].[Distance trajet domicile - travail (max)]})} ON ROWS
from [Cube1MobProInd]

2016-09-25 15:42:52,388 DEBUG [mondrian.mdx] 59994: exec: 15 ms
2016-09-25 15:42:55,201 DEBUG [mondrian.mdx] 60016: select NON EMPTY Crossjoin([Annee du recensement.Annee_rencesement_Hierarchie_1].[Annee].Members, {[Sexe.Sexe_Hierarchie].[tous les sexes confondus]}) ON COLUMNS,
  NON EMPTY {Hierarchize({[Measures].[Distance trajet domicile - travail (max)]})} ON ROWS
from [Cube1MobProInd]

2016-09-25 15:42:55,216 DEBUG [mondrian.mdx] 60016: exec: 15 ms
2016-09-25 15:42:56,341 DEBUG [mondrian.mdx] 60033: select NON EMPTY {Hierarchize({[Annee du recensement.Annee_rencesement_Hierarchie_1].[Annee].Members})} ON COLUMNS,
  NON EMPTY {Hierarchize({[Measures].[Distance trajet domicile - travail (max)]})} ON ROWS
from [Cube1MobProInd]

2016-09-25 15:42:56,341 DEBUG [mondrian.mdx] 60033: exec: 0 ms
2016-09-25 15:42:57,841 DEBUG [mondrian.mdx] 60050: select NON EMPTY Crossjoin([Annee du recensement.Annee_rencesement_Hierarchie_1].[Annee].Members, [Sexe.Sexe_Hierarchie].[Sexe].Members) ON COLUMNS,
  NON EMPTY {Hierarchize({[Measures].[Distance trajet domicile - travail (max)]})} ON ROWS
from [Cube1MobProInd]

2016-09-25 15:42:58,107 DEBUG [mondrian.mdx] 60050: exec: 266 ms
2016-09-25 15:43:03,982 DEBUG [mondrian.mdx] 60070: select NON EMPTY Crossjoin({[Measures].[Distance trajet domicile - travail (max)]}, [Sexe.Sexe_Hierarchie].[Sexe].Members) ON COLUMNS,
  NON EMPTY {Hierarchize({[Annee du recensement.Annee_rencesement_Hierarchie_1].[Annee].Members})} ON ROWS
from [Cube1MobProInd]

2016-09-25 15:43:04,123 DEBUG [mondrian.mdx] 60070: exec: 141 ms
2016-09-25 15:43:05,357 DEBUG [mondrian.mdx] 60089: select NON EMPTY {Hierarchize({[Measures].[Distance trajet domicile - travail (max)]})} ON COLUMNS,
  NON EMPTY Crossjoin([Sexe.Sexe_Hierarchie].[Sexe].Members, [Annee du recensement.Annee_rencesement_Hierarchie_1].[Annee].Members) ON ROWS
from [Cube1MobProInd]

2016-09-25 15:43:05,498 DEBUG [mondrian.mdx] 60089: exec: 141 ms
2016-09-25 15:43:11,060 DEBUG [mondrian.mdx] 60109: select NON EMPTY {Hierarchize({[Sexe.Sexe_Hierarchie].[Sexe].Members})} ON COLUMNS,
  NON EMPTY Crossjoin({[Measures].[Distance trajet domicile - travail (max)]}, [Annee du recensement.Annee_rencesement_Hierarchie_1].[Annee].Members) ON ROWS
from [Cube1MobProInd]

2016-09-25 15:43:11,123 DEBUG [mondrian.mdx] 60109: exec: 63 ms
2016-09-25 15:43:12,341 DEBUG [mondrian.mdx] 60128: select NON EMPTY Crossjoin([Annee du recensement.Annee_rencesement_Hierarchie_1].[Annee].Members, [Sexe.Sexe_Hierarchie].[Sexe].Members) ON COLUMNS,
  NON EMPTY {Hierarchize({[Measures].[Distance trajet domicile - travail (max)]})} ON ROWS
from [Cube1MobProInd]

2016-09-25 15:43:12,357 DEBUG [mondrian.mdx] 60128: exec: 16 ms
2016-09-25 15:43:31,873 DEBUG [mondrian.mdx] 60151: select NON EMPTY Crossjoin([Annee du recensement.Annee_rencesement_Hierarchie_1].[Annee].Members, [Sexe.Sexe_Hierarchie].[Sexe].Members) ON COLUMNS,
  NON EMPTY {Hierarchize({{[Measures].[Distance trajet domicile - travail (max)], [Measures].[Distance trajet domicile - travail (moyenne)]}})} ON ROWS
from [Cube1MobProInd]

2016-09-25 15:43:31,998 DEBUG [mondrian.mdx] 60151: exec: 125 ms
2016-09-25 15:43:45,857 DEBUG [mondrian.mdx] 60179: select NON EMPTY Crossjoin([Annee du recensement.Annee_rencesement_Hierarchie_1].[Annee].Members, [Sexe.Sexe_Hierarchie].[Sexe].Members) ON COLUMNS,
  NON EMPTY Hierarchize(Union(Crossjoin({[Measures].[Distance trajet domicile - travail (max)]}, [Indicateur de lieu de travail.ILOCC_Hierarchie_1].[Indicateur de lieu].Members), Crossjoin({[Measures].[Distance trajet domicile - travail (moyenne)]}, [Indicateur de lieu de travail.ILOCC_Hierarchie_1].[Indicateur de lieu].Members))) ON ROWS
from [Cube1MobProInd]

2016-09-25 15:43:46,138 DEBUG [mondrian.mdx] 60179: exec: 281 ms
2016-09-25 15:43:48,560 DEBUG [mondrian.mdx] 60223: select NON EMPTY Crossjoin([Annee du recensement.Annee_rencesement_Hierarchie_1].[Annee].Members, [Sexe.Sexe_Hierarchie].[Sexe].Members) ON COLUMNS,
  NON EMPTY Hierarchize(Union(Crossjoin({[Measures].[Distance trajet domicile - travail (max)]}, [Indicateur de lieu de travail.ILOCC_Hierarchie_1].[Indicateur de lieu].Members), Crossjoin({[Measures].[Distance trajet domicile - travail (moyenne)]}, [Indicateur de lieu de travail.ILOCC_Hierarchie_1].[Indicateur de lieu].Members))) ON ROWS
from [Cube1MobProInd]

2016-09-25 15:43:48,607 DEBUG [mondrian.mdx] 60223: exec: 47 ms
2016-09-25 15:44:09,482 DEBUG [mondrian.mdx] 60256: select NON EMPTY Crossjoin([Annee du recensement.Annee_rencesement_Hierarchie_1].[Annee].Members, [Sexe.Sexe_Hierarchie].[Sexe].Members) ON COLUMNS,
  NON EMPTY Crossjoin({[Measures].[Distance trajet domicile - travail (moyenne)]}, [Indicateur de lieu de travail.ILOCC_Hierarchie_1].[Indicateur de lieu].Members) ON ROWS
from [Cube1MobProInd]

2016-09-25 15:44:09,638 DEBUG [mondrian.mdx] 60256: exec: 156 ms
2016-09-25 15:44:21,138 DEBUG [mondrian.mdx] 60289: select NON EMPTY Crossjoin([Annee du recensement.Annee_rencesement_Hierarchie_1].[Annee].Members, [Sexe.Sexe_Hierarchie].[Sexe].Members) ON COLUMNS,
  NON EMPTY Hierarchize(Union(Crossjoin([Indicateur de lieu de travail.ILOCC_Hierarchie_1].[Indicateur de lieu].Members, {[Measures].[Distance trajet domicile - travail (moyenne)]}), Crossjoin([Indicateur de lieu de travail.ILOCC_Hierarchie_1].[Indicateur de lieu].Members, {[Measures].[Nombre total d'individus]}))) ON ROWS
from [Cube1MobProInd]

2016-09-25 15:44:21,185 DEBUG [mondrian.mdx] 60289: exec: 47 ms
2016-09-25 15:44:24,248 DEBUG [mondrian.mdx] 60326: select NON EMPTY Crossjoin([Annee du recensement.Annee_rencesement_Hierarchie_1].[Annee].Members, Crossjoin([Indicateur de lieu de travail.ILOCC_Hierarchie_1].[Indicateur de lieu].Members, [Sexe.Sexe_Hierarchie].[Sexe].Members)) ON COLUMNS,
  NON EMPTY {Hierarchize({{[Measures].[Distance trajet domicile - travail (moyenne)], [Measures].[Nombre total d'individus]}})} ON ROWS
from [Cube1MobProInd]

2016-09-25 15:44:24,466 DEBUG [mondrian.mdx] 60326: exec: 218 ms
2016-09-25 15:44:29,451 DEBUG [mondrian.mdx] 60386: select NON EMPTY Crossjoin([Annee du recensement.Annee_rencesement_Hierarchie_1].[Annee].Members, [Indicateur de lieu de travail.ILOCC_Hierarchie_1].[Indicateur de lieu].Members) ON COLUMNS,
  NON EMPTY Hierarchize(Union(Crossjoin({[Measures].[Distance trajet domicile - travail (moyenne)]}, [Sexe.Sexe_Hierarchie].[Sexe].Members), Crossjoin({[Measures].[Nombre total d'individus]}, [Sexe.Sexe_Hierarchie].[Sexe].Members))) ON ROWS
from [Cube1MobProInd]

2016-09-25 15:44:29,654 DEBUG [mondrian.mdx] 60386: exec: 203 ms
2016-09-25 15:44:32,716 DEBUG [mondrian.mdx] 60430: select NON EMPTY {Hierarchize({[Annee du recensement.Annee_rencesement_Hierarchie_1].[Annee].Members})} ON COLUMNS,
  NON EMPTY Hierarchize(Union(Crossjoin({[Measures].[Distance trajet domicile - travail (moyenne)]}, Crossjoin([Indicateur de lieu de travail.ILOCC_Hierarchie_1].[Indicateur de lieu].Members, [Sexe.Sexe_Hierarchie].[Sexe].Members)), Crossjoin({[Measures].[Nombre total d'individus]}, Crossjoin([Indicateur de lieu de travail.ILOCC_Hierarchie_1].[Indicateur de lieu].Members, [Sexe.Sexe_Hierarchie].[Sexe].Members)))) ON ROWS
from [Cube1MobProInd]

2016-09-25 15:44:33,185 DEBUG [mondrian.mdx] 60430: exec: 469 ms
2016-09-25 15:44:36,263 DEBUG [mondrian.mdx] 60495: select NON EMPTY Crossjoin([Indicateur de lieu de travail.ILOCC_Hierarchie_1].[Indicateur de lieu].Members, [Annee du recensement.Annee_rencesement_Hierarchie_1].[Annee].Members) ON COLUMNS,
  NON EMPTY Hierarchize(Union(Crossjoin({[Measures].[Distance trajet domicile - travail (moyenne)]}, [Sexe.Sexe_Hierarchie].[Sexe].Members), Crossjoin({[Measures].[Nombre total d'individus]}, [Sexe.Sexe_Hierarchie].[Sexe].Members))) ON ROWS
from [Cube1MobProInd]

2016-09-25 15:44:36,482 DEBUG [mondrian.mdx] 60495: exec: 219 ms
2016-09-25 15:44:38,873 DEBUG [mondrian.mdx] 60537: select NON EMPTY Crossjoin([Indicateur de lieu de travail.ILOCC_Hierarchie_1].[Indicateur de lieu].Members, [Annee du recensement.Annee_rencesement_Hierarchie_1].[Annee].Members) ON COLUMNS,
  NON EMPTY Hierarchize(Union(Crossjoin({[Measures].[Distance trajet domicile - travail (moyenne)]}, [Sexe.Sexe_Hierarchie].[Sexe].Members), Crossjoin({[Measures].[Nombre total d'individus]}, [Sexe.Sexe_Hierarchie].[Sexe].Members))) ON ROWS
from [Cube1MobProInd]

2016-09-25 15:44:38,904 DEBUG [mondrian.mdx] 60537: exec: 31 ms
2016-09-25 15:44:40,326 DEBUG [mondrian.mdx] 60577: select NON EMPTY Crossjoin([Indicateur de lieu de travail.ILOCC_Hierarchie_1].[Indicateur de lieu].Members, Crossjoin([Sexe.Sexe_Hierarchie].[Sexe].Members, [Annee du recensement.Annee_rencesement_Hierarchie_1].[Annee].Members)) ON COLUMNS,
  NON EMPTY {Hierarchize({{[Measures].[Distance trajet domicile - travail (moyenne)], [Measures].[Nombre total d'individus]}})} ON ROWS
from [Cube1MobProInd]

2016-09-25 15:44:40,498 DEBUG [mondrian.mdx] 60577: exec: 172 ms
2016-09-25 15:44:42,294 DEBUG [mondrian.mdx] 60637: select NON EMPTY Crossjoin([Indicateur de lieu de travail.ILOCC_Hierarchie_1].[Indicateur de lieu].Members, [Sexe.Sexe_Hierarchie].[Sexe].Members) ON COLUMNS,
  NON EMPTY Hierarchize(Union(Crossjoin({[Measures].[Distance trajet domicile - travail (moyenne)]}, [Annee du recensement.Annee_rencesement_Hierarchie_1].[Annee].Members), Crossjoin({[Measures].[Nombre total d'individus]}, [Annee du recensement.Annee_rencesement_Hierarchie_1].[Annee].Members))) ON ROWS
from [Cube1MobProInd]

2016-09-25 15:44:42,482 DEBUG [mondrian.mdx] 60637: exec: 188 ms
2016-09-25 15:44:45,310 DEBUG [mondrian.mdx] 60685: select NON EMPTY Crossjoin([Indicateur de lieu de travail.ILOCC_Hierarchie_1].[Indicateur de lieu].Members, Crossjoin([Annee du recensement.Annee_rencesement_Hierarchie_1].[Annee].Members, [Sexe.Sexe_Hierarchie].[Sexe].Members)) ON COLUMNS,
  NON EMPTY {Hierarchize({{[Measures].[Distance trajet domicile - travail (moyenne)], [Measures].[Nombre total d'individus]}})} ON ROWS
from [Cube1MobProInd]

2016-09-25 15:44:45,498 DEBUG [mondrian.mdx] 60685: exec: 188 ms
2016-09-25 15:44:48,654 DEBUG [mondrian.mdx] 60743: select NON EMPTY Crossjoin([Indicateur de lieu de travail.ILOCC_Hierarchie_1].[Indicateur de lieu].Members, [Sexe.Sexe_Hierarchie].[Sexe].Members) ON COLUMNS,
  NON EMPTY {Hierarchize({{[Measures].[Distance trajet domicile - travail (moyenne)], [Measures].[Nombre total d'individus]}})} ON ROWS
from [Cube1MobProInd]

2016-09-25 15:44:48,685 DEBUG [mondrian.mdx] 60743: exec: 31 ms
2016-09-25 15:44:52,185 DEBUG [mondrian.mdx] 60787: select NON EMPTY {Hierarchize({[Indicateur de lieu de travail.ILOCC_Hierarchie_1].[Indicateur de lieu].Members})} ON COLUMNS,
  NON EMPTY Hierarchize(Union(Crossjoin({[Measures].[Distance trajet domicile - travail (moyenne)]}, [Sexe.Sexe_Hierarchie].[Sexe].Members), Crossjoin({[Measures].[Nombre total d'individus]}, [Sexe.Sexe_Hierarchie].[Sexe].Members))) ON ROWS
from [Cube1MobProInd]

2016-09-25 15:44:52,263 DEBUG [mondrian.mdx] 60787: exec: 78 ms
2016-09-25 15:44:56,123 DEBUG [mondrian.mdx] 60818: select NON EMPTY {Hierarchize({[Sexe.Sexe_Hierarchie].[Sexe].Members})} ON COLUMNS,
  NON EMPTY Hierarchize(Union(Crossjoin({[Measures].[Distance trajet domicile - travail (moyenne)]}, [Indicateur de lieu de travail.ILOCC_Hierarchie_1].[Indicateur de lieu].Members), Crossjoin({[Measures].[Nombre total d'individus]}, [Indicateur de lieu de travail.ILOCC_Hierarchie_1].[Indicateur de lieu].Members))) ON ROWS
from [Cube1MobProInd]

2016-09-25 15:44:56,232 DEBUG [mondrian.mdx] 60818: exec: 109 ms
2016-09-25 15:46:06,810 DEBUG [mondrian.mdx] 60848: select NON EMPTY {Hierarchize({[Sexe.Sexe_Hierarchie].[Sexe].Members})} ON COLUMNS,
  NON EMPTY Crossjoin({[Measures].[Nombre total d'individus]}, [Indicateur de lieu de travail.ILOCC_Hierarchie_1].[Indicateur de lieu].Members) ON ROWS
from [Cube1MobProInd]

2016-09-25 15:46:06,841 DEBUG [mondrian.mdx] 60848: exec: 31 ms
2016-09-25 15:46:20,435 DEBUG [mondrian.mdx] 60866: select NON EMPTY {Hierarchize({[Sexe.Sexe_Hierarchie].[Sexe].Members})} ON COLUMNS,
  NON EMPTY Hierarchize(Union(Crossjoin({[Measures].[Nombre total d'individus]}, [Indicateur de lieu de travail.ILOCC_Hierarchie_1].[Indicateur de lieu].Members), Crossjoin({[Measures].[Distance trajet domicile - travail (moyenne)]}, [Indicateur de lieu de travail.ILOCC_Hierarchie_1].[Indicateur de lieu].Members))) ON ROWS
from [Cube1MobProInd]

2016-09-25 15:46:20,466 DEBUG [mondrian.mdx] 60866: exec: 31 ms
2016-09-25 15:46:32,029 DEBUG [mondrian.mdx] 60899: select NON EMPTY Hierarchize(Union(Crossjoin({[Measures].[Nombre total d'individus]}, [Sexe.Sexe_Hierarchie].[Sexe].Members), Crossjoin({[Measures].[Distance trajet domicile - travail (moyenne)]}, [Sexe.Sexe_Hierarchie].[Sexe].Members))) ON COLUMNS,
  NON EMPTY {Hierarchize({[Indicateur de lieu de travail.ILOCC_Hierarchie_1].[Indicateur de lieu].Members})} ON ROWS
from [Cube1MobProInd]

2016-09-25 15:46:32,060 DEBUG [mondrian.mdx] 60899: exec: 31 ms
2016-09-25 15:46:33,841 DEBUG [mondrian.mdx] 60928: select NON EMPTY {Hierarchize({{[Measures].[Nombre total d'individus], [Measures].[Distance trajet domicile - travail (moyenne)]}})} ON COLUMNS,
  NON EMPTY Crossjoin([Sexe.Sexe_Hierarchie].[Sexe].Members, [Indicateur de lieu de travail.ILOCC_Hierarchie_1].[Indicateur de lieu].Members) ON ROWS
from [Cube1MobProInd]

2016-09-25 15:46:33,998 DEBUG [mondrian.mdx] 60928: exec: 157 ms
2016-09-25 15:46:37,982 DEBUG [mondrian.mdx] 60972: select NON EMPTY Hierarchize(Union(Crossjoin({[Measures].[Nombre total d'individus]}, [Indicateur de lieu de travail.ILOCC_Hierarchie_1].[Indicateur de lieu].Members), Crossjoin({[Measures].[Distance trajet domicile - travail (moyenne)]}, [Indicateur de lieu de travail.ILOCC_Hierarchie_1].[Indicateur de lieu].Members))) ON COLUMNS,
  NON EMPTY {Hierarchize({[Sexe.Sexe_Hierarchie].[Sexe].Members})} ON ROWS
from [Cube1MobProInd]

2016-09-25 15:46:38,029 DEBUG [mondrian.mdx] 60972: exec: 47 ms
2016-09-25 15:46:42,138 DEBUG [mondrian.mdx] 61003: select NON EMPTY {Hierarchize({{[Measures].[Nombre total d'individus], [Measures].[Distance trajet domicile - travail (moyenne)]}})} ON COLUMNS,
  NON EMPTY Crossjoin([Indicateur de lieu de travail.ILOCC_Hierarchie_1].[Indicateur de lieu].Members, [Sexe.Sexe_Hierarchie].[Sexe].Members) ON ROWS
from [Cube1MobProInd]

2016-09-25 15:46:42,154 DEBUG [mondrian.mdx] 61003: exec: 16 ms
2016-09-25 15:46:43,513 DEBUG [mondrian.mdx] 61047: select NON EMPTY Hierarchize(Union(Crossjoin({[Measures].[Nombre total d'individus]}, [Sexe.Sexe_Hierarchie].[Sexe].Members), Crossjoin({[Measures].[Distance trajet domicile - travail (moyenne)]}, [Sexe.Sexe_Hierarchie].[Sexe].Members))) ON COLUMNS,
  NON EMPTY {Hierarchize({[Indicateur de lieu de travail.ILOCC_Hierarchie_1].[Indicateur de lieu].Members})} ON ROWS
from [Cube1MobProInd]

2016-09-25 15:46:43,529 DEBUG [mondrian.mdx] 61047: exec: 16 ms
2016-09-25 15:46:46,451 DEBUG [mondrian.mdx] 61075: select NON EMPTY Crossjoin({[Measures].[Nombre total d'individus]}, [Sexe.Sexe_Hierarchie].[Sexe].Members) ON COLUMNS,
  NON EMPTY {Hierarchize({[Indicateur de lieu de travail.ILOCC_Hierarchie_1].[Indicateur de lieu].Members})} ON ROWS
from [Cube1MobProInd]

2016-09-25 15:46:46,482 DEBUG [mondrian.mdx] 61075: exec: 31 ms
2016-09-25 15:46:52,388 DEBUG [mondrian.mdx] 61093: select NON EMPTY Hierarchize(Union(Crossjoin({[Measures].[Nombre total d'individus]}, [Sexe.Sexe_Hierarchie].[Sexe].Members), Crossjoin({[Measures].[Distance trajet domicile - travail (moyenne)]}, [Sexe.Sexe_Hierarchie].[Sexe].Members))) ON COLUMNS,
  NON EMPTY {Hierarchize({[Indicateur de lieu de travail.ILOCC_Hierarchie_1].[Indicateur de lieu].Members})} ON ROWS
from [Cube1MobProInd]

2016-09-25 15:46:52,404 DEBUG [mondrian.mdx] 61093: exec: 16 ms
2016-09-25 15:47:56,404 DEBUG [mondrian.mdx] 61144: select NON EMPTY Hierarchize(Union(Crossjoin({[Measures].[Nombre total d'individus]}, [Sexe.Sexe_Hierarchie].[Sexe].Members), Crossjoin({[Measures].[Distance trajet domicile - travail (moyenne)]}, [Sexe.Sexe_Hierarchie].[Sexe].Members))) ON COLUMNS,
  NON EMPTY {Hierarchize({{[Indicateur de lieu de travail.ILOCC_Hierarchie_1].[En métropole].[Dans la commune de résidence actuelle], [Indicateur de lieu de travail.ILOCC_Hierarchie_1].[En métropole].[Dans un autre département de la région de résidence], [Indicateur de lieu de travail.ILOCC_Hierarchie_1].[En métropole].[Dans une autre commune du département de résidence], [Indicateur de lieu de travail.ILOCC_Hierarchie_1].[En métropole].[Hors de la région de résidence actuelle : en métropole]}})} ON ROWS
from [Cube1MobProInd]

2016-09-25 15:47:56,435 DEBUG [mondrian.mdx] 61144: exec: 31 ms
2016-09-25 15:49:58,290 DEBUG [mondrian.mdx] 61188: select NON EMPTY Hierarchize(Union(Crossjoin({[Measures].[Nombre total d'individus]}, [Sexe.Sexe_Hierarchie].[Sexe].Members), Crossjoin({[Measures].[Distance trajet domicile - travail (moyenne)]}, [Sexe.Sexe_Hierarchie].[Sexe].Members))) ON COLUMNS,
  NON EMPTY Hierarchize(Union(Crossjoin({[Indicateur de lieu de travail.ILOCC_Hierarchie_1].[En métropole].[Dans la commune de résidence actuelle]}, [Nature l'activite economique.NATACTECO_Hierarchie].[Nature de l'activite].Members), Union(Crossjoin({[Indicateur de lieu de travail.ILOCC_Hierarchie_1].[En métropole].[Dans un autre département de la région de résidence]}, [Nature l'activite economique.NATACTECO_Hierarchie].[Nature de l'activite].Members), Union(Crossjoin({[Indicateur de lieu de travail.ILOCC_Hierarchie_1].[En métropole].[Dans une autre commune du département de résidence]}, [Nature l'activite economique.NATACTECO_Hierarchie].[Nature de l'activite].Members), Crossjoin({[Indicateur de lieu de travail.ILOCC_Hierarchie_1].[En métropole].[Hors de la région de résidence actuelle : en métropole]}, [Nature l'activite economique.NATACTECO_Hierarchie].[Nature de l'activite].Members))))) ON ROWS
from [Cube1MobProInd]

2016-09-25 15:49:58,712 DEBUG [mondrian.mdx] 61188: exec: 422 ms
2016-09-25 15:50:07,447 DEBUG [mondrian.mdx] 61265: select NON EMPTY Hierarchize(Union(Crossjoin({[Measures].[Nombre total d'individus]}, Crossjoin([Nature l'activite economique.NATACTECO_Hierarchie].[Nature de l'activite].Members, [Sexe.Sexe_Hierarchie].[Sexe].Members)), Crossjoin({[Measures].[Distance trajet domicile - travail (moyenne)]}, Crossjoin([Nature l'activite economique.NATACTECO_Hierarchie].[Nature de l'activite].Members, [Sexe.Sexe_Hierarchie].[Sexe].Members)))) ON COLUMNS,
  NON EMPTY {Hierarchize({{[Indicateur de lieu de travail.ILOCC_Hierarchie_1].[En métropole].[Dans la commune de résidence actuelle], [Indicateur de lieu de travail.ILOCC_Hierarchie_1].[En métropole].[Dans un autre département de la région de résidence], [Indicateur de lieu de travail.ILOCC_Hierarchie_1].[En métropole].[Dans une autre commune du département de résidence], [Indicateur de lieu de travail.ILOCC_Hierarchie_1].[En métropole].[Hors de la région de résidence actuelle : en métropole]}})} ON ROWS
from [Cube1MobProInd]

2016-09-25 15:50:07,744 DEBUG [mondrian.mdx] 61265: exec: 297 ms
2016-09-25 15:50:28,275 DEBUG [mondrian.mdx] 61345: select NON EMPTY Hierarchize(Union(Crossjoin({[Measures].[Nombre total d'individus]}, [Nature l'activite economique.NATACTECO_Hierarchie].[Nature de l'activite].Members), Crossjoin({[Measures].[Distance trajet domicile - travail (moyenne)]}, [Nature l'activite economique.NATACTECO_Hierarchie].[Nature de l'activite].Members))) ON COLUMNS,
  NON EMPTY Hierarchize(Union(Crossjoin([Sexe.Sexe_Hierarchie].[Sexe].Members, {[Indicateur de lieu de travail.ILOCC_Hierarchie_1].[En métropole].[Dans la commune de résidence actuelle]}), Union(Crossjoin([Sexe.Sexe_Hierarchie].[Sexe].Members, {[Indicateur de lieu de travail.ILOCC_Hierarchie_1].[En métropole].[Dans un autre département de la région de résidence]}), Union(Crossjoin([Sexe.Sexe_Hierarchie].[Sexe].Members, {[Indicateur de lieu de travail.ILOCC_Hierarchie_1].[En métropole].[Dans une autre commune du département de résidence]}), Crossjoin([Sexe.Sexe_Hierarchie].[Sexe].Members, {[Indicateur de lieu de travail.ILOCC_Hierarchie_1].[En métropole].[Hors de la région de résidence actuelle : en métropole]}))))) ON ROWS
from [Cube1MobProInd]

2016-09-25 15:50:28,525 DEBUG [mondrian.mdx] 61345: exec: 250 ms
2016-09-25 15:50:34,822 DEBUG [mondrian.mdx] 61433: select NON EMPTY Hierarchize(Union(Crossjoin({[Measures].[Nombre total d'individus]}, Crossjoin({[Indicateur de lieu de travail.ILOCC_Hierarchie_1].[En métropole].[Dans la commune de résidence actuelle]}, [Nature l'activite economique.NATACTECO_Hierarchie].[Nature de l'activite].Members)), Union(Crossjoin({[Measures].[Nombre total d'individus]}, Crossjoin({[Indicateur de lieu de travail.ILOCC_Hierarchie_1].[En métropole].[Dans un autre département de la région de résidence]}, [Nature l'activite economique.NATACTECO_Hierarchie].[Nature de l'activite].Members)), Union(Crossjoin({[Measures].[Nombre total d'individus]}, Crossjoin({[Indicateur de lieu de travail.ILOCC_Hierarchie_1].[En métropole].[Dans une autre commune du département de résidence]}, [Nature l'activite economique.NATACTECO_Hierarchie].[Nature de l'activite].Members)), Union(Crossjoin({[Measures].[Nombre total d'individus]}, Crossjoin({[Indicateur de lieu de travail.ILOCC_Hierarchie_1].[En métropole].[Hors de la région de résidence actuelle : en métropole]}, [Nature l'activite economique.NATACTECO_Hierarchie].[Nature de l'activite].Members)), Union(Crossjoin({[Measures].[Distance trajet domicile - travail (moyenne)]}, Crossjoin({[Indicateur de lieu de travail.ILOCC_Hierarchie_1].[En métropole].[Dans la commune de résidence actuelle]}, [Nature l'activite economique.NATACTECO_Hierarchie].[Nature de l'activite].Members)), Union(Crossjoin({[Measures].[Distance trajet domicile - travail (moyenne)]}, Crossjoin({[Indicateur de lieu de travail.ILOCC_Hierarchie_1].[En métropole].[Dans un autre département de la région de résidence]}, [Nature l'activite economique.NATACTECO_Hierarchie].[Nature de l'activite].Members)), Union(Crossjoin({[Measures].[Distance trajet domicile - travail (moyenne)]}, Crossjoin({[Indicateur de lieu de travail.ILOCC_Hierarchie_1].[En métropole].[Dans une autre commune du département de résidence]}, [Nature l'activite economique.NATACTECO_Hierarchie].[Nature de l'activite].Members)), Crossjoin({[Measures].[Distance trajet domicile - travail (moyenne)]}, Crossjoin({[Indicateur de lieu de travail.ILOCC_Hierarchie_1].[En métropole].[Hors de la région de résidence actuelle : en métropole]}, [Nature l'activite economique.NATACTECO_Hierarchie].[Nature de l'activite].Members)))))))))) ON COLUMNS,
  NON EMPTY {Hierarchize({[Sexe.Sexe_Hierarchie].[Sexe].Members})} ON ROWS
from [Cube1MobProInd]

2016-09-25 15:50:35,087 DEBUG [mondrian.mdx] 61433: exec: 265 ms
2016-09-25 15:52:28,759 DEBUG [mondrian.mdx] 61585: select NON EMPTY Hierarchize(Union(Crossjoin({[Measures].[Nombre total d'individus]}, Crossjoin({[Indicateur de lieu de travail.ILOCC_Hierarchie_1].[En métropole].[Dans la commune de résidence actuelle]}, [Nature l'activite economique.NATACTECO_Hierarchie].[Nature de l'activite].Members)), Union(Crossjoin({[Measures].[Nombre total d'individus]}, Crossjoin({[Indicateur de lieu de travail.ILOCC_Hierarchie_1].[En métropole].[Dans un autre département de la région de résidence]}, [Nature l'activite economique.NATACTECO_Hierarchie].[Nature de l'activite].Members)), Union(Crossjoin({[Measures].[Nombre total d'individus]}, Crossjoin({[Indicateur de lieu de travail.ILOCC_Hierarchie_1].[En métropole].[Dans une autre commune du département de résidence]}, [Nature l'activite economique.NATACTECO_Hierarchie].[Nature de l'activite].Members)), Union(Crossjoin({[Measures].[Nombre total d'individus]}, Crossjoin({[Indicateur de lieu de travail.ILOCC_Hierarchie_1].[En métropole].[Hors de la région de résidence actuelle : en métropole]}, [Nature l'activite economique.NATACTECO_Hierarchie].[Nature de l'activite].Members)), Union(Crossjoin({[Measures].[Distance trajet domicile - travail (moyenne)]}, Crossjoin({[Indicateur de lieu de travail.ILOCC_Hierarchie_1].[En métropole].[Dans la commune de résidence actuelle]}, [Nature l'activite economique.NATACTECO_Hierarchie].[Nature de l'activite].Members)), Union(Crossjoin({[Measures].[Distance trajet domicile - travail (moyenne)]}, Crossjoin({[Indicateur de lieu de travail.ILOCC_Hierarchie_1].[En métropole].[Dans un autre département de la région de résidence]}, [Nature l'activite economique.NATACTECO_Hierarchie].[Nature de l'activite].Members)), Union(Crossjoin({[Measures].[Distance trajet domicile - travail (moyenne)]}, Crossjoin({[Indicateur de lieu de travail.ILOCC_Hierarchie_1].[En métropole].[Dans une autre commune du département de résidence]}, [Nature l'activite economique.NATACTECO_Hierarchie].[Nature de l'activite].Members)), Crossjoin({[Measures].[Distance trajet domicile - travail (moyenne)]}, Crossjoin({[Indicateur de lieu de travail.ILOCC_Hierarchie_1].[En métropole].[Hors de la région de résidence actuelle : en métropole]}, [Nature l'activite economique.NATACTECO_Hierarchie].[Nature de l'activite].Members)))))))))) ON COLUMNS,
  NON EMPTY {Hierarchize({[Sexe.Sexe_Hierarchie].[Sexe].Members})} ON ROWS
from [Cube1MobProInd]

2016-09-25 15:52:28,822 DEBUG [mondrian.mdx] 61585: exec: 63 ms
2016-09-25 15:52:46,556 DEBUG [mondrian.mdx] 61936: select NON EMPTY Hierarchize(Union(Crossjoin({[Measures].[Nombre total d'individus]}, Crossjoin({[Indicateur de lieu de travail.ILOCC_Hierarchie_1].[En métropole].[Dans la commune de résidence actuelle]}, {[Nature l'activite economique.NATACTECO_Hierarchie].[Administration publique, enseignement, santé humaine et action sociale]})), Union(Crossjoin({[Measures].[Nombre total d'individus]}, Crossjoin({[Indicateur de lieu de travail.ILOCC_Hierarchie_1].[En métropole].[Dans la commune de résidence actuelle]}, {[Nature l'activite economique.NATACTECO_Hierarchie].[Agriculture, sylviculture et pêche]})), Union(Crossjoin({[Measures].[Nombre total d'individus]}, Crossjoin({[Indicateur de lieu de travail.ILOCC_Hierarchie_1].[En métropole].[Dans la commune de résidence actuelle]}, {[Nature l'activite economique.NATACTECO_Hierarchie].[Commerce, transports et services divers]})), Union(Crossjoin({[Measures].[Nombre total d'individus]}, Crossjoin({[Indicateur de lieu de travail.ILOCC_Hierarchie_1].[En métropole].[Dans la commune de résidence actuelle]}, {[Nature l'activite economique.NATACTECO_Hierarchie].[Construction]})), Union(Crossjoin({[Measures].[Nombre total d'individus]}, Crossjoin({[Indicateur de lieu de travail.ILOCC_Hierarchie_1].[En métropole].[Dans la commune de résidence actuelle]}, {[Nature l'activite economique.NATACTECO_Hierarchie].[Industrie manufacturière, industries extractives  et autres]})), Union(Crossjoin({[Measures].[Nombre total d'individus]}, Crossjoin({[Indicateur de lieu de travail.ILOCC_Hierarchie_1].[En métropole].[Dans un autre département de la région de résidence]}, {[Nature l'activite economique.NATACTECO_Hierarchie].[Administration publique, enseignement, santé humaine et action sociale]})), Union(Crossjoin({[Measures].[Nombre total d'individus]}, Crossjoin({[Indicateur de lieu de travail.ILOCC_Hierarchie_1].[En métropole].[Dans un autre département de la région de résidence]}, {[Nature l'activite economique.NATACTECO_Hierarchie].[Agriculture, sylviculture et pêche]})), Union(Crossjoin({[Measures].[Nombre total d'individus]}, Crossjoin({[Indicateur de lieu de travail.ILOCC_Hierarchie_1].[En métropole].[Dans un autre département de la région de résidence]}, {[Nature l'activite economique.NATACTECO_Hierarchie].[Commerce, transports et services divers]})), Union(Crossjoin({[Measures].[Nombre total d'individus]}, Crossjoin({[Indicateur de lieu de travail.ILOCC_Hierarchie_1].[En métropole].[Dans un autre département de la région de résidence]}, {[Nature l'activite economique.NATACTECO_Hierarchie].[Construction]})), Union(Crossjoin({[Measures].[Nombre total d'individus]}, Crossjoin({[Indicateur de lieu de travail.ILOCC_Hierarchie_1].[En métropole].[Dans un autre département de la région de résidence]}, {[Nature l'activite economique.NATACTECO_Hierarchie].[Industrie manufacturière, industries extractives  et autres]})), Union(Crossjoin({[Measures].[Nombre total d'individus]}, Crossjoin({[Indicateur de lieu de travail.ILOCC_Hierarchie_1].[En métropole].[Dans une autre commune du département de résidence]}, {[Nature l'activite economique.NATACTECO_Hierarchie].[Administration publique, enseignement, santé humaine et action sociale]})), Union(Crossjoin({[Measures].[Nombre total d'individus]}, Crossjoin({[Indicateur de lieu de travail.ILOCC_Hierarchie_1].[En métropole].[Dans une autre commune du département de résidence]}, {[Nature l'activite economique.NATACTECO_Hierarchie].[Agriculture, sylviculture et pêche]})), Union(Crossjoin({[Measures].[Nombre total d'individus]}, Crossjoin({[Indicateur de lieu de travail.ILOCC_Hierarchie_1].[En métropole].[Dans une autre commune du département de résidence]}, {[Nature l'activite economique.NATACTECO_Hierarchie].[Commerce, transports et services divers]})), Union(Crossjoin({[Measures].[Nombre total d'individus]}, Crossjoin({[Indicateur de lieu de travail.ILOCC_Hierarchie_1].[En métropole].[Dans une autre commune du département de résidence]}, {[Nature l'activite economique.NATACTECO_Hierarchie].[Construction]})), Union(Crossjoin({[Measures].[Nombre total d'individus]}, Crossjoin({[Indicateur de lieu de travail.ILOCC_Hierarchie_1].[En métropole].[Dans une autre commune du département de résidence]}, {[Nature l'activite economique.NATACTECO_Hierarchie].[Industrie manufacturière, industries extractives  et autres]})), Union(Crossjoin({[Measures].[Nombre total d'individus]}, Crossjoin({[Indicateur de lieu de travail.ILOCC_Hierarchie_1].[En métropole].[Hors de la région de résidence actuelle : en métropole]}, {[Nature l'activite economique.NATACTECO_Hierarchie].[Administration publique, enseignement, santé humaine et action sociale]})), Union(Crossjoin({[Measures].[Nombre total d'individus]}, Crossjoin({[Indicateur de lieu de travail.ILOCC_Hierarchie_1].[En métropole].[Hors de la région de résidence actuelle : en métropole]}, {[Nature l'activite economique.NATACTECO_Hierarchie].[Agriculture, sylviculture et pêche]})), Union(Crossjoin({[Measures].[Nombre total d'individus]}, Crossjoin({[Indicateur de lieu de travail.ILOCC_Hierarchie_1].[En métropole].[Hors de la région de résidence actuelle : en métropole]}, {[Nature l'activite economique.NATACTECO_Hierarchie].[Commerce, transports et services divers]})), Union(Crossjoin({[Measures].[Nombre total d'individus]}, Crossjoin({[Indicateur de lieu de travail.ILOCC_Hierarchie_1].[En métropole].[Hors de la région de résidence actuelle : en métropole]}, {[Nature l'activite economique.NATACTECO_Hierarchie].[Construction]})), Union(Crossjoin({[Measures].[Nombre total d'individus]}, Crossjoin({[Indicateur de lieu de travail.ILOCC_Hierarchie_1].[En métropole].[Hors de la région de résidence actuelle : en métropole]}, {[Nature l'activite economique.NATACTECO_Hierarchie].[Industrie manufacturière, industries extractives  et autres]})), Union(Crossjoin({[Measures].[Distance trajet domicile - travail (moyenne)]}, Crossjoin({[Indicateur de lieu de travail.ILOCC_Hierarchie_1].[En métropole].[Dans la commune de résidence actuelle]}, {[Nature l'activite economique.NATACTECO_Hierarchie].[Administration publique, enseignement, santé humaine et action sociale]})), Union(Crossjoin({[Measures].[Distance trajet domicile - travail (moyenne)]}, Crossjoin({[Indicateur de lieu de travail.ILOCC_Hierarchie_1].[En métropole].[Dans la commune de résidence actuelle]}, {[Nature l'activite economique.NATACTECO_Hierarchie].[Agriculture, sylviculture et pêche]})), Union(Crossjoin({[Measures].[Distance trajet domicile - travail (moyenne)]}, Crossjoin({[Indicateur de lieu de travail.ILOCC_Hierarchie_1].[En métropole].[Dans la commune de résidence actuelle]}, {[Nature l'activite economique.NATACTECO_Hierarchie].[Commerce, transports et services divers]})), Union(Crossjoin({[Measures].[Distance trajet domicile - travail (moyenne)]}, Crossjoin({[Indicateur de lieu de travail.ILOCC_Hierarchie_1].[En métropole].[Dans la commune de résidence actuelle]}, {[Nature l'activite economique.NATACTECO_Hierarchie].[Construction]})), Union(Crossjoin({[Measures].[Distance trajet domicile - travail (moyenne)]}, Crossjoin({[Indicateur de lieu de travail.ILOCC_Hierarchie_1].[En métropole].[Dans la commune de résidence actuelle]}, {[Nature l'activite economique.NATACTECO_Hierarchie].[Industrie manufacturière, industries extractives  et autres]})), Union(Crossjoin({[Measures].[Distance trajet domicile - travail (moyenne)]}, Crossjoin({[Indicateur de lieu de travail.ILOCC_Hierarchie_1].[En métropole].[Dans un autre département de la région de résidence]}, {[Nature l'activite economique.NATACTECO_Hierarchie].[Administration publique, enseignement, santé humaine et action sociale]})), Union(Crossjoin({[Measures].[Distance trajet domicile - travail (moyenne)]}, Crossjoin({[Indicateur de lieu de travail.ILOCC_Hierarchie_1].[En métropole].[Dans un autre département de la région de résidence]}, {[Nature l'activite economique.NATACTECO_Hierarchie].[Agriculture, sylviculture et pêche]})), Union(Crossjoin({[Measures].[Distance trajet domicile - travail (moyenne)]}, Crossjoin({[Indicateur de lieu de travail.ILOCC_Hierarchie_1].[En métropole].[Dans un autre département de la région de résidence]}, {[Nature l'activite economique.NATACTECO_Hierarchie].[Commerce, transports et services divers]})), Union(Crossjoin({[Measures].[Distance trajet domicile - travail (moyenne)]}, Crossjoin({[Indicateur de lieu de travail.ILOCC_Hierarchie_1].[En métropole].[Dans un autre département de la région de résidence]}, {[Nature l'activite economique.NATACTECO_Hierarchie].[Construction]})), Union(Crossjoin({[Measures].[Distance trajet domicile - travail (moyenne)]}, Crossjoin({[Indicateur de lieu de travail.ILOCC_Hierarchie_1].[En métropole].[Dans un autre département de la région de résidence]}, {[Nature l'activite economique.NATACTECO_Hierarchie].[Industrie manufacturière, industries extractives  et autres]})), Union(Crossjoin({[Measures].[Distance trajet domicile - travail (moyenne)]}, Crossjoin({[Indicateur de lieu de travail.ILOCC_Hierarchie_1].[En métropole].[Dans une autre commune du département de résidence]}, {[Nature l'activite economique.NATACTECO_Hierarchie].[Administration publique, enseignement, santé humaine et action sociale]})), Union(Crossjoin({[Measures].[Distance trajet domicile - travail (moyenne)]}, Crossjoin({[Indicateur de lieu de travail.ILOCC_Hierarchie_1].[En métropole].[Dans une autre commune du département de résidence]}, {[Nature l'activite economique.NATACTECO_Hierarchie].[Agriculture, sylviculture et pêche]})), Union(Crossjoin({[Measures].[Distance trajet domicile - travail (moyenne)]}, Crossjoin({[Indicateur de lieu de travail.ILOCC_Hierarchie_1].[En métropole].[Dans une autre commune du département de résidence]}, {[Nature l'activite economique.NATACTECO_Hierarchie].[Commerce, transports et services divers]})), Union(Crossjoin({[Measures].[Distance trajet domicile - travail (moyenne)]}, Crossjoin({[Indicateur de lieu de travail.ILOCC_Hierarchie_1].[En métropole].[Dans une autre commune du département de résidence]}, {[Nature l'activite economique.NATACTECO_Hierarchie].[Construction]})), Union(Crossjoin({[Measures].[Distance trajet domicile - travail (moyenne)]}, Crossjoin({[Indicateur de lieu de travail.ILOCC_Hierarchie_1].[En métropole].[Dans une autre commune du département de résidence]}, {[Nature l'activite economique.NATACTECO_Hierarchie].[Industrie manufacturière, industries extractives  et autres]})), Union(Crossjoin({[Measures].[Distance trajet domicile - travail (moyenne)]}, Crossjoin({[Indicateur de lieu de travail.ILOCC_Hierarchie_1].[En métropole].[Hors de la région de résidence actuelle : en métropole]}, {[Nature l'activite economique.NATACTECO_Hierarchie].[Administration publique, enseignement, santé humaine et action sociale]})), Union(Crossjoin({[Measures].[Distance trajet domicile - travail (moyenne)]}, Crossjoin({[Indicateur de lieu de travail.ILOCC_Hierarchie_1].[En métropole].[Hors de la région de résidence actuelle : en métropole]}, {[Nature l'activite economique.NATACTECO_Hierarchie].[Agriculture, sylviculture et pêche]})), Union(Crossjoin({[Measures].[Distance trajet domicile - travail (moyenne)]}, Crossjoin({[Indicateur de lieu de travail.ILOCC_Hierarchie_1].[En métropole].[Hors de la région de résidence actuelle : en métropole]}, {[Nature l'activite economique.NATACTECO_Hierarchie].[Commerce, transports et services divers]})), Union(Crossjoin({[Measures].[Distance trajet domicile - travail (moyenne)]}, Crossjoin({[Indicateur de lieu de travail.ILOCC_Hierarchie_1].[En métropole].[Hors de la région de résidence actuelle : en métropole]}, {[Nature l'activite economique.NATACTECO_Hierarchie].[Construction]})), Crossjoin({[Measures].[Distance trajet domicile - travail (moyenne)]}, Crossjoin({[Indicateur de lieu de travail.ILOCC_Hierarchie_1].[En métropole].[Hors de la région de résidence actuelle : en métropole]}, {[Nature l'activite economique.NATACTECO_Hierarchie].[Industrie manufacturière, industries extractives  et autres]})))))))))))))))))))))))))))))))))))))))))) ON COLUMNS,
  NON EMPTY {Hierarchize({[Sexe.Sexe_Hierarchie].[Sexe].Members})} ON ROWS
from [Cube1MobProInd]

2016-09-25 15:52:47,540 DEBUG [mondrian.mdx] 61936: exec: 984 ms
2016-09-25 15:53:03,353 DEBUG [mondrian.mdx] 62091: select NON EMPTY Hierarchize(Union(Crossjoin({[Measures].[Nombre total d'individus]}, Crossjoin({[Indicateur de lieu de travail.ILOCC_Hierarchie_1].[En métropole].[Dans la commune de résidence actuelle]}, {[Nature l'activite economique.NATACTECO_Hierarchie].[Administration publique, enseignement, santé humaine et action sociale]})), Union(Crossjoin({[Measures].[Nombre total d'individus]}, Crossjoin({[Indicateur de lieu de travail.ILOCC_Hierarchie_1].[En métropole].[Dans un autre département de la région de résidence]}, {[Nature l'activite economique.NATACTECO_Hierarchie].[Administration publique, enseignement, santé humaine et action sociale]})), Union(Crossjoin({[Measures].[Nombre total d'individus]}, Crossjoin({[Indicateur de lieu de travail.ILOCC_Hierarchie_1].[En métropole].[Dans une autre commune du département de résidence]}, {[Nature l'activite economique.NATACTECO_Hierarchie].[Administration publique, enseignement, santé humaine et action sociale]})), Union(Crossjoin({[Measures].[Nombre total d'individus]}, Crossjoin({[Indicateur de lieu de travail.ILOCC_Hierarchie_1].[En métropole].[Hors de la région de résidence actuelle : en métropole]}, {[Nature l'activite economique.NATACTECO_Hierarchie].[Administration publique, enseignement, santé humaine et action sociale]})), Union(Crossjoin({[Measures].[Distance trajet domicile - travail (moyenne)]}, Crossjoin({[Indicateur de lieu de travail.ILOCC_Hierarchie_1].[En métropole].[Dans la commune de résidence actuelle]}, {[Nature l'activite economique.NATACTECO_Hierarchie].[Administration publique, enseignement, santé humaine et action sociale]})), Union(Crossjoin({[Measures].[Distance trajet domicile - travail (moyenne)]}, Crossjoin({[Indicateur de lieu de travail.ILOCC_Hierarchie_1].[En métropole].[Dans un autre département de la région de résidence]}, {[Nature l'activite economique.NATACTECO_Hierarchie].[Administration publique, enseignement, santé humaine et action sociale]})), Union(Crossjoin({[Measures].[Distance trajet domicile - travail (moyenne)]}, Crossjoin({[Indicateur de lieu de travail.ILOCC_Hierarchie_1].[En métropole].[Dans une autre commune du département de résidence]}, {[Nature l'activite economique.NATACTECO_Hierarchie].[Administration publique, enseignement, santé humaine et action sociale]})), Crossjoin({[Measures].[Distance trajet domicile - travail (moyenne)]}, Crossjoin({[Indicateur de lieu de travail.ILOCC_Hierarchie_1].[En métropole].[Hors de la région de résidence actuelle : en métropole]}, {[Nature l'activite economique.NATACTECO_Hierarchie].[Administration publique, enseignement, santé humaine et action sociale]})))))))))) ON COLUMNS,
  NON EMPTY {Hierarchize({[Sexe.Sexe_Hierarchie].[Sexe].Members})} ON ROWS
from [Cube1MobProInd]

2016-09-25 15:53:03,415 DEBUG [mondrian.mdx] 62091: exec: 62 ms
2016-09-25 15:53:08,665 DEBUG [mondrian.mdx] 62145: select NON EMPTY Hierarchize(Union(Crossjoin({[Measures].[Nombre total d'individus]}, {[Nature l'activite economique.NATACTECO_Hierarchie].[Administration publique, enseignement, santé humaine et action sociale]}), Crossjoin({[Measures].[Distance trajet domicile - travail (moyenne)]}, {[Nature l'activite economique.NATACTECO_Hierarchie].[Administration publique, enseignement, santé humaine et action sociale]}))) ON COLUMNS,
  NON EMPTY Hierarchize(Union(Crossjoin({[Indicateur de lieu de travail.ILOCC_Hierarchie_1].[En métropole].[Dans la commune de résidence actuelle]}, [Sexe.Sexe_Hierarchie].[Sexe].Members), Union(Crossjoin({[Indicateur de lieu de travail.ILOCC_Hierarchie_1].[En métropole].[Dans un autre département de la région de résidence]}, [Sexe.Sexe_Hierarchie].[Sexe].Members), Union(Crossjoin({[Indicateur de lieu de travail.ILOCC_Hierarchie_1].[En métropole].[Dans une autre commune du département de résidence]}, [Sexe.Sexe_Hierarchie].[Sexe].Members), Crossjoin({[Indicateur de lieu de travail.ILOCC_Hierarchie_1].[En métropole].[Hors de la région de résidence actuelle : en métropole]}, [Sexe.Sexe_Hierarchie].[Sexe].Members))))) ON ROWS
from [Cube1MobProInd]

2016-09-25 15:53:08,900 DEBUG [mondrian.mdx] 62145: exec: 235 ms
2016-09-25 15:53:10,915 DEBUG [mondrian.mdx] 62203: select NON EMPTY {Hierarchize({{[Measures].[Nombre total d'individus], [Measures].[Distance trajet domicile - travail (moyenne)]}})} ON COLUMNS,
  NON EMPTY Hierarchize(Union(Crossjoin({[Indicateur de lieu de travail.ILOCC_Hierarchie_1].[En métropole].[Dans la commune de résidence actuelle]}, Crossjoin({[Nature l'activite economique.NATACTECO_Hierarchie].[Administration publique, enseignement, santé humaine et action sociale]}, [Sexe.Sexe_Hierarchie].[Sexe].Members)), Union(Crossjoin({[Indicateur de lieu de travail.ILOCC_Hierarchie_1].[En métropole].[Dans un autre département de la région de résidence]}, Crossjoin({[Nature l'activite economique.NATACTECO_Hierarchie].[Administration publique, enseignement, santé humaine et action sociale]}, [Sexe.Sexe_Hierarchie].[Sexe].Members)), Union(Crossjoin({[Indicateur de lieu de travail.ILOCC_Hierarchie_1].[En métropole].[Dans une autre commune du département de résidence]}, Crossjoin({[Nature l'activite economique.NATACTECO_Hierarchie].[Administration publique, enseignement, santé humaine et action sociale]}, [Sexe.Sexe_Hierarchie].[Sexe].Members)), Crossjoin({[Indicateur de lieu de travail.ILOCC_Hierarchie_1].[En métropole].[Hors de la région de résidence actuelle : en métropole]}, Crossjoin({[Nature l'activite economique.NATACTECO_Hierarchie].[Administration publique, enseignement, santé humaine et action sociale]}, [Sexe.Sexe_Hierarchie].[Sexe].Members)))))) ON ROWS
from [Cube1MobProInd]

2016-09-25 15:53:11,119 DEBUG [mondrian.mdx] 62203: exec: 204 ms
2016-09-25 15:53:13,462 DEBUG [mondrian.mdx] 62263: select NON EMPTY Hierarchize(Union(Crossjoin({[Measures].[Nombre total d'individus]}, [Sexe.Sexe_Hierarchie].[Sexe].Members), Crossjoin({[Measures].[Distance trajet domicile - travail (moyenne)]}, [Sexe.Sexe_Hierarchie].[Sexe].Members))) ON COLUMNS,
  NON EMPTY Hierarchize(Union(Crossjoin({[Indicateur de lieu de travail.ILOCC_Hierarchie_1].[En métropole].[Dans la commune de résidence actuelle]}, {[Nature l'activite economique.NATACTECO_Hierarchie].[Administration publique, enseignement, santé humaine et action sociale]}), Union(Crossjoin({[Indicateur de lieu de travail.ILOCC_Hierarchie_1].[En métropole].[Dans un autre département de la région de résidence]}, {[Nature l'activite economique.NATACTECO_Hierarchie].[Administration publique, enseignement, santé humaine et action sociale]}), Union(Crossjoin({[Indicateur de lieu de travail.ILOCC_Hierarchie_1].[En métropole].[Dans une autre commune du département de résidence]}, {[Nature l'activite economique.NATACTECO_Hierarchie].[Administration publique, enseignement, santé humaine et action sociale]}), Crossjoin({[Indicateur de lieu de travail.ILOCC_Hierarchie_1].[En métropole].[Hors de la région de résidence actuelle : en métropole]}, {[Nature l'activite economique.NATACTECO_Hierarchie].[Administration publique, enseignement, santé humaine et action sociale]}))))) ON ROWS
from [Cube1MobProInd]

2016-09-25 15:53:13,494 DEBUG [mondrian.mdx] 62263: exec: 32 ms
2016-09-25 15:53:19,556 DEBUG [mondrian.mdx] 62307: select NON EMPTY Hierarchize(Union(Crossjoin({[Measures].[Nombre total d'individus]}, Crossjoin({[Nature l'activite economique.NATACTECO_Hierarchie].[Administration publique, enseignement, santé humaine et action sociale]}, [Sexe.Sexe_Hierarchie].[Sexe].Members)), Crossjoin({[Measures].[Distance trajet domicile - travail (moyenne)]}, Crossjoin({[Nature l'activite economique.NATACTECO_Hierarchie].[Administration publique, enseignement, santé humaine et action sociale]}, [Sexe.Sexe_Hierarchie].[Sexe].Members)))) ON COLUMNS,
  NON EMPTY {Hierarchize({{[Indicateur de lieu de travail.ILOCC_Hierarchie_1].[En métropole].[Dans la commune de résidence actuelle], [Indicateur de lieu de travail.ILOCC_Hierarchie_1].[En métropole].[Dans un autre département de la région de résidence], [Indicateur de lieu de travail.ILOCC_Hierarchie_1].[En métropole].[Dans une autre commune du département de résidence], [Indicateur de lieu de travail.ILOCC_Hierarchie_1].[En métropole].[Hors de la région de résidence actuelle : en métropole]}})} ON ROWS
from [Cube1MobProInd]

2016-09-25 15:53:19,681 DEBUG [mondrian.mdx] 62307: exec: 125 ms
2016-09-25 15:53:34,822 DEBUG [mondrian.mdx] 62359: select NON EMPTY Hierarchize(Union(Crossjoin({[Measures].[Nombre total d'individus]}, Crossjoin({[Nature l'activite economique.NATACTECO_Hierarchie].[Administration publique, enseignement, santé humaine et action sociale]}, [Sexe.Sexe_Hierarchie].[Sexe].Members)), Crossjoin({[Measures].[Distance trajet domicile - travail (moyenne)]}, Crossjoin({[Nature l'activite economique.NATACTECO_Hierarchie].[Administration publique, enseignement, santé humaine et action sociale]}, [Sexe.Sexe_Hierarchie].[Sexe].Members)))) ON COLUMNS,
  NON EMPTY {Hierarchize({{[Indicateur de lieu de travail.ILOCC_Hierarchie_1].[En métropole].[Dans la commune de résidence actuelle], [Indicateur de lieu de travail.ILOCC_Hierarchie_1].[En métropole].[Dans un autre département de la région de résidence], [Indicateur de lieu de travail.ILOCC_Hierarchie_1].[En métropole].[Dans une autre commune du département de résidence], [Indicateur de lieu de travail.ILOCC_Hierarchie_1].[En métropole].[Hors de la région de résidence actuelle : en métropole]}})} ON ROWS
from [Cube1MobProInd]

2016-09-25 15:53:34,837 DEBUG [mondrian.mdx] 62359: exec: 15 ms
2016-09-25 15:54:11,634 DEBUG [mondrian.mdx] 62414: select NON EMPTY Hierarchize(Union(Crossjoin({[Measures].[Nombre total d'individus]}, Crossjoin({[Nature l'activite economique.NATACTECO_Hierarchie].[Commerce, transports et services divers]}, [Sexe.Sexe_Hierarchie].[Sexe].Members)), Crossjoin({[Measures].[Distance trajet domicile - travail (moyenne)]}, Crossjoin({[Nature l'activite economique.NATACTECO_Hierarchie].[Commerce, transports et services divers]}, [Sexe.Sexe_Hierarchie].[Sexe].Members)))) ON COLUMNS,
  NON EMPTY {Hierarchize({{[Indicateur de lieu de travail.ILOCC_Hierarchie_1].[En métropole].[Dans la commune de résidence actuelle], [Indicateur de lieu de travail.ILOCC_Hierarchie_1].[En métropole].[Dans un autre département de la région de résidence], [Indicateur de lieu de travail.ILOCC_Hierarchie_1].[En métropole].[Dans une autre commune du département de résidence], [Indicateur de lieu de travail.ILOCC_Hierarchie_1].[En métropole].[Hors de la région de résidence actuelle : en métropole]}})} ON ROWS
from [Cube1MobProInd]

2016-09-25 15:54:11,759 DEBUG [mondrian.mdx] 62414: exec: 125 ms
2016-09-25 15:54:26,119 DEBUG [mondrian.mdx] 62521: select NON EMPTY Hierarchize(Union(Crossjoin({[Measures].[Nombre total d'individus]}, Crossjoin({[Nature l'activite economique.NATACTECO_Hierarchie].[Commerce, transports et services divers]}, [Sexe.Sexe_Hierarchie].[Sexe].Members)), Union(Crossjoin({[Measures].[Nombre total d'individus]}, Crossjoin({[Nature l'activite economique.NATACTECO_Hierarchie].[Administration publique, enseignement, santé humaine et action sociale]}, [Sexe.Sexe_Hierarchie].[Sexe].Members)), Union(Crossjoin({[Measures].[Nombre total d'individus]}, Crossjoin({[Nature l'activite economique.NATACTECO_Hierarchie].[Agriculture, sylviculture et pêche]}, [Sexe.Sexe_Hierarchie].[Sexe].Members)), Union(Crossjoin({[Measures].[Nombre total d'individus]}, Crossjoin({[Nature l'activite economique.NATACTECO_Hierarchie].[Construction]}, [Sexe.Sexe_Hierarchie].[Sexe].Members)), Union(Crossjoin({[Measures].[Nombre total d'individus]}, Crossjoin({[Nature l'activite economique.NATACTECO_Hierarchie].[Industrie manufacturière, industries extractives  et autres]}, [Sexe.Sexe_Hierarchie].[Sexe].Members)), Union(Crossjoin({[Measures].[Distance trajet domicile - travail (moyenne)]}, Crossjoin({[Nature l'activite economique.NATACTECO_Hierarchie].[Commerce, transports et services divers]}, [Sexe.Sexe_Hierarchie].[Sexe].Members)), Union(Crossjoin({[Measures].[Distance trajet domicile - travail (moyenne)]}, Crossjoin({[Nature l'activite economique.NATACTECO_Hierarchie].[Administration publique, enseignement, santé humaine et action sociale]}, [Sexe.Sexe_Hierarchie].[Sexe].Members)), Union(Crossjoin({[Measures].[Distance trajet domicile - travail (moyenne)]}, Crossjoin({[Nature l'activite economique.NATACTECO_Hierarchie].[Agriculture, sylviculture et pêche]}, [Sexe.Sexe_Hierarchie].[Sexe].Members)), Union(Crossjoin({[Measures].[Distance trajet domicile - travail (moyenne)]}, Crossjoin({[Nature l'activite economique.NATACTECO_Hierarchie].[Construction]}, [Sexe.Sexe_Hierarchie].[Sexe].Members)), Crossjoin({[Measures].[Distance trajet domicile - travail (moyenne)]}, Crossjoin({[Nature l'activite economique.NATACTECO_Hierarchie].[Industrie manufacturière, industries extractives  et autres]}, [Sexe.Sexe_Hierarchie].[Sexe].Members)))))))))))) ON COLUMNS,
  NON EMPTY {Hierarchize({{[Indicateur de lieu de travail.ILOCC_Hierarchie_1].[En métropole].[Dans la commune de résidence actuelle], [Indicateur de lieu de travail.ILOCC_Hierarchie_1].[En métropole].[Dans un autre département de la région de résidence], [Indicateur de lieu de travail.ILOCC_Hierarchie_1].[En métropole].[Dans une autre commune du département de résidence], [Indicateur de lieu de travail.ILOCC_Hierarchie_1].[En métropole].[Hors de la région de résidence actuelle : en métropole]}})} ON ROWS
from [Cube1MobProInd]

2016-09-25 15:54:26,337 DEBUG [mondrian.mdx] 62521: exec: 218 ms
2016-09-25 15:54:36,775 DEBUG [mondrian.mdx] 62656: select NON EMPTY Hierarchize(Union(Crossjoin({[Measures].[Nombre total d'individus]}, Crossjoin({[Nature l'activite economique.NATACTECO_Hierarchie].[Commerce, transports et services divers]}, [Sexe.Sexe_Hierarchie].[Sexe].Members)), Union(Crossjoin({[Measures].[Nombre total d'individus]}, Crossjoin({[Nature l'activite economique.NATACTECO_Hierarchie].[Administration publique, enseignement, santé humaine et action sociale]}, [Sexe.Sexe_Hierarchie].[Sexe].Members)), Union(Crossjoin({[Measures].[Nombre total d'individus]}, Crossjoin({[Nature l'activite economique.NATACTECO_Hierarchie].[Agriculture, sylviculture et pêche]}, [Sexe.Sexe_Hierarchie].[Sexe].Members)), Union(Crossjoin({[Measures].[Nombre total d'individus]}, Crossjoin({[Nature l'activite economique.NATACTECO_Hierarchie].[Construction]}, [Sexe.Sexe_Hierarchie].[Sexe].Members)), Union(Crossjoin({[Measures].[Nombre total d'individus]}, Crossjoin({[Nature l'activite economique.NATACTECO_Hierarchie].[Industrie manufacturière, industries extractives  et autres]}, [Sexe.Sexe_Hierarchie].[Sexe].Members)), Union(Crossjoin({[Measures].[Distance trajet domicile - travail (moyenne)]}, Crossjoin({[Nature l'activite economique.NATACTECO_Hierarchie].[Commerce, transports et services divers]}, [Sexe.Sexe_Hierarchie].[Sexe].Members)), Union(Crossjoin({[Measures].[Distance trajet domicile - travail (moyenne)]}, Crossjoin({[Nature l'activite economique.NATACTECO_Hierarchie].[Administration publique, enseignement, santé humaine et action sociale]}, [Sexe.Sexe_Hierarchie].[Sexe].Members)), Union(Crossjoin({[Measures].[Distance trajet domicile - travail (moyenne)]}, Crossjoin({[Nature l'activite economique.NATACTECO_Hierarchie].[Agriculture, sylviculture et pêche]}, [Sexe.Sexe_Hierarchie].[Sexe].Members)), Union(Crossjoin({[Measures].[Distance trajet domicile - travail (moyenne)]}, Crossjoin({[Nature l'activite economique.NATACTECO_Hierarchie].[Construction]}, [Sexe.Sexe_Hierarchie].[Sexe].Members)), Crossjoin({[Measures].[Distance trajet domicile - travail (moyenne)]}, Crossjoin({[Nature l'activite economique.NATACTECO_Hierarchie].[Industrie manufacturière, industries extractives  et autres]}, [Sexe.Sexe_Hierarchie].[Sexe].Members)))))))))))) ON COLUMNS,
  NON EMPTY {Hierarchize({{[Indicateur de lieu de travail.ILOCC_Hierarchie_1].[En métropole].[Dans la commune de résidence actuelle], [Indicateur de lieu de travail.ILOCC_Hierarchie_1].[En métropole].[Dans un autre département de la région de résidence], [Indicateur de lieu de travail.ILOCC_Hierarchie_1].[En métropole].[Dans une autre commune du département de résidence]}})} ON ROWS
from [Cube1MobProInd]

2016-09-25 15:54:36,853 DEBUG [mondrian.mdx] 62656: exec: 78 ms
2016-09-25 15:55:31,790 DEBUG [mondrian.mdx] 62787: select NON EMPTY Hierarchize(Union(Crossjoin({[Measures].[Nombre total d'individus]}, [Sexe.Sexe_Hierarchie].[Sexe].Members), Crossjoin({[Measures].[Distance trajet domicile - travail (moyenne)]}, [Sexe.Sexe_Hierarchie].[Sexe].Members))) ON COLUMNS,
  NON EMPTY Hierarchize(Union(Crossjoin({[Nature l'activite economique.NATACTECO_Hierarchie].[Commerce, transports et services divers]}, {[Indicateur de lieu de travail.ILOCC_Hierarchie_1].[En métropole].[Dans la commune de résidence actuelle]}), Union(Crossjoin({[Nature l'activite economique.NATACTECO_Hierarchie].[Commerce, transports et services divers]}, {[Indicateur de lieu de travail.ILOCC_Hierarchie_1].[En métropole].[Dans un autre département de la région de résidence]}), Union(Crossjoin({[Nature l'activite economique.NATACTECO_Hierarchie].[Commerce, transports et services divers]}, {[Indicateur de lieu de travail.ILOCC_Hierarchie_1].[En métropole].[Dans une autre commune du département de résidence]}), Union(Crossjoin({[Nature l'activite economique.NATACTECO_Hierarchie].[Administration publique, enseignement, santé humaine et action sociale]}, {[Indicateur de lieu de travail.ILOCC_Hierarchie_1].[En métropole].[Dans la commune de résidence actuelle]}), Union(Crossjoin({[Nature l'activite economique.NATACTECO_Hierarchie].[Administration publique, enseignement, santé humaine et action sociale]}, {[Indicateur de lieu de travail.ILOCC_Hierarchie_1].[En métropole].[Dans un autre département de la région de résidence]}), Union(Crossjoin({[Nature l'activite economique.NATACTECO_Hierarchie].[Administration publique, enseignement, santé humaine et action sociale]}, {[Indicateur de lieu de travail.ILOCC_Hierarchie_1].[En métropole].[Dans une autre commune du département de résidence]}), Union(Crossjoin({[Nature l'activite economique.NATACTECO_Hierarchie].[Agriculture, sylviculture et pêche]}, {[Indicateur de lieu de travail.ILOCC_Hierarchie_1].[En métropole].[Dans la commune de résidence actuelle]}), Union(Crossjoin({[Nature l'activite economique.NATACTECO_Hierarchie].[Agriculture, sylviculture et pêche]}, {[Indicateur de lieu de travail.ILOCC_Hierarchie_1].[En métropole].[Dans un autre département de la région de résidence]}), Union(Crossjoin({[Nature l'activite economique.NATACTECO_Hierarchie].[Agriculture, sylviculture et pêche]}, {[Indicateur de lieu de travail.ILOCC_Hierarchie_1].[En métropole].[Dans une autre commune du département de résidence]}), Union(Crossjoin({[Nature l'activite economique.NATACTECO_Hierarchie].[Construction]}, {[Indicateur de lieu de travail.ILOCC_Hierarchie_1].[En métropole].[Dans la commune de résidence actuelle]}), Union(Crossjoin({[Nature l'activite economique.NATACTECO_Hierarchie].[Construction]}, {[Indicateur de lieu de travail.ILOCC_Hierarchie_1].[En métropole].[Dans un autre département de la région de résidence]}), Union(Crossjoin({[Nature l'activite economique.NATACTECO_Hierarchie].[Construction]}, {[Indicateur de lieu de travail.ILOCC_Hierarchie_1].[En métropole].[Dans une autre commune du département de résidence]}), Union(Crossjoin({[Nature l'activite economique.NATACTECO_Hierarchie].[Industrie manufacturière, industries extractives  et autres]}, {[Indicateur de lieu de travail.ILOCC_Hierarchie_1].[En métropole].[Dans la commune de résidence actuelle]}), Union(Crossjoin({[Nature l'activite economique.NATACTECO_Hierarchie].[Industrie manufacturière, industries extractives  et autres]}, {[Indicateur de lieu de travail.ILOCC_Hierarchie_1].[En métropole].[Dans un autre département de la région de résidence]}), Crossjoin({[Nature l'activite economique.NATACTECO_Hierarchie].[Industrie manufacturière, industries extractives  et autres]}, {[Indicateur de lieu de travail.ILOCC_Hierarchie_1].[En métropole].[Dans une autre commune du département de résidence]})))))))))))))))) ON ROWS
from [Cube1MobProInd]

2016-09-25 15:55:32,290 DEBUG [mondrian.mdx] 62787: exec: 500 ms
2016-09-25 15:55:47,072 DEBUG [mondrian.mdx] 62903: select NON EMPTY Hierarchize(Union(Crossjoin({[Measures].[Nombre total d'individus]}, [Sexe.Sexe_Hierarchie].[Sexe].Members), Crossjoin({[Measures].[Distance trajet domicile - travail (moyenne)]}, [Sexe.Sexe_Hierarchie].[Sexe].Members))) ON COLUMNS,
  NON EMPTY Order(Hierarchize(Union(Crossjoin({[Nature l'activite economique.NATACTECO_Hierarchie].[Commerce, transports et services divers]}, {[Indicateur de lieu de travail.ILOCC_Hierarchie_1].[En métropole].[Dans la commune de résidence actuelle]}), Union(Crossjoin({[Nature l'activite economique.NATACTECO_Hierarchie].[Commerce, transports et services divers]}, {[Indicateur de lieu de travail.ILOCC_Hierarchie_1].[En métropole].[Dans un autre département de la région de résidence]}), Union(Crossjoin({[Nature l'activite economique.NATACTECO_Hierarchie].[Commerce, transports et services divers]}, {[Indicateur de lieu de travail.ILOCC_Hierarchie_1].[En métropole].[Dans une autre commune du département de résidence]}), Union(Crossjoin({[Nature l'activite economique.NATACTECO_Hierarchie].[Administration publique, enseignement, santé humaine et action sociale]}, {[Indicateur de lieu de travail.ILOCC_Hierarchie_1].[En métropole].[Dans la commune de résidence actuelle]}), Union(Crossjoin({[Nature l'activite economique.NATACTECO_Hierarchie].[Administration publique, enseignement, santé humaine et action sociale]}, {[Indicateur de lieu de travail.ILOCC_Hierarchie_1].[En métropole].[Dans un autre département de la région de résidence]}), Union(Crossjoin({[Nature l'activite economique.NATACTECO_Hierarchie].[Administration publique, enseignement, santé humaine et action sociale]}, {[Indicateur de lieu de travail.ILOCC_Hierarchie_1].[En métropole].[Dans une autre commune du département de résidence]}), Union(Crossjoin({[Nature l'activite economique.NATACTECO_Hierarchie].[Agriculture, sylviculture et pêche]}, {[Indicateur de lieu de travail.ILOCC_Hierarchie_1].[En métropole].[Dans la commune de résidence actuelle]}), Union(Crossjoin({[Nature l'activite economique.NATACTECO_Hierarchie].[Agriculture, sylviculture et pêche]}, {[Indicateur de lieu de travail.ILOCC_Hierarchie_1].[En métropole].[Dans un autre département de la région de résidence]}), Union(Crossjoin({[Nature l'activite economique.NATACTECO_Hierarchie].[Agriculture, sylviculture et pêche]}, {[Indicateur de lieu de travail.ILOCC_Hierarchie_1].[En métropole].[Dans une autre commune du département de résidence]}), Union(Crossjoin({[Nature l'activite economique.NATACTECO_Hierarchie].[Construction]}, {[Indicateur de lieu de travail.ILOCC_Hierarchie_1].[En métropole].[Dans la commune de résidence actuelle]}), Union(Crossjoin({[Nature l'activite economique.NATACTECO_Hierarchie].[Construction]}, {[Indicateur de lieu de travail.ILOCC_Hierarchie_1].[En métropole].[Dans un autre département de la région de résidence]}), Union(Crossjoin({[Nature l'activite economique.NATACTECO_Hierarchie].[Construction]}, {[Indicateur de lieu de travail.ILOCC_Hierarchie_1].[En métropole].[Dans une autre commune du département de résidence]}), Union(Crossjoin({[Nature l'activite economique.NATACTECO_Hierarchie].[Industrie manufacturière, industries extractives  et autres]}, {[Indicateur de lieu de travail.ILOCC_Hierarchie_1].[En métropole].[Dans la commune de résidence actuelle]}), Union(Crossjoin({[Nature l'activite economique.NATACTECO_Hierarchie].[Industrie manufacturière, industries extractives  et autres]}, {[Indicateur de lieu de travail.ILOCC_Hierarchie_1].[En métropole].[Dans un autre département de la région de résidence]}), Crossjoin({[Nature l'activite economique.NATACTECO_Hierarchie].[Industrie manufacturière, industries extractives  et autres]}, {[Indicateur de lieu de travail.ILOCC_Hierarchie_1].[En métropole].[Dans une autre commune du département de résidence]})))))))))))))))), [Measures].[Nombre total d'individus], BASC) ON ROWS
from [Cube1MobProInd]

2016-09-25 15:55:47,103 DEBUG [mondrian.mdx] 62903: exec: 31 ms
2016-09-25 15:56:19,103 DEBUG [mondrian.mdx] 63016: select NON EMPTY Crossjoin({[Measures].[Distance trajet domicile - travail (moyenne)]}, [Sexe.Sexe_Hierarchie].[Sexe].Members) ON COLUMNS,
  NON EMPTY Order(Hierarchize(Union(Crossjoin({[Nature l'activite economique.NATACTECO_Hierarchie].[Commerce, transports et services divers]}, {[Indicateur de lieu de travail.ILOCC_Hierarchie_1].[En métropole].[Dans la commune de résidence actuelle]}), Union(Crossjoin({[Nature l'activite economique.NATACTECO_Hierarchie].[Commerce, transports et services divers]}, {[Indicateur de lieu de travail.ILOCC_Hierarchie_1].[En métropole].[Dans un autre département de la région de résidence]}), Union(Crossjoin({[Nature l'activite economique.NATACTECO_Hierarchie].[Commerce, transports et services divers]}, {[Indicateur de lieu de travail.ILOCC_Hierarchie_1].[En métropole].[Dans une autre commune du département de résidence]}), Union(Crossjoin({[Nature l'activite economique.NATACTECO_Hierarchie].[Administration publique, enseignement, santé humaine et action sociale]}, {[Indicateur de lieu de travail.ILOCC_Hierarchie_1].[En métropole].[Dans la commune de résidence actuelle]}), Union(Crossjoin({[Nature l'activite economique.NATACTECO_Hierarchie].[Administration publique, enseignement, santé humaine et action sociale]}, {[Indicateur de lieu de travail.ILOCC_Hierarchie_1].[En métropole].[Dans un autre département de la région de résidence]}), Union(Crossjoin({[Nature l'activite economique.NATACTECO_Hierarchie].[Administration publique, enseignement, santé humaine et action sociale]}, {[Indicateur de lieu de travail.ILOCC_Hierarchie_1].[En métropole].[Dans une autre commune du département de résidence]}), Union(Crossjoin({[Nature l'activite economique.NATACTECO_Hierarchie].[Agriculture, sylviculture et pêche]}, {[Indicateur de lieu de travail.ILOCC_Hierarchie_1].[En métropole].[Dans la commune de résidence actuelle]}), Union(Crossjoin({[Nature l'activite economique.NATACTECO_Hierarchie].[Agriculture, sylviculture et pêche]}, {[Indicateur de lieu de travail.ILOCC_Hierarchie_1].[En métropole].[Dans un autre département de la région de résidence]}), Union(Crossjoin({[Nature l'activite economique.NATACTECO_Hierarchie].[Agriculture, sylviculture et pêche]}, {[Indicateur de lieu de travail.ILOCC_Hierarchie_1].[En métropole].[Dans une autre commune du département de résidence]}), Union(Crossjoin({[Nature l'activite economique.NATACTECO_Hierarchie].[Construction]}, {[Indicateur de lieu de travail.ILOCC_Hierarchie_1].[En métropole].[Dans la commune de résidence actuelle]}), Union(Crossjoin({[Nature l'activite economique.NATACTECO_Hierarchie].[Construction]}, {[Indicateur de lieu de travail.ILOCC_Hierarchie_1].[En métropole].[Dans un autre département de la région de résidence]}), Union(Crossjoin({[Nature l'activite economique.NATACTECO_Hierarchie].[Construction]}, {[Indicateur de lieu de travail.ILOCC_Hierarchie_1].[En métropole].[Dans une autre commune du département de résidence]}), Union(Crossjoin({[Nature l'activite economique.NATACTECO_Hierarchie].[Industrie manufacturière, industries extractives  et autres]}, {[Indicateur de lieu de travail.ILOCC_Hierarchie_1].[En métropole].[Dans la commune de résidence actuelle]}), Union(Crossjoin({[Nature l'activite economique.NATACTECO_Hierarchie].[Industrie manufacturière, industries extractives  et autres]}, {[Indicateur de lieu de travail.ILOCC_Hierarchie_1].[En métropole].[Dans un autre département de la région de résidence]}), Crossjoin({[Nature l'activite economique.NATACTECO_Hierarchie].[Industrie manufacturière, industries extractives  et autres]}, {[Indicateur de lieu de travail.ILOCC_Hierarchie_1].[En métropole].[Dans une autre commune du département de résidence]})))))))))))))))), [Measures].[Nombre total d'individus], BASC) ON ROWS
from [Cube1MobProInd]

2016-09-25 15:56:19,509 DEBUG [mondrian.mdx] 63016: exec: 406 ms
2016-09-25 15:56:22,509 DEBUG [mondrian.mdx] 63134: select NON EMPTY Crossjoin({[Measures].[Distance trajet domicile - travail (moyenne)]}, [Sexe.Sexe_Hierarchie].[Sexe].Members) ON COLUMNS,
  NON EMPTY Order(Hierarchize(Union(Crossjoin({[Nature l'activite economique.NATACTECO_Hierarchie].[Commerce, transports et services divers]}, {[Indicateur de lieu de travail.ILOCC_Hierarchie_1].[En métropole].[Dans la commune de résidence actuelle]}), Union(Crossjoin({[Nature l'activite economique.NATACTECO_Hierarchie].[Commerce, transports et services divers]}, {[Indicateur de lieu de travail.ILOCC_Hierarchie_1].[En métropole].[Dans un autre département de la région de résidence]}), Union(Crossjoin({[Nature l'activite economique.NATACTECO_Hierarchie].[Commerce, transports et services divers]}, {[Indicateur de lieu de travail.ILOCC_Hierarchie_1].[En métropole].[Dans une autre commune du département de résidence]}), Union(Crossjoin({[Nature l'activite economique.NATACTECO_Hierarchie].[Administration publique, enseignement, santé humaine et action sociale]}, {[Indicateur de lieu de travail.ILOCC_Hierarchie_1].[En métropole].[Dans la commune de résidence actuelle]}), Union(Crossjoin({[Nature l'activite economique.NATACTECO_Hierarchie].[Administration publique, enseignement, santé humaine et action sociale]}, {[Indicateur de lieu de travail.ILOCC_Hierarchie_1].[En métropole].[Dans un autre département de la région de résidence]}), Union(Crossjoin({[Nature l'activite economique.NATACTECO_Hierarchie].[Administration publique, enseignement, santé humaine et action sociale]}, {[Indicateur de lieu de travail.ILOCC_Hierarchie_1].[En métropole].[Dans une autre commune du département de résidence]}), Union(Crossjoin({[Nature l'activite economique.NATACTECO_Hierarchie].[Agriculture, sylviculture et pêche]}, {[Indicateur de lieu de travail.ILOCC_Hierarchie_1].[En métropole].[Dans la commune de résidence actuelle]}), Union(Crossjoin({[Nature l'activite economique.NATACTECO_Hierarchie].[Agriculture, sylviculture et pêche]}, {[Indicateur de lieu de travail.ILOCC_Hierarchie_1].[En métropole].[Dans un autre département de la région de résidence]}), Union(Crossjoin({[Nature l'activite economique.NATACTECO_Hierarchie].[Agriculture, sylviculture et pêche]}, {[Indicateur de lieu de travail.ILOCC_Hierarchie_1].[En métropole].[Dans une autre commune du département de résidence]}), Union(Crossjoin({[Nature l'activite economique.NATACTECO_Hierarchie].[Construction]}, {[Indicateur de lieu de travail.ILOCC_Hierarchie_1].[En métropole].[Dans la commune de résidence actuelle]}), Union(Crossjoin({[Nature l'activite economique.NATACTECO_Hierarchie].[Construction]}, {[Indicateur de lieu de travail.ILOCC_Hierarchie_1].[En métropole].[Dans un autre département de la région de résidence]}), Union(Crossjoin({[Nature l'activite economique.NATACTECO_Hierarchie].[Construction]}, {[Indicateur de lieu de travail.ILOCC_Hierarchie_1].[En métropole].[Dans une autre commune du département de résidence]}), Union(Crossjoin({[Nature l'activite economique.NATACTECO_Hierarchie].[Industrie manufacturière, industries extractives  et autres]}, {[Indicateur de lieu de travail.ILOCC_Hierarchie_1].[En métropole].[Dans la commune de résidence actuelle]}), Union(Crossjoin({[Nature l'activite economique.NATACTECO_Hierarchie].[Industrie manufacturière, industries extractives  et autres]}, {[Indicateur de lieu de travail.ILOCC_Hierarchie_1].[En métropole].[Dans un autre département de la région de résidence]}), Crossjoin({[Nature l'activite economique.NATACTECO_Hierarchie].[Industrie manufacturière, industries extractives  et autres]}, {[Indicateur de lieu de travail.ILOCC_Hierarchie_1].[En métropole].[Dans une autre commune du département de résidence]})))))))))))))))), [Measures].[Nombre total d'individus], BASC) ON ROWS
from [Cube1MobProInd]

2016-09-25 15:56:22,603 DEBUG [mondrian.mdx] 63134: exec: 94 ms
2016-09-25 15:56:23,665 DEBUG [mondrian.mdx] 63241: select NON EMPTY {Hierarchize({[Sexe.Sexe_Hierarchie].[Sexe].Members})} ON COLUMNS,
  NON EMPTY Hierarchize(Union(Crossjoin({[Nature l'activite economique.NATACTECO_Hierarchie].[Commerce, transports et services divers]}, {[Indicateur de lieu de travail.ILOCC_Hierarchie_1].[En métropole].[Dans la commune de résidence actuelle]}), Union(Crossjoin({[Nature l'activite economique.NATACTECO_Hierarchie].[Commerce, transports et services divers]}, {[Indicateur de lieu de travail.ILOCC_Hierarchie_1].[En métropole].[Dans un autre département de la région de résidence]}), Union(Crossjoin({[Nature l'activite economique.NATACTECO_Hierarchie].[Commerce, transports et services divers]}, {[Indicateur de lieu de travail.ILOCC_Hierarchie_1].[En métropole].[Dans une autre commune du département de résidence]}), Union(Crossjoin({[Nature l'activite economique.NATACTECO_Hierarchie].[Administration publique, enseignement, santé humaine et action sociale]}, {[Indicateur de lieu de travail.ILOCC_Hierarchie_1].[En métropole].[Dans la commune de résidence actuelle]}), Union(Crossjoin({[Nature l'activite economique.NATACTECO_Hierarchie].[Administration publique, enseignement, santé humaine et action sociale]}, {[Indicateur de lieu de travail.ILOCC_Hierarchie_1].[En métropole].[Dans un autre département de la région de résidence]}), Union(Crossjoin({[Nature l'activite economique.NATACTECO_Hierarchie].[Administration publique, enseignement, santé humaine et action sociale]}, {[Indicateur de lieu de travail.ILOCC_Hierarchie_1].[En métropole].[Dans une autre commune du département de résidence]}), Union(Crossjoin({[Nature l'activite economique.NATACTECO_Hierarchie].[Agriculture, sylviculture et pêche]}, {[Indicateur de lieu de travail.ILOCC_Hierarchie_1].[En métropole].[Dans la commune de résidence actuelle]}), Union(Crossjoin({[Nature l'activite economique.NATACTECO_Hierarchie].[Agriculture, sylviculture et pêche]}, {[Indicateur de lieu de travail.ILOCC_Hierarchie_1].[En métropole].[Dans un autre département de la région de résidence]}), Union(Crossjoin({[Nature l'activite economique.NATACTECO_Hierarchie].[Agriculture, sylviculture et pêche]}, {[Indicateur de lieu de travail.ILOCC_Hierarchie_1].[En métropole].[Dans une autre commune du département de résidence]}), Union(Crossjoin({[Nature l'activite economique.NATACTECO_Hierarchie].[Construction]}, {[Indicateur de lieu de travail.ILOCC_Hierarchie_1].[En métropole].[Dans la commune de résidence actuelle]}), Union(Crossjoin({[Nature l'activite economique.NATACTECO_Hierarchie].[Construction]}, {[Indicateur de lieu de travail.ILOCC_Hierarchie_1].[En métropole].[Dans un autre département de la région de résidence]}), Union(Crossjoin({[Nature l'activite economique.NATACTECO_Hierarchie].[Construction]}, {[Indicateur de lieu de travail.ILOCC_Hierarchie_1].[En métropole].[Dans une autre commune du département de résidence]}), Union(Crossjoin({[Nature l'activite economique.NATACTECO_Hierarchie].[Industrie manufacturière, industries extractives  et autres]}, {[Indicateur de lieu de travail.ILOCC_Hierarchie_1].[En métropole].[Dans la commune de résidence actuelle]}), Union(Crossjoin({[Nature l'activite economique.NATACTECO_Hierarchie].[Industrie manufacturière, industries extractives  et autres]}, {[Indicateur de lieu de travail.ILOCC_Hierarchie_1].[En métropole].[Dans un autre département de la région de résidence]}), Crossjoin({[Nature l'activite economique.NATACTECO_Hierarchie].[Industrie manufacturière, industries extractives  et autres]}, {[Indicateur de lieu de travail.ILOCC_Hierarchie_1].[En métropole].[Dans une autre commune du département de résidence]})))))))))))))))) ON ROWS
from [Cube1MobProInd]

2016-09-25 15:56:23,681 DEBUG [mondrian.mdx] 63241: exec: 16 ms
2016-09-25 15:56:24,603 DEBUG [mondrian.mdx] 63361: select NON EMPTY {Hierarchize({[Sexe.Sexe_Hierarchie].[Sexe].Members})} ON COLUMNS,
  NON EMPTY Hierarchize(Union(Crossjoin({[Nature l'activite economique.NATACTECO_Hierarchie].[Commerce, transports et services divers]}, {[Indicateur de lieu de travail.ILOCC_Hierarchie_1].[En métropole].[Dans la commune de résidence actuelle]}), Union(Crossjoin({[Nature l'activite economique.NATACTECO_Hierarchie].[Commerce, transports et services divers]}, {[Indicateur de lieu de travail.ILOCC_Hierarchie_1].[En métropole].[Dans un autre département de la région de résidence]}), Union(Crossjoin({[Nature l'activite economique.NATACTECO_Hierarchie].[Commerce, transports et services divers]}, {[Indicateur de lieu de travail.ILOCC_Hierarchie_1].[En métropole].[Dans une autre commune du département de résidence]}), Union(Crossjoin({[Nature l'activite economique.NATACTECO_Hierarchie].[Administration publique, enseignement, santé humaine et action sociale]}, {[Indicateur de lieu de travail.ILOCC_Hierarchie_1].[En métropole].[Dans la commune de résidence actuelle]}), Union(Crossjoin({[Nature l'activite economique.NATACTECO_Hierarchie].[Administration publique, enseignement, santé humaine et action sociale]}, {[Indicateur de lieu de travail.ILOCC_Hierarchie_1].[En métropole].[Dans un autre département de la région de résidence]}), Union(Crossjoin({[Nature l'activite economique.NATACTECO_Hierarchie].[Administration publique, enseignement, santé humaine et action sociale]}, {[Indicateur de lieu de travail.ILOCC_Hierarchie_1].[En métropole].[Dans une autre commune du département de résidence]}), Union(Crossjoin({[Nature l'activite economique.NATACTECO_Hierarchie].[Agriculture, sylviculture et pêche]}, {[Indicateur de lieu de travail.ILOCC_Hierarchie_1].[En métropole].[Dans la commune de résidence actuelle]}), Union(Crossjoin({[Nature l'activite economique.NATACTECO_Hierarchie].[Agriculture, sylviculture et pêche]}, {[Indicateur de lieu de travail.ILOCC_Hierarchie_1].[En métropole].[Dans un autre département de la région de résidence]}), Union(Crossjoin({[Nature l'activite economique.NATACTECO_Hierarchie].[Agriculture, sylviculture et pêche]}, {[Indicateur de lieu de travail.ILOCC_Hierarchie_1].[En métropole].[Dans une autre commune du département de résidence]}), Union(Crossjoin({[Nature l'activite economique.NATACTECO_Hierarchie].[Construction]}, {[Indicateur de lieu de travail.ILOCC_Hierarchie_1].[En métropole].[Dans la commune de résidence actuelle]}), Union(Crossjoin({[Nature l'activite economique.NATACTECO_Hierarchie].[Construction]}, {[Indicateur de lieu de travail.ILOCC_Hierarchie_1].[En métropole].[Dans un autre département de la région de résidence]}), Union(Crossjoin({[Nature l'activite economique.NATACTECO_Hierarchie].[Construction]}, {[Indicateur de lieu de travail.ILOCC_Hierarchie_1].[En métropole].[Dans une autre commune du département de résidence]}), Union(Crossjoin({[Nature l'activite economique.NATACTECO_Hierarchie].[Industrie manufacturière, industries extractives  et autres]}, {[Indicateur de lieu de travail.ILOCC_Hierarchie_1].[En métropole].[Dans la commune de résidence actuelle]}), Union(Crossjoin({[Nature l'activite economique.NATACTECO_Hierarchie].[Industrie manufacturière, industries extractives  et autres]}, {[Indicateur de lieu de travail.ILOCC_Hierarchie_1].[En métropole].[Dans un autre département de la région de résidence]}), Crossjoin({[Nature l'activite economique.NATACTECO_Hierarchie].[Industrie manufacturière, industries extractives  et autres]}, {[Indicateur de lieu de travail.ILOCC_Hierarchie_1].[En métropole].[Dans une autre commune du département de résidence]})))))))))))))))) ON ROWS
from [Cube1MobProInd]

2016-09-25 15:56:24,619 DEBUG [mondrian.mdx] 63361: exec: 16 ms
2016-09-25 15:56:25,447 DEBUG [mondrian.mdx] 63481: select NON EMPTY {Hierarchize({[Sexe.Sexe_Hierarchie].[Sexe].Members})} ON COLUMNS,
  NON EMPTY Hierarchize(Union(Crossjoin({[Nature l'activite economique.NATACTECO_Hierarchie].[Commerce, transports et services divers]}, {[Indicateur de lieu de travail.ILOCC_Hierarchie_1].[En métropole].[Dans la commune de résidence actuelle]}), Union(Crossjoin({[Nature l'activite economique.NATACTECO_Hierarchie].[Commerce, transports et services divers]}, {[Indicateur de lieu de travail.ILOCC_Hierarchie_1].[En métropole].[Dans un autre département de la région de résidence]}), Union(Crossjoin({[Nature l'activite economique.NATACTECO_Hierarchie].[Commerce, transports et services divers]}, {[Indicateur de lieu de travail.ILOCC_Hierarchie_1].[En métropole].[Dans une autre commune du département de résidence]}), Union(Crossjoin({[Nature l'activite economique.NATACTECO_Hierarchie].[Administration publique, enseignement, santé humaine et action sociale]}, {[Indicateur de lieu de travail.ILOCC_Hierarchie_1].[En métropole].[Dans la commune de résidence actuelle]}), Union(Crossjoin({[Nature l'activite economique.NATACTECO_Hierarchie].[Administration publique, enseignement, santé humaine et action sociale]}, {[Indicateur de lieu de travail.ILOCC_Hierarchie_1].[En métropole].[Dans un autre département de la région de résidence]}), Union(Crossjoin({[Nature l'activite economique.NATACTECO_Hierarchie].[Administration publique, enseignement, santé humaine et action sociale]}, {[Indicateur de lieu de travail.ILOCC_Hierarchie_1].[En métropole].[Dans une autre commune du département de résidence]}), Union(Crossjoin({[Nature l'activite economique.NATACTECO_Hierarchie].[Agriculture, sylviculture et pêche]}, {[Indicateur de lieu de travail.ILOCC_Hierarchie_1].[En métropole].[Dans la commune de résidence actuelle]}), Union(Crossjoin({[Nature l'activite economique.NATACTECO_Hierarchie].[Agriculture, sylviculture et pêche]}, {[Indicateur de lieu de travail.ILOCC_Hierarchie_1].[En métropole].[Dans un autre département de la région de résidence]}), Union(Crossjoin({[Nature l'activite economique.NATACTECO_Hierarchie].[Agriculture, sylviculture et pêche]}, {[Indicateur de lieu de travail.ILOCC_Hierarchie_1].[En métropole].[Dans une autre commune du département de résidence]}), Union(Crossjoin({[Nature l'activite economique.NATACTECO_Hierarchie].[Construction]}, {[Indicateur de lieu de travail.ILOCC_Hierarchie_1].[En métropole].[Dans la commune de résidence actuelle]}), Union(Crossjoin({[Nature l'activite economique.NATACTECO_Hierarchie].[Construction]}, {[Indicateur de lieu de travail.ILOCC_Hierarchie_1].[En métropole].[Dans un autre département de la région de résidence]}), Union(Crossjoin({[Nature l'activite economique.NATACTECO_Hierarchie].[Construction]}, {[Indicateur de lieu de travail.ILOCC_Hierarchie_1].[En métropole].[Dans une autre commune du département de résidence]}), Union(Crossjoin({[Nature l'activite economique.NATACTECO_Hierarchie].[Industrie manufacturière, industries extractives  et autres]}, {[Indicateur de lieu de travail.ILOCC_Hierarchie_1].[En métropole].[Dans la commune de résidence actuelle]}), Union(Crossjoin({[Nature l'activite economique.NATACTECO_Hierarchie].[Industrie manufacturière, industries extractives  et autres]}, {[Indicateur de lieu de travail.ILOCC_Hierarchie_1].[En métropole].[Dans un autre département de la région de résidence]}), Crossjoin({[Nature l'activite economique.NATACTECO_Hierarchie].[Industrie manufacturière, industries extractives  et autres]}, {[Indicateur de lieu de travail.ILOCC_Hierarchie_1].[En métropole].[Dans une autre commune du département de résidence]})))))))))))))))) ON ROWS
from [Cube1MobProInd]

2016-09-25 15:56:25,462 DEBUG [mondrian.mdx] 63481: exec: 15 ms