-----------------------------------------------
----- dibstudent04, Willeme, groupe1 
----- Cube mobpro
----- Analyse des trajets par diverses criteres
-----------------------------------------------

2016-09-20 14:38:48,552 DEBUG [mondrian.mdx] 5426: select NON EMPTY Order({Hierarchize({[Sexe.Sexe_Hierarchie].[tous les sexes confondus]})}, [Sexe.Sexe_Hierarchie].CurrentMember.Name, BDESC) ON COLUMNS,
  NON EMPTY {Hierarchize({[Type de logement.TYPLOGT_Hierarchie].[Type de logement].Members})} ON ROWS
from [Cube1MobProInd]

2016-09-20 14:38:48,631 DEBUG [mondrian.mdx] 5426: exec: 79 ms
2016-09-20 14:38:58,021 DEBUG [mondrian.mdx] 5473: select NON EMPTY Order({Hierarchize({{[Sexe.Sexe_Hierarchie].[tous les sexes confondus]}, {[Sexe.Sexe_Hierarchie].[Sexe].Members}})}, [Sexe.Sexe_Hierarchie].CurrentMember.Name, BDESC) ON COLUMNS,
  NON EMPTY {Hierarchize({[Type de logement.TYPLOGT_Hierarchie].[Type de logement].Members})} ON ROWS
from [Cube1MobProInd]

2016-09-20 14:38:58,177 DEBUG [mondrian.mdx] 5473: exec: 156 ms
2016-09-20 14:39:03,459 DEBUG [mondrian.mdx] 5517: select NON EMPTY Order({Hierarchize({[Sexe.Sexe_Hierarchie].[Sexe].Members})}, [Sexe.Sexe_Hierarchie].CurrentMember.Name, BDESC) ON COLUMNS,
  NON EMPTY {Hierarchize({[Type de logement.TYPLOGT_Hierarchie].[Type de logement].Members})} ON ROWS
from [Cube1MobProInd]

2016-09-20 14:39:03,474 DEBUG [mondrian.mdx] 5517: exec: 15 ms
2016-09-20 14:39:24,849 DEBUG [mondrian.mdx] 5560: select NON EMPTY Order({Hierarchize({[Sexe.Sexe_Hierarchie].[Sexe].Members})}, [Sexe.Sexe_Hierarchie].CurrentMember.Name, BDESC) ON COLUMNS,
  NON EMPTY {Hierarchize({{[Type de logement.TYPLOGT_Hierarchie].[Type regroupe].Members}, {[Type de logement.TYPLOGT_Hierarchie].[Type de logement].Members}})} ON ROWS
from [Cube1MobProInd]

2016-09-20 14:39:24,865 DEBUG [mondrian.mdx] 5560: exec: 16 ms
2016-09-20 14:39:36,849 DEBUG [mondrian.mdx] 5622: select NON EMPTY Order({Hierarchize({[Sexe.Sexe_Hierarchie].[Sexe].Members})}, [Sexe.Sexe_Hierarchie].CurrentMember.Name, BDESC) ON COLUMNS,
  NON EMPTY Hierarchize(Union(Crossjoin([Type de logement.TYPLOGT_Hierarchie].[Type de logement].Members, [Type de menage.TYPMEN_Hierarchie].[Type regroupe en 4 categories].Members), Crossjoin([Type de logement.TYPLOGT_Hierarchie].[Type regroupe].Members, [Type de menage.TYPMEN_Hierarchie].[Type regroupe en 4 categories].Members))) ON ROWS
from [Cube1MobProInd]

2016-09-20 14:39:37,302 DEBUG [mondrian.mdx] 5622: exec: 453 ms
2016-09-20 14:41:22,537 DEBUG [mondrian.mdx] 5750: select NON EMPTY Order({Hierarchize({[Sexe.Sexe_Hierarchie].[Sexe].Members})}, [Sexe.Sexe_Hierarchie].CurrentMember.Name, BDESC) ON COLUMNS,
  NON EMPTY Crossjoin([Type de logement.TYPLOGT_Hierarchie].[Type regroupe].Members, [Type de menage.TYPMEN_Hierarchie].[Type regroupe en 4 categories].Members) ON ROWS
from [Cube1MobProInd]

2016-09-20 14:41:22,568 DEBUG [mondrian.mdx] 5750: exec: 31 ms
2016-09-20 14:41:26,146 DEBUG [mondrian.mdx] 5812: select NON EMPTY Order({Hierarchize({[Sexe.Sexe_Hierarchie].[Sexe].Members})}, [Sexe.Sexe_Hierarchie].CurrentMember.Name, BDESC) ON COLUMNS,
  NON EMPTY {Hierarchize({[Type de menage.TYPMEN_Hierarchie].[Type regroupe en 4 categories].Members})} ON ROWS
from [Cube1MobProInd]

2016-09-20 14:41:26,177 DEBUG [mondrian.mdx] 5812: exec: 31 ms
2016-09-20 14:42:02,974 DEBUG [mondrian.mdx] 5852: select NON EMPTY Order({Hierarchize({[Sexe.Sexe_Hierarchie].[Sexe].Members})}, [Sexe.Sexe_Hierarchie].CurrentMember.Name, BDESC) ON COLUMNS,
  NON EMPTY {Hierarchize({{[Type de menage.TYPMEN_Hierarchie].[Type regroupe en 4 categories].Members, [Type de menage.TYPMEN_Hierarchie].[Ménages d'une personne seule sans famille].Children}})} ON ROWS
from [Cube1MobProInd]

2016-09-20 14:42:03,037 DEBUG [mondrian.mdx] 5852: exec: 63 ms
2016-09-20 14:42:13,756 DEBUG [mondrian.mdx] 5868: select NON EMPTY Order({Hierarchize({[Sexe.Sexe_Hierarchie].[Sexe].Members})}, [Sexe.Sexe_Hierarchie].CurrentMember.Name, BDESC) ON COLUMNS,
  NON EMPTY {Hierarchize({[Type de menage.TYPMEN_Hierarchie].[Ménages d'une personne seule sans famille]})} ON ROWS
from [Cube1MobProInd]

2016-09-20 14:42:13,771 DEBUG [mondrian.mdx] 5868: exec: 15 ms
2016-09-20 14:42:18,959 DEBUG [mondrian.mdx] 5888: select NON EMPTY Order({Hierarchize({[Sexe.Sexe_Hierarchie].[Sexe].Members})}, [Sexe.Sexe_Hierarchie].CurrentMember.Name, BDESC) ON COLUMNS,
  NON EMPTY {Hierarchize({{[Type de menage.TYPMEN_Hierarchie].[Ménages d'une personne seule sans famille]}, Filter({{[Type de menage.TYPMEN_Hierarchie].[Type regroupe en 9 categories].Members}}, (Exists({Ancestor([Type de menage.TYPMEN_Hierarchie].CurrentMember, [Type de menage.TYPMEN_Hierarchie].[Type regroupe en 4 categories])}, {[Type de menage.TYPMEN_Hierarchie].[Ménages d'une personne seule sans famille]}).Count > 0))})} ON ROWS
from [Cube1MobProInd]

2016-09-20 14:42:18,990 DEBUG [mondrian.mdx] 5888: exec: 31 ms
2016-09-20 14:42:22,271 DEBUG [mondrian.mdx] 5906: select NON EMPTY Order({Hierarchize({[Sexe.Sexe_Hierarchie].[Sexe].Members})}, [Sexe.Sexe_Hierarchie].CurrentMember.Name, BDESC) ON COLUMNS,
  NON EMPTY {Hierarchize({{[Type de menage.TYPMEN_Hierarchie].[Type regroupe en 4 categories].Members}, {[Type de menage.TYPMEN_Hierarchie].[Type regroupe en 9 categories].Members}})} ON ROWS
from [Cube1MobProInd]

2016-09-20 14:42:22,396 DEBUG [mondrian.mdx] 5906: exec: 125 ms
2016-09-20 14:43:02,037 DEBUG [mondrian.mdx] 5932: select NON EMPTY Order(Crossjoin([Sexe.Sexe_Hierarchie].[Sexe].Members, [Categorie socioprofessionnelle.CSP_Hierarchie_1].[CSP1].Members), [Sexe.Sexe_Hierarchie].CurrentMember.Name, BDESC) ON COLUMNS,
  NON EMPTY {Hierarchize({{[Type de menage.TYPMEN_Hierarchie].[Type regroupe en 4 categories].Members}, {[Type de menage.TYPMEN_Hierarchie].[Type regroupe en 9 categories].Members}})} ON ROWS
from [Cube1MobProInd]

2016-09-20 14:43:02,443 DEBUG [mondrian.mdx] 5932: exec: 406 ms
2016-09-20 14:43:10,146 DEBUG [mondrian.mdx] 5957: select NON EMPTY Order(Crossjoin([Sexe.Sexe_Hierarchie].[Sexe].Members, [Categorie socioprofessionnelle.CSP_Hierarchie_1].[CSP1].Members), [Sexe.Sexe_Hierarchie].CurrentMember.Name, BDESC) ON COLUMNS,
  NON EMPTY {Hierarchize({{[Type de menage.TYPMEN_Hierarchie].[Type regroupe en 4 categories].Members}, {[Type de menage.TYPMEN_Hierarchie].[Type regroupe en 9 categories].Members}})} ON ROWS
from [Cube1MobProInd]

2016-09-20 14:43:10,162 DEBUG [mondrian.mdx] 5957: exec: 16 ms
2016-09-20 14:43:24,115 DEBUG [mondrian.mdx] 5981: select NON EMPTY Order(Crossjoin([Sexe.Sexe_Hierarchie].[Sexe].Members, [Categorie socioprofessionnelle.CSP_Hierarchie_1].[CSP1].Members), [Sexe.Sexe_Hierarchie].CurrentMember.Name, BDESC) ON COLUMNS,
  NON EMPTY {Hierarchize({[Type de menage.TYPMEN_Hierarchie].[Type regroupe en 4 categories].Members})} ON ROWS
from [Cube1MobProInd]

2016-09-20 14:43:24,131 DEBUG [mondrian.mdx] 5981: exec: 16 ms
2016-09-20 14:43:35,271 DEBUG [mondrian.mdx] 5997: select NON EMPTY Order(Crossjoin([Sexe.Sexe_Hierarchie].[Sexe].Members, [Categorie socioprofessionnelle.CSP_Hierarchie_1].[CSP1].Members), [Sexe.Sexe_Hierarchie].CurrentMember.Name, BDESC) ON COLUMNS,
  NON EMPTY Crossjoin([Type de menage.TYPMEN_Hierarchie].[Type regroupe en 4 categories].Members, [Mode de transport.MODTRANS_Hierarchie].[Mode de transport].Members) ON ROWS
from [Cube1MobProInd]

2016-09-20 14:43:35,865 DEBUG [mondrian.mdx] 5997: exec: 594 ms
2016-09-20 14:43:37,412 DEBUG [mondrian.mdx] 6011: select NON EMPTY Order(Crossjoin([Sexe.Sexe_Hierarchie].[Sexe].Members, [Categorie socioprofessionnelle.CSP_Hierarchie_1].[CSP1].Members), [Sexe.Sexe_Hierarchie].CurrentMember.Name, BDESC) ON COLUMNS,
  NON EMPTY {Hierarchize({[Mode de transport.MODTRANS_Hierarchie].[Mode de transport].Members})} ON ROWS
from [Cube1MobProInd]

2016-09-20 14:43:37,490 DEBUG [mondrian.mdx] 6011: exec: 78 ms
2016-09-20 14:44:13,256 DEBUG [mondrian.mdx] 6035: select NON EMPTY Order(Crossjoin([Sexe.Sexe_Hierarchie].[Sexe].Members, [Categorie socioprofessionnelle.CSP_Hierarchie_1].[CSP1].Members), [Sexe.Sexe_Hierarchie].CurrentMember.Name, BDESC) ON COLUMNS,
  NON EMPTY {Hierarchize({[Mode de transport.MODTRANS_Hierarchie].[Mode de transport].Members})} ON ROWS
from [Cube1MobProInd]

2016-09-20 14:44:13,271 DEBUG [mondrian.mdx] 6035: exec: 15 ms
2016-09-20 14:44:15,537 DEBUG [mondrian.mdx] 6047: select NON EMPTY Order(Crossjoin([Sexe.Sexe_Hierarchie].[Sexe].Members, [Categorie socioprofessionnelle.CSP_Hierarchie_1].[CSP1].Members), [Sexe.Sexe_Hierarchie].CurrentMember.Name, BDESC) ON COLUMNS,
  NON EMPTY {Hierarchize({[Mode de transport.MODTRANS_Hierarchie].[Mode de transport].Members})} ON ROWS
from [Cube1MobProInd]

2016-09-20 14:44:15,552 DEBUG [mondrian.mdx] 6047: exec: 15 ms
2016-09-20 14:44:17,271 DEBUG [mondrian.mdx] 6059: select NON EMPTY Order({Hierarchize({[Sexe.Sexe_Hierarchie].[Sexe].Members})}, [Sexe.Sexe_Hierarchie].CurrentMember.Name, BDESC) ON COLUMNS,
  NON EMPTY {Hierarchize({[Mode de transport.MODTRANS_Hierarchie].[Mode de transport].Members})} ON ROWS
from [Cube1MobProInd]

2016-09-20 14:44:17,287 DEBUG [mondrian.mdx] 6059: exec: 16 ms
2016-09-20 14:44:51,849 DEBUG [mondrian.mdx] 6077: select NON EMPTY Order({Hierarchize({[Sexe.Sexe_Hierarchie].[Sexe].Members})}, [Sexe.Sexe_Hierarchie].CurrentMember.Name, BDESC) ON COLUMNS,
  NON EMPTY {Hierarchize({[Mode de transport.MODTRANS_Hierarchie].[Mode de transport].Members})} ON ROWS
from [Cube1MobProInd]

2016-09-20 14:44:51,865 DEBUG [mondrian.mdx] 6077: exec: 16 ms
2016-09-20 14:45:07,318 DEBUG [mondrian.mdx] 6091: select NON EMPTY Order(Crossjoin([Sexe.Sexe_Hierarchie].[Sexe].Members, [Categorie socioprofessionnelle.CSP_Hierarchie_1].[CSP1].Members), [Sexe.Sexe_Hierarchie].CurrentMember.Name, BDESC) ON COLUMNS,
  NON EMPTY {Hierarchize({[Mode de transport.MODTRANS_Hierarchie].[Mode de transport].Members})} ON ROWS
from [Cube1MobProInd]

2016-09-20 14:45:07,334 DEBUG [mondrian.mdx] 6091: exec: 16 ms
2016-09-20 14:45:10,506 DEBUG [mondrian.mdx] 6103: select NON EMPTY Order(Crossjoin([Sexe.Sexe_Hierarchie].[Sexe].Members, [Categorie socioprofessionnelle.CSP_Hierarchie_1].[CSP1].Members), [Categorie socioprofessionnelle.CSP_Hierarchie_1].CurrentMember.Name, BASC) ON COLUMNS,
  NON EMPTY {Hierarchize({[Mode de transport.MODTRANS_Hierarchie].[Mode de transport].Members})} ON ROWS
from [Cube1MobProInd]

2016-09-20 14:45:10,537 DEBUG [mondrian.mdx] 6103: exec: 31 ms
2016-09-20 14:45:12,099 DEBUG [mondrian.mdx] 6115: select NON EMPTY Order(Crossjoin([Sexe.Sexe_Hierarchie].[Sexe].Members, [Categorie socioprofessionnelle.CSP_Hierarchie_1].[CSP1].Members), [Categorie socioprofessionnelle.CSP_Hierarchie_1].CurrentMember.Name, BDESC) ON COLUMNS,
  NON EMPTY {Hierarchize({[Mode de transport.MODTRANS_Hierarchie].[Mode de transport].Members})} ON ROWS
from [Cube1MobProInd]

2016-09-20 14:45:12,115 DEBUG [mondrian.mdx] 6115: exec: 16 ms
2016-09-20 14:45:28,677 DEBUG [mondrian.mdx] 6143: select NON EMPTY Order(Hierarchize(Union(Crossjoin([Sexe.Sexe_Hierarchie].[Sexe].Members, {[Categorie socioprofessionnelle.CSP_Hierarchie_1].[Agriculteurs exploitants]}), Crossjoin([Sexe.Sexe_Hierarchie].[Sexe].Members, {[Categorie socioprofessionnelle.CSP_Hierarchie_1].[Cadres et professions intellectuelles supérieures]}))), [Categorie socioprofessionnelle.CSP_Hierarchie_1].CurrentMember.Name, BDESC) ON COLUMNS,
  NON EMPTY {Hierarchize({[Mode de transport.MODTRANS_Hierarchie].[Mode de transport].Members})} ON ROWS
from [Cube1MobProInd]

2016-09-20 14:45:28,818 DEBUG [mondrian.mdx] 6143: exec: 141 ms
2016-09-20 14:46:42,521 DEBUG [mondrian.mdx] 6157: select NON EMPTY Hierarchize(Union(Crossjoin([Sexe.Sexe_Hierarchie].[Sexe].Members, {[Categorie socioprofessionnelle.CSP_Hierarchie_1].[Agriculteurs exploitants]}), Crossjoin([Sexe.Sexe_Hierarchie].[Sexe].Members, {[Categorie socioprofessionnelle.CSP_Hierarchie_1].[Cadres et professions intellectuelles supérieures]}))) ON COLUMNS,
  NON EMPTY {Hierarchize({[Mode de transport.MODTRANS_Hierarchie].[Mode de transport].Members})} ON ROWS
from [Cube1MobProInd]

2016-09-20 14:46:42,537 DEBUG [mondrian.mdx] 6157: exec: 16 ms
2016-09-20 14:46:44,146 DEBUG [mondrian.mdx] 6171: select NON EMPTY Hierarchize(Union(Crossjoin([Sexe.Sexe_Hierarchie].[Sexe].Members, {[Categorie socioprofessionnelle.CSP_Hierarchie_1].[Agriculteurs exploitants]}), Crossjoin([Sexe.Sexe_Hierarchie].[Sexe].Members, {[Categorie socioprofessionnelle.CSP_Hierarchie_1].[Cadres et professions intellectuelles supérieures]}))) ON COLUMNS,
  NON EMPTY {Hierarchize({[Mode de transport.MODTRANS_Hierarchie].[Mode de transport].Members})} ON ROWS
from [Cube1MobProInd]

2016-09-20 14:46:44,162 DEBUG [mondrian.mdx] 6171: exec: 16 ms
2016-09-20 14:46:58,131 DEBUG [mondrian.mdx] 6193: select NON EMPTY Hierarchize(Union(Crossjoin([Sexe.Sexe_Hierarchie].[Sexe].Members, {[Categorie socioprofessionnelle.CSP_Hierarchie_1].[Agriculteurs exploitants]}), Crossjoin([Sexe.Sexe_Hierarchie].[Sexe].Members, {[Categorie socioprofessionnelle.CSP_Hierarchie_1].[Cadres et professions intellectuelles supérieures]}))) ON COLUMNS,
  NON EMPTY {Hierarchize({[Mode de transport.MODTRANS_Hierarchie].[Mode de transport].Members})} ON ROWS
from [Cube1MobProInd]

2016-09-20 14:46:58,146 DEBUG [mondrian.mdx] 6193: exec: 15 ms
2016-09-20 14:47:36,552 DEBUG [mondrian.mdx] 6213: select NON EMPTY Hierarchize(Union(Crossjoin([Sexe.Sexe_Hierarchie].[Sexe].Members, Crossjoin({[Categorie socioprofessionnelle.CSP_Hierarchie_1].[Agriculteurs exploitants]}, [Niveau d'instruction.Niveau_Instruction_Hierarchie].[Niveau d'instruction].Members)), Crossjoin([Sexe.Sexe_Hierarchie].[Sexe].Members, Crossjoin({[Categorie socioprofessionnelle.CSP_Hierarchie_1].[Cadres et professions intellectuelles supérieures]}, [Niveau d'instruction.Niveau_Instruction_Hierarchie].[Niveau d'instruction].Members)))) ON COLUMNS,
  NON EMPTY {Hierarchize({[Mode de transport.MODTRANS_Hierarchie].[Mode de transport].Members})} ON ROWS
from [Cube1MobProInd]

2016-09-20 14:47:36,834 DEBUG [mondrian.mdx] 6213: exec: 282 ms
2016-09-20 14:47:38,771 DEBUG [mondrian.mdx] 6228: select NON EMPTY Crossjoin([Sexe.Sexe_Hierarchie].[Sexe].Members, [Niveau d'instruction.Niveau_Instruction_Hierarchie].[Niveau d'instruction].Members) ON COLUMNS,
  NON EMPTY {Hierarchize({[Mode de transport.MODTRANS_Hierarchie].[Mode de transport].Members})} ON ROWS
from [Cube1MobProInd]

2016-09-20 14:47:39,068 DEBUG [mondrian.mdx] 6228: exec: 297 ms
2016-09-20 14:47:56,506 DEBUG [mondrian.mdx] 6246: select NON EMPTY Crossjoin([Sexe.Sexe_Hierarchie].[Sexe].Members, [Niveau d'instruction.Niveau_Instruction_Hierarchie].[Niveau d'instruction].Members) ON COLUMNS,
  NON EMPTY {Hierarchize({[Mode de transport.MODTRANS_Hierarchie].[Mode de transport].Members})} ON ROWS
from [Cube1MobProInd]

2016-09-20 14:47:56,521 DEBUG [mondrian.mdx] 6246: exec: 15 ms
2016-09-20 14:48:05,521 DEBUG [mondrian.mdx] 6256: select NON EMPTY {Hierarchize({[Niveau d'instruction.Niveau_Instruction_Hierarchie].[Niveau d'instruction].Members})} ON COLUMNS,
  NON EMPTY {Hierarchize({[Mode de transport.MODTRANS_Hierarchie].[Mode de transport].Members})} ON ROWS
from [Cube1MobProInd]

2016-09-20 14:48:05,631 DEBUG [mondrian.mdx] 6256: exec: 110 ms
2016-09-20 14:48:11,693 DEBUG [mondrian.mdx] 6264: select NON EMPTY {Hierarchize({[Mode de transport.MODTRANS_Hierarchie].[Mode de transport].Members})} ON COLUMNS,
  NON EMPTY {Hierarchize({[Niveau d'instruction.Niveau_Instruction_Hierarchie].[Niveau d'instruction].Members})} ON ROWS
from [Cube1MobProInd]

2016-09-20 14:48:11,709 DEBUG [mondrian.mdx] 6264: exec: 16 ms
2016-09-20 14:50:32,568 DEBUG [mondrian.mdx] 6276: select NON EMPTY Crossjoin([Mode de transport.MODTRANS_Hierarchie].[Mode de transport].Members, [Commune de residence.CNERES_Hierarchie_intercommunale].[Communaute de communes].Members) ON COLUMNS,
  NON EMPTY {Hierarchize({[Niveau d'instruction.Niveau_Instruction_Hierarchie].[Niveau d'instruction].Members})} ON ROWS
from [Cube1MobProInd]

2016-09-20 14:50:33,084 DEBUG [mondrian.mdx] 6276: exec: 516 ms
2016-09-20 14:51:00,646 DEBUG [mondrian.mdx] 6294: select NON EMPTY Crossjoin([Mode de transport.MODTRANS_Hierarchie].[Mode de transport].Members, [Commune de residence.CNERES_Hierarchie_intercommunale].[Communaute de communes].Members) ON COLUMNS,
  NON EMPTY {Hierarchize({[Niveau d'instruction.Niveau_Instruction_Hierarchie].[Niveau d'instruction].Members})} ON ROWS
from [Cube1MobProInd]

2016-09-20 14:51:00,677 DEBUG [mondrian.mdx] 6294: exec: 31 ms
2016-09-20 14:51:04,615 DEBUG [mondrian.mdx] 6304: select NON EMPTY {Hierarchize({[Mode de transport.MODTRANS_Hierarchie].[Mode de transport].Members})} ON COLUMNS,
  NON EMPTY {Hierarchize({[Niveau d'instruction.Niveau_Instruction_Hierarchie].[Niveau d'instruction].Members})} ON ROWS
from [Cube1MobProInd]

2016-09-20 14:51:04,631 DEBUG [mondrian.mdx] 6304: exec: 16 ms
2016-09-20 14:51:06,646 DEBUG [mondrian.mdx] 6316: select NON EMPTY Crossjoin([Mode de transport.MODTRANS_Hierarchie].[Mode de transport].Members, [Commune de residence.CNERES_Hierarchie_intercommunale].[Commune de residence].Members) ON COLUMNS,
  NON EMPTY {Hierarchize({[Niveau d'instruction.Niveau_Instruction_Hierarchie].[Niveau d'instruction].Members})} ON ROWS
from [Cube1MobProInd]

2016-09-20 14:51:07,427 DEBUG [mondrian.mdx] 6316: exec: 781 ms
2016-09-20 14:51:56,271 DEBUG [mondrian.mdx] 6334: select NON EMPTY Crossjoin([Mode de transport.MODTRANS_Hierarchie].[Mode de transport].Members, [Commune de residence.CNERES_Hierarchie_intercommunale].[Commune de residence].Members) ON COLUMNS,
  NON EMPTY {Hierarchize({[Niveau d'instruction.Niveau_Instruction_Hierarchie].[Niveau d'instruction].Members})} ON ROWS
from [Cube1MobProInd]

2016-09-20 14:51:56,349 DEBUG [mondrian.mdx] 6334: exec: 78 ms
2016-09-20 14:52:00,256 DEBUG [mondrian.mdx] 6344: select NON EMPTY {Hierarchize({[Mode de transport.MODTRANS_Hierarchie].[Mode de transport].Members})} ON COLUMNS,
  NON EMPTY {Hierarchize({[Niveau d'instruction.Niveau_Instruction_Hierarchie].[Niveau d'instruction].Members})} ON ROWS
from [Cube1MobProInd]

2016-09-20 14:52:00,271 DEBUG [mondrian.mdx] 6344: exec: 15 ms
2016-09-20 14:52:24,162 DEBUG [mondrian.mdx] 6356: select NON EMPTY Crossjoin([Mode de transport.MODTRANS_Hierarchie].[Mode de transport].Members, [Commune de residence.CNERES_Hierarchie_administrative].[Commune de residence].Members) ON COLUMNS,
  NON EMPTY {Hierarchize({[Niveau d'instruction.Niveau_Instruction_Hierarchie].[Niveau d'instruction].Members})} ON ROWS
from [Cube1MobProInd]

2016-09-20 14:52:25,052 DEBUG [mondrian.mdx] 6356: exec: 890 ms
2016-09-20 15:02:50,568 DEBUG [mondrian.mdx] 6375: select NON EMPTY Crossjoin([Mode de transport.MODTRANS_Hierarchie].[Mode de transport].Members, [Commune de residence.CNERES_Hierarchie_administrative].[Commune de residence].Members) ON COLUMNS,
  NON EMPTY {Hierarchize({[Niveau d'instruction.Niveau_Instruction_Hierarchie].[Niveau d'instruction].Members})} ON ROWS
from [Cube1MobProInd]

2016-09-20 15:02:50,662 DEBUG [mondrian.mdx] 6375: exec: 94 ms
2016-09-20 15:13:18,277 DEBUG [mondrian.mdx] 6402: select NON EMPTY {Hierarchize({[Mode de transport.MODTRANS_Hierarchie].[Mode de transport].Members})} ON COLUMNS,
  NON EMPTY Crossjoin([Niveau d'instruction.Niveau_Instruction_Hierarchie].[Niveau d'instruction].Members, [Commune de residence.CNERES_Hierarchie_intercommunale].[Pays].Members) ON ROWS
from [Cube1MobProInd]

2016-09-20 15:13:18,449 DEBUG [mondrian.mdx] 6402: exec: 172 ms
2016-09-20 15:13:43,777 DEBUG [mondrian.mdx] 6412: select NON EMPTY {Hierarchize({[Mode de transport.MODTRANS_Hierarchie].[Mode de transport].Members})} ON COLUMNS,
  NON EMPTY {Hierarchize({[Niveau d'instruction.Niveau_Instruction_Hierarchie].[Niveau d'instruction].Members})} ON ROWS
from [Cube1MobProInd]

2016-09-20 15:13:43,793 DEBUG [mondrian.mdx] 6412: exec: 16 ms
2016-09-20 15:14:48,105 DEBUG [mondrian.mdx] 6423: select NON EMPTY {Hierarchize({[Measures].[Nombre total d'individus]})} ON COLUMNS,
  NON EMPTY {Hierarchize({[Niveau d'instruction.Niveau_Instruction_Hierarchie].[Niveau d'instruction].Members})} ON ROWS
from [Cube1MobProInd]
where {[Mode de transport.MODTRANS_Hierarchie].[Mode de transport].Members}

2016-09-20 15:14:48,261 DEBUG [mondrian.mdx] 6423: exec: 156 ms
2016-09-20 15:15:18,418 DEBUG [mondrian.mdx] 6433: select NON EMPTY Crossjoin([Mode de transport.MODTRANS_Hierarchie].[Mode de transport].Members, {[Measures].[Nombre total d'individus]}) ON COLUMNS,
  NON EMPTY {Hierarchize({[Niveau d'instruction.Niveau_Instruction_Hierarchie].[Niveau d'instruction].Members})} ON ROWS
from [Cube1MobProInd]

2016-09-20 15:15:18,464 DEBUG [mondrian.mdx] 6433: exec: 46 ms
2016-09-20 15:15:20,261 DEBUG [mondrian.mdx] 6443: select NON EMPTY {Hierarchize({[Mode de transport.MODTRANS_Hierarchie].[Mode de transport].Members})} ON COLUMNS,
  NON EMPTY {Hierarchize({[Niveau d'instruction.Niveau_Instruction_Hierarchie].[Niveau d'instruction].Members})} ON ROWS
from [Cube1MobProInd]
where {[Measures].[Nombre total d'individus]}

2016-09-20 15:15:20,277 DEBUG [mondrian.mdx] 6443: exec: 16 ms
2016-09-20 15:15:48,496 DEBUG [mondrian.mdx] 6464: select NON EMPTY {Hierarchize({[Mode de transport.MODTRANS_Hierarchie].[Transports en commun].[Transports en commun]})} ON COLUMNS,
  NON EMPTY {Hierarchize({[Niveau d'instruction.Niveau_Instruction_Hierarchie].[Niveau d'instruction].Members})} ON ROWS
from [Cube1MobProInd]
where {[Measures].[Nombre total d'individus]}

2016-09-20 15:15:48,511 DEBUG [mondrian.mdx] 6464: exec: 15 ms
2016-09-20 15:17:14,668 DEBUG [mondrian.mdx] 6474: select NON EMPTY Crossjoin({[Measures].[Nombre total d'individus]}, {[Mode de transport.MODTRANS_Hierarchie].[Transports en commun].[Transports en commun]}) ON COLUMNS,
  NON EMPTY {Hierarchize({[Niveau d'instruction.Niveau_Instruction_Hierarchie].[Niveau d'instruction].Members})} ON ROWS
from [Cube1MobProInd]

2016-09-20 15:17:14,699 DEBUG [mondrian.mdx] 6474: exec: 31 ms
2016-09-20 15:17:18,011 DEBUG [mondrian.mdx] 6484: select NON EMPTY {Hierarchize({[Measures].[Nombre total d'individus]})} ON COLUMNS,
  NON EMPTY {Hierarchize({[Niveau d'instruction.Niveau_Instruction_Hierarchie].[Niveau d'instruction].Members})} ON ROWS
from [Cube1MobProInd]
where {[Mode de transport.MODTRANS_Hierarchie].[Transports en commun].[Transports en commun]}

2016-09-20 15:17:18,058 DEBUG [mondrian.mdx] 6484: exec: 47 ms
2016-09-20 15:17:21,386 DEBUG [mondrian.mdx] 6494: select NON EMPTY {Hierarchize({[Measures].[Nombre total d'individus]})} ON COLUMNS,
  NON EMPTY {Hierarchize({[Mode de transport.MODTRANS_Hierarchie].[Transports en commun].[Transports en commun]})} ON ROWS
from [Cube1MobProInd]
where {[Niveau d'instruction.Niveau_Instruction_Hierarchie].[Niveau d'instruction].Members}

2016-09-20 15:17:21,418 DEBUG [mondrian.mdx] 6494: exec: 32 ms
2016-09-20 15:18:45,199 DEBUG [mondrian.mdx] 6504: select NON EMPTY {Hierarchize({[Measures].[Nombre total d'individus]})} ON COLUMNS,
  NON EMPTY Crossjoin([Niveau d'instruction.Niveau_Instruction_Hierarchie].[Niveau d'instruction].Members, {[Mode de transport.MODTRANS_Hierarchie].[Transports en commun].[Transports en commun]}) ON ROWS
from [Cube1MobProInd]

2016-09-20 15:18:45,246 DEBUG [mondrian.mdx] 6504: exec: 47 ms
2016-09-20 15:18:47,746 DEBUG [mondrian.mdx] 6514: select NON EMPTY {Hierarchize({[Measures].[Nombre total d'individus]})} ON COLUMNS,
  NON EMPTY {Hierarchize({[Niveau d'instruction.Niveau_Instruction_Hierarchie].[Niveau d'instruction].Members})} ON ROWS
from [Cube1MobProInd]
where {[Mode de transport.MODTRANS_Hierarchie].[Transports en commun].[Transports en commun]}

2016-09-20 15:18:47,761 DEBUG [mondrian.mdx] 6514: exec: 15 ms
2016-09-20 15:18:57,214 DEBUG [mondrian.mdx] 6524: select NON EMPTY Crossjoin({[Mode de transport.MODTRANS_Hierarchie].[Transports en commun].[Transports en commun]}, {[Measures].[Nombre total d'individus]}) ON COLUMNS,
  NON EMPTY {Hierarchize({[Niveau d'instruction.Niveau_Instruction_Hierarchie].[Niveau d'instruction].Members})} ON ROWS
from [Cube1MobProInd]

2016-09-20 15:18:57,230 DEBUG [mondrian.mdx] 6524: exec: 16 ms
2016-09-20 15:19:00,136 DEBUG [mondrian.mdx] 6534: select NON EMPTY Crossjoin({[Mode de transport.MODTRANS_Hierarchie].[Transports en commun].[Transports en commun]}, {[Measures].[Nombre total d'individus]}) ON COLUMNS,
  NON EMPTY {Hierarchize({[Niveau d'instruction.Niveau_Instruction_Hierarchie].[Niveau d'instruction].Members})} ON ROWS
from [Cube1MobProInd]

2016-09-20 15:19:00,168 DEBUG [mondrian.mdx] 6534: exec: 32 ms
2016-09-20 15:19:01,793 DEBUG [mondrian.mdx] 6544: select NON EMPTY {Hierarchize({[Mode de transport.MODTRANS_Hierarchie].[Transports en commun].[Transports en commun]})} ON COLUMNS,
  NON EMPTY Crossjoin({[Measures].[Nombre total d'individus]}, [Niveau d'instruction.Niveau_Instruction_Hierarchie].[Niveau d'instruction].Members) ON ROWS
from [Cube1MobProInd]

2016-09-20 15:19:01,808 DEBUG [mondrian.mdx] 6544: exec: 15 ms
2016-09-20 15:19:03,199 DEBUG [mondrian.mdx] 6554: select NON EMPTY {Hierarchize({[Mode de transport.MODTRANS_Hierarchie].[Transports en commun].[Transports en commun]})} ON COLUMNS,
  NON EMPTY {Hierarchize({[Measures].[Nombre total d'individus]})} ON ROWS
from [Cube1MobProInd]
where {[Niveau d'instruction.Niveau_Instruction_Hierarchie].[Niveau d'instruction].Members}

2016-09-20 15:19:03,199 DEBUG [mondrian.mdx] 6554: exec: 0 ms
2016-09-20 15:19:09,511 DEBUG [mondrian.mdx] 6564: select NON EMPTY Crossjoin([Niveau d'instruction.Niveau_Instruction_Hierarchie].[Niveau d'instruction].Members, {[Mode de transport.MODTRANS_Hierarchie].[Transports en commun].[Transports en commun]}) ON COLUMNS,
  NON EMPTY {Hierarchize({[Measures].[Nombre total d'individus]})} ON ROWS
from [Cube1MobProInd]

2016-09-20 15:19:09,527 DEBUG [mondrian.mdx] 6564: exec: 16 ms
2016-09-20 15:24:39,486 DEBUG [mondrian.mdx] 6576: select NON EMPTY Crossjoin([Niveau d'instruction.Niveau_Instruction_Hierarchie].[Niveau d'instruction].Members, {[Mode de transport.MODTRANS_Hierarchie].[Transports en commun].[Transports en commun]}) ON COLUMNS,
  NON EMPTY {Hierarchize({[Measures].[Nombre total d'individus]})} ON ROWS
from [Cube1MobProInd]

2016-09-20 15:24:39,502 DEBUG [mondrian.mdx] 6576: exec: 16 ms
2016-09-20 15:24:42,206 DEBUG [mondrian.mdx] 6586: select NON EMPTY Crossjoin([Niveau d'instruction.Niveau_Instruction_Hierarchie].[Niveau d'instruction].Members, {[Mode de transport.MODTRANS_Hierarchie].[Transports en commun].[Transports en commun]}) ON COLUMNS,
  NON EMPTY {Hierarchize({[Measures].[Nombre total d'individus]})} ON ROWS
from [Cube1MobProInd]

2016-09-20 15:24:42,221 DEBUG [mondrian.mdx] 6586: exec: 15 ms
