--------------------------------------------------------------------------------------------------------------
----- dibstudent06, Clement, groupe 2
----- Cube mobpro
----- Analyse très exploratoire (qu'investigue les lieu de résidence au milieu) puis repart dans tous les sens
----- Obs: Se fait en parallèle à dibstudent04
--------------------------------------------------------------------------------------------------------------

2016-09-25 21:45:44,686 DEBUG [mondrian.mdx] 71536: select NON EMPTY {Hierarchize({[Niveau d'instruction.Niveau_Instruction_Hierarchie].[tous les niveaux confondus]})} ON COLUMNS,
  NON EMPTY {Hierarchize({[Measures].[Nombre total d'individus]})} ON ROWS
from [Cube1MobProInd]

2016-09-25 21:45:44,686 DEBUG [mondrian.mdx] 71536: exec: 0 ms
2016-09-25 21:46:03,686 DEBUG [mondrian.mdx] 71553: select NON EMPTY {Hierarchize({[Niveau d'instruction.Niveau_Instruction_Hierarchie].[tous les niveaux confondus]})} ON COLUMNS,
  NON EMPTY {Hierarchize({[Measures].[Nombre de personnes des menages (max)]})} ON ROWS
from [Cube1MobProInd]

2016-09-25 21:46:03,717 DEBUG [mondrian.mdx] 71553: exec: 31 ms
2016-09-25 21:46:19,467 DEBUG [mondrian.mdx] 71589: select NON EMPTY {Hierarchize({[Niveau d'instruction.Niveau_Instruction_Hierarchie].[Categorie 1].Members})} ON COLUMNS,
  NON EMPTY {Hierarchize({[Measures].[Nombre de personnes des menages (max)]})} ON ROWS
from [Cube1MobProInd]

2016-09-25 21:46:19,530 DEBUG [mondrian.mdx] 71589: exec: 63 ms
2016-09-25 21:46:53,998 DEBUG [mondrian.mdx] 72071: select NON EMPTY {Hierarchize({[Niveau d'instruction.Niveau_Instruction_Hierarchie].[Niveau d'instruction].Members})} ON COLUMNS,
  NON EMPTY {Hierarchize({[Measures].[Nombre total d'individus]})} ON ROWS
from [Cube1MobProInd]

2016-09-25 21:46:54,014 DEBUG [mondrian.mdx] 72071: exec: 16 ms
2016-09-25 21:47:12,264 DEBUG [mondrian.mdx] 72096: select NON EMPTY {Hierarchize({[Niveau d'instruction.Niveau_Instruction_Hierarchie].[Niveau d'instruction].Members})} ON COLUMNS,
  NON EMPTY {Hierarchize({[Measures].[Nombre de personnes des menages (max)]})} ON ROWS
from [Cube1MobProInd]

2016-09-25 21:47:12,327 DEBUG [mondrian.mdx] 72096: exec: 63 ms
2016-09-25 21:47:22,530 DEBUG [mondrian.mdx] 72570: select NON EMPTY {Hierarchize({[Niveau d'instruction.Niveau_Instruction_Hierarchie].[Niveau d'instruction].Members})} ON COLUMNS,
  NON EMPTY {Hierarchize({[Measures].[Distance trajet domicile - travail (max)]})} ON ROWS
from [Cube1MobProInd]

2016-09-25 21:47:22,592 DEBUG [mondrian.mdx] 72570: exec: 62 ms
2016-09-25 21:47:45,561 DEBUG [mondrian.mdx] 73218: select NON EMPTY {Hierarchize({[Niveau d'instruction.Niveau_Instruction_Hierarchie].[Niveau d'instruction].Members})} ON COLUMNS,
  NON EMPTY {Hierarchize({[Measures].[Distance trajet domicile - travail (moyenne)]})} ON ROWS
from [Cube1MobProInd]

2016-09-25 21:47:45,639 DEBUG [mondrian.mdx] 73218: exec: 78 ms
2016-09-25 21:50:32,045 DEBUG [mondrian.mdx] 74048: select NON EMPTY {Hierarchize({[Temps d'emploi.TEMPSEMP_Hierarchie].[Temps d'emploi].Members})} ON COLUMNS,
  NON EMPTY {Hierarchize({[Sexe.Sexe_Hierarchie].[Sexe].Members})} ON ROWS
from [Cube1MobProInd]

2016-09-25 21:50:32,061 DEBUG [mondrian.mdx] 74048: exec: 16 ms
2016-09-25 21:53:18,342 DEBUG [mondrian.mdx] 74724: select NON EMPTY {Hierarchize({[Sexe.Sexe_Hierarchie].[Sexe].Members})} ON COLUMNS,
  NON EMPTY {Hierarchize({[Niveau d'instruction.Niveau_Instruction_Hierarchie].[Niveau d'instruction].Members})} ON ROWS
from [Cube1MobProInd]

2016-09-25 21:53:18,452 DEBUG [mondrian.mdx] 74724: exec: 110 ms
2016-09-25 21:54:10,952 DEBUG [mondrian.mdx] 74879: select NON EMPTY {Hierarchize({[Statut d'occupation du logement.STOCLOGT_Hierarchie].[Statut d'occupation].Members})} ON COLUMNS,
  NON EMPTY {Hierarchize({[Age revolu quinquenal.AgeRevQ_Hierarchie_1].[Age revolu quinquenal].Members})} ON ROWS
from [Cube1MobProInd]

2016-09-25 21:54:11,092 DEBUG [mondrian.mdx] 74879: exec: 140 ms
2016-09-25 21:54:18,123 DEBUG [mondrian.mdx] 74909: select NON EMPTY {Hierarchize({[Statut d'occupation du logement.STOCLOGT_Hierarchie].[Statut d'occupation].Members})} ON COLUMNS,
  NON EMPTY {Hierarchize({[Annee du recensement.Annee_rencesement_Hierarchie_1].[Annee].Members})} ON ROWS
from [Cube1MobProInd]

2016-09-25 21:54:18,264 DEBUG [mondrian.mdx] 74909: exec: 141 ms
2016-09-25 21:54:55,342 DEBUG [mondrian.mdx] 74966: select NON EMPTY {Hierarchize({[Motif de deplacement.MOTIFDEP_Hierarchie_1].[Motif de deplacement].Members})} ON COLUMNS,
  NON EMPTY {Hierarchize({[Measures].[Distance trajet domicile - travail (moyenne)]})} ON ROWS
from [Cube1MobProInd]

2016-09-25 21:54:55,436 DEBUG [mondrian.mdx] 74966: exec: 94 ms
2016-09-25 21:55:06,092 DEBUG [mondrian.mdx] 74978: select NON EMPTY {Hierarchize({[Motif de deplacement.MOTIFDEP_Hierarchie_1].[Motif de deplacement].Members})} ON COLUMNS,
  NON EMPTY {Hierarchize({[Measures].[Duree trajet domicile - travail (moyenne)]})} ON ROWS
from [Cube1MobProInd]

2016-09-25 21:55:06,170 DEBUG [mondrian.mdx] 74978: exec: 78 ms
2016-09-25 21:55:09,452 DEBUG [mondrian.mdx] 74990: select NON EMPTY {Hierarchize({[Motif de deplacement.MOTIFDEP_Hierarchie_1].[Motif de deplacement].Members})} ON COLUMNS,
  NON EMPTY {Hierarchize({[Measures].[Distance trajet domicile - travail (moyenne)]})} ON ROWS
from [Cube1MobProInd]

2016-09-25 21:55:09,467 DEBUG [mondrian.mdx] 74990: exec: 15 ms
2016-09-25 21:55:16,123 DEBUG [mondrian.mdx] 75002: select NON EMPTY {Hierarchize({[Motif de deplacement.MOTIFDEP_Hierarchie_1].[Motif de deplacement].Members})} ON COLUMNS,
  NON EMPTY {Hierarchize({[Measures].[Depense trajet domicile - travail (moyenne)]})} ON ROWS
from [Cube1MobProInd]

2016-09-25 21:55:16,186 DEBUG [mondrian.mdx] 75002: exec: 63 ms
2016-09-25 21:55:23,342 DEBUG [mondrian.mdx] 75015: select NON EMPTY {Hierarchize({[Motif de deplacement.MOTIFDEP_Hierarchie_1].[Motif de deplacement].Members})} ON COLUMNS,
  NON EMPTY {Hierarchize({[Sexe.Sexe_Hierarchie].[Sexe].Members})} ON ROWS
from [Cube1MobProInd]

2016-09-25 21:55:23,405 DEBUG [mondrian.mdx] 75015: exec: 63 ms
2016-09-25 21:55:39,811 DEBUG [mondrian.mdx] 75066: select NON EMPTY {Hierarchize({[Sexe.Sexe_Hierarchie].[Sexe].Members})} ON COLUMNS,
  NON EMPTY {Hierarchize({[Measures].[Depense trajet domicile - travail (moyenne)]})} ON ROWS
from [Cube1MobProInd]

2016-09-25 21:55:39,827 DEBUG [mondrian.mdx] 75066: exec: 16 ms
2016-09-25 21:55:56,936 DEBUG [mondrian.mdx] 75087: select NON EMPTY {Hierarchize({[Nature l'activite economique.NATACTECO_Hierarchie].[Nature de l'activite].Members})} ON COLUMNS,
  NON EMPTY {Hierarchize({[Sexe.Sexe_Hierarchie].[Sexe].Members})} ON ROWS
from [Cube1MobProInd]

2016-09-25 21:55:56,936 DEBUG [mondrian.mdx] 75087: exec: 0 ms
2016-09-25 21:57:20,014 DEBUG [mondrian.mdx] 75129: select NON EMPTY {Hierarchize({[Categorie socioprofessionnelle.CSP_Hierarchie_1].[CSP1].Members})} ON COLUMNS,
  NON EMPTY {Hierarchize({[Sexe.Sexe_Hierarchie].[Sexe].Members})} ON ROWS
from [Cube1MobProInd]

2016-09-25 21:57:20,030 DEBUG [mondrian.mdx] 75129: exec: 16 ms
2016-09-25 21:58:31,498 DEBUG [mondrian.mdx] 75167: select NON EMPTY Order({Hierarchize({[Categorie socioprofessionnelle.CSP_Hierarchie_1].[CSP1].Members})}, [Categorie socioprofessionnelle.CSP_Hierarchie_1].CurrentMember.Name, BASC) ON COLUMNS,
  NON EMPTY {Hierarchize({[Sexe.Sexe_Hierarchie].[Sexe].Members})} ON ROWS
from [Cube1MobProInd]

2016-09-25 21:58:31,514 DEBUG [mondrian.mdx] 75167: exec: 16 ms
2016-09-25 21:58:38,452 DEBUG [mondrian.mdx] 75220: select NON EMPTY Order({Hierarchize({[Categorie socioprofessionnelle.CSP_Hierarchie_1].[Ouvriers]})}, [Categorie socioprofessionnelle.CSP_Hierarchie_1].CurrentMember.Name, BASC) ON COLUMNS,
  NON EMPTY {Hierarchize({[Sexe.Sexe_Hierarchie].[Sexe].Members})} ON ROWS
from [Cube1MobProInd]

2016-09-25 21:58:38,452 DEBUG [mondrian.mdx] 75220: exec: 0 ms
2016-09-25 21:59:07,483 DEBUG [mondrian.mdx] 75258: select NON EMPTY Order({Hierarchize({[Categorie socioprofessionnelle.CSP_Hierarchie_1].[Ouvriers]})}, [Categorie socioprofessionnelle.CSP_Hierarchie_1].CurrentMember.Name, BASC) ON COLUMNS,
  NON EMPTY Crossjoin([Sexe.Sexe_Hierarchie].[Sexe].Members, [Commune de residence.CNERES_Hierarchie_administrative].[Commune de residence].Members) ON ROWS
from [Cube1MobProInd]

2016-09-25 21:59:07,764 DEBUG [mondrian.mdx] 75258: exec: 281 ms
2016-09-25 21:59:15,858 DEBUG [mondrian.mdx] 76387: select NON EMPTY Crossjoin([Sexe.Sexe_Hierarchie].[Sexe].Members, [Commune de residence.CNERES_Hierarchie_administrative].[Commune de residence].Members) ON COLUMNS,
  NON EMPTY Order({Hierarchize({[Categorie socioprofessionnelle.CSP_Hierarchie_1].[Ouvriers]})}, [Categorie socioprofessionnelle.CSP_Hierarchie_1].CurrentMember.Name, BASC) ON ROWS
from [Cube1MobProInd]

2016-09-25 21:59:15,873 DEBUG [mondrian.mdx] 76387: exec: 15 ms
2016-09-25 21:59:21,920 DEBUG [mondrian.mdx] 77512: select NON EMPTY {Hierarchize({[Categorie socioprofessionnelle.CSP_Hierarchie_1].[CSP1].Members})} ON COLUMNS,
  NON EMPTY {Hierarchize({[Commune de travail.CNELOCC_Hierarchie_intercommunale].[Commune d'occupation].Members})} ON ROWS
from [Cube1MobProInd]

2016-09-25 21:59:30,467 DEBUG [mondrian.mdx] 77512: exec: 8547 ms
2016-09-25 21:59:22,342 DEBUG [mondrian.mdx] 77524: select NON EMPTY Order({Hierarchize({[Categorie socioprofessionnelle.CSP_Hierarchie_1].[Ouvriers]})}, [Categorie socioprofessionnelle.CSP_Hierarchie_1].CurrentMember.Name, BASC) ON COLUMNS,
  NON EMPTY Crossjoin([Sexe.Sexe_Hierarchie].[Sexe].Members, [Commune de residence.CNERES_Hierarchie_administrative].[Commune de residence].Members) ON ROWS
from [Cube1MobProInd]

2016-09-25 21:59:22,358 DEBUG [mondrian.mdx] 77524: exec: 16 ms
2016-09-25 21:59:46,436 DEBUG [mondrian.mdx] 79677: select NON EMPTY {Hierarchize({[Categorie socioprofessionnelle.CSP_Hierarchie_1].[CSP1].Members})} ON COLUMNS,
  NON EMPTY {Hierarchize({[Commune de travail.CNELOCC_Hierarchie_intercommunale].[Pays].Members})} ON ROWS
from [Cube1MobProInd]

2016-09-25 21:59:46,530 DEBUG [mondrian.mdx] 79677: exec: 94 ms
2016-09-25 21:59:58,483 DEBUG [mondrian.mdx] 79746: select NON EMPTY {Hierarchize({[Categorie socioprofessionnelle.CSP_Hierarchie_1].[CSP1].Members})} ON COLUMNS,
  NON EMPTY {Hierarchize({[Commune de travail.CNELOCC_Hierarchie_administrative].[Departement].Members})} ON ROWS
from [Cube1MobProInd]

2016-09-25 21:59:58,686 DEBUG [mondrian.mdx] 79746: exec: 203 ms
2016-09-25 22:00:41,811 DEBUG [mondrian.mdx] 79879: select NON EMPTY Order({Hierarchize({[Categorie socioprofessionnelle.CSP_Hierarchie_1].[Ouvriers]})}, [Categorie socioprofessionnelle.CSP_Hierarchie_1].CurrentMember.Name, BASC) ON COLUMNS,
  NON EMPTY {Hierarchize({[Sexe.Sexe_Hierarchie].[Sexe].Members})} ON ROWS
from [Cube1MobProInd]

2016-09-25 22:00:41,827 DEBUG [mondrian.mdx] 79879: exec: 16 ms
2016-09-25 22:03:19,389 DEBUG [mondrian.mdx] 82577: select NON EMPTY Order({Hierarchize({[Categorie socioprofessionnelle.CSP_Hierarchie_1].[Ouvriers]})}, [Categorie socioprofessionnelle.CSP_Hierarchie_1].CurrentMember.Name, BASC) ON COLUMNS,
  NON EMPTY Crossjoin([Sexe.Sexe_Hierarchie].[Sexe].Members, [Commune de residence.CNERES_Hierarchie_intercommunale].[Communaute de communes].Members) ON ROWS
from [Cube1MobProInd]

2016-09-25 22:03:19,608 DEBUG [mondrian.mdx] 82577: exec: 219 ms
2016-09-25 22:04:21,967 DEBUG [mondrian.mdx] 82731: select NON EMPTY Order({Hierarchize({[Categorie socioprofessionnelle.CSP_Hierarchie_1].[Ouvriers]})}, [Categorie socioprofessionnelle.CSP_Hierarchie_1].CurrentMember.Name, BASC) ON COLUMNS,
  NON EMPTY Crossjoin([Sexe.Sexe_Hierarchie].[Sexe].Members, {[Commune de residence.CNERES_Hierarchie_intercommunale].[CENTRE].[Pays des Châteaux].[AGGLOPOLYS]}) ON ROWS
from [Cube1MobProInd]

2016-09-25 22:04:21,967 DEBUG [mondrian.mdx] 82731: exec: 0 ms
2016-09-25 22:04:31,639 DEBUG [mondrian.mdx] 82778: select NON EMPTY Order({Hierarchize({[Categorie socioprofessionnelle.CSP_Hierarchie_1].[Ouvriers]})}, [Categorie socioprofessionnelle.CSP_Hierarchie_1].CurrentMember.Name, BASC) ON COLUMNS,
  NON EMPTY Crossjoin([Sexe.Sexe_Hierarchie].[Sexe].Members, {[Commune de residence.CNERES_Hierarchie_intercommunale].[CENTRE].[Pays des Châteaux].[AGGLOPOLYS]}) ON ROWS
from [Cube1MobProInd]

2016-09-25 22:04:31,655 DEBUG [mondrian.mdx] 82778: exec: 16 ms
2016-09-25 22:04:37,373 DEBUG [mondrian.mdx] 82833: select NON EMPTY Order({Hierarchize({[Categorie socioprofessionnelle.CSP_Hierarchie_1].[Ouvriers]})}, [Categorie socioprofessionnelle.CSP_Hierarchie_1].CurrentMember.Name, BASC) ON COLUMNS,
  NON EMPTY Hierarchize(Union(Crossjoin([Sexe.Sexe_Hierarchie].[Sexe].Members, {[Commune de residence.CNERES_Hierarchie_intercommunale].[CENTRE].[Pays des Châteaux].[AGGLOPOLYS]}), Crossjoin([Sexe.Sexe_Hierarchie].[Sexe].Members, {[Commune de residence.CNERES_Hierarchie_intercommunale].[CENTRE].[Pays Beauce Val de Loire].[BEAUCE ET FORÊT]}))) ON ROWS
from [Cube1MobProInd]

2016-09-25 22:04:37,467 DEBUG [mondrian.mdx] 82833: exec: 94 ms
2016-09-25 22:04:52,780 DEBUG [mondrian.mdx] 82911: select NON EMPTY Order({Hierarchize({[Categorie socioprofessionnelle.CSP_Hierarchie_1].[Ouvriers]})}, [Categorie socioprofessionnelle.CSP_Hierarchie_1].CurrentMember.Name, BASC) ON COLUMNS,
  NON EMPTY Crossjoin([Sexe.Sexe_Hierarchie].[Sexe].Members, {[Commune de residence.CNERES_Hierarchie_intercommunale].[CENTRE].[Pays des Châteaux].[GRAND CHAMBORD]}) ON ROWS
from [Cube1MobProInd]

2016-09-25 22:04:52,842 DEBUG [mondrian.mdx] 82911: exec: 62 ms
2016-09-25 22:05:00,092 DEBUG [mondrian.mdx] 82958: select NON EMPTY Order({Hierarchize({[Categorie socioprofessionnelle.CSP_Hierarchie_1].[Ouvriers]})}, [Categorie socioprofessionnelle.CSP_Hierarchie_1].CurrentMember.Name, BASC) ON COLUMNS,
  NON EMPTY Crossjoin([Sexe.Sexe_Hierarchie].[Sexe].Members, {[Commune de residence.CNERES_Hierarchie_intercommunale].[CENTRE].[Pays des Châteaux].[GRAND CHAMBORD]}) ON ROWS
from [Cube1MobProInd]

2016-09-25 22:05:00,108 DEBUG [mondrian.mdx] 82958: exec: 16 ms
2016-09-25 22:05:13,655 DEBUG [mondrian.mdx] 83008: select NON EMPTY Order({Hierarchize({[Categorie socioprofessionnelle.CSP_Hierarchie_1].[Ouvriers]})}, [Categorie socioprofessionnelle.CSP_Hierarchie_1].CurrentMember.Name, BASC) ON COLUMNS,
  NON EMPTY Crossjoin([Sexe.Sexe_Hierarchie].[Sexe].Members, {[Commune de residence.CNERES_Hierarchie_intercommunale].[CENTRE].[Pays de la Vallée du Cher et du Romorantinais].[CHER À LA LOIRE]}) ON ROWS
from [Cube1MobProInd]

2016-09-25 22:05:13,733 DEBUG [mondrian.mdx] 83008: exec: 78 ms
2016-09-25 22:05:22,452 DEBUG [mondrian.mdx] 83058: select NON EMPTY Order({Hierarchize({[Categorie socioprofessionnelle.CSP_Hierarchie_1].[Ouvriers]})}, [Categorie socioprofessionnelle.CSP_Hierarchie_1].CurrentMember.Name, BASC) ON COLUMNS,
  NON EMPTY Crossjoin([Sexe.Sexe_Hierarchie].[Sexe].Members, {[Commune de residence.CNERES_Hierarchie_intercommunale].[CENTRE].[Pays Beauce Val de Loire].[BEAUCE ORATORIENNE]}) ON ROWS
from [Cube1MobProInd]

2016-09-25 22:05:22,545 DEBUG [mondrian.mdx] 83058: exec: 93 ms
2016-09-25 22:05:35,170 DEBUG [mondrian.mdx] 83152: select NON EMPTY Order({Hierarchize({[Categorie socioprofessionnelle.CSP_Hierarchie_1].[Ouvriers]})}, [Categorie socioprofessionnelle.CSP_Hierarchie_1].CurrentMember.Name, BASC) ON COLUMNS,
  NON EMPTY Crossjoin([Sexe.Sexe_Hierarchie].[Sexe].Members, {[Commune de residence.CNERES_Hierarchie_intercommunale].[CENTRE].[Pays Vendômois].[VENDÔMOIS RURAL]}) ON ROWS
from [Cube1MobProInd]

2016-09-25 22:05:35,264 DEBUG [mondrian.mdx] 83152: exec: 94 ms
2016-09-25 22:05:46,764 DEBUG [mondrian.mdx] 83202: select NON EMPTY Order({Hierarchize({[Categorie socioprofessionnelle.CSP_Hierarchie_1].[Ouvriers]})}, [Categorie socioprofessionnelle.CSP_Hierarchie_1].CurrentMember.Name, BASC) ON COLUMNS,
  NON EMPTY Crossjoin([Sexe.Sexe_Hierarchie].[Sexe].Members, {[Commune de residence.CNERES_Hierarchie_intercommunale].[CENTRE].[Pays de Grande Sologne].[SOLOGNE DES RIVIÈRES]}) ON ROWS
from [Cube1MobProInd]

2016-09-25 22:05:51,139 DEBUG [mondrian.mdx] 83255: exec: 156 ms
2016-09-25 22:05:57,623 DEBUG [mondrian.mdx] 83326: select NON EMPTY Order({Hierarchize({[Categorie socioprofessionnelle.CSP_Hierarchie_1].[Ouvriers]})}, [Categorie socioprofessionnelle.CSP_Hierarchie_1].CurrentMember.Name, BASC) ON COLUMNS,
  NON EMPTY Crossjoin([Sexe.Sexe_Hierarchie].[Sexe].Members, {[Commune de residence.CNERES_Hierarchie_intercommunale].[CENTRE].[Pays de Grande Sologne].[SOLOGNE DES RIVIÈRES]}) ON ROWS
from [Cube1MobProInd]

2016-09-25 22:05:57,639 DEBUG [mondrian.mdx] 83326: exec: 16 ms
2016-09-25 22:05:59,452 DEBUG [mondrian.mdx] 83365: select NON EMPTY Order({Hierarchize({[Categorie socioprofessionnelle.CSP_Hierarchie_1].[Ouvriers]})}, [Categorie socioprofessionnelle.CSP_Hierarchie_1].CurrentMember.Name, BASC) ON COLUMNS,
  NON EMPTY Crossjoin([Sexe.Sexe_Hierarchie].[Sexe].Members, {[Commune de residence.CNERES_Hierarchie_intercommunale].[CENTRE].[Pays de Grande Sologne].[SOLOGNE DES RIVIÈRES]}) ON ROWS
from [Cube1MobProInd]

2016-09-25 22:05:59,467 DEBUG [mondrian.mdx] 83365: exec: 15 ms
2016-09-25 22:06:02,311 DEBUG [mondrian.mdx] 83404: select NON EMPTY Order({Hierarchize({[Categorie socioprofessionnelle.CSP_Hierarchie_1].[Ouvriers]})}, [Categorie socioprofessionnelle.CSP_Hierarchie_1].CurrentMember.Name, BASC) ON COLUMNS,
  NON EMPTY Crossjoin([Sexe.Sexe_Hierarchie].[Sexe].Members, {[Commune de residence.CNERES_Hierarchie_intercommunale].[CENTRE].[Pays de Grande Sologne].[SOLOGNE DES RIVIÈRES]}) ON ROWS
from [Cube1MobProInd]

2016-09-25 22:06:02,311 DEBUG [mondrian.mdx] 83404: exec: 0 ms
2016-09-25 22:06:04,311 DEBUG [mondrian.mdx] 83443: select NON EMPTY Order({Hierarchize({[Categorie socioprofessionnelle.CSP_Hierarchie_1].[Ouvriers]})}, [Categorie socioprofessionnelle.CSP_Hierarchie_1].CurrentMember.Name, BASC) ON COLUMNS,
  NON EMPTY Crossjoin({[Commune de residence.CNERES_Hierarchie_intercommunale].[CENTRE].[Pays de Grande Sologne].[SOLOGNE DES RIVIÈRES]}, [Sexe.Sexe_Hierarchie].[Sexe].Members) ON ROWS
from [Cube1MobProInd]

2016-09-25 22:06:04,327 DEBUG [mondrian.mdx] 83443: exec: 16 ms
2016-09-25 22:06:07,936 DEBUG [mondrian.mdx] 83484: select NON EMPTY Order({Hierarchize({[Categorie socioprofessionnelle.CSP_Hierarchie_1].[Ouvriers]})}, [Categorie socioprofessionnelle.CSP_Hierarchie_1].CurrentMember.Name, BASC) ON COLUMNS,
  NON EMPTY Order(Crossjoin({[Commune de residence.CNERES_Hierarchie_intercommunale].[CENTRE].[Pays de Grande Sologne].[SOLOGNE DES RIVIÈRES]}, [Sexe.Sexe_Hierarchie].[Sexe].Members), [Commune de residence.CNERES_Hierarchie_intercommunale].CurrentMember.Name, BASC) ON ROWS
from [Cube1MobProInd]

2016-09-25 22:06:07,936 DEBUG [mondrian.mdx] 83484: exec: 0 ms
2016-09-25 22:06:12,342 DEBUG [mondrian.mdx] 83537: select NON EMPTY Order({Hierarchize({[Categorie socioprofessionnelle.CSP_Hierarchie_1].[Ouvriers]})}, [Categorie socioprofessionnelle.CSP_Hierarchie_1].CurrentMember.Name, BASC) ON COLUMNS,
  NON EMPTY Order(Crossjoin([Commune de residence.CNERES_Hierarchie_intercommunale].[Communaute de communes].Members, [Sexe.Sexe_Hierarchie].[Sexe].Members), [Commune de residence.CNERES_Hierarchie_intercommunale].CurrentMember.Name, BASC) ON ROWS
from [Cube1MobProInd]

2016-09-25 22:06:12,389 DEBUG [mondrian.mdx] 83537: exec: 47 ms
2016-09-25 22:07:08,795 DEBUG [mondrian.mdx] 83949: select NON EMPTY Order({Hierarchize({[Categorie socioprofessionnelle.CSP_Hierarchie_1].[Ouvriers]})}, [Categorie socioprofessionnelle.CSP_Hierarchie_1].CurrentMember.Name, BASC) ON COLUMNS,
  NON EMPTY Order(Crossjoin([Commune de residence.CNERES_Hierarchie_intercommunale].[Communaute de communes].Members, Crossjoin([Sexe.Sexe_Hierarchie].[Sexe].Members, {[Measures].[Distance trajet domicile - travail (moyenne)]})), [Commune de residence.CNERES_Hierarchie_intercommunale].CurrentMember.Name, BASC) ON ROWS
from [Cube1MobProInd]

2016-09-25 22:07:09,092 DEBUG [mondrian.mdx] 83949: exec: 297 ms
2016-09-25 22:08:06,858 DEBUG [mondrian.mdx] 84042: select NON EMPTY Order({Hierarchize({[Categorie socioprofessionnelle.CSP_Hierarchie_1].[Ouvriers]})}, [Categorie socioprofessionnelle.CSP_Hierarchie_1].CurrentMember.Name, BASC) ON COLUMNS,
  NON EMPTY Order(Crossjoin([Commune de residence.CNERES_Hierarchie_intercommunale].[Communaute de communes].Members, {[Measures].[Distance trajet domicile - travail (moyenne)]}), [Commune de residence.CNERES_Hierarchie_intercommunale].CurrentMember.Name, BASC) ON ROWS
from [Cube1MobProInd]

2016-09-25 22:08:06,873 DEBUG [mondrian.mdx] 84042: exec: 15 ms
2016-09-25 22:08:26,108 DEBUG [mondrian.mdx] 84118: select NON EMPTY Order({Hierarchize({{[Categorie socioprofessionnelle.CSP_Hierarchie_1].[Ouvriers], [Categorie socioprofessionnelle.CSP_Hierarchie_1].[Agriculteurs exploitants], [Categorie socioprofessionnelle.CSP_Hierarchie_1].[Artisans, commerçants et chefs d'entreprise], [Categorie socioprofessionnelle.CSP_Hierarchie_1].[Cadres et professions intellectuelles supérieures], [Categorie socioprofessionnelle.CSP_Hierarchie_1].[Professions Intermédiaires], [Categorie socioprofessionnelle.CSP_Hierarchie_1].[Employés], [Categorie socioprofessionnelle.CSP_Hierarchie_1].[Retraités], [Categorie socioprofessionnelle.CSP_Hierarchie_1].[Autres personnes sans activité professionnelle], [Categorie socioprofessionnelle.CSP_Hierarchie_1].[CSP1 inconnue], [Categorie socioprofessionnelle.CSP_Hierarchie_1].[Sans objet]}})}, [Categorie socioprofessionnelle.CSP_Hierarchie_1].CurrentMember.Name, BASC) ON COLUMNS,
  NON EMPTY Order(Crossjoin([Commune de residence.CNERES_Hierarchie_intercommunale].[Communaute de communes].Members, {[Measures].[Distance trajet domicile - travail (moyenne)]}), [Commune de residence.CNERES_Hierarchie_intercommunale].CurrentMember.Name, BASC) ON ROWS
from [Cube1MobProInd]

2016-09-25 22:08:26,123 DEBUG [mondrian.mdx] 84118: exec: 15 ms
2016-09-25 22:09:06,436 DEBUG [mondrian.mdx] 84179: select NON EMPTY Order({Hierarchize({{[Categorie socioprofessionnelle.CSP_Hierarchie_1].[Ouvriers], [Categorie socioprofessionnelle.CSP_Hierarchie_1].[Agriculteurs exploitants], [Categorie socioprofessionnelle.CSP_Hierarchie_1].[Artisans, commerçants et chefs d'entreprise], [Categorie socioprofessionnelle.CSP_Hierarchie_1].[Cadres et professions intellectuelles supérieures], [Categorie socioprofessionnelle.CSP_Hierarchie_1].[Professions Intermédiaires], [Categorie socioprofessionnelle.CSP_Hierarchie_1].[Employés], [Categorie socioprofessionnelle.CSP_Hierarchie_1].[Retraités], [Categorie socioprofessionnelle.CSP_Hierarchie_1].[Autres personnes sans activité professionnelle], [Categorie socioprofessionnelle.CSP_Hierarchie_1].[CSP1 inconnue], [Categorie socioprofessionnelle.CSP_Hierarchie_1].[Sans objet]}})}, [Categorie socioprofessionnelle.CSP_Hierarchie_1].CurrentMember.Name, BASC) ON COLUMNS,
  NON EMPTY Order(Crossjoin([Commune de residence.CNERES_Hierarchie_intercommunale].[Communaute de communes].Members, {[Measures].[Distance trajet domicile - travail (moyenne)]}), [Commune de residence.CNERES_Hierarchie_intercommunale].CurrentMember.Name, BASC) ON ROWS
from [Cube1MobProInd]

2016-09-25 22:09:06,452 DEBUG [mondrian.mdx] 84179: exec: 16 ms
2016-09-25 22:09:22,077 DEBUG [mondrian.mdx] 84248: select NON EMPTY Order({Hierarchize({{[Categorie socioprofessionnelle.CSP_Hierarchie_1].[Ouvriers], [Categorie socioprofessionnelle.CSP_Hierarchie_1].[Agriculteurs exploitants], [Categorie socioprofessionnelle.CSP_Hierarchie_1].[Artisans, commerçants et chefs d'entreprise], [Categorie socioprofessionnelle.CSP_Hierarchie_1].[Cadres et professions intellectuelles supérieures], [Categorie socioprofessionnelle.CSP_Hierarchie_1].[Professions Intermédiaires], [Categorie socioprofessionnelle.CSP_Hierarchie_1].[Employés], [Categorie socioprofessionnelle.CSP_Hierarchie_1].[Retraités], [Categorie socioprofessionnelle.CSP_Hierarchie_1].[Autres personnes sans activité professionnelle], [Categorie socioprofessionnelle.CSP_Hierarchie_1].[CSP1 inconnue], [Categorie socioprofessionnelle.CSP_Hierarchie_1].[Sans objet]}})}, [Categorie socioprofessionnelle.CSP_Hierarchie_1].CurrentMember.Name, BASC) ON COLUMNS,
  NON EMPTY Order(Crossjoin([Commune de residence.CNERES_Hierarchie_intercommunale].[Communaute de communes].Members, {[Measures].[Distance trajet domicile - travail (moyenne)]}), [Commune de residence.CNERES_Hierarchie_intercommunale].CurrentMember.Name, BASC) ON ROWS
from [Cube1MobProInd]

2016-09-25 22:09:22,108 DEBUG [mondrian.mdx] 84248: exec: 31 ms
2016-09-25 22:09:39,905 DEBUG [mondrian.mdx] 84305: select NON EMPTY Order({Hierarchize({{[Categorie socioprofessionnelle.CSP_Hierarchie_1].[Ouvriers], [Categorie socioprofessionnelle.CSP_Hierarchie_1].[Cadres et professions intellectuelles supérieures]}})}, [Categorie socioprofessionnelle.CSP_Hierarchie_1].CurrentMember.Name, BASC) ON COLUMNS,
  NON EMPTY Order(Crossjoin([Commune de residence.CNERES_Hierarchie_intercommunale].[Communaute de communes].Members, {[Measures].[Distance trajet domicile - travail (moyenne)]}), [Commune de residence.CNERES_Hierarchie_intercommunale].CurrentMember.Name, BASC) ON ROWS
from [Cube1MobProInd]

2016-09-25 22:09:39,936 DEBUG [mondrian.mdx] 84305: exec: 31 ms
2016-09-25 22:09:54,530 DEBUG [mondrian.mdx] 84474: select NON EMPTY Order({Hierarchize({{[Categorie socioprofessionnelle.CSP_Hierarchie_1].[Ouvriers], [Categorie socioprofessionnelle.CSP_Hierarchie_1].[Cadres et professions intellectuelles supérieures]}})}, [Categorie socioprofessionnelle.CSP_Hierarchie_1].CurrentMember.Name, BASC) ON COLUMNS,
  NON EMPTY Order(Hierarchize(Union(Crossjoin([Commune de residence.CNERES_Hierarchie_intercommunale].[Communaute de communes].Members, {[Measures].[Distance trajet domicile - travail (moyenne)]}), Crossjoin([Commune de residence.CNERES_Hierarchie_intercommunale].[Communaute de communes].Members, {[Measures].[Nombre de voitures des menages (moyenne)]}))), [Commune de residence.CNERES_Hierarchie_intercommunale].CurrentMember.Name, BASC) ON ROWS
from [Cube1MobProInd]

2016-09-25 22:09:54,780 DEBUG [mondrian.mdx] 84474: exec: 250 ms
2016-09-25 22:11:42,358 DEBUG [mondrian.mdx] 85731: select NON EMPTY {Hierarchize({[Mode de transport.MODTRANS_Hierarchie].[Mode de transport].Members})} ON COLUMNS,
  NON EMPTY {Hierarchize({[Commune de residence.CNERES_Hierarchie_intercommunale].[CENTRE].[Pays des Châteaux].[AGGLOPOLYS]})} ON ROWS
from [Cube1MobProInd]

2016-09-25 22:11:42,452 DEBUG [mondrian.mdx] 85731: exec: 94 ms
2016-09-25 22:12:11,842 DEBUG [mondrian.mdx] 85768: select NON EMPTY {Hierarchize({[Mode de transport.MODTRANS_Hierarchie].[Mode de transport].Members})} ON COLUMNS,
  NON EMPTY {Hierarchize({[Measures].[Duree trajet domicile - travail (moyenne)]})} ON ROWS
from [Cube1MobProInd]

2016-09-25 22:12:11,936 DEBUG [mondrian.mdx] 85768: exec: 94 ms
2016-09-25 22:12:24,748 DEBUG [mondrian.mdx] 85786: select NON EMPTY {Hierarchize({[Mode de transport.MODTRANS_Hierarchie].[Mode de transport].Members})} ON COLUMNS,
  NON EMPTY {Hierarchize({{[Measures].[Duree trajet domicile - travail (moyenne)], [Measures].[Consommation carborant trajet domicile - travail (moyenne)]}})} ON ROWS
from [Cube1MobProInd]

2016-09-25 22:12:24,811 DEBUG [mondrian.mdx] 85786: exec: 63 ms
2016-09-25 22:12:51,342 DEBUG [mondrian.mdx] 85804: select NON EMPTY {Hierarchize({[Mode de transport.MODTRANS_Hierarchie].[Mode de transport].Members})} ON COLUMNS,
  NON EMPTY {Hierarchize({[Measures].[Nombre de voitures des menages (moyenne)]})} ON ROWS
from [Cube1MobProInd]

2016-09-25 22:12:51,389 DEBUG [mondrian.mdx] 85804: exec: 47 ms
2016-09-25 22:13:02,623 DEBUG [mondrian.mdx] 85825: select NON EMPTY {Hierarchize({[Statut d'emploi.STATEMPL_Hierarchie].[Statut d'emploi de niveau 1].Members})} ON COLUMNS,
  NON EMPTY {Hierarchize({[Measures].[Nombre de voitures des menages (moyenne)]})} ON ROWS
from [Cube1MobProInd]

2016-09-25 22:13:02,686 DEBUG [mondrian.mdx] 85825: exec: 63 ms
2016-09-25 22:13:06,592 DEBUG [mondrian.mdx] 85843: select NON EMPTY {Hierarchize({[Statut d'emploi.STATEMPL_Hierarchie].[Statut d'emploi de niveau 3].Members})} ON COLUMNS,
  NON EMPTY {Hierarchize({[Measures].[Nombre de voitures des menages (moyenne)]})} ON ROWS
from [Cube1MobProInd]

2016-09-25 22:13:06,639 DEBUG [mondrian.mdx] 85843: exec: 47 ms
2016-09-25 22:13:13,655 DEBUG [mondrian.mdx] 85857: select NON EMPTY {Hierarchize({[Nature l'activite economique.NATACTECO_Hierarchie].[Nature de l'activite].Members})} ON COLUMNS,
  NON EMPTY {Hierarchize({[Measures].[Nombre de voitures des menages (moyenne)]})} ON ROWS
from [Cube1MobProInd]

2016-09-25 22:13:13,733 DEBUG [mondrian.mdx] 85857: exec: 78 ms
2016-09-25 22:13:45,030 DEBUG [mondrian.mdx] 85878: select NON EMPTY {Hierarchize({[Niveau d'instruction.Niveau_Instruction_Hierarchie].[Niveau d'instruction].Members})} ON COLUMNS,
  NON EMPTY {Hierarchize({[Measures].[Nombre de voitures des menages (moyenne)]})} ON ROWS
from [Cube1MobProInd]

2016-09-25 22:13:45,123 DEBUG [mondrian.mdx] 85878: exec: 93 ms
2016-09-25 22:14:05,811 DEBUG [mondrian.mdx] 85905: select NON EMPTY Crossjoin([Sexe.Sexe_Hierarchie].[Sexe].Members, [Niveau d'instruction.Niveau_Instruction_Hierarchie].[Niveau d'instruction].Members) ON COLUMNS,
  NON EMPTY {Hierarchize({[Measures].[Nombre de voitures des menages (moyenne)]})} ON ROWS
from [Cube1MobProInd]

2016-09-25 22:14:06,139 DEBUG [mondrian.mdx] 85905: exec: 328 ms
2016-09-25 22:14:07,623 DEBUG [mondrian.mdx] 85965: select NON EMPTY {Hierarchize({[Sexe.Sexe_Hierarchie].[Sexe].Members})} ON COLUMNS,
  NON EMPTY {Hierarchize({[Measures].[Nombre de voitures des menages (moyenne)]})} ON ROWS
from [Cube1MobProInd]

2016-09-25 22:14:07,623 DEBUG [mondrian.mdx] 85965: exec: 0 ms
2016-09-25 22:14:17,889 DEBUG [mondrian.mdx] 85983: select NON EMPTY {Hierarchize({[Motif de deplacement.MOTIFDEP_Hierarchie_1].[Motif de deplacement].Members})} ON COLUMNS,
  NON EMPTY {Hierarchize({[Measures].[Nombre de voitures des menages (moyenne)]})} ON ROWS
from [Cube1MobProInd]

2016-09-25 22:14:17,967 DEBUG [mondrian.mdx] 85983: exec: 78 ms
2016-09-25 22:14:22,498 DEBUG [mondrian.mdx] 85996: select NON EMPTY {Hierarchize({[Motif de deplacement.MOTIFDEP_Hierarchie_1].[Motif de deplacement].Members})} ON COLUMNS,
  NON EMPTY {Hierarchize({[Sexe.Sexe_Hierarchie].[Sexe].Members})} ON ROWS
from [Cube1MobProInd]

2016-09-25 22:14:22,514 DEBUG [mondrian.mdx] 85996: exec: 16 ms
2016-09-25 22:14:52,358 DEBUG [mondrian.mdx] 86030: select NON EMPTY {Hierarchize({[Type de logement.TYPLOGT_Hierarchie].[Type de logement].Members})} ON COLUMNS,
  NON EMPTY {Hierarchize({[Sexe.Sexe_Hierarchie].[Sexe].Members})} ON ROWS
from [Cube1MobProInd]

2016-09-25 22:14:52,389 DEBUG [mondrian.mdx] 86030: exec: 16 ms
2016-09-25 22:15:16,733 DEBUG [mondrian.mdx] 86071: select NON EMPTY {Hierarchize({[Type de logement.TYPLOGT_Hierarchie].[Type de logement].Members})} ON COLUMNS,
  NON EMPTY {Hierarchize({[Statut d'occupation du logement.STOCLOGT_Hierarchie].[Categorie].Members})} ON ROWS
from [Cube1MobProInd]

2016-09-25 22:15:16,827 DEBUG [mondrian.mdx] 86071: exec: 94 ms
2016-09-25 22:15:36,592 DEBUG [mondrian.mdx] 86114: select NON EMPTY {Hierarchize({[Type de logement.TYPLOGT_Hierarchie].[Type de logement].Members})} ON COLUMNS,
  NON EMPTY {Hierarchize({[Sexe.Sexe_Hierarchie].[Sexe].Members})} ON ROWS
from [Cube1MobProInd]

2016-09-25 22:15:36,608 DEBUG [mondrian.mdx] 86114: exec: 16 ms
2016-09-25 22:15:40,545 DEBUG [mondrian.mdx] 86155: select NON EMPTY {Hierarchize({[Type de logement.TYPLOGT_Hierarchie].[Type de logement].Members})} ON COLUMNS,
  NON EMPTY Crossjoin([Statut d'occupation du logement.STOCLOGT_Hierarchie].[Categorie].Members, [Sexe.Sexe_Hierarchie].[Sexe].Members) ON ROWS
from [Cube1MobProInd]

2016-09-25 22:15:40,858 DEBUG [mondrian.mdx] 86155: exec: 313 ms
2016-09-25 22:16:09,858 DEBUG [mondrian.mdx] 86210: select NON EMPTY {Hierarchize({[Type de logement.TYPLOGT_Hierarchie].[Type de logement].Members})} ON COLUMNS,
  NON EMPTY {Hierarchize({[Statut d'occupation du logement.STOCLOGT_Hierarchie].[Categorie].Members})} ON ROWS
from [Cube1MobProInd]

2016-09-25 22:16:09,873 DEBUG [mondrian.mdx] 86210: exec: 15 ms
2016-09-25 22:16:17,092 DEBUG [mondrian.mdx] 86253: select NON EMPTY {Hierarchize({[Type de logement.TYPLOGT_Hierarchie].[Type de logement].Members})} ON COLUMNS,
  NON EMPTY {Hierarchize({[Age revolu quinquenal.AgeRevQ_Hierarchie_1].[Age revolu quinquenal].Members})} ON ROWS
from [Cube1MobProInd]

2016-09-25 22:16:17,248 DEBUG [mondrian.mdx] 86253: exec: 156 ms
2016-09-25 22:16:31,827 DEBUG [mondrian.mdx] 86282: select NON EMPTY {Hierarchize({[Type de logement.TYPLOGT_Hierarchie].[Type de logement].Members})} ON COLUMNS,
  NON EMPTY {Hierarchize({[Measures].[Nombre de personnes scolarisees des menages (min)]})} ON ROWS
from [Cube1MobProInd]

2016-09-25 22:16:31,889 DEBUG [mondrian.mdx] 86282: exec: 62 ms
2016-09-25 22:16:44,264 DEBUG [mondrian.mdx] 86302: select NON EMPTY {Hierarchize({[Type de logement.TYPLOGT_Hierarchie].[Type de logement].Members})} ON COLUMNS,
  NON EMPTY {Hierarchize({[Measures].[Nombre de personnes des menages (moyenne)]})} ON ROWS
from [Cube1MobProInd]

2016-09-25 22:16:44,342 DEBUG [mondrian.mdx] 86302: exec: 78 ms
2016-09-25 22:16:56,045 DEBUG [mondrian.mdx] 86324: select NON EMPTY {Hierarchize({[Niveau d'instruction.Niveau_Instruction_Hierarchie].[Niveau d'instruction].Members})} ON COLUMNS,
  NON EMPTY {Hierarchize({[Measures].[Nombre de personnes des menages (moyenne)]})} ON ROWS
from [Cube1MobProInd]

2016-09-25 22:16:56,123 DEBUG [mondrian.mdx] 86324: exec: 78 ms
2016-09-25 22:17:20,077 DEBUG [mondrian.mdx] 86349: select NON EMPTY {Hierarchize({[Niveau d'instruction.Niveau_Instruction_Hierarchie].[Niveau d'instruction].Members})} ON COLUMNS,
  NON EMPTY {Hierarchize({[Measures].[Nombre de personnes scolarisees des menages (max)]})} ON ROWS
from [Cube1MobProInd]

2016-09-25 22:17:20,139 DEBUG [mondrian.mdx] 86349: exec: 62 ms
2016-09-25 22:18:17,233 DEBUG [mondrian.mdx] 86382: select NON EMPTY {Hierarchize({[Motif de deplacement.MOTIFDEP_Hierarchie_1].[Motif de deplacement].Members})} ON COLUMNS,
  NON EMPTY {Hierarchize({[Sexe.Sexe_Hierarchie].[Sexe].Members})} ON ROWS
from [Cube1MobProInd]

2016-09-25 22:18:17,248 DEBUG [mondrian.mdx] 86382: exec: 15 ms
2016-09-25 22:18:30,280 DEBUG [mondrian.mdx] 86416: select NON EMPTY {Hierarchize({[Mode de cohabitation.MODCOHAB_Hierarchie_1].[Mode de cohabitation].Members})} ON COLUMNS,
  NON EMPTY {Hierarchize({[Sexe.Sexe_Hierarchie].[Sexe].Members})} ON ROWS
from [Cube1MobProInd]

2016-09-25 22:18:30,405 DEBUG [mondrian.mdx] 86416: exec: 125 ms
2016-09-25 22:19:13,467 DEBUG [mondrian.mdx] 86459: select NON EMPTY {Hierarchize({[Mode de cohabitation.MODCOHAB_Hierarchie_1].[Mode de cohabitation].Members})} ON COLUMNS,
  NON EMPTY {Hierarchize({[Niveau d'instruction.Niveau_Instruction_Hierarchie].[Niveau d'instruction].Members})} ON ROWS
from [Cube1MobProInd]

2016-09-25 22:19:13,608 DEBUG [mondrian.mdx] 86459: exec: 141 ms
2016-09-25 22:23:27,426 DEBUG [mondrian.mdx] 86509: select NON EMPTY {Hierarchize({[Mode de cohabitation.MODCOHAB_Hierarchie_1].[Mode de cohabitation].Members})} ON COLUMNS,
  NON EMPTY Crossjoin([Niveau d'instruction.Niveau_Instruction_Hierarchie].[Niveau d'instruction].Members, {[Measures].[Nombre de personnes scolarisees de plus de 14 ans (min)]}) ON ROWS
from [Cube1MobProInd]

2016-09-25 22:23:27,629 DEBUG [mondrian.mdx] 86509: exec: 203 ms
2016-09-25 22:23:30,926 DEBUG [mondrian.mdx] 86543: select NON EMPTY {Hierarchize({[Niveau d'instruction.Niveau_Instruction_Hierarchie].[Niveau d'instruction].Members})} ON COLUMNS,
  NON EMPTY {Hierarchize({[Measures].[Nombre de personnes scolarisees de plus de 14 ans (min)]})} ON ROWS
from [Cube1MobProInd]

2016-09-25 22:23:30,926 DEBUG [mondrian.mdx] 86543: exec: 0 ms
2016-09-25 22:24:04,129 DEBUG [mondrian.mdx] 86574: select NON EMPTY {Hierarchize({[Sexe.Sexe_Hierarchie].[Sexe].Members})} ON COLUMNS,
  NON EMPTY {Hierarchize({[Measures].[Consommation carborant trajet domicile - travail (moyenne)]})} ON ROWS
from [Cube1MobProInd]

2016-09-25 22:24:04,192 DEBUG [mondrian.mdx] 86574: exec: 63 ms
2016-09-25 22:24:51,645 DEBUG [mondrian.mdx] 86590: select NON EMPTY {Hierarchize({[Sexe.Sexe_Hierarchie].[Sexe].Members})} ON COLUMNS,
  NON EMPTY {Hierarchize({[Measures].[Depense trajet domicile - travail (moyenne)]})} ON ROWS
from [Cube1MobProInd]

2016-09-25 22:24:51,660 DEBUG [mondrian.mdx] 86590: exec: 15 ms
2016-09-25 22:25:40,426 DEBUG [mondrian.mdx] 86608: select NON EMPTY {Hierarchize({[Sexe.Sexe_Hierarchie].[Sexe].Members})} ON COLUMNS,
  NON EMPTY {Hierarchize({[Measures].[Nombre total d'individus]})} ON ROWS
from [Cube1MobProInd]

2016-09-25 22:25:40,442 DEBUG [mondrian.mdx] 86608: exec: 16 ms
2016-09-25 22:25:53,754 DEBUG [mondrian.mdx] 86625: select NON EMPTY {Hierarchize({[Sexe.Sexe_Hierarchie].[Sexe].Members})} ON COLUMNS,
  NON EMPTY {Hierarchize({[Niveau de motorisation du menage.Niveau_motorisation_Hierarchie].[Niveau de motorisation].Members})} ON ROWS
from [Cube1MobProInd]

2016-09-25 22:25:53,864 DEBUG [mondrian.mdx] 86625: exec: 110 ms
